-- Found ament_cmake_auto: 2.5.4 (/opt/ros/jazzy/share/ament_cmake_auto/cmake)
-- Found Python3: /usr/bin/python3 (found version "3.12.3") found components: Interpreter 
-- Override CMake install command with custom implementation using symlinks instead of copying resources
-- Using all available rosidl_typesupport_c: rosidl_typesupport_fastrtps_c;rosidl_typesupport_introspection_c
-- Using all available rosidl_typesupport_cpp: rosidl_typesupport_fastrtps_cpp;rosidl_typesupport_introspection_cpp
-- Found rosidl_adapter: 4.6.6 (/opt/ros/jazzy/share/rosidl_adapter/cmake)
-- Found ament_cmake_ros: 0.12.0 (/opt/ros/jazzy/share/ament_cmake_ros/cmake)
-- Using all available rosidl_typesupport_c: rosidl_typesupport_fastrtps_c;rosidl_typesupport_introspection_c
-- Using all available rosidl_typesupport_cpp: rosidl_typesupport_fastrtps_cpp;rosidl_typesupport_introspection_cpp
-- Found python_cmake_module: 0.11.1 (/opt/ros/jazzy/share/python_cmake_module/cmake)
-- Found Python3: /usr/bin/python3 (found version "3.12.3") found components: Interpreter Development NumPy Development.Module Development.Embed 
-- Found ament_lint_auto: 0.17.3 (/opt/ros/jazzy/share/ament_lint_auto/cmake)
-- Added test 'copyright' to check source files copyright and LICENSE
-- Added test 'lint_cmake' to check CMake code style
-- Added test 'xmllint' to check XML markup files
-- Configuring done (2.8s)
-- Generating done (0.1s)
-- Build files have been written to: /home/chrono/vesc_ws/build/vesc_msgs
[  1%] Built target vesc_msgs__rosidl_generator_type_description
[  1%] Built target ament_cmake_python_symlink_vesc_msgs
[  3%] Built target vesc_msgs__cpp
[ 25%] Built target vesc_msgs__rosidl_generator_c
[ 53%] Built target vesc_msgs__rosidl_typesupport_cpp
[ 53%] Built target vesc_msgs__rosidl_typesupport_fastrtps_cpp
[ 53%] Built target vesc_msgs__rosidl_typesupport_introspection_cpp
[ 62%] Built target vesc_msgs__rosidl_typesupport_c
[ 71%] Built target vesc_msgs__rosidl_typesupport_introspection_c
[ 81%] Built target vesc_msgs__rosidl_typesupport_fastrtps_c
[ 81%] Built target vesc_msgs
[ 82%] Built target vesc_msgs__py
[ 90%] Built target vesc_msgs__rosidl_generator_py
running egg_info
writing vesc_msgs.egg-info/PKG-INFO
writing dependency_links to vesc_msgs.egg-info/dependency_links.txt
writing top-level names to vesc_msgs.egg-info/top_level.txt
[ 93%] Built target vesc_msgs_s__rosidl_typesupport_fastrtps_c
[ 96%] Built target vesc_msgs_s__rosidl_typesupport_c
[100%] Built target vesc_msgs_s__rosidl_typesupport_introspection_c
reading manifest file 'vesc_msgs.egg-info/SOURCES.txt'
writing manifest file 'vesc_msgs.egg-info/SOURCES.txt'
[100%] Built target ament_cmake_python_build_vesc_msgs_egg
-- Install configuration: ""
-- Execute custom install script
-- Up-to-date symlink: /home/chrono/vesc_ws/install/vesc_msgs/share/ament_index/resource_index/rosidl_interfaces/vesc_msgs
-- Up-to-date symlink: /home/chrono/vesc_ws/install/vesc_msgs/share/vesc_msgs/msg/VescState.json
-- Up-to-date symlink: /home/chrono/vesc_ws/install/vesc_msgs/share/vesc_msgs/msg/VescStateStamped.json
-- Up-to-date symlink: /home/chrono/vesc_ws/install/vesc_msgs/share/vesc_msgs/msg/VescImu.json
-- Up-to-date symlink: /home/chrono/vesc_ws/install/vesc_msgs/share/vesc_msgs/msg/VescImuStamped.json
-- Up-to-date symlink: /home/chrono/vesc_ws/install/vesc_msgs/include/vesc_msgs/vesc_msgs/msg/detail/vesc_imu__functions.h
-- Up-to-date symlink: /home/chrono/vesc_ws/install/vesc_msgs/include/vesc_msgs/vesc_msgs/msg/detail/vesc_imu__struct.h
-- Up-to-date symlink: /home/chrono/vesc_ws/install/vesc_msgs/include/vesc_msgs/vesc_msgs/msg/detail/vesc_imu__type_support.h
-- Up-to-date symlink: /home/chrono/vesc_ws/install/vesc_msgs/include/vesc_msgs/vesc_msgs/msg/detail/vesc_imu_stamped__functions.h
-- Up-to-date symlink: /home/chrono/vesc_ws/install/vesc_msgs/include/vesc_msgs/vesc_msgs/msg/detail/vesc_imu_stamped__struct.h
-- Up-to-date symlink: /home/chrono/vesc_ws/install/vesc_msgs/include/vesc_msgs/vesc_msgs/msg/detail/vesc_imu_stamped__type_support.h
-- Up-to-date symlink: /home/chrono/vesc_ws/install/vesc_msgs/include/vesc_msgs/vesc_msgs/msg/detail/vesc_state__functions.h
-- Up-to-date symlink: /home/chrono/vesc_ws/install/vesc_msgs/include/vesc_msgs/vesc_msgs/msg/detail/vesc_state__struct.h
-- Up-to-date symlink: /home/chrono/vesc_ws/install/vesc_msgs/include/vesc_msgs/vesc_msgs/msg/detail/vesc_state__type_support.h
-- Up-to-date symlink: /home/chrono/vesc_ws/install/vesc_msgs/include/vesc_msgs/vesc_msgs/msg/detail/vesc_state_stamped__functions.h
-- Up-to-date symlink: /home/chrono/vesc_ws/install/vesc_msgs/include/vesc_msgs/vesc_msgs/msg/detail/vesc_state_stamped__struct.h
-- Up-to-date symlink: /home/chrono/vesc_ws/install/vesc_msgs/include/vesc_msgs/vesc_msgs/msg/detail/vesc_state_stamped__type_support.h
-- Up-to-date symlink: /home/chrono/vesc_ws/install/vesc_msgs/include/vesc_msgs/vesc_msgs/msg/rosidl_generator_c__visibility_control.h
-- Up-to-date symlink: /home/chrono/vesc_ws/install/vesc_msgs/include/vesc_msgs/vesc_msgs/msg/vesc_imu.h
-- Up-to-date symlink: /home/chrono/vesc_ws/install/vesc_msgs/include/vesc_msgs/vesc_msgs/msg/vesc_imu_stamped.h
-- Up-to-date symlink: /home/chrono/vesc_ws/install/vesc_msgs/include/vesc_msgs/vesc_msgs/msg/vesc_state.h
-- Up-to-date symlink: /home/chrono/vesc_ws/install/vesc_msgs/include/vesc_msgs/vesc_msgs/msg/vesc_state_stamped.h
-- Up-to-date symlink: /home/chrono/vesc_ws/install/vesc_msgs/share/vesc_msgs/environment/library_path.sh
-- Up-to-date symlink: /home/chrono/vesc_ws/install/vesc_msgs/share/vesc_msgs/environment/library_path.dsv
-- Up-to-date symlink: /home/chrono/vesc_ws/install/vesc_msgs/include/vesc_msgs/vesc_msgs/msg/detail/vesc_imu__rosidl_typesupport_fastrtps_c.h
-- Up-to-date symlink: /home/chrono/vesc_ws/install/vesc_msgs/include/vesc_msgs/vesc_msgs/msg/detail/vesc_imu_stamped__rosidl_typesupport_fastrtps_c.h
-- Up-to-date symlink: /home/chrono/vesc_ws/install/vesc_msgs/include/vesc_msgs/vesc_msgs/msg/detail/vesc_state__rosidl_typesupport_fastrtps_c.h
-- Up-to-date symlink: /home/chrono/vesc_ws/install/vesc_msgs/include/vesc_msgs/vesc_msgs/msg/detail/vesc_state_stamped__rosidl_typesupport_fastrtps_c.h
-- Up-to-date symlink: /home/chrono/vesc_ws/install/vesc_msgs/include/vesc_msgs/vesc_msgs/msg/rosidl_typesupport_fastrtps_c__visibility_control.h
-- Up-to-date symlink: /home/chrono/vesc_ws/install/vesc_msgs/include/vesc_msgs/vesc_msgs/msg/detail/vesc_imu__rosidl_typesupport_introspection_c.h
-- Up-to-date symlink: /home/chrono/vesc_ws/install/vesc_msgs/include/vesc_msgs/vesc_msgs/msg/detail/vesc_imu_stamped__rosidl_typesupport_introspection_c.h
-- Up-to-date symlink: /home/chrono/vesc_ws/install/vesc_msgs/include/vesc_msgs/vesc_msgs/msg/detail/vesc_state__rosidl_typesupport_introspection_c.h
-- Up-to-date symlink: /home/chrono/vesc_ws/install/vesc_msgs/include/vesc_msgs/vesc_msgs/msg/detail/vesc_state_stamped__rosidl_typesupport_introspection_c.h
-- Up-to-date symlink: /home/chrono/vesc_ws/install/vesc_msgs/include/vesc_msgs/vesc_msgs/msg/rosidl_typesupport_introspection_c__visibility_control.h
-- Up-to-date symlink: /home/chrono/vesc_ws/install/vesc_msgs/include/vesc_msgs/vesc_msgs/msg/detail/vesc_imu__builder.hpp
-- Up-to-date symlink: /home/chrono/vesc_ws/install/vesc_msgs/include/vesc_msgs/vesc_msgs/msg/detail/vesc_imu__struct.hpp
-- Up-to-date symlink: /home/chrono/vesc_ws/install/vesc_msgs/include/vesc_msgs/vesc_msgs/msg/detail/vesc_imu__traits.hpp
-- Up-to-date symlink: /home/chrono/vesc_ws/install/vesc_msgs/include/vesc_msgs/vesc_msgs/msg/detail/vesc_imu__type_support.hpp
-- Up-to-date symlink: /home/chrono/vesc_ws/install/vesc_msgs/include/vesc_msgs/vesc_msgs/msg/detail/vesc_imu_stamped__builder.hpp
-- Up-to-date symlink: /home/chrono/vesc_ws/install/vesc_msgs/include/vesc_msgs/vesc_msgs/msg/detail/vesc_imu_stamped__struct.hpp
-- Up-to-date symlink: /home/chrono/vesc_ws/install/vesc_msgs/include/vesc_msgs/vesc_msgs/msg/detail/vesc_imu_stamped__traits.hpp
-- Up-to-date symlink: /home/chrono/vesc_ws/install/vesc_msgs/include/vesc_msgs/vesc_msgs/msg/detail/vesc_imu_stamped__type_support.hpp
-- Up-to-date symlink: /home/chrono/vesc_ws/install/vesc_msgs/include/vesc_msgs/vesc_msgs/msg/detail/vesc_state__builder.hpp
-- Up-to-date symlink: /home/chrono/vesc_ws/install/vesc_msgs/include/vesc_msgs/vesc_msgs/msg/detail/vesc_state__struct.hpp
-- Up-to-date symlink: /home/chrono/vesc_ws/install/vesc_msgs/include/vesc_msgs/vesc_msgs/msg/detail/vesc_state__traits.hpp
-- Up-to-date symlink: /home/chrono/vesc_ws/install/vesc_msgs/include/vesc_msgs/vesc_msgs/msg/detail/vesc_state__type_support.hpp
-- Up-to-date symlink: /home/chrono/vesc_ws/install/vesc_msgs/include/vesc_msgs/vesc_msgs/msg/detail/vesc_state_stamped__builder.hpp
-- Up-to-date symlink: /home/chrono/vesc_ws/install/vesc_msgs/include/vesc_msgs/vesc_msgs/msg/detail/vesc_state_stamped__struct.hpp
-- Up-to-date symlink: /home/chrono/vesc_ws/install/vesc_msgs/include/vesc_msgs/vesc_msgs/msg/detail/vesc_state_stamped__traits.hpp
-- Up-to-date symlink: /home/chrono/vesc_ws/install/vesc_msgs/include/vesc_msgs/vesc_msgs/msg/detail/vesc_state_stamped__type_support.hpp
-- Up-to-date symlink: /home/chrono/vesc_ws/install/vesc_msgs/include/vesc_msgs/vesc_msgs/msg/rosidl_generator_cpp__visibility_control.hpp
-- Up-to-date symlink: /home/chrono/vesc_ws/install/vesc_msgs/include/vesc_msgs/vesc_msgs/msg/vesc_imu.hpp
-- Up-to-date symlink: /home/chrono/vesc_ws/install/vesc_msgs/include/vesc_msgs/vesc_msgs/msg/vesc_imu_stamped.hpp
-- Up-to-date symlink: /home/chrono/vesc_ws/install/vesc_msgs/include/vesc_msgs/vesc_msgs/msg/vesc_state.hpp
-- Up-to-date symlink: /home/chrono/vesc_ws/install/vesc_msgs/include/vesc_msgs/vesc_msgs/msg/vesc_state_stamped.hpp
-- Up-to-date symlink: /home/chrono/vesc_ws/install/vesc_msgs/include/vesc_msgs/vesc_msgs/msg/detail/vesc_imu__rosidl_typesupport_fastrtps_cpp.hpp
-- Up-to-date symlink: /home/chrono/vesc_ws/install/vesc_msgs/include/vesc_msgs/vesc_msgs/msg/detail/vesc_imu_stamped__rosidl_typesupport_fastrtps_cpp.hpp
-- Up-to-date symlink: /home/chrono/vesc_ws/install/vesc_msgs/include/vesc_msgs/vesc_msgs/msg/detail/vesc_state__rosidl_typesupport_fastrtps_cpp.hpp
-- Up-to-date symlink: /home/chrono/vesc_ws/install/vesc_msgs/include/vesc_msgs/vesc_msgs/msg/detail/vesc_state_stamped__rosidl_typesupport_fastrtps_cpp.hpp
-- Up-to-date symlink: /home/chrono/vesc_ws/install/vesc_msgs/include/vesc_msgs/vesc_msgs/msg/rosidl_typesupport_fastrtps_cpp__visibility_control.h
-- Up-to-date symlink: /home/chrono/vesc_ws/install/vesc_msgs/include/vesc_msgs/vesc_msgs/msg/detail/vesc_imu__rosidl_typesupport_introspection_cpp.hpp
-- Up-to-date symlink: /home/chrono/vesc_ws/install/vesc_msgs/include/vesc_msgs/vesc_msgs/msg/detail/vesc_imu_stamped__rosidl_typesupport_introspection_cpp.hpp
-- Up-to-date symlink: /home/chrono/vesc_ws/install/vesc_msgs/include/vesc_msgs/vesc_msgs/msg/detail/vesc_state__rosidl_typesupport_introspection_cpp.hpp
-- Up-to-date symlink: /home/chrono/vesc_ws/install/vesc_msgs/include/vesc_msgs/vesc_msgs/msg/detail/vesc_state_stamped__rosidl_typesupport_introspection_cpp.hpp
-- Up-to-date symlink: /home/chrono/vesc_ws/install/vesc_msgs/share/vesc_msgs/environment/pythonpath.sh
-- Up-to-date symlink: /home/chrono/vesc_ws/install/vesc_msgs/share/vesc_msgs/environment/pythonpath.dsv
-- Up-to-date symlink: /home/chrono/vesc_ws/install/vesc_msgs/lib/python3.12/site-packages/vesc_msgs-1.1.0-py3.12.egg-info/PKG-INFO
-- Up-to-date symlink: /home/chrono/vesc_ws/install/vesc_msgs/lib/python3.12/site-packages/vesc_msgs-1.1.0-py3.12.egg-info/SOURCES.txt
-- Up-to-date symlink: /home/chrono/vesc_ws/install/vesc_msgs/lib/python3.12/site-packages/vesc_msgs-1.1.0-py3.12.egg-info/dependency_links.txt
-- Up-to-date symlink: /home/chrono/vesc_ws/install/vesc_msgs/lib/python3.12/site-packages/vesc_msgs-1.1.0-py3.12.egg-info/top_level.txt
-- Up-to-date symlink: /home/chrono/vesc_ws/install/vesc_msgs/lib/python3.12/site-packages/vesc_msgs/__init__.py
-- Up-to-date symlink: /home/chrono/vesc_ws/install/vesc_msgs/lib/python3.12/site-packages/vesc_msgs/_vesc_msgs_s.ep.rosidl_typesupport_c.c
-- Up-to-date symlink: /home/chrono/vesc_ws/install/vesc_msgs/lib/python3.12/site-packages/vesc_msgs/_vesc_msgs_s.ep.rosidl_typesupport_fastrtps_c.c
-- Up-to-date symlink: /home/chrono/vesc_ws/install/vesc_msgs/lib/python3.12/site-packages/vesc_msgs/_vesc_msgs_s.ep.rosidl_typesupport_introspection_c.c
-- Up-to-date symlink: /home/chrono/vesc_ws/install/vesc_msgs/lib/python3.12/site-packages/vesc_msgs/msg/__init__.py
-- Up-to-date symlink: /home/chrono/vesc_ws/install/vesc_msgs/lib/python3.12/site-packages/vesc_msgs/msg/_vesc_imu.py
-- Up-to-date symlink: /home/chrono/vesc_ws/install/vesc_msgs/lib/python3.12/site-packages/vesc_msgs/msg/_vesc_imu_s.c
-- Up-to-date symlink: /home/chrono/vesc_ws/install/vesc_msgs/lib/python3.12/site-packages/vesc_msgs/msg/_vesc_imu_stamped.py
-- Up-to-date symlink: /home/chrono/vesc_ws/install/vesc_msgs/lib/python3.12/site-packages/vesc_msgs/msg/_vesc_imu_stamped_s.c
-- Up-to-date symlink: /home/chrono/vesc_ws/install/vesc_msgs/lib/python3.12/site-packages/vesc_msgs/msg/_vesc_state.py
-- Up-to-date symlink: /home/chrono/vesc_ws/install/vesc_msgs/lib/python3.12/site-packages/vesc_msgs/msg/_vesc_state_s.c
-- Up-to-date symlink: /home/chrono/vesc_ws/install/vesc_msgs/lib/python3.12/site-packages/vesc_msgs/msg/_vesc_state_stamped.py
-- Up-to-date symlink: /home/chrono/vesc_ws/install/vesc_msgs/lib/python3.12/site-packages/vesc_msgs/msg/_vesc_state_stamped_s.c
-- Up-to-date symlink: /home/chrono/vesc_ws/install/vesc_msgs/lib/python3.12/site-packages/vesc_msgs/vesc_msgs_s__rosidl_typesupport_c.so
-- Up-to-date symlink: /home/chrono/vesc_ws/install/vesc_msgs/lib/python3.12/site-packages/vesc_msgs/vesc_msgs_s__rosidl_typesupport_fastrtps_c.so
-- Up-to-date symlink: /home/chrono/vesc_ws/install/vesc_msgs/lib/python3.12/site-packages/vesc_msgs/vesc_msgs_s__rosidl_typesupport_introspection_c.so
-- Up-to-date symlink: /home/chrono/vesc_ws/install/vesc_msgs/lib/python3.12/site-packages/vesc_msgs/vesc_msgs_s__rosidl_typesupport_fastrtps_c.so
-- Up-to-date symlink: /home/chrono/vesc_ws/install/vesc_msgs/lib/python3.12/site-packages/vesc_msgs/vesc_msgs_s__rosidl_typesupport_introspection_c.so
-- Up-to-date symlink: /home/chrono/vesc_ws/install/vesc_msgs/lib/python3.12/site-packages/vesc_msgs/vesc_msgs_s__rosidl_typesupport_c.so
-- Up-to-date symlink: /home/chrono/vesc_ws/install/vesc_msgs/share/vesc_msgs/msg/VescState.idl
-- Up-to-date symlink: /home/chrono/vesc_ws/install/vesc_msgs/share/vesc_msgs/msg/VescStateStamped.idl
-- Up-to-date symlink: /home/chrono/vesc_ws/install/vesc_msgs/share/vesc_msgs/msg/VescImu.idl
-- Up-to-date symlink: /home/chrono/vesc_ws/install/vesc_msgs/share/vesc_msgs/msg/VescImuStamped.idl
-- Up-to-date symlink: /home/chrono/vesc_ws/install/vesc_msgs/share/vesc_msgs/msg/VescState.msg
-- Up-to-date symlink: /home/chrono/vesc_ws/install/vesc_msgs/share/vesc_msgs/msg/VescStateStamped.msg
-- Up-to-date symlink: /home/chrono/vesc_ws/install/vesc_msgs/share/vesc_msgs/msg/VescImu.msg
-- Up-to-date symlink: /home/chrono/vesc_ws/install/vesc_msgs/share/vesc_msgs/msg/VescImuStamped.msg
-- Up-to-date symlink: /home/chrono/vesc_ws/install/vesc_msgs/share/ament_index/resource_index/package_run_dependencies/vesc_msgs
-- Up-to-date symlink: /home/chrono/vesc_ws/install/vesc_msgs/share/ament_index/resource_index/parent_prefix_path/vesc_msgs
-- Up-to-date symlink: /home/chrono/vesc_ws/install/vesc_msgs/share/vesc_msgs/environment/ament_prefix_path.sh
-- Up-to-date symlink: /home/chrono/vesc_ws/install/vesc_msgs/share/vesc_msgs/environment/ament_prefix_path.dsv
-- Up-to-date symlink: /home/chrono/vesc_ws/install/vesc_msgs/share/vesc_msgs/environment/path.sh
-- Up-to-date symlink: /home/chrono/vesc_ws/install/vesc_msgs/share/vesc_msgs/environment/path.dsv
-- Up-to-date symlink: /home/chrono/vesc_ws/install/vesc_msgs/share/vesc_msgs/local_setup.bash
-- Up-to-date symlink: /home/chrono/vesc_ws/install/vesc_msgs/share/vesc_msgs/local_setup.sh
-- Up-to-date symlink: /home/chrono/vesc_ws/install/vesc_msgs/share/vesc_msgs/local_setup.zsh
-- Up-to-date symlink: /home/chrono/vesc_ws/install/vesc_msgs/share/vesc_msgs/local_setup.dsv
-- Symlinking: /home/chrono/vesc_ws/install/vesc_msgs/share/vesc_msgs/package.dsv
-- Up-to-date symlink: /home/chrono/vesc_ws/install/vesc_msgs/share/ament_index/resource_index/packages/vesc_msgs
-- Up-to-date symlink: /home/chrono/vesc_ws/install/vesc_msgs/share/vesc_msgs/cmake/rosidl_cmake-extras.cmake
-- Up-to-date symlink: /home/chrono/vesc_ws/install/vesc_msgs/share/vesc_msgs/cmake/ament_cmake_export_dependencies-extras.cmake
-- Up-to-date symlink: /home/chrono/vesc_ws/install/vesc_msgs/share/vesc_msgs/cmake/ament_cmake_export_include_directories-extras.cmake
-- Up-to-date symlink: /home/chrono/vesc_ws/install/vesc_msgs/share/vesc_msgs/cmake/ament_cmake_export_libraries-extras.cmake
-- Up-to-date symlink: /home/chrono/vesc_ws/install/vesc_msgs/share/vesc_msgs/cmake/ament_cmake_export_targets-extras.cmake
-- Up-to-date symlink: /home/chrono/vesc_ws/install/vesc_msgs/share/vesc_msgs/cmake/rosidl_cmake_export_typesupport_targets-extras.cmake
-- Up-to-date symlink: /home/chrono/vesc_ws/install/vesc_msgs/share/vesc_msgs/cmake/rosidl_cmake_export_typesupport_libraries-extras.cmake
-- Up-to-date symlink: /home/chrono/vesc_ws/install/vesc_msgs/share/vesc_msgs/cmake/vesc_msgsConfig.cmake
-- Up-to-date symlink: /home/chrono/vesc_ws/install/vesc_msgs/share/vesc_msgs/cmake/vesc_msgsConfig-version.cmake
-- Up-to-date symlink: /home/chrono/vesc_ws/install/vesc_msgs/share/vesc_msgs/package.xml
-- Up-to-date: /home/chrono/vesc_ws/install/vesc_msgs/lib/libvesc_msgs__rosidl_generator_c.so
-- Up-to-date: /home/chrono/vesc_ws/install/vesc_msgs/lib/libvesc_msgs__rosidl_typesupport_fastrtps_c.so
-- Up-to-date: /home/chrono/vesc_ws/install/vesc_msgs/lib/libvesc_msgs__rosidl_typesupport_introspection_c.so
-- Up-to-date: /home/chrono/vesc_ws/install/vesc_msgs/lib/libvesc_msgs__rosidl_typesupport_c.so
-- Up-to-date: /home/chrono/vesc_ws/install/vesc_msgs/lib/libvesc_msgs__rosidl_typesupport_fastrtps_cpp.so
-- Up-to-date: /home/chrono/vesc_ws/install/vesc_msgs/lib/libvesc_msgs__rosidl_typesupport_introspection_cpp.so
-- Up-to-date: /home/chrono/vesc_ws/install/vesc_msgs/lib/libvesc_msgs__rosidl_typesupport_cpp.so
Listing '/home/chrono/vesc_ws/install/vesc_msgs/lib/python3.12/site-packages/vesc_msgs'...
Compiling '/home/chrono/vesc_ws/install/vesc_msgs/lib/python3.12/site-packages/vesc_msgs/__init__.py'...
Listing '/home/chrono/vesc_ws/install/vesc_msgs/lib/python3.12/site-packages/vesc_msgs/msg'...
-- Up-to-date: /home/chrono/vesc_ws/install/vesc_msgs/lib/libvesc_msgs__rosidl_generator_py.so
-- Up-to-date: /home/chrono/vesc_ws/install/vesc_msgs/share/vesc_msgs/cmake/export_vesc_msgs__rosidl_generator_cExport.cmake
-- Up-to-date: /home/chrono/vesc_ws/install/vesc_msgs/share/vesc_msgs/cmake/export_vesc_msgs__rosidl_generator_cExport-noconfig.cmake
-- Up-to-date: /home/chrono/vesc_ws/install/vesc_msgs/share/vesc_msgs/cmake/export_vesc_msgs__rosidl_typesupport_fastrtps_cExport.cmake
-- Up-to-date: /home/chrono/vesc_ws/install/vesc_msgs/share/vesc_msgs/cmake/export_vesc_msgs__rosidl_typesupport_fastrtps_cExport-noconfig.cmake
-- Up-to-date: /home/chrono/vesc_ws/install/vesc_msgs/share/vesc_msgs/cmake/vesc_msgs__rosidl_typesupport_introspection_cExport.cmake
-- Up-to-date: /home/chrono/vesc_ws/install/vesc_msgs/share/vesc_msgs/cmake/vesc_msgs__rosidl_typesupport_introspection_cExport-noconfig.cmake
-- Up-to-date: /home/chrono/vesc_ws/install/vesc_msgs/share/vesc_msgs/cmake/vesc_msgs__rosidl_typesupport_cExport.cmake
-- Up-to-date: /home/chrono/vesc_ws/install/vesc_msgs/share/vesc_msgs/cmake/vesc_msgs__rosidl_typesupport_cExport-noconfig.cmake
-- Up-to-date: /home/chrono/vesc_ws/install/vesc_msgs/share/vesc_msgs/cmake/export_vesc_msgs__rosidl_generator_cppExport.cmake
-- Up-to-date: /home/chrono/vesc_ws/install/vesc_msgs/share/vesc_msgs/cmake/export_vesc_msgs__rosidl_typesupport_fastrtps_cppExport.cmake
-- Up-to-date: /home/chrono/vesc_ws/install/vesc_msgs/share/vesc_msgs/cmake/export_vesc_msgs__rosidl_typesupport_fastrtps_cppExport-noconfig.cmake
-- Up-to-date: /home/chrono/vesc_ws/install/vesc_msgs/share/vesc_msgs/cmake/vesc_msgs__rosidl_typesupport_introspection_cppExport.cmake
-- Up-to-date: /home/chrono/vesc_ws/install/vesc_msgs/share/vesc_msgs/cmake/vesc_msgs__rosidl_typesupport_introspection_cppExport-noconfig.cmake
-- Up-to-date: /home/chrono/vesc_ws/install/vesc_msgs/share/vesc_msgs/cmake/vesc_msgs__rosidl_typesupport_cppExport.cmake
-- Up-to-date: /home/chrono/vesc_ws/install/vesc_msgs/share/vesc_msgs/cmake/vesc_msgs__rosidl_typesupport_cppExport-noconfig.cmake
-- Up-to-date: /home/chrono/vesc_ws/install/vesc_msgs/share/vesc_msgs/cmake/export_vesc_msgs__rosidl_generator_pyExport.cmake
-- Up-to-date: /home/chrono/vesc_ws/install/vesc_msgs/share/vesc_msgs/cmake/export_vesc_msgs__rosidl_generator_pyExport-noconfig.cmake
