[0.048s] Invoking command in '/home/chrono/vesc_ws/build/vesc_msgs': CMAKE_PREFIX_PATH=${CMAKE_PREFIX_PATH}:/home/chrono/vesc_ws/install/vesc_slider:/opt/ros/jazzy DEBUGINFOD_URLS=https://debuginfod.ubuntu.com /usr/bin/cmake /home/chrono/vesc_ws/src/vesc/vesc_msgs -DCMAKE_INSTALL_PREFIX=/home/chrono/vesc_ws/install/vesc_msgs
[0.217s] -- Found ament_cmake_auto: 2.5.4 (/opt/ros/jazzy/share/ament_cmake_auto/cmake)
[0.269s] -- Found Python3: /usr/bin/python3 (found version "3.12.3") found components: Interpreter 
[0.449s] -- Override CMake install command with custom implementation using symlinks instead of copying resources
[0.676s] -- Using all available rosidl_typesupport_c: rosidl_typesupport_fastrtps_c;rosidl_typesupport_introspection_c
[0.759s] -- Using all available rosidl_typesupport_cpp: rosidl_typesupport_fastrtps_cpp;rosidl_typesupport_introspection_cpp
[0.842s] -- Found rosidl_adapter: 4.6.6 (/opt/ros/jazzy/share/rosidl_adapter/cmake)
[1.376s] -- Found ament_cmake_ros: 0.12.0 (/opt/ros/jazzy/share/ament_cmake_ros/cmake)
[1.693s] -- Using all available rosidl_typesupport_c: rosidl_typesupport_fastrtps_c;rosidl_typesupport_introspection_c
[2.136s] -- Using all available rosidl_typesupport_cpp: rosidl_typesupport_fastrtps_cpp;rosidl_typesupport_introspection_cpp
[2.145s] -- Found python_cmake_module: 0.11.1 (/opt/ros/jazzy/share/python_cmake_module/cmake)
[2.860s] -- Found Python3: /usr/bin/python3 (found version "3.12.3") found components: Interpreter Development NumPy Development.Module Development.Embed 
[2.929s] -- Found ament_lint_auto: 0.17.3 (/opt/ros/jazzy/share/ament_lint_auto/cmake)
[2.972s] -- Added test 'copyright' to check source files copyright and LICENSE
[2.976s] -- Added test 'lint_cmake' to check CMake code style
[2.979s] -- Added test 'xmllint' to check XML markup files
[2.987s] -- Configuring done (2.8s)
[3.174s] -- Generating done (0.1s)
[3.222s] -- Build files have been written to: /home/chrono/vesc_ws/build/vesc_msgs
[3.248s] Invoked command in '/home/chrono/vesc_ws/build/vesc_msgs' returned '0': CMAKE_PREFIX_PATH=${CMAKE_PREFIX_PATH}:/home/chrono/vesc_ws/install/vesc_slider:/opt/ros/jazzy DEBUGINFOD_URLS=https://debuginfod.ubuntu.com /usr/bin/cmake /home/chrono/vesc_ws/src/vesc/vesc_msgs -DCMAKE_INSTALL_PREFIX=/home/chrono/vesc_ws/install/vesc_msgs
[3.250s] Invoking command in '/home/chrono/vesc_ws/build/vesc_msgs': CMAKE_PREFIX_PATH=${CMAKE_PREFIX_PATH}:/home/chrono/vesc_ws/install/vesc_slider:/opt/ros/jazzy DEBUGINFOD_URLS=https://debuginfod.ubuntu.com /usr/bin/cmake --build /home/chrono/vesc_ws/build/vesc_msgs -- -j4 -l4
[3.366s] [  1%] Built target vesc_msgs__rosidl_generator_type_description
[3.384s] [  1%] Built target ament_cmake_python_symlink_vesc_msgs
[3.419s] [  3%] Built target vesc_msgs__cpp
[3.440s] [ 25%] Built target vesc_msgs__rosidl_generator_c
[3.531s] [ 53%] Built target vesc_msgs__rosidl_typesupport_cpp
[3.531s] [ 53%] Built target vesc_msgs__rosidl_typesupport_fastrtps_cpp
[3.531s] [ 53%] Built target vesc_msgs__rosidl_typesupport_introspection_cpp
[3.589s] [ 62%] Built target vesc_msgs__rosidl_typesupport_c
[3.592s] [ 71%] Built target vesc_msgs__rosidl_typesupport_introspection_c
[3.594s] [ 81%] Built target vesc_msgs__rosidl_typesupport_fastrtps_c
[3.640s] [ 81%] Built target vesc_msgs
[3.682s] [ 82%] Built target vesc_msgs__py
[3.743s] [ 90%] Built target vesc_msgs__rosidl_generator_py
[3.750s] running egg_info
[3.781s] writing vesc_msgs.egg-info/PKG-INFO
[3.782s] writing dependency_links to vesc_msgs.egg-info/dependency_links.txt
[3.782s] writing top-level names to vesc_msgs.egg-info/top_level.txt
[3.798s] [ 93%] Built target vesc_msgs_s__rosidl_typesupport_fastrtps_c
[3.799s] [ 96%] Built target vesc_msgs_s__rosidl_typesupport_c
[3.804s] [100%] Built target vesc_msgs_s__rosidl_typesupport_introspection_c
[3.863s] reading manifest file 'vesc_msgs.egg-info/SOURCES.txt'
[3.869s] writing manifest file 'vesc_msgs.egg-info/SOURCES.txt'
[3.944s] [100%] Built target ament_cmake_python_build_vesc_msgs_egg
[3.965s] Invoked command in '/home/chrono/vesc_ws/build/vesc_msgs' returned '0': CMAKE_PREFIX_PATH=${CMAKE_PREFIX_PATH}:/home/chrono/vesc_ws/install/vesc_slider:/opt/ros/jazzy DEBUGINFOD_URLS=https://debuginfod.ubuntu.com /usr/bin/cmake --build /home/chrono/vesc_ws/build/vesc_msgs -- -j4 -l4
[3.985s] Invoking command in '/home/chrono/vesc_ws/build/vesc_msgs': CMAKE_PREFIX_PATH=${CMAKE_PREFIX_PATH}:/home/chrono/vesc_ws/install/vesc_slider:/opt/ros/jazzy DEBUGINFOD_URLS=https://debuginfod.ubuntu.com /usr/bin/cmake --install /home/chrono/vesc_ws/build/vesc_msgs
[4.000s] -- Install configuration: ""
[4.000s] -- Execute custom install script
[4.001s] -- Up-to-date symlink: /home/chrono/vesc_ws/install/vesc_msgs/share/ament_index/resource_index/rosidl_interfaces/vesc_msgs
[4.001s] -- Up-to-date symlink: /home/chrono/vesc_ws/install/vesc_msgs/share/vesc_msgs/msg/VescState.json
[4.001s] -- Up-to-date symlink: /home/chrono/vesc_ws/install/vesc_msgs/share/vesc_msgs/msg/VescStateStamped.json
[4.001s] -- Up-to-date symlink: /home/chrono/vesc_ws/install/vesc_msgs/share/vesc_msgs/msg/VescImu.json
[4.002s] -- Up-to-date symlink: /home/chrono/vesc_ws/install/vesc_msgs/share/vesc_msgs/msg/VescImuStamped.json
[4.002s] -- Up-to-date symlink: /home/chrono/vesc_ws/install/vesc_msgs/include/vesc_msgs/vesc_msgs/msg/detail/vesc_imu__functions.h
[4.002s] -- Up-to-date symlink: /home/chrono/vesc_ws/install/vesc_msgs/include/vesc_msgs/vesc_msgs/msg/detail/vesc_imu__struct.h
[4.003s] -- Up-to-date symlink: /home/chrono/vesc_ws/install/vesc_msgs/include/vesc_msgs/vesc_msgs/msg/detail/vesc_imu__type_support.h
[4.003s] -- Up-to-date symlink: /home/chrono/vesc_ws/install/vesc_msgs/include/vesc_msgs/vesc_msgs/msg/detail/vesc_imu_stamped__functions.h
[4.003s] -- Up-to-date symlink: /home/chrono/vesc_ws/install/vesc_msgs/include/vesc_msgs/vesc_msgs/msg/detail/vesc_imu_stamped__struct.h
[4.003s] -- Up-to-date symlink: /home/chrono/vesc_ws/install/vesc_msgs/include/vesc_msgs/vesc_msgs/msg/detail/vesc_imu_stamped__type_support.h
[4.003s] -- Up-to-date symlink: /home/chrono/vesc_ws/install/vesc_msgs/include/vesc_msgs/vesc_msgs/msg/detail/vesc_state__functions.h
[4.003s] -- Up-to-date symlink: /home/chrono/vesc_ws/install/vesc_msgs/include/vesc_msgs/vesc_msgs/msg/detail/vesc_state__struct.h
[4.003s] -- Up-to-date symlink: /home/chrono/vesc_ws/install/vesc_msgs/include/vesc_msgs/vesc_msgs/msg/detail/vesc_state__type_support.h
[4.004s] -- Up-to-date symlink: /home/chrono/vesc_ws/install/vesc_msgs/include/vesc_msgs/vesc_msgs/msg/detail/vesc_state_stamped__functions.h
[4.004s] -- Up-to-date symlink: /home/chrono/vesc_ws/install/vesc_msgs/include/vesc_msgs/vesc_msgs/msg/detail/vesc_state_stamped__struct.h
[4.004s] -- Up-to-date symlink: /home/chrono/vesc_ws/install/vesc_msgs/include/vesc_msgs/vesc_msgs/msg/detail/vesc_state_stamped__type_support.h
[4.004s] -- Up-to-date symlink: /home/chrono/vesc_ws/install/vesc_msgs/include/vesc_msgs/vesc_msgs/msg/rosidl_generator_c__visibility_control.h
[4.004s] -- Up-to-date symlink: /home/chrono/vesc_ws/install/vesc_msgs/include/vesc_msgs/vesc_msgs/msg/vesc_imu.h
[4.004s] -- Up-to-date symlink: /home/chrono/vesc_ws/install/vesc_msgs/include/vesc_msgs/vesc_msgs/msg/vesc_imu_stamped.h
[4.004s] -- Up-to-date symlink: /home/chrono/vesc_ws/install/vesc_msgs/include/vesc_msgs/vesc_msgs/msg/vesc_state.h
[4.004s] -- Up-to-date symlink: /home/chrono/vesc_ws/install/vesc_msgs/include/vesc_msgs/vesc_msgs/msg/vesc_state_stamped.h
[4.005s] -- Up-to-date symlink: /home/chrono/vesc_ws/install/vesc_msgs/share/vesc_msgs/environment/library_path.sh
[4.005s] -- Up-to-date symlink: /home/chrono/vesc_ws/install/vesc_msgs/share/vesc_msgs/environment/library_path.dsv
[4.006s] -- Up-to-date symlink: /home/chrono/vesc_ws/install/vesc_msgs/include/vesc_msgs/vesc_msgs/msg/detail/vesc_imu__rosidl_typesupport_fastrtps_c.h
[4.007s] -- Up-to-date symlink: /home/chrono/vesc_ws/install/vesc_msgs/include/vesc_msgs/vesc_msgs/msg/detail/vesc_imu_stamped__rosidl_typesupport_fastrtps_c.h
[4.007s] -- Up-to-date symlink: /home/chrono/vesc_ws/install/vesc_msgs/include/vesc_msgs/vesc_msgs/msg/detail/vesc_state__rosidl_typesupport_fastrtps_c.h
[4.007s] -- Up-to-date symlink: /home/chrono/vesc_ws/install/vesc_msgs/include/vesc_msgs/vesc_msgs/msg/detail/vesc_state_stamped__rosidl_typesupport_fastrtps_c.h
[4.008s] -- Up-to-date symlink: /home/chrono/vesc_ws/install/vesc_msgs/include/vesc_msgs/vesc_msgs/msg/rosidl_typesupport_fastrtps_c__visibility_control.h
[4.008s] -- Up-to-date symlink: /home/chrono/vesc_ws/install/vesc_msgs/include/vesc_msgs/vesc_msgs/msg/detail/vesc_imu__rosidl_typesupport_introspection_c.h
[4.008s] -- Up-to-date symlink: /home/chrono/vesc_ws/install/vesc_msgs/include/vesc_msgs/vesc_msgs/msg/detail/vesc_imu_stamped__rosidl_typesupport_introspection_c.h
[4.009s] -- Up-to-date symlink: /home/chrono/vesc_ws/install/vesc_msgs/include/vesc_msgs/vesc_msgs/msg/detail/vesc_state__rosidl_typesupport_introspection_c.h
[4.009s] -- Up-to-date symlink: /home/chrono/vesc_ws/install/vesc_msgs/include/vesc_msgs/vesc_msgs/msg/detail/vesc_state_stamped__rosidl_typesupport_introspection_c.h
[4.011s] -- Up-to-date symlink: /home/chrono/vesc_ws/install/vesc_msgs/include/vesc_msgs/vesc_msgs/msg/rosidl_typesupport_introspection_c__visibility_control.h
[4.011s] -- Up-to-date symlink: /home/chrono/vesc_ws/install/vesc_msgs/include/vesc_msgs/vesc_msgs/msg/detail/vesc_imu__builder.hpp
[4.011s] -- Up-to-date symlink: /home/chrono/vesc_ws/install/vesc_msgs/include/vesc_msgs/vesc_msgs/msg/detail/vesc_imu__struct.hpp
[4.011s] -- Up-to-date symlink: /home/chrono/vesc_ws/install/vesc_msgs/include/vesc_msgs/vesc_msgs/msg/detail/vesc_imu__traits.hpp
[4.012s] -- Up-to-date symlink: /home/chrono/vesc_ws/install/vesc_msgs/include/vesc_msgs/vesc_msgs/msg/detail/vesc_imu__type_support.hpp
[4.012s] -- Up-to-date symlink: /home/chrono/vesc_ws/install/vesc_msgs/include/vesc_msgs/vesc_msgs/msg/detail/vesc_imu_stamped__builder.hpp
[4.012s] -- Up-to-date symlink: /home/chrono/vesc_ws/install/vesc_msgs/include/vesc_msgs/vesc_msgs/msg/detail/vesc_imu_stamped__struct.hpp
[4.012s] -- Up-to-date symlink: /home/chrono/vesc_ws/install/vesc_msgs/include/vesc_msgs/vesc_msgs/msg/detail/vesc_imu_stamped__traits.hpp
[4.012s] -- Up-to-date symlink: /home/chrono/vesc_ws/install/vesc_msgs/include/vesc_msgs/vesc_msgs/msg/detail/vesc_imu_stamped__type_support.hpp
[4.013s] -- Up-to-date symlink: /home/chrono/vesc_ws/install/vesc_msgs/include/vesc_msgs/vesc_msgs/msg/detail/vesc_state__builder.hpp
[4.013s] -- Up-to-date symlink: /home/chrono/vesc_ws/install/vesc_msgs/include/vesc_msgs/vesc_msgs/msg/detail/vesc_state__struct.hpp
[4.013s] -- Up-to-date symlink: /home/chrono/vesc_ws/install/vesc_msgs/include/vesc_msgs/vesc_msgs/msg/detail/vesc_state__traits.hpp
[4.013s] -- Up-to-date symlink: /home/chrono/vesc_ws/install/vesc_msgs/include/vesc_msgs/vesc_msgs/msg/detail/vesc_state__type_support.hpp
[4.013s] -- Up-to-date symlink: /home/chrono/vesc_ws/install/vesc_msgs/include/vesc_msgs/vesc_msgs/msg/detail/vesc_state_stamped__builder.hpp
[4.013s] -- Up-to-date symlink: /home/chrono/vesc_ws/install/vesc_msgs/include/vesc_msgs/vesc_msgs/msg/detail/vesc_state_stamped__struct.hpp
[4.013s] -- Up-to-date symlink: /home/chrono/vesc_ws/install/vesc_msgs/include/vesc_msgs/vesc_msgs/msg/detail/vesc_state_stamped__traits.hpp
[4.014s] -- Up-to-date symlink: /home/chrono/vesc_ws/install/vesc_msgs/include/vesc_msgs/vesc_msgs/msg/detail/vesc_state_stamped__type_support.hpp
[4.014s] -- Up-to-date symlink: /home/chrono/vesc_ws/install/vesc_msgs/include/vesc_msgs/vesc_msgs/msg/rosidl_generator_cpp__visibility_control.hpp
[4.014s] -- Up-to-date symlink: /home/chrono/vesc_ws/install/vesc_msgs/include/vesc_msgs/vesc_msgs/msg/vesc_imu.hpp
[4.014s] -- Up-to-date symlink: /home/chrono/vesc_ws/install/vesc_msgs/include/vesc_msgs/vesc_msgs/msg/vesc_imu_stamped.hpp
[4.014s] -- Up-to-date symlink: /home/chrono/vesc_ws/install/vesc_msgs/include/vesc_msgs/vesc_msgs/msg/vesc_state.hpp
[4.014s] -- Up-to-date symlink: /home/chrono/vesc_ws/install/vesc_msgs/include/vesc_msgs/vesc_msgs/msg/vesc_state_stamped.hpp
[4.015s] -- Up-to-date symlink: /home/chrono/vesc_ws/install/vesc_msgs/include/vesc_msgs/vesc_msgs/msg/detail/vesc_imu__rosidl_typesupport_fastrtps_cpp.hpp
[4.015s] -- Up-to-date symlink: /home/chrono/vesc_ws/install/vesc_msgs/include/vesc_msgs/vesc_msgs/msg/detail/vesc_imu_stamped__rosidl_typesupport_fastrtps_cpp.hpp
[4.015s] -- Up-to-date symlink: /home/chrono/vesc_ws/install/vesc_msgs/include/vesc_msgs/vesc_msgs/msg/detail/vesc_state__rosidl_typesupport_fastrtps_cpp.hpp
[4.015s] -- Up-to-date symlink: /home/chrono/vesc_ws/install/vesc_msgs/include/vesc_msgs/vesc_msgs/msg/detail/vesc_state_stamped__rosidl_typesupport_fastrtps_cpp.hpp
[4.016s] -- Up-to-date symlink: /home/chrono/vesc_ws/install/vesc_msgs/include/vesc_msgs/vesc_msgs/msg/rosidl_typesupport_fastrtps_cpp__visibility_control.h
[4.016s] -- Up-to-date symlink: /home/chrono/vesc_ws/install/vesc_msgs/include/vesc_msgs/vesc_msgs/msg/detail/vesc_imu__rosidl_typesupport_introspection_cpp.hpp
[4.016s] -- Up-to-date symlink: /home/chrono/vesc_ws/install/vesc_msgs/include/vesc_msgs/vesc_msgs/msg/detail/vesc_imu_stamped__rosidl_typesupport_introspection_cpp.hpp
[4.016s] -- Up-to-date symlink: /home/chrono/vesc_ws/install/vesc_msgs/include/vesc_msgs/vesc_msgs/msg/detail/vesc_state__rosidl_typesupport_introspection_cpp.hpp
[4.016s] -- Up-to-date symlink: /home/chrono/vesc_ws/install/vesc_msgs/include/vesc_msgs/vesc_msgs/msg/detail/vesc_state_stamped__rosidl_typesupport_introspection_cpp.hpp
[4.017s] -- Up-to-date symlink: /home/chrono/vesc_ws/install/vesc_msgs/share/vesc_msgs/environment/pythonpath.sh
[4.017s] -- Up-to-date symlink: /home/chrono/vesc_ws/install/vesc_msgs/share/vesc_msgs/environment/pythonpath.dsv
[4.017s] -- Up-to-date symlink: /home/chrono/vesc_ws/install/vesc_msgs/lib/python3.12/site-packages/vesc_msgs-1.1.0-py3.12.egg-info/PKG-INFO
[4.017s] -- Up-to-date symlink: /home/chrono/vesc_ws/install/vesc_msgs/lib/python3.12/site-packages/vesc_msgs-1.1.0-py3.12.egg-info/SOURCES.txt
[4.017s] -- Up-to-date symlink: /home/chrono/vesc_ws/install/vesc_msgs/lib/python3.12/site-packages/vesc_msgs-1.1.0-py3.12.egg-info/dependency_links.txt
[4.018s] -- Up-to-date symlink: /home/chrono/vesc_ws/install/vesc_msgs/lib/python3.12/site-packages/vesc_msgs-1.1.0-py3.12.egg-info/top_level.txt
[4.018s] -- Up-to-date symlink: /home/chrono/vesc_ws/install/vesc_msgs/lib/python3.12/site-packages/vesc_msgs/__init__.py
[4.018s] -- Up-to-date symlink: /home/chrono/vesc_ws/install/vesc_msgs/lib/python3.12/site-packages/vesc_msgs/_vesc_msgs_s.ep.rosidl_typesupport_c.c
[4.019s] -- Up-to-date symlink: /home/chrono/vesc_ws/install/vesc_msgs/lib/python3.12/site-packages/vesc_msgs/_vesc_msgs_s.ep.rosidl_typesupport_fastrtps_c.c
[4.019s] -- Up-to-date symlink: /home/chrono/vesc_ws/install/vesc_msgs/lib/python3.12/site-packages/vesc_msgs/_vesc_msgs_s.ep.rosidl_typesupport_introspection_c.c
[4.019s] -- Up-to-date symlink: /home/chrono/vesc_ws/install/vesc_msgs/lib/python3.12/site-packages/vesc_msgs/msg/__init__.py
[4.019s] -- Up-to-date symlink: /home/chrono/vesc_ws/install/vesc_msgs/lib/python3.12/site-packages/vesc_msgs/msg/_vesc_imu.py
[4.019s] -- Up-to-date symlink: /home/chrono/vesc_ws/install/vesc_msgs/lib/python3.12/site-packages/vesc_msgs/msg/_vesc_imu_s.c
[4.019s] -- Up-to-date symlink: /home/chrono/vesc_ws/install/vesc_msgs/lib/python3.12/site-packages/vesc_msgs/msg/_vesc_imu_stamped.py
[4.019s] -- Up-to-date symlink: /home/chrono/vesc_ws/install/vesc_msgs/lib/python3.12/site-packages/vesc_msgs/msg/_vesc_imu_stamped_s.c
[4.020s] -- Up-to-date symlink: /home/chrono/vesc_ws/install/vesc_msgs/lib/python3.12/site-packages/vesc_msgs/msg/_vesc_state.py
[4.020s] -- Up-to-date symlink: /home/chrono/vesc_ws/install/vesc_msgs/lib/python3.12/site-packages/vesc_msgs/msg/_vesc_state_s.c
[4.020s] -- Up-to-date symlink: /home/chrono/vesc_ws/install/vesc_msgs/lib/python3.12/site-packages/vesc_msgs/msg/_vesc_state_stamped.py
[4.020s] -- Up-to-date symlink: /home/chrono/vesc_ws/install/vesc_msgs/lib/python3.12/site-packages/vesc_msgs/msg/_vesc_state_stamped_s.c
[4.020s] -- Up-to-date symlink: /home/chrono/vesc_ws/install/vesc_msgs/lib/python3.12/site-packages/vesc_msgs/vesc_msgs_s__rosidl_typesupport_c.so
[4.020s] -- Up-to-date symlink: /home/chrono/vesc_ws/install/vesc_msgs/lib/python3.12/site-packages/vesc_msgs/vesc_msgs_s__rosidl_typesupport_fastrtps_c.so
[4.020s] -- Up-to-date symlink: /home/chrono/vesc_ws/install/vesc_msgs/lib/python3.12/site-packages/vesc_msgs/vesc_msgs_s__rosidl_typesupport_introspection_c.so
[4.021s] -- Up-to-date symlink: /home/chrono/vesc_ws/install/vesc_msgs/lib/python3.12/site-packages/vesc_msgs/vesc_msgs_s__rosidl_typesupport_fastrtps_c.so
[4.021s] -- Up-to-date symlink: /home/chrono/vesc_ws/install/vesc_msgs/lib/python3.12/site-packages/vesc_msgs/vesc_msgs_s__rosidl_typesupport_introspection_c.so
[4.021s] -- Up-to-date symlink: /home/chrono/vesc_ws/install/vesc_msgs/lib/python3.12/site-packages/vesc_msgs/vesc_msgs_s__rosidl_typesupport_c.so
[4.021s] -- Up-to-date symlink: /home/chrono/vesc_ws/install/vesc_msgs/share/vesc_msgs/msg/VescState.idl
[4.022s] -- Up-to-date symlink: /home/chrono/vesc_ws/install/vesc_msgs/share/vesc_msgs/msg/VescStateStamped.idl
[4.022s] -- Up-to-date symlink: /home/chrono/vesc_ws/install/vesc_msgs/share/vesc_msgs/msg/VescImu.idl
[4.022s] -- Up-to-date symlink: /home/chrono/vesc_ws/install/vesc_msgs/share/vesc_msgs/msg/VescImuStamped.idl
[4.022s] -- Up-to-date symlink: /home/chrono/vesc_ws/install/vesc_msgs/share/vesc_msgs/msg/VescState.msg
[4.022s] -- Up-to-date symlink: /home/chrono/vesc_ws/install/vesc_msgs/share/vesc_msgs/msg/VescStateStamped.msg
[4.023s] -- Up-to-date symlink: /home/chrono/vesc_ws/install/vesc_msgs/share/vesc_msgs/msg/VescImu.msg
[4.023s] -- Up-to-date symlink: /home/chrono/vesc_ws/install/vesc_msgs/share/vesc_msgs/msg/VescImuStamped.msg
[4.023s] -- Up-to-date symlink: /home/chrono/vesc_ws/install/vesc_msgs/share/ament_index/resource_index/package_run_dependencies/vesc_msgs
[4.023s] -- Up-to-date symlink: /home/chrono/vesc_ws/install/vesc_msgs/share/ament_index/resource_index/parent_prefix_path/vesc_msgs
[4.024s] -- Up-to-date symlink: /home/chrono/vesc_ws/install/vesc_msgs/share/vesc_msgs/environment/ament_prefix_path.sh
[4.024s] -- Up-to-date symlink: /home/chrono/vesc_ws/install/vesc_msgs/share/vesc_msgs/environment/ament_prefix_path.dsv
[4.024s] -- Up-to-date symlink: /home/chrono/vesc_ws/install/vesc_msgs/share/vesc_msgs/environment/path.sh
[4.024s] -- Up-to-date symlink: /home/chrono/vesc_ws/install/vesc_msgs/share/vesc_msgs/environment/path.dsv
[4.024s] -- Up-to-date symlink: /home/chrono/vesc_ws/install/vesc_msgs/share/vesc_msgs/local_setup.bash
[4.025s] -- Up-to-date symlink: /home/chrono/vesc_ws/install/vesc_msgs/share/vesc_msgs/local_setup.sh
[4.025s] -- Up-to-date symlink: /home/chrono/vesc_ws/install/vesc_msgs/share/vesc_msgs/local_setup.zsh
[4.025s] -- Up-to-date symlink: /home/chrono/vesc_ws/install/vesc_msgs/share/vesc_msgs/local_setup.dsv
[4.025s] -- Symlinking: /home/chrono/vesc_ws/install/vesc_msgs/share/vesc_msgs/package.dsv
[4.041s] -- Up-to-date symlink: /home/chrono/vesc_ws/install/vesc_msgs/share/ament_index/resource_index/packages/vesc_msgs
[4.042s] -- Up-to-date symlink: /home/chrono/vesc_ws/install/vesc_msgs/share/vesc_msgs/cmake/rosidl_cmake-extras.cmake
[4.042s] -- Up-to-date symlink: /home/chrono/vesc_ws/install/vesc_msgs/share/vesc_msgs/cmake/ament_cmake_export_dependencies-extras.cmake
[4.042s] -- Up-to-date symlink: /home/chrono/vesc_ws/install/vesc_msgs/share/vesc_msgs/cmake/ament_cmake_export_include_directories-extras.cmake
[4.042s] -- Up-to-date symlink: /home/chrono/vesc_ws/install/vesc_msgs/share/vesc_msgs/cmake/ament_cmake_export_libraries-extras.cmake
[4.042s] -- Up-to-date symlink: /home/chrono/vesc_ws/install/vesc_msgs/share/vesc_msgs/cmake/ament_cmake_export_targets-extras.cmake
[4.042s] -- Up-to-date symlink: /home/chrono/vesc_ws/install/vesc_msgs/share/vesc_msgs/cmake/rosidl_cmake_export_typesupport_targets-extras.cmake
[4.043s] -- Up-to-date symlink: /home/chrono/vesc_ws/install/vesc_msgs/share/vesc_msgs/cmake/rosidl_cmake_export_typesupport_libraries-extras.cmake
[4.043s] -- Up-to-date symlink: /home/chrono/vesc_ws/install/vesc_msgs/share/vesc_msgs/cmake/vesc_msgsConfig.cmake
[4.043s] -- Up-to-date symlink: /home/chrono/vesc_ws/install/vesc_msgs/share/vesc_msgs/cmake/vesc_msgsConfig-version.cmake
[4.043s] -- Up-to-date symlink: /home/chrono/vesc_ws/install/vesc_msgs/share/vesc_msgs/package.xml
[4.043s] -- Up-to-date: /home/chrono/vesc_ws/install/vesc_msgs/lib/libvesc_msgs__rosidl_generator_c.so
[4.050s] -- Up-to-date: /home/chrono/vesc_ws/install/vesc_msgs/lib/libvesc_msgs__rosidl_typesupport_fastrtps_c.so
[4.052s] -- Up-to-date: /home/chrono/vesc_ws/install/vesc_msgs/lib/libvesc_msgs__rosidl_typesupport_introspection_c.so
[4.054s] -- Up-to-date: /home/chrono/vesc_ws/install/vesc_msgs/lib/libvesc_msgs__rosidl_typesupport_c.so
[4.055s] -- Up-to-date: /home/chrono/vesc_ws/install/vesc_msgs/lib/libvesc_msgs__rosidl_typesupport_fastrtps_cpp.so
[4.056s] -- Up-to-date: /home/chrono/vesc_ws/install/vesc_msgs/lib/libvesc_msgs__rosidl_typesupport_introspection_cpp.so
[4.057s] -- Up-to-date: /home/chrono/vesc_ws/install/vesc_msgs/lib/libvesc_msgs__rosidl_typesupport_cpp.so
[4.140s] Listing '/home/chrono/vesc_ws/install/vesc_msgs/lib/python3.12/site-packages/vesc_msgs'...
[4.140s] Compiling '/home/chrono/vesc_ws/install/vesc_msgs/lib/python3.12/site-packages/vesc_msgs/__init__.py'...
[4.140s] Listing '/home/chrono/vesc_ws/install/vesc_msgs/lib/python3.12/site-packages/vesc_msgs/msg'...
[4.160s] -- Up-to-date: /home/chrono/vesc_ws/install/vesc_msgs/lib/libvesc_msgs__rosidl_generator_py.so
[4.160s] -- Up-to-date: /home/chrono/vesc_ws/install/vesc_msgs/share/vesc_msgs/cmake/export_vesc_msgs__rosidl_generator_cExport.cmake
[4.161s] -- Up-to-date: /home/chrono/vesc_ws/install/vesc_msgs/share/vesc_msgs/cmake/export_vesc_msgs__rosidl_generator_cExport-noconfig.cmake
[4.161s] -- Up-to-date: /home/chrono/vesc_ws/install/vesc_msgs/share/vesc_msgs/cmake/export_vesc_msgs__rosidl_typesupport_fastrtps_cExport.cmake
[4.161s] -- Up-to-date: /home/chrono/vesc_ws/install/vesc_msgs/share/vesc_msgs/cmake/export_vesc_msgs__rosidl_typesupport_fastrtps_cExport-noconfig.cmake
[4.161s] -- Up-to-date: /home/chrono/vesc_ws/install/vesc_msgs/share/vesc_msgs/cmake/vesc_msgs__rosidl_typesupport_introspection_cExport.cmake
[4.162s] -- Up-to-date: /home/chrono/vesc_ws/install/vesc_msgs/share/vesc_msgs/cmake/vesc_msgs__rosidl_typesupport_introspection_cExport-noconfig.cmake
[4.162s] -- Up-to-date: /home/chrono/vesc_ws/install/vesc_msgs/share/vesc_msgs/cmake/vesc_msgs__rosidl_typesupport_cExport.cmake
[4.162s] -- Up-to-date: /home/chrono/vesc_ws/install/vesc_msgs/share/vesc_msgs/cmake/vesc_msgs__rosidl_typesupport_cExport-noconfig.cmake
[4.162s] -- Up-to-date: /home/chrono/vesc_ws/install/vesc_msgs/share/vesc_msgs/cmake/export_vesc_msgs__rosidl_generator_cppExport.cmake
[4.163s] -- Up-to-date: /home/chrono/vesc_ws/install/vesc_msgs/share/vesc_msgs/cmake/export_vesc_msgs__rosidl_typesupport_fastrtps_cppExport.cmake
[4.163s] -- Up-to-date: /home/chrono/vesc_ws/install/vesc_msgs/share/vesc_msgs/cmake/export_vesc_msgs__rosidl_typesupport_fastrtps_cppExport-noconfig.cmake
[4.163s] -- Up-to-date: /home/chrono/vesc_ws/install/vesc_msgs/share/vesc_msgs/cmake/vesc_msgs__rosidl_typesupport_introspection_cppExport.cmake
[4.164s] -- Up-to-date: /home/chrono/vesc_ws/install/vesc_msgs/share/vesc_msgs/cmake/vesc_msgs__rosidl_typesupport_introspection_cppExport-noconfig.cmake
[4.164s] -- Up-to-date: /home/chrono/vesc_ws/install/vesc_msgs/share/vesc_msgs/cmake/vesc_msgs__rosidl_typesupport_cppExport.cmake
[4.164s] -- Up-to-date: /home/chrono/vesc_ws/install/vesc_msgs/share/vesc_msgs/cmake/vesc_msgs__rosidl_typesupport_cppExport-noconfig.cmake
[4.164s] -- Up-to-date: /home/chrono/vesc_ws/install/vesc_msgs/share/vesc_msgs/cmake/export_vesc_msgs__rosidl_generator_pyExport.cmake
[4.164s] -- Up-to-date: /home/chrono/vesc_ws/install/vesc_msgs/share/vesc_msgs/cmake/export_vesc_msgs__rosidl_generator_pyExport-noconfig.cmake
[4.169s] Invoked command in '/home/chrono/vesc_ws/build/vesc_msgs' returned '0': CMAKE_PREFIX_PATH=${CMAKE_PREFIX_PATH}:/home/chrono/vesc_ws/install/vesc_slider:/opt/ros/jazzy DEBUGINFOD_URLS=https://debuginfod.ubuntu.com /usr/bin/cmake --install /home/chrono/vesc_ws/build/vesc_msgs
