[1.100s] Invoking command in '/home/chrono/vesc_ws/src/vesc_slider': DEBUGINFOD_URLS=https://debuginfod.ubuntu.com PYTHONPATH=/home/chrono/vesc_ws/build/vesc_slider/prefix_override:/usr/lib/python3/dist-packages/colcon_core/task/python/colcon_distutils_commands:/home/chrono/vesc_ws/install/vesc_slider/lib/python3.12/site-packages:${PYTHONPATH} /usr/bin/python3 -W ignore:setup.py install is deprecated -W ignore:easy_install command is deprecated setup.py egg_info --egg-base ../../build/vesc_slider build --build-base /home/chrono/vesc_ws/build/vesc_slider/build install --record /home/chrono/vesc_ws/build/vesc_slider/install.log --single-version-externally-managed install_data
[1.437s] running egg_info
[1.460s] writing ../../build/vesc_slider/vesc_slider.egg-info/PKG-INFO
[1.460s] writing dependency_links to ../../build/vesc_slider/vesc_slider.egg-info/dependency_links.txt
[1.460s] writing entry points to ../../build/vesc_slider/vesc_slider.egg-info/entry_points.txt
[1.461s] writing requirements to ../../build/vesc_slider/vesc_slider.egg-info/requires.txt
[1.461s] writing top-level names to ../../build/vesc_slider/vesc_slider.egg-info/top_level.txt
[1.507s] reading manifest file '../../build/vesc_slider/vesc_slider.egg-info/SOURCES.txt'
[1.508s] writing manifest file '../../build/vesc_slider/vesc_slider.egg-info/SOURCES.txt'
[1.521s] running build
[1.521s] running build_py
[1.521s] running install
[1.534s] running install_lib
[1.558s] running install_data
[1.559s] creating /home/chrono/vesc_ws/install/vesc_slider/share/vesc_slider/launch
[1.559s] copying launch/vesc_slider.launch.py -> /home/chrono/vesc_ws/install/vesc_slider/share/vesc_slider/launch
[1.559s] running install_egg_info
[1.584s] removing '/home/chrono/vesc_ws/install/vesc_slider/lib/python3.12/site-packages/vesc_slider-0.0.0-py3.12.egg-info' (and everything under it)
[1.584s] Copying ../../build/vesc_slider/vesc_slider.egg-info to /home/chrono/vesc_ws/install/vesc_slider/lib/python3.12/site-packages/vesc_slider-0.0.0-py3.12.egg-info
[1.585s] running install_scripts
[1.752s] Installing vesc_slider script to /home/chrono/vesc_ws/install/vesc_slider/lib/vesc_slider
[1.753s] writing list of installed files to '/home/chrono/vesc_ws/build/vesc_slider/install.log'
[1.837s] Invoked command in '/home/chrono/vesc_ws/src/vesc_slider' returned '0': DEBUGINFOD_URLS=https://debuginfod.ubuntu.com PYTHONPATH=/home/chrono/vesc_ws/build/vesc_slider/prefix_override:/usr/lib/python3/dist-packages/colcon_core/task/python/colcon_distutils_commands:/home/chrono/vesc_ws/install/vesc_slider/lib/python3.12/site-packages:${PYTHONPATH} /usr/bin/python3 -W ignore:setup.py install is deprecated -W ignore:easy_install command is deprecated setup.py egg_info --egg-base ../../build/vesc_slider build --build-base /home/chrono/vesc_ws/build/vesc_slider/build install --record /home/chrono/vesc_ws/build/vesc_slider/install.log --single-version-externally-managed install_data
