-- The C compiler identification is GNU 13.3.0
-- The CXX compiler identification is GNU 13.3.0
-- Detecting C compiler ABI info
-- Detecting C compiler ABI info - done
-- Check for working C compiler: /usr/bin/cc - skipped
-- Detecting C compile features
-- Detecting C compile features - done
-- Detecting CXX compiler ABI info
-- Detecting CXX compiler ABI info - done
-- Check for working CXX compiler: /usr/bin/c++ - skipped
-- Detecting CXX compile features
-- Detecting CXX compile features - done
-- Found ament_cmake_auto: 2.5.4 (/opt/ros/jazzy/share/ament_cmake_auto/cmake)
-- Found Python3: /usr/bin/python3 (found version "3.12.3") found components: Interpreter 
-- Override CMake install command with custom implementation using symlinks instead of copying resources
-- Found rosidl_generator_c: 4.6.6 (/opt/ros/jazzy/share/rosidl_generator_c/cmake)
-- Found rosidl_generator_cpp: 4.6.6 (/opt/ros/jazzy/share/rosidl_generator_cpp/cmake)
-- Using all available rosidl_typesupport_c: rosidl_typesupport_fastrtps_c;rosidl_typesupport_introspection_c
-- Using all available rosidl_typesupport_cpp: rosidl_typesupport_fastrtps_cpp;rosidl_typesupport_introspection_cpp
-- Found rmw_implementation_cmake: 7.3.2 (/opt/ros/jazzy/share/rmw_implementation_cmake/cmake)
-- Found rmw_fastrtps_cpp: 8.4.3 (/opt/ros/jazzy/share/rmw_fastrtps_cpp/cmake)
-- Found OpenSSL: /usr/lib/aarch64-linux-gnu/libcrypto.so (found version "3.0.13")  
-- Found FastRTPS: /opt/ros/jazzy/include (Required is at least version "2.13") 
-- Using RMW implementation 'rmw_fastrtps_cpp' as default
-- Found ament_lint_auto: 0.17.3 (/opt/ros/jazzy/share/ament_lint_auto/cmake)
[0mIn this package, headers install destination is set to `include` by ament_auto_package. It is recommended to install `include/vesc_ackermann` instead and will be the default behavior of ament_auto_package from ROS 2 Kilted Kaiju. On distributions before Kilted, ament_auto_package behaves the same way when you use USE_SCOPED_HEADER_INSTALL_DIR option.[0m
-- Added test 'copyright' to check source files copyright and LICENSE
-- Added test 'cppcheck' to perform static code analysis on C / C++ code
-- Configured cppcheck include dirs: /home/chrono/vesc_ws/src/vesc/vesc_ackermann/include
-- Configured cppcheck exclude dirs and/or files: 
-- Added test 'cpplint' to check C / C++ code against the Google style
-- Configured cpplint exclude dirs and/or files: 
-- Added test 'lint_cmake' to check CMake code style
-- Added test 'uncrustify' to check C / C++ code style
-- Configured uncrustify additional arguments: 
-- Added test 'xmllint' to check XML markup files
-- Configuring done (2.2s)
-- Generating done (0.0s)
-- Build files have been written to: /home/chrono/vesc_ws/build/vesc_ackermann
[ 14%] [32mBuilding CXX object CMakeFiles/ackermann_to_vesc_node.dir/rclcpp_components/node_main_ackermann_to_vesc_node.cpp.o[0m
[ 28%] [32mBuilding CXX object CMakeFiles/vesc_to_odom_node.dir/rclcpp_components/node_main_vesc_to_odom_node.cpp.o[0m
[ 42%] [32mBuilding CXX object CMakeFiles/vesc_ackermann.dir/src/vesc_to_odom.cpp.o[0m
[ 57%] [32mBuilding CXX object CMakeFiles/vesc_ackermann.dir/src/ackermann_to_vesc.cpp.o[0m
[ 71%] [32m[1mLinking CXX executable vesc_to_odom_node[0m
[ 85%] [32m[1mLinking CXX executable ackermann_to_vesc_node[0m
[ 85%] Built target ackermann_to_vesc_node
[ 85%] Built target vesc_to_odom_node
[100%] [32m[1mLinking CXX shared library libvesc_ackermann.so[0m
[100%] Built target vesc_ackermann
-- Install configuration: ""
-- Execute custom install script
-- Symlinking: /home/chrono/vesc_ws/install/vesc_ackermann/lib/vesc_ackermann/ackermann_to_vesc_node
-- Symlinking: /home/chrono/vesc_ws/install/vesc_ackermann/lib/vesc_ackermann/vesc_to_odom_node
-- Symlinking: /home/chrono/vesc_ws/install/vesc_ackermann/include/vesc_ackermann/ackermann_to_vesc.hpp
-- Symlinking: /home/chrono/vesc_ws/install/vesc_ackermann/include/vesc_ackermann/vesc_to_odom.hpp
-- Symlinking: /home/chrono/vesc_ws/install/vesc_ackermann/share/vesc_ackermann/environment/library_path.sh
-- Symlinking: /home/chrono/vesc_ws/install/vesc_ackermann/share/vesc_ackermann/environment/library_path.dsv
-- Symlinking: /home/chrono/vesc_ws/install/vesc_ackermann/lib/libvesc_ackermann.so
-- Symlinking: /home/chrono/vesc_ws/install/vesc_ackermann/share/vesc_ackermann/launch/ackermann_to_vesc_node.launch.xml
-- Symlinking: /home/chrono/vesc_ws/install/vesc_ackermann/share/vesc_ackermann/launch/vesc_to_odom_node.launch.xml
-- Symlinking: /home/chrono/vesc_ws/install/vesc_ackermann/share/ament_index/resource_index/package_run_dependencies/vesc_ackermann
-- Symlinking: /home/chrono/vesc_ws/install/vesc_ackermann/share/ament_index/resource_index/parent_prefix_path/vesc_ackermann
-- Symlinking: /home/chrono/vesc_ws/install/vesc_ackermann/share/vesc_ackermann/environment/ament_prefix_path.sh
-- Symlinking: /home/chrono/vesc_ws/install/vesc_ackermann/share/vesc_ackermann/environment/ament_prefix_path.dsv
-- Symlinking: /home/chrono/vesc_ws/install/vesc_ackermann/share/vesc_ackermann/environment/path.sh
-- Symlinking: /home/chrono/vesc_ws/install/vesc_ackermann/share/vesc_ackermann/environment/path.dsv
-- Symlinking: /home/chrono/vesc_ws/install/vesc_ackermann/share/vesc_ackermann/local_setup.bash
-- Symlinking: /home/chrono/vesc_ws/install/vesc_ackermann/share/vesc_ackermann/local_setup.sh
-- Symlinking: /home/chrono/vesc_ws/install/vesc_ackermann/share/vesc_ackermann/local_setup.zsh
-- Symlinking: /home/chrono/vesc_ws/install/vesc_ackermann/share/vesc_ackermann/local_setup.dsv
-- Symlinking: /home/chrono/vesc_ws/install/vesc_ackermann/share/vesc_ackermann/package.dsv
-- Symlinking: /home/chrono/vesc_ws/install/vesc_ackermann/share/ament_index/resource_index/packages/vesc_ackermann
-- Symlinking: /home/chrono/vesc_ws/install/vesc_ackermann/share/ament_index/resource_index/rclcpp_components/vesc_ackermann
-- Symlinking: /home/chrono/vesc_ws/install/vesc_ackermann/share/vesc_ackermann/cmake/ament_cmake_export_dependencies-extras.cmake
-- Symlinking: /home/chrono/vesc_ws/install/vesc_ackermann/share/vesc_ackermann/cmake/ament_cmake_export_include_directories-extras.cmake
-- Symlinking: /home/chrono/vesc_ws/install/vesc_ackermann/share/vesc_ackermann/cmake/ament_cmake_export_libraries-extras.cmake
-- Symlinking: /home/chrono/vesc_ws/install/vesc_ackermann/share/vesc_ackermann/cmake/vesc_ackermannConfig.cmake
-- Symlinking: /home/chrono/vesc_ws/install/vesc_ackermann/share/vesc_ackermann/cmake/vesc_ackermannConfig-version.cmake
-- Symlinking: /home/chrono/vesc_ws/install/vesc_ackermann/share/vesc_ackermann/package.xml
