[0.012s] Invoking command in '/home/chrono/vesc_ws/build/vesc_msgs': CMAKE_PREFIX_PATH=${CMAKE_PREFIX_PATH}:/opt/ros/jazzy DEBUGINFOD_URLS=https://debuginfod.ubuntu.com /usr/bin/cmake /home/chrono/vesc_ws/src/vesc/vesc_msgs -DAMENT_CMAKE_SYMLINK_INSTALL=1 -DCMAKE_INSTALL_PREFIX=/home/chrono/vesc_ws/install/vesc_msgs
[0.386s] -- The C compiler identification is GNU 13.3.0
[0.496s] -- The CXX compiler identification is GNU 13.3.0
[0.525s] -- Detecting C compiler ABI info
[0.696s] -- Detecting C compiler ABI info - done
[0.712s] -- Check for working C compiler: /usr/bin/cc - skipped
[0.713s] -- Detecting C compile features
[0.713s] -- Detecting C compile features - done
[0.727s] -- Detecting CXX compiler ABI info
[0.903s] -- Detecting CXX compiler ABI info - done
[0.920s] -- Check for working CXX compiler: /usr/bin/c++ - skipped
[0.920s] -- Detecting CXX compile features
[0.921s] -- Detecting CXX compile features - done
[0.924s] -- Found ament_cmake_auto: 2.5.4 (/opt/ros/jazzy/share/ament_cmake_auto/cmake)
[1.140s] -- Found Python3: /usr/bin/python3 (found version "3.12.3") found components: Interpreter 
[1.256s] -- Override CMake install command with custom implementation using symlinks instead of copying resources
[1.453s] -- Using all available rosidl_typesupport_c: rosidl_typesupport_fastrtps_c;rosidl_typesupport_introspection_c
[1.517s] -- Using all available rosidl_typesupport_cpp: rosidl_typesupport_fastrtps_cpp;rosidl_typesupport_introspection_cpp
[1.572s] -- Found rosidl_adapter: 4.6.6 (/opt/ros/jazzy/share/rosidl_adapter/cmake)
[2.481s] -- Found ament_cmake_ros: 0.12.0 (/opt/ros/jazzy/share/ament_cmake_ros/cmake)
[3.260s] -- Using all available rosidl_typesupport_c: rosidl_typesupport_fastrtps_c;rosidl_typesupport_introspection_c
[4.280s] -- Using all available rosidl_typesupport_cpp: rosidl_typesupport_fastrtps_cpp;rosidl_typesupport_introspection_cpp
[4.283s] -- Found python_cmake_module: 0.11.1 (/opt/ros/jazzy/share/python_cmake_module/cmake)
[4.490s] -- Found PythonExtra: /usr/bin/python3  
[5.202s] -- Found Python3: /usr/bin/python3 (found version "3.12.3") found components: Interpreter Development NumPy Development.Module Development.Embed 
[5.299s] -- Found ament_lint_auto: 0.17.3 (/opt/ros/jazzy/share/ament_lint_auto/cmake)
[5.331s] -- Added test 'copyright' to check source files copyright and LICENSE
[5.334s] -- Added test 'lint_cmake' to check CMake code style
[5.335s] -- Added test 'xmllint' to check XML markup files
[5.340s] -- Configuring done (5.3s)
[5.403s] -- Generating done (0.0s)
[5.420s] -- Build files have been written to: /home/chrono/vesc_ws/build/vesc_msgs
[5.443s] Invoked command in '/home/chrono/vesc_ws/build/vesc_msgs' returned '0': CMAKE_PREFIX_PATH=${CMAKE_PREFIX_PATH}:/opt/ros/jazzy DEBUGINFOD_URLS=https://debuginfod.ubuntu.com /usr/bin/cmake /home/chrono/vesc_ws/src/vesc/vesc_msgs -DAMENT_CMAKE_SYMLINK_INSTALL=1 -DCMAKE_INSTALL_PREFIX=/home/chrono/vesc_ws/install/vesc_msgs
[5.445s] Invoking command in '/home/chrono/vesc_ws/build/vesc_msgs': CMAKE_PREFIX_PATH=${CMAKE_PREFIX_PATH}:/opt/ros/jazzy DEBUGINFOD_URLS=https://debuginfod.ubuntu.com /usr/bin/cmake --build /home/chrono/vesc_ws/build/vesc_msgs -- -j4 -l4
[5.535s] [  1%] [34m[1mGenerating type hashes for ROS interfaces[0m
[5.551s] [  1%] Built target ament_cmake_python_symlink_vesc_msgs
[5.845s] running egg_info
[5.846s] creating vesc_msgs.egg-info
[5.870s] writing vesc_msgs.egg-info/PKG-INFO
[5.870s] writing dependency_links to vesc_msgs.egg-info/dependency_links.txt
[5.870s] writing top-level names to vesc_msgs.egg-info/top_level.txt
[5.870s] writing manifest file 'vesc_msgs.egg-info/SOURCES.txt'
[5.939s] reading manifest file 'vesc_msgs.egg-info/SOURCES.txt'
[5.940s] writing manifest file 'vesc_msgs.egg-info/SOURCES.txt'
[6.009s] [  1%] Built target ament_cmake_python_build_vesc_msgs_egg
[6.125s] [  1%] Built target vesc_msgs__rosidl_generator_type_description
[6.142s] [  3%] [34m[1mGenerating C code for ROS interfaces[0m
[6.162s] [  4%] [34m[1mGenerating C++ code for ROS interfaces[0m
[7.136s] [  4%] Built target vesc_msgs__cpp
[7.253s] [  9%] [32mBuilding C object CMakeFiles/vesc_msgs__rosidl_generator_c.dir/rosidl_generator_c/vesc_msgs/msg/detail/vesc_state_stamped__description.c.o[0m
[7.253s] [  9%] [32mBuilding C object CMakeFiles/vesc_msgs__rosidl_generator_c.dir/rosidl_generator_c/vesc_msgs/msg/detail/vesc_state__description.c.o[0m
[7.253s] [  9%] [32mBuilding C object CMakeFiles/vesc_msgs__rosidl_generator_c.dir/rosidl_generator_c/vesc_msgs/msg/detail/vesc_state__functions.c.o[0m
[7.254s] [ 10%] [32mBuilding C object CMakeFiles/vesc_msgs__rosidl_generator_c.dir/rosidl_generator_c/vesc_msgs/msg/detail/vesc_state__type_support.c.o[0m
[7.334s] [ 12%] [32mBuilding C object CMakeFiles/vesc_msgs__rosidl_generator_c.dir/rosidl_generator_c/vesc_msgs/msg/detail/vesc_state_stamped__functions.c.o[0m
[7.359s] [ 14%] [32mBuilding C object CMakeFiles/vesc_msgs__rosidl_generator_c.dir/rosidl_generator_c/vesc_msgs/msg/detail/vesc_state_stamped__type_support.c.o[0m
[7.367s] [ 15%] [32mBuilding C object CMakeFiles/vesc_msgs__rosidl_generator_c.dir/rosidl_generator_c/vesc_msgs/msg/detail/vesc_imu__description.c.o[0m
[7.419s] [ 17%] [32mBuilding C object CMakeFiles/vesc_msgs__rosidl_generator_c.dir/rosidl_generator_c/vesc_msgs/msg/detail/vesc_imu__functions.c.o[0m
[7.436s] [ 18%] [32mBuilding C object CMakeFiles/vesc_msgs__rosidl_generator_c.dir/rosidl_generator_c/vesc_msgs/msg/detail/vesc_imu__type_support.c.o[0m
[7.462s] [ 21%] [32mBuilding C object CMakeFiles/vesc_msgs__rosidl_generator_c.dir/rosidl_generator_c/vesc_msgs/msg/detail/vesc_imu_stamped__functions.c.o[0m
[7.464s] [ 21%] [32mBuilding C object CMakeFiles/vesc_msgs__rosidl_generator_c.dir/rosidl_generator_c/vesc_msgs/msg/detail/vesc_imu_stamped__description.c.o[0m
[7.516s] [ 23%] [32mBuilding C object CMakeFiles/vesc_msgs__rosidl_generator_c.dir/rosidl_generator_c/vesc_msgs/msg/detail/vesc_imu_stamped__type_support.c.o[0m
[7.582s] [ 25%] [32m[1mLinking C shared library libvesc_msgs__rosidl_generator_c.so[0m
[7.683s] [ 25%] Built target vesc_msgs__rosidl_generator_c
[7.707s] [ 29%] [34m[1mGenerating C type support dispatch for ROS interfaces[0m
[7.707s] [ 29%] [34m[1mGenerating C type support for eProsima Fast-RTPS[0m
[7.707s] [ 29%] [34m[1mGenerating C++ type support dispatch for ROS interfaces[0m
[7.709s] [ 31%] [34m[1mGenerating C introspection for ROS interfaces[0m
[8.533s] [ 32%] [32mBuilding CXX object CMakeFiles/vesc_msgs__rosidl_typesupport_c.dir/rosidl_typesupport_c/vesc_msgs/msg/vesc_state__type_support.cpp.o[0m
[8.539s] [ 34%] [32mBuilding CXX object CMakeFiles/vesc_msgs__rosidl_typesupport_cpp.dir/rosidl_typesupport_cpp/vesc_msgs/msg/vesc_state__type_support.cpp.o[0m
[8.666s] [ 35%] [32mBuilding CXX object CMakeFiles/vesc_msgs__rosidl_typesupport_c.dir/rosidl_typesupport_c/vesc_msgs/msg/vesc_state_stamped__type_support.cpp.o[0m
[8.787s] [ 37%] [32mBuilding CXX object CMakeFiles/vesc_msgs__rosidl_typesupport_c.dir/rosidl_typesupport_c/vesc_msgs/msg/vesc_imu__type_support.cpp.o[0m
[8.841s] [ 39%] [32mBuilding C object CMakeFiles/vesc_msgs__rosidl_typesupport_introspection_c.dir/rosidl_typesupport_introspection_c/vesc_msgs/msg/detail/vesc_state__type_support.c.o[0m
[8.863s] [ 40%] [32mBuilding CXX object CMakeFiles/vesc_msgs__rosidl_typesupport_fastrtps_c.dir/rosidl_typesupport_fastrtps_c/vesc_msgs/msg/detail/vesc_state__type_support_c.cpp.o[0m
[8.888s] [ 42%] [32mBuilding CXX object CMakeFiles/vesc_msgs__rosidl_typesupport_c.dir/rosidl_typesupport_c/vesc_msgs/msg/vesc_imu_stamped__type_support.cpp.o[0m
[8.936s] [ 43%] [32mBuilding C object CMakeFiles/vesc_msgs__rosidl_typesupport_introspection_c.dir/rosidl_typesupport_introspection_c/vesc_msgs/msg/detail/vesc_state_stamped__type_support.c.o[0m
[8.973s] [ 45%] [32m[1mLinking CXX shared library libvesc_msgs__rosidl_typesupport_c.so[0m
[9.028s] [ 46%] [32mBuilding C object CMakeFiles/vesc_msgs__rosidl_typesupport_introspection_c.dir/rosidl_typesupport_introspection_c/vesc_msgs/msg/detail/vesc_imu__type_support.c.o[0m
[9.094s] [ 46%] Built target vesc_msgs__rosidl_typesupport_c
[9.119s] [ 48%] [32mBuilding C object CMakeFiles/vesc_msgs__rosidl_typesupport_introspection_c.dir/rosidl_typesupport_introspection_c/vesc_msgs/msg/detail/vesc_imu_stamped__type_support.c.o[0m
[9.129s] [ 50%] [32mBuilding CXX object CMakeFiles/vesc_msgs__rosidl_typesupport_cpp.dir/rosidl_typesupport_cpp/vesc_msgs/msg/vesc_state_stamped__type_support.cpp.o[0m
[9.205s] [ 51%] [32m[1mLinking C shared library libvesc_msgs__rosidl_typesupport_introspection_c.so[0m
[9.280s] [ 53%] [32mBuilding CXX object CMakeFiles/vesc_msgs__rosidl_typesupport_cpp.dir/rosidl_typesupport_cpp/vesc_msgs/msg/vesc_imu__type_support.cpp.o[0m
[9.353s] [ 53%] Built target vesc_msgs__rosidl_typesupport_introspection_c
[9.377s] [ 54%] [32mBuilding CXX object CMakeFiles/vesc_msgs__rosidl_typesupport_fastrtps_c.dir/rosidl_typesupport_fastrtps_c/vesc_msgs/msg/detail/vesc_state_stamped__type_support_c.cpp.o[0m
[9.816s] [ 56%] [34m[1mGenerating C++ type support for eProsima Fast-RTPS[0m
[9.916s] [ 57%] [34m[1mGenerating C++ introspection for ROS interfaces[0m
[9.950s] [ 59%] [32mBuilding CXX object CMakeFiles/vesc_msgs__rosidl_typesupport_cpp.dir/rosidl_typesupport_cpp/vesc_msgs/msg/vesc_imu_stamped__type_support.cpp.o[0m
[10.416s] [ 60%] [32mBuilding CXX object CMakeFiles/vesc_msgs__rosidl_typesupport_fastrtps_c.dir/rosidl_typesupport_fastrtps_c/vesc_msgs/msg/detail/vesc_imu__type_support_c.cpp.o[0m
[10.640s] [ 62%] [32m[1mLinking CXX shared library libvesc_msgs__rosidl_typesupport_cpp.so[0m
[10.805s] [ 62%] Built target vesc_msgs__rosidl_typesupport_cpp
[10.841s] [ 64%] [32mBuilding CXX object CMakeFiles/vesc_msgs__rosidl_typesupport_fastrtps_c.dir/rosidl_typesupport_fastrtps_c/vesc_msgs/msg/detail/vesc_imu_stamped__type_support_c.cpp.o[0m
[10.936s] [ 65%] [32mBuilding CXX object CMakeFiles/vesc_msgs__rosidl_typesupport_introspection_cpp.dir/rosidl_typesupport_introspection_cpp/vesc_msgs/msg/detail/vesc_state__type_support.cpp.o[0m
[11.008s] [ 67%] [32mBuilding CXX object CMakeFiles/vesc_msgs__rosidl_typesupport_fastrtps_cpp.dir/rosidl_typesupport_fastrtps_cpp/vesc_msgs/msg/detail/dds_fastrtps/vesc_state__type_support.cpp.o[0m
[11.454s] [ 68%] [32mBuilding CXX object CMakeFiles/vesc_msgs__rosidl_typesupport_introspection_cpp.dir/rosidl_typesupport_introspection_cpp/vesc_msgs/msg/detail/vesc_state_stamped__type_support.cpp.o[0m
[11.751s] [ 70%] [32mBuilding CXX object CMakeFiles/vesc_msgs__rosidl_typesupport_introspection_cpp.dir/rosidl_typesupport_introspection_cpp/vesc_msgs/msg/detail/vesc_imu__type_support.cpp.o[0m
[11.778s] [ 71%] [32m[1mLinking CXX shared library libvesc_msgs__rosidl_typesupport_fastrtps_c.so[0m
[12.000s] [ 71%] Built target vesc_msgs__rosidl_typesupport_fastrtps_c
[12.021s] [ 73%] [32mBuilding CXX object CMakeFiles/vesc_msgs__rosidl_typesupport_introspection_cpp.dir/rosidl_typesupport_introspection_cpp/vesc_msgs/msg/detail/vesc_imu_stamped__type_support.cpp.o[0m
[12.063s] [ 75%] [32mBuilding CXX object CMakeFiles/vesc_msgs__rosidl_typesupport_fastrtps_cpp.dir/rosidl_typesupport_fastrtps_cpp/vesc_msgs/msg/detail/dds_fastrtps/vesc_state_stamped__type_support.cpp.o[0m
[12.236s] [ 76%] [32mBuilding CXX object CMakeFiles/vesc_msgs__rosidl_typesupport_fastrtps_cpp.dir/rosidl_typesupport_fastrtps_cpp/vesc_msgs/msg/detail/dds_fastrtps/vesc_imu__type_support.cpp.o[0m
[12.481s] [ 78%] [32mBuilding CXX object CMakeFiles/vesc_msgs__rosidl_typesupport_fastrtps_cpp.dir/rosidl_typesupport_fastrtps_cpp/vesc_msgs/msg/detail/dds_fastrtps/vesc_imu_stamped__type_support.cpp.o[0m
[12.727s] [ 79%] [32m[1mLinking CXX shared library libvesc_msgs__rosidl_typesupport_introspection_cpp.so[0m
[12.926s] [ 79%] Built target vesc_msgs__rosidl_typesupport_introspection_cpp
[13.476s] [ 81%] [32m[1mLinking CXX shared library libvesc_msgs__rosidl_typesupport_fastrtps_cpp.so[0m
[13.573s] [ 81%] Built target vesc_msgs__rosidl_typesupport_fastrtps_cpp
[13.607s] [ 81%] Built target vesc_msgs
[13.644s] [ 82%] [34m[1mGenerating Python code for ROS interfaces[0m
[14.896s] [ 82%] Built target vesc_msgs__py
[14.937s] [ 84%] [32mBuilding C object CMakeFiles/vesc_msgs__rosidl_generator_py.dir/rosidl_generator_py/vesc_msgs/msg/_vesc_state_stamped_s.c.o[0m
[14.938s] [ 85%] [32mBuilding C object CMakeFiles/vesc_msgs__rosidl_generator_py.dir/rosidl_generator_py/vesc_msgs/msg/_vesc_state_s.c.o[0m
[14.940s] [ 89%] [32mBuilding C object CMakeFiles/vesc_msgs__rosidl_generator_py.dir/rosidl_generator_py/vesc_msgs/msg/_vesc_imu_stamped_s.c.o[0m
[14.941s] [ 87%] [32mBuilding C object CMakeFiles/vesc_msgs__rosidl_generator_py.dir/rosidl_generator_py/vesc_msgs/msg/_vesc_imu_s.c.o[0m
[15.285s] [ 90%] [32m[1mLinking C shared library libvesc_msgs__rosidl_generator_py.so[0m
[15.374s] [ 90%] Built target vesc_msgs__rosidl_generator_py
[15.412s] [ 92%] [32mBuilding C object CMakeFiles/vesc_msgs_s__rosidl_typesupport_c.dir/rosidl_generator_py/vesc_msgs/_vesc_msgs_s.ep.rosidl_typesupport_c.c.o[0m
[15.424s] [ 93%] [32mBuilding C object CMakeFiles/vesc_msgs_s__rosidl_typesupport_fastrtps_c.dir/rosidl_generator_py/vesc_msgs/_vesc_msgs_s.ep.rosidl_typesupport_fastrtps_c.c.o[0m
[15.425s] [ 95%] [32mBuilding C object CMakeFiles/vesc_msgs_s__rosidl_typesupport_introspection_c.dir/rosidl_generator_py/vesc_msgs/_vesc_msgs_s.ep.rosidl_typesupport_introspection_c.c.o[0m
[15.627s] [ 96%] [32m[1mLinking C shared module rosidl_generator_py/vesc_msgs/vesc_msgs_s__rosidl_typesupport_c.so[0m
[15.643s] [ 98%] [32m[1mLinking C shared module rosidl_generator_py/vesc_msgs/vesc_msgs_s__rosidl_typesupport_introspection_c.so[0m
[15.649s] [100%] [32m[1mLinking C shared module rosidl_generator_py/vesc_msgs/vesc_msgs_s__rosidl_typesupport_fastrtps_c.so[0m
[15.705s] [100%] Built target vesc_msgs_s__rosidl_typesupport_c
[15.709s] [100%] Built target vesc_msgs_s__rosidl_typesupport_introspection_c
[15.832s] [100%] Built target vesc_msgs_s__rosidl_typesupport_fastrtps_c
[15.946s] Invoked command in '/home/chrono/vesc_ws/build/vesc_msgs' returned '0': CMAKE_PREFIX_PATH=${CMAKE_PREFIX_PATH}:/opt/ros/jazzy DEBUGINFOD_URLS=https://debuginfod.ubuntu.com /usr/bin/cmake --build /home/chrono/vesc_ws/build/vesc_msgs -- -j4 -l4
[15.965s] Invoking command in '/home/chrono/vesc_ws/build/vesc_msgs': CMAKE_PREFIX_PATH=${CMAKE_PREFIX_PATH}:/opt/ros/jazzy DEBUGINFOD_URLS=https://debuginfod.ubuntu.com /usr/bin/cmake --install /home/chrono/vesc_ws/build/vesc_msgs
[15.979s] -- Install configuration: ""
[15.980s] -- Execute custom install script
[15.980s] -- Symlinking: /home/chrono/vesc_ws/install/vesc_msgs/share/ament_index/resource_index/rosidl_interfaces/vesc_msgs
[15.997s] -- Symlinking: /home/chrono/vesc_ws/install/vesc_msgs/share/vesc_msgs/msg/VescState.json
[16.014s] -- Symlinking: /home/chrono/vesc_ws/install/vesc_msgs/share/vesc_msgs/msg/VescStateStamped.json
[16.030s] -- Symlinking: /home/chrono/vesc_ws/install/vesc_msgs/share/vesc_msgs/msg/VescImu.json
[16.048s] -- Symlinking: /home/chrono/vesc_ws/install/vesc_msgs/share/vesc_msgs/msg/VescImuStamped.json
[16.064s] -- Symlinking: /home/chrono/vesc_ws/install/vesc_msgs/include/vesc_msgs/vesc_msgs/msg/detail/vesc_imu__functions.h
[16.081s] -- Symlinking: /home/chrono/vesc_ws/install/vesc_msgs/include/vesc_msgs/vesc_msgs/msg/detail/vesc_imu__struct.h
[16.098s] -- Symlinking: /home/chrono/vesc_ws/install/vesc_msgs/include/vesc_msgs/vesc_msgs/msg/detail/vesc_imu__type_support.h
[16.114s] -- Symlinking: /home/chrono/vesc_ws/install/vesc_msgs/include/vesc_msgs/vesc_msgs/msg/detail/vesc_imu_stamped__functions.h
[16.130s] -- Symlinking: /home/chrono/vesc_ws/install/vesc_msgs/include/vesc_msgs/vesc_msgs/msg/detail/vesc_imu_stamped__struct.h
[16.147s] -- Symlinking: /home/chrono/vesc_ws/install/vesc_msgs/include/vesc_msgs/vesc_msgs/msg/detail/vesc_imu_stamped__type_support.h
[16.163s] -- Symlinking: /home/chrono/vesc_ws/install/vesc_msgs/include/vesc_msgs/vesc_msgs/msg/detail/vesc_state__functions.h
[16.180s] -- Symlinking: /home/chrono/vesc_ws/install/vesc_msgs/include/vesc_msgs/vesc_msgs/msg/detail/vesc_state__struct.h
[16.198s] -- Symlinking: /home/chrono/vesc_ws/install/vesc_msgs/include/vesc_msgs/vesc_msgs/msg/detail/vesc_state__type_support.h
[16.214s] -- Symlinking: /home/chrono/vesc_ws/install/vesc_msgs/include/vesc_msgs/vesc_msgs/msg/detail/vesc_state_stamped__functions.h
[16.231s] -- Symlinking: /home/chrono/vesc_ws/install/vesc_msgs/include/vesc_msgs/vesc_msgs/msg/detail/vesc_state_stamped__struct.h
[16.247s] -- Symlinking: /home/chrono/vesc_ws/install/vesc_msgs/include/vesc_msgs/vesc_msgs/msg/detail/vesc_state_stamped__type_support.h
[16.264s] -- Symlinking: /home/chrono/vesc_ws/install/vesc_msgs/include/vesc_msgs/vesc_msgs/msg/rosidl_generator_c__visibility_control.h
[16.281s] -- Symlinking: /home/chrono/vesc_ws/install/vesc_msgs/include/vesc_msgs/vesc_msgs/msg/vesc_imu.h
[16.297s] -- Symlinking: /home/chrono/vesc_ws/install/vesc_msgs/include/vesc_msgs/vesc_msgs/msg/vesc_imu_stamped.h
[16.313s] -- Symlinking: /home/chrono/vesc_ws/install/vesc_msgs/include/vesc_msgs/vesc_msgs/msg/vesc_state.h
[16.330s] -- Symlinking: /home/chrono/vesc_ws/install/vesc_msgs/include/vesc_msgs/vesc_msgs/msg/vesc_state_stamped.h
[16.347s] -- Symlinking: /home/chrono/vesc_ws/install/vesc_msgs/share/vesc_msgs/environment/library_path.sh
[16.365s] -- Symlinking: /home/chrono/vesc_ws/install/vesc_msgs/share/vesc_msgs/environment/library_path.dsv
[16.382s] -- Symlinking: /home/chrono/vesc_ws/install/vesc_msgs/include/vesc_msgs/vesc_msgs/msg/detail/vesc_imu__rosidl_typesupport_fastrtps_c.h
[16.399s] -- Symlinking: /home/chrono/vesc_ws/install/vesc_msgs/include/vesc_msgs/vesc_msgs/msg/detail/vesc_imu_stamped__rosidl_typesupport_fastrtps_c.h
[16.416s] -- Symlinking: /home/chrono/vesc_ws/install/vesc_msgs/include/vesc_msgs/vesc_msgs/msg/detail/vesc_state__rosidl_typesupport_fastrtps_c.h
[16.432s] -- Symlinking: /home/chrono/vesc_ws/install/vesc_msgs/include/vesc_msgs/vesc_msgs/msg/detail/vesc_state_stamped__rosidl_typesupport_fastrtps_c.h
[16.448s] -- Symlinking: /home/chrono/vesc_ws/install/vesc_msgs/include/vesc_msgs/vesc_msgs/msg/rosidl_typesupport_fastrtps_c__visibility_control.h
[16.465s] -- Symlinking: /home/chrono/vesc_ws/install/vesc_msgs/include/vesc_msgs/vesc_msgs/msg/detail/vesc_imu__rosidl_typesupport_introspection_c.h
[16.481s] -- Symlinking: /home/chrono/vesc_ws/install/vesc_msgs/include/vesc_msgs/vesc_msgs/msg/detail/vesc_imu_stamped__rosidl_typesupport_introspection_c.h
[16.499s] -- Symlinking: /home/chrono/vesc_ws/install/vesc_msgs/include/vesc_msgs/vesc_msgs/msg/detail/vesc_state__rosidl_typesupport_introspection_c.h
[16.515s] -- Symlinking: /home/chrono/vesc_ws/install/vesc_msgs/include/vesc_msgs/vesc_msgs/msg/detail/vesc_state_stamped__rosidl_typesupport_introspection_c.h
[16.532s] -- Symlinking: /home/chrono/vesc_ws/install/vesc_msgs/include/vesc_msgs/vesc_msgs/msg/rosidl_typesupport_introspection_c__visibility_control.h
[16.549s] -- Symlinking: /home/chrono/vesc_ws/install/vesc_msgs/include/vesc_msgs/vesc_msgs/msg/detail/vesc_imu__builder.hpp
[16.566s] -- Symlinking: /home/chrono/vesc_ws/install/vesc_msgs/include/vesc_msgs/vesc_msgs/msg/detail/vesc_imu__struct.hpp
[16.583s] -- Symlinking: /home/chrono/vesc_ws/install/vesc_msgs/include/vesc_msgs/vesc_msgs/msg/detail/vesc_imu__traits.hpp
[16.600s] -- Symlinking: /home/chrono/vesc_ws/install/vesc_msgs/include/vesc_msgs/vesc_msgs/msg/detail/vesc_imu__type_support.hpp
[16.616s] -- Symlinking: /home/chrono/vesc_ws/install/vesc_msgs/include/vesc_msgs/vesc_msgs/msg/detail/vesc_imu_stamped__builder.hpp
[16.632s] -- Symlinking: /home/chrono/vesc_ws/install/vesc_msgs/include/vesc_msgs/vesc_msgs/msg/detail/vesc_imu_stamped__struct.hpp
[16.648s] -- Symlinking: /home/chrono/vesc_ws/install/vesc_msgs/include/vesc_msgs/vesc_msgs/msg/detail/vesc_imu_stamped__traits.hpp
[16.665s] -- Symlinking: /home/chrono/vesc_ws/install/vesc_msgs/include/vesc_msgs/vesc_msgs/msg/detail/vesc_imu_stamped__type_support.hpp
[16.682s] -- Symlinking: /home/chrono/vesc_ws/install/vesc_msgs/include/vesc_msgs/vesc_msgs/msg/detail/vesc_state__builder.hpp
[16.698s] -- Symlinking: /home/chrono/vesc_ws/install/vesc_msgs/include/vesc_msgs/vesc_msgs/msg/detail/vesc_state__struct.hpp
[16.716s] -- Symlinking: /home/chrono/vesc_ws/install/vesc_msgs/include/vesc_msgs/vesc_msgs/msg/detail/vesc_state__traits.hpp
[16.732s] -- Symlinking: /home/chrono/vesc_ws/install/vesc_msgs/include/vesc_msgs/vesc_msgs/msg/detail/vesc_state__type_support.hpp
[16.749s] -- Symlinking: /home/chrono/vesc_ws/install/vesc_msgs/include/vesc_msgs/vesc_msgs/msg/detail/vesc_state_stamped__builder.hpp
[16.766s] -- Symlinking: /home/chrono/vesc_ws/install/vesc_msgs/include/vesc_msgs/vesc_msgs/msg/detail/vesc_state_stamped__struct.hpp
[16.782s] -- Symlinking: /home/chrono/vesc_ws/install/vesc_msgs/include/vesc_msgs/vesc_msgs/msg/detail/vesc_state_stamped__traits.hpp
[16.799s] -- Symlinking: /home/chrono/vesc_ws/install/vesc_msgs/include/vesc_msgs/vesc_msgs/msg/detail/vesc_state_stamped__type_support.hpp
[16.840s] -- Symlinking: /home/chrono/vesc_ws/install/vesc_msgs/include/vesc_msgs/vesc_msgs/msg/rosidl_generator_cpp__visibility_control.hpp
[16.851s] -- Symlinking: /home/chrono/vesc_ws/install/vesc_msgs/include/vesc_msgs/vesc_msgs/msg/vesc_imu.hpp
[16.870s] -- Symlinking: /home/chrono/vesc_ws/install/vesc_msgs/include/vesc_msgs/vesc_msgs/msg/vesc_imu_stamped.hpp
[16.886s] -- Symlinking: /home/chrono/vesc_ws/install/vesc_msgs/include/vesc_msgs/vesc_msgs/msg/vesc_state.hpp
[16.904s] -- Symlinking: /home/chrono/vesc_ws/install/vesc_msgs/include/vesc_msgs/vesc_msgs/msg/vesc_state_stamped.hpp
[16.921s] -- Symlinking: /home/chrono/vesc_ws/install/vesc_msgs/include/vesc_msgs/vesc_msgs/msg/detail/vesc_imu__rosidl_typesupport_fastrtps_cpp.hpp
[16.937s] -- Symlinking: /home/chrono/vesc_ws/install/vesc_msgs/include/vesc_msgs/vesc_msgs/msg/detail/vesc_imu_stamped__rosidl_typesupport_fastrtps_cpp.hpp
[16.954s] -- Symlinking: /home/chrono/vesc_ws/install/vesc_msgs/include/vesc_msgs/vesc_msgs/msg/detail/vesc_state__rosidl_typesupport_fastrtps_cpp.hpp
[16.970s] -- Symlinking: /home/chrono/vesc_ws/install/vesc_msgs/include/vesc_msgs/vesc_msgs/msg/detail/vesc_state_stamped__rosidl_typesupport_fastrtps_cpp.hpp
[16.988s] -- Symlinking: /home/chrono/vesc_ws/install/vesc_msgs/include/vesc_msgs/vesc_msgs/msg/rosidl_typesupport_fastrtps_cpp__visibility_control.h
[17.005s] -- Symlinking: /home/chrono/vesc_ws/install/vesc_msgs/include/vesc_msgs/vesc_msgs/msg/detail/vesc_imu__rosidl_typesupport_introspection_cpp.hpp
[17.021s] -- Symlinking: /home/chrono/vesc_ws/install/vesc_msgs/include/vesc_msgs/vesc_msgs/msg/detail/vesc_imu_stamped__rosidl_typesupport_introspection_cpp.hpp
[17.037s] -- Symlinking: /home/chrono/vesc_ws/install/vesc_msgs/include/vesc_msgs/vesc_msgs/msg/detail/vesc_state__rosidl_typesupport_introspection_cpp.hpp
[17.054s] -- Symlinking: /home/chrono/vesc_ws/install/vesc_msgs/include/vesc_msgs/vesc_msgs/msg/detail/vesc_state_stamped__rosidl_typesupport_introspection_cpp.hpp
[17.070s] -- Symlinking: /home/chrono/vesc_ws/install/vesc_msgs/share/vesc_msgs/environment/pythonpath.sh
[17.088s] -- Symlinking: /home/chrono/vesc_ws/install/vesc_msgs/share/vesc_msgs/environment/pythonpath.dsv
[17.105s] -- Symlinking: /home/chrono/vesc_ws/install/vesc_msgs/lib/python3.12/site-packages/vesc_msgs-1.1.0-py3.12.egg-info/PKG-INFO
[17.122s] -- Symlinking: /home/chrono/vesc_ws/install/vesc_msgs/lib/python3.12/site-packages/vesc_msgs-1.1.0-py3.12.egg-info/SOURCES.txt
[17.138s] -- Symlinking: /home/chrono/vesc_ws/install/vesc_msgs/lib/python3.12/site-packages/vesc_msgs-1.1.0-py3.12.egg-info/dependency_links.txt
[17.155s] -- Symlinking: /home/chrono/vesc_ws/install/vesc_msgs/lib/python3.12/site-packages/vesc_msgs-1.1.0-py3.12.egg-info/top_level.txt
[17.172s] -- Symlinking: /home/chrono/vesc_ws/install/vesc_msgs/lib/python3.12/site-packages/vesc_msgs/__init__.py
[17.189s] -- Symlinking: /home/chrono/vesc_ws/install/vesc_msgs/lib/python3.12/site-packages/vesc_msgs/_vesc_msgs_s.ep.rosidl_typesupport_c.c
[17.205s] -- Symlinking: /home/chrono/vesc_ws/install/vesc_msgs/lib/python3.12/site-packages/vesc_msgs/_vesc_msgs_s.ep.rosidl_typesupport_fastrtps_c.c
[17.222s] -- Symlinking: /home/chrono/vesc_ws/install/vesc_msgs/lib/python3.12/site-packages/vesc_msgs/_vesc_msgs_s.ep.rosidl_typesupport_introspection_c.c
[17.240s] -- Symlinking: /home/chrono/vesc_ws/install/vesc_msgs/lib/python3.12/site-packages/vesc_msgs/msg/__init__.py
[17.256s] -- Symlinking: /home/chrono/vesc_ws/install/vesc_msgs/lib/python3.12/site-packages/vesc_msgs/msg/_vesc_imu.py
[17.272s] -- Symlinking: /home/chrono/vesc_ws/install/vesc_msgs/lib/python3.12/site-packages/vesc_msgs/msg/_vesc_imu_s.c
[17.288s] -- Symlinking: /home/chrono/vesc_ws/install/vesc_msgs/lib/python3.12/site-packages/vesc_msgs/msg/_vesc_imu_stamped.py
[17.305s] -- Symlinking: /home/chrono/vesc_ws/install/vesc_msgs/lib/python3.12/site-packages/vesc_msgs/msg/_vesc_imu_stamped_s.c
[17.322s] -- Symlinking: /home/chrono/vesc_ws/install/vesc_msgs/lib/python3.12/site-packages/vesc_msgs/msg/_vesc_state.py
[17.338s] -- Symlinking: /home/chrono/vesc_ws/install/vesc_msgs/lib/python3.12/site-packages/vesc_msgs/msg/_vesc_state_s.c
[17.354s] -- Symlinking: /home/chrono/vesc_ws/install/vesc_msgs/lib/python3.12/site-packages/vesc_msgs/msg/_vesc_state_stamped.py
[17.371s] -- Symlinking: /home/chrono/vesc_ws/install/vesc_msgs/lib/python3.12/site-packages/vesc_msgs/msg/_vesc_state_stamped_s.c
[17.387s] -- Symlinking: /home/chrono/vesc_ws/install/vesc_msgs/lib/python3.12/site-packages/vesc_msgs/vesc_msgs_s__rosidl_typesupport_c.so
[17.404s] -- Symlinking: /home/chrono/vesc_ws/install/vesc_msgs/lib/python3.12/site-packages/vesc_msgs/vesc_msgs_s__rosidl_typesupport_fastrtps_c.so
[17.421s] -- Symlinking: /home/chrono/vesc_ws/install/vesc_msgs/lib/python3.12/site-packages/vesc_msgs/vesc_msgs_s__rosidl_typesupport_introspection_c.so
[17.438s] -- Up-to-date symlink: /home/chrono/vesc_ws/install/vesc_msgs/lib/python3.12/site-packages/vesc_msgs/vesc_msgs_s__rosidl_typesupport_fastrtps_c.so
[17.438s] -- Up-to-date symlink: /home/chrono/vesc_ws/install/vesc_msgs/lib/python3.12/site-packages/vesc_msgs/vesc_msgs_s__rosidl_typesupport_introspection_c.so
[17.438s] -- Up-to-date symlink: /home/chrono/vesc_ws/install/vesc_msgs/lib/python3.12/site-packages/vesc_msgs/vesc_msgs_s__rosidl_typesupport_c.so
[17.438s] -- Symlinking: /home/chrono/vesc_ws/install/vesc_msgs/share/vesc_msgs/msg/VescState.idl
[17.455s] -- Symlinking: /home/chrono/vesc_ws/install/vesc_msgs/share/vesc_msgs/msg/VescStateStamped.idl
[17.473s] -- Symlinking: /home/chrono/vesc_ws/install/vesc_msgs/share/vesc_msgs/msg/VescImu.idl
[17.489s] -- Symlinking: /home/chrono/vesc_ws/install/vesc_msgs/share/vesc_msgs/msg/VescImuStamped.idl
[17.505s] -- Symlinking: /home/chrono/vesc_ws/install/vesc_msgs/share/vesc_msgs/msg/VescState.msg
[17.522s] -- Symlinking: /home/chrono/vesc_ws/install/vesc_msgs/share/vesc_msgs/msg/VescStateStamped.msg
[17.538s] -- Symlinking: /home/chrono/vesc_ws/install/vesc_msgs/share/vesc_msgs/msg/VescImu.msg
[17.554s] -- Symlinking: /home/chrono/vesc_ws/install/vesc_msgs/share/vesc_msgs/msg/VescImuStamped.msg
[17.570s] -- Symlinking: /home/chrono/vesc_ws/install/vesc_msgs/share/ament_index/resource_index/package_run_dependencies/vesc_msgs
[17.588s] -- Symlinking: /home/chrono/vesc_ws/install/vesc_msgs/share/ament_index/resource_index/parent_prefix_path/vesc_msgs
[17.604s] -- Symlinking: /home/chrono/vesc_ws/install/vesc_msgs/share/vesc_msgs/environment/ament_prefix_path.sh
[17.621s] -- Symlinking: /home/chrono/vesc_ws/install/vesc_msgs/share/vesc_msgs/environment/ament_prefix_path.dsv
[17.639s] -- Symlinking: /home/chrono/vesc_ws/install/vesc_msgs/share/vesc_msgs/environment/path.sh
[17.655s] -- Symlinking: /home/chrono/vesc_ws/install/vesc_msgs/share/vesc_msgs/environment/path.dsv
[17.672s] -- Symlinking: /home/chrono/vesc_ws/install/vesc_msgs/share/vesc_msgs/local_setup.bash
[17.690s] -- Symlinking: /home/chrono/vesc_ws/install/vesc_msgs/share/vesc_msgs/local_setup.sh
[17.706s] -- Symlinking: /home/chrono/vesc_ws/install/vesc_msgs/share/vesc_msgs/local_setup.zsh
[17.723s] -- Symlinking: /home/chrono/vesc_ws/install/vesc_msgs/share/vesc_msgs/local_setup.dsv
[17.740s] -- Symlinking: /home/chrono/vesc_ws/install/vesc_msgs/share/vesc_msgs/package.dsv
[17.756s] -- Symlinking: /home/chrono/vesc_ws/install/vesc_msgs/share/ament_index/resource_index/packages/vesc_msgs
[17.774s] -- Symlinking: /home/chrono/vesc_ws/install/vesc_msgs/share/vesc_msgs/cmake/rosidl_cmake-extras.cmake
[17.790s] -- Symlinking: /home/chrono/vesc_ws/install/vesc_msgs/share/vesc_msgs/cmake/ament_cmake_export_dependencies-extras.cmake
[17.808s] -- Symlinking: /home/chrono/vesc_ws/install/vesc_msgs/share/vesc_msgs/cmake/ament_cmake_export_include_directories-extras.cmake
[17.824s] -- Symlinking: /home/chrono/vesc_ws/install/vesc_msgs/share/vesc_msgs/cmake/ament_cmake_export_libraries-extras.cmake
[17.841s] -- Symlinking: /home/chrono/vesc_ws/install/vesc_msgs/share/vesc_msgs/cmake/ament_cmake_export_targets-extras.cmake
[17.858s] -- Symlinking: /home/chrono/vesc_ws/install/vesc_msgs/share/vesc_msgs/cmake/rosidl_cmake_export_typesupport_targets-extras.cmake
[17.874s] -- Symlinking: /home/chrono/vesc_ws/install/vesc_msgs/share/vesc_msgs/cmake/rosidl_cmake_export_typesupport_libraries-extras.cmake
[17.891s] -- Symlinking: /home/chrono/vesc_ws/install/vesc_msgs/share/vesc_msgs/cmake/vesc_msgsConfig.cmake
[17.907s] -- Symlinking: /home/chrono/vesc_ws/install/vesc_msgs/share/vesc_msgs/cmake/vesc_msgsConfig-version.cmake
[17.923s] -- Symlinking: /home/chrono/vesc_ws/install/vesc_msgs/share/vesc_msgs/package.xml
[17.940s] -- Installing: /home/chrono/vesc_ws/install/vesc_msgs/lib/libvesc_msgs__rosidl_generator_c.so
[17.941s] -- Set non-toolchain portion of runtime path of "/home/chrono/vesc_ws/install/vesc_msgs/lib/libvesc_msgs__rosidl_generator_c.so" to ""
[17.941s] -- Installing: /home/chrono/vesc_ws/install/vesc_msgs/lib/libvesc_msgs__rosidl_typesupport_fastrtps_c.so
[17.942s] -- Set non-toolchain portion of runtime path of "/home/chrono/vesc_ws/install/vesc_msgs/lib/libvesc_msgs__rosidl_typesupport_fastrtps_c.so" to ""
[17.942s] -- Installing: /home/chrono/vesc_ws/install/vesc_msgs/lib/libvesc_msgs__rosidl_typesupport_introspection_c.so
[17.942s] -- Set non-toolchain portion of runtime path of "/home/chrono/vesc_ws/install/vesc_msgs/lib/libvesc_msgs__rosidl_typesupport_introspection_c.so" to ""
[17.943s] -- Installing: /home/chrono/vesc_ws/install/vesc_msgs/lib/libvesc_msgs__rosidl_typesupport_c.so
[17.943s] -- Set non-toolchain portion of runtime path of "/home/chrono/vesc_ws/install/vesc_msgs/lib/libvesc_msgs__rosidl_typesupport_c.so" to ""
[17.943s] -- Installing: /home/chrono/vesc_ws/install/vesc_msgs/lib/libvesc_msgs__rosidl_typesupport_fastrtps_cpp.so
[17.944s] -- Set non-toolchain portion of runtime path of "/home/chrono/vesc_ws/install/vesc_msgs/lib/libvesc_msgs__rosidl_typesupport_fastrtps_cpp.so" to ""
[17.944s] -- Installing: /home/chrono/vesc_ws/install/vesc_msgs/lib/libvesc_msgs__rosidl_typesupport_introspection_cpp.so
[17.945s] -- Set non-toolchain portion of runtime path of "/home/chrono/vesc_ws/install/vesc_msgs/lib/libvesc_msgs__rosidl_typesupport_introspection_cpp.so" to ""
[17.945s] -- Installing: /home/chrono/vesc_ws/install/vesc_msgs/lib/libvesc_msgs__rosidl_typesupport_cpp.so
[17.945s] -- Set non-toolchain portion of runtime path of "/home/chrono/vesc_ws/install/vesc_msgs/lib/libvesc_msgs__rosidl_typesupport_cpp.so" to ""
[18.009s] Listing '/home/chrono/vesc_ws/install/vesc_msgs/lib/python3.12/site-packages/vesc_msgs'...
[18.009s] Compiling '/home/chrono/vesc_ws/install/vesc_msgs/lib/python3.12/site-packages/vesc_msgs/__init__.py'...
[18.009s] Listing '/home/chrono/vesc_ws/install/vesc_msgs/lib/python3.12/site-packages/vesc_msgs/msg'...
[18.009s] Compiling '/home/chrono/vesc_ws/install/vesc_msgs/lib/python3.12/site-packages/vesc_msgs/msg/__init__.py'...
[18.010s] Compiling '/home/chrono/vesc_ws/install/vesc_msgs/lib/python3.12/site-packages/vesc_msgs/msg/_vesc_imu.py'...
[18.010s] Compiling '/home/chrono/vesc_ws/install/vesc_msgs/lib/python3.12/site-packages/vesc_msgs/msg/_vesc_imu_stamped.py'...
[18.010s] Compiling '/home/chrono/vesc_ws/install/vesc_msgs/lib/python3.12/site-packages/vesc_msgs/msg/_vesc_state.py'...
[18.010s] Compiling '/home/chrono/vesc_ws/install/vesc_msgs/lib/python3.12/site-packages/vesc_msgs/msg/_vesc_state_stamped.py'...
[18.021s] -- Installing: /home/chrono/vesc_ws/install/vesc_msgs/lib/libvesc_msgs__rosidl_generator_py.so
[18.022s] -- Set non-toolchain portion of runtime path of "/home/chrono/vesc_ws/install/vesc_msgs/lib/libvesc_msgs__rosidl_generator_py.so" to ""
[18.022s] -- Installing: /home/chrono/vesc_ws/install/vesc_msgs/share/vesc_msgs/cmake/export_vesc_msgs__rosidl_generator_cExport.cmake
[18.022s] -- Installing: /home/chrono/vesc_ws/install/vesc_msgs/share/vesc_msgs/cmake/export_vesc_msgs__rosidl_generator_cExport-noconfig.cmake
[18.023s] -- Installing: /home/chrono/vesc_ws/install/vesc_msgs/share/vesc_msgs/cmake/export_vesc_msgs__rosidl_typesupport_fastrtps_cExport.cmake
[18.023s] -- Installing: /home/chrono/vesc_ws/install/vesc_msgs/share/vesc_msgs/cmake/export_vesc_msgs__rosidl_typesupport_fastrtps_cExport-noconfig.cmake
[18.023s] -- Installing: /home/chrono/vesc_ws/install/vesc_msgs/share/vesc_msgs/cmake/vesc_msgs__rosidl_typesupport_introspection_cExport.cmake
[18.023s] -- Installing: /home/chrono/vesc_ws/install/vesc_msgs/share/vesc_msgs/cmake/vesc_msgs__rosidl_typesupport_introspection_cExport-noconfig.cmake
[18.023s] -- Installing: /home/chrono/vesc_ws/install/vesc_msgs/share/vesc_msgs/cmake/vesc_msgs__rosidl_typesupport_cExport.cmake
[18.024s] -- Installing: /home/chrono/vesc_ws/install/vesc_msgs/share/vesc_msgs/cmake/vesc_msgs__rosidl_typesupport_cExport-noconfig.cmake
[18.024s] -- Installing: /home/chrono/vesc_ws/install/vesc_msgs/share/vesc_msgs/cmake/export_vesc_msgs__rosidl_generator_cppExport.cmake
[18.024s] -- Installing: /home/chrono/vesc_ws/install/vesc_msgs/share/vesc_msgs/cmake/export_vesc_msgs__rosidl_typesupport_fastrtps_cppExport.cmake
[18.024s] -- Installing: /home/chrono/vesc_ws/install/vesc_msgs/share/vesc_msgs/cmake/export_vesc_msgs__rosidl_typesupport_fastrtps_cppExport-noconfig.cmake
[18.024s] -- Installing: /home/chrono/vesc_ws/install/vesc_msgs/share/vesc_msgs/cmake/vesc_msgs__rosidl_typesupport_introspection_cppExport.cmake
[18.024s] -- Installing: /home/chrono/vesc_ws/install/vesc_msgs/share/vesc_msgs/cmake/vesc_msgs__rosidl_typesupport_introspection_cppExport-noconfig.cmake
[18.025s] -- Installing: /home/chrono/vesc_ws/install/vesc_msgs/share/vesc_msgs/cmake/vesc_msgs__rosidl_typesupport_cppExport.cmake
[18.025s] -- Installing: /home/chrono/vesc_ws/install/vesc_msgs/share/vesc_msgs/cmake/vesc_msgs__rosidl_typesupport_cppExport-noconfig.cmake
[18.025s] -- Installing: /home/chrono/vesc_ws/install/vesc_msgs/share/vesc_msgs/cmake/export_vesc_msgs__rosidl_generator_pyExport.cmake
[18.025s] -- Installing: /home/chrono/vesc_ws/install/vesc_msgs/share/vesc_msgs/cmake/export_vesc_msgs__rosidl_generator_pyExport-noconfig.cmake
[18.029s] Invoked command in '/home/chrono/vesc_ws/build/vesc_msgs' returned '0': CMAKE_PREFIX_PATH=${CMAKE_PREFIX_PATH}:/opt/ros/jazzy DEBUGINFOD_URLS=https://debuginfod.ubuntu.com /usr/bin/cmake --install /home/chrono/vesc_ws/build/vesc_msgs
