[0.017s] Invoking command in '/home/chrono/vesc_ws/build/vesc_driver': AMENT_PREFIX_PATH=/home/chrono/vesc_ws/install/vesc_msgs:${AMENT_PREFIX_PATH} CMAKE_PREFIX_PATH=/home/chrono/vesc_ws/install/vesc_msgs:/opt/ros/jazzy/opt/gz_math_vendor:/opt/ros/jazzy/opt/gz_utils_vendor:/opt/ros/jazzy/opt/gz_cmake_vendor:/opt/ros/jazzy DEBUGINFOD_URLS=https://debuginfod.ubuntu.com LD_LIBRARY_PATH=/home/chrono/vesc_ws/install/vesc_msgs/lib:${LD_LIBRARY_PATH} PYTHONPATH=/home/chrono/vesc_ws/install/vesc_msgs/lib/python3.12/site-packages:${PYTHONPATH} /usr/bin/cmake /home/chrono/vesc_ws/src/vesc/vesc_driver -DAMENT_CMAKE_SYMLINK_INSTALL=1 -DCMAKE_INSTALL_PREFIX=/home/chrono/vesc_ws/install/vesc_driver
[0.039s] -- Found ament_cmake_auto: 2.5.4 (/opt/ros/jazzy/share/ament_cmake_auto/cmake)
[0.403s] -- Override CMake install command with custom implementation using symlinks instead of copying resources
[0.613s] -- Found rosidl_generator_c: 4.6.6 (/opt/ros/jazzy/share/rosidl_generator_c/cmake)
[0.625s] -- Found rosidl_generator_cpp: 4.6.6 (/opt/ros/jazzy/share/rosidl_generator_cpp/cmake)
[0.642s] -- Using all available rosidl_typesupport_c: rosidl_typesupport_fastrtps_c;rosidl_typesupport_introspection_c
[0.660s] -- Using all available rosidl_typesupport_cpp: rosidl_typesupport_fastrtps_cpp;rosidl_typesupport_introspection_cpp
[0.742s] -- Found rmw_implementation_cmake: 7.3.2 (/opt/ros/jazzy/share/rmw_implementation_cmake/cmake)
[0.744s] -- Found rmw_fastrtps_cpp: 8.4.3 (/opt/ros/jazzy/share/rmw_fastrtps_cpp/cmake)
[0.849s] -- Using RMW implementation 'rmw_fastrtps_cpp' as default
[1.048s] -- Found asio_cmake_module: 1.2.0 (/opt/ros/jazzy/share/asio_cmake_module/cmake)
[1.152s] -- Found ament_lint_auto: 0.17.3 (/opt/ros/jazzy/share/ament_lint_auto/cmake)
[1.160s] [0mIn this package, headers install destination is set to `include` by ament_auto_package. It is recommended to install `include/vesc_driver` instead and will be the default behavior of ament_auto_package from ROS 2 Kilted Kaiju. On distributions before Kilted, ament_auto_package behaves the same way when you use USE_SCOPED_HEADER_INSTALL_DIR option.[0m
[1.167s] -- Added test 'copyright' to check source files copyright and LICENSE
[1.169s] -- Added test 'cppcheck' to perform static code analysis on C / C++ code
[1.170s] -- Configured cppcheck include dirs: /home/chrono/vesc_ws/src/vesc/vesc_driver/include
[1.170s] -- Configured cppcheck exclude dirs and/or files: 
[1.172s] -- Added test 'cpplint' to check C / C++ code against the Google style
[1.172s] -- Configured cpplint exclude dirs and/or files: 
[1.172s] -- Added test 'flake8' to check Python code syntax and style conventions
[1.173s] -- Configured 'flake8' exclude dirs and/or files: 
[1.173s] -- Added test 'lint_cmake' to check CMake code style
[1.174s] -- Added test 'pep257' to check Python code against some of the docstring style conventions in PEP 257
[1.176s] -- Added test 'uncrustify' to check C / C++ code style
[1.176s] -- Configured uncrustify additional arguments: 
[1.176s] -- Added test 'xmllint' to check XML markup files
[1.180s] -- Configuring done (1.1s)
[1.259s] -- Generating done (0.1s)
[1.278s] -- Build files have been written to: /home/chrono/vesc_ws/build/vesc_driver
[1.302s] Invoked command in '/home/chrono/vesc_ws/build/vesc_driver' returned '0': AMENT_PREFIX_PATH=/home/chrono/vesc_ws/install/vesc_msgs:${AMENT_PREFIX_PATH} CMAKE_PREFIX_PATH=/home/chrono/vesc_ws/install/vesc_msgs:/opt/ros/jazzy/opt/gz_math_vendor:/opt/ros/jazzy/opt/gz_utils_vendor:/opt/ros/jazzy/opt/gz_cmake_vendor:/opt/ros/jazzy DEBUGINFOD_URLS=https://debuginfod.ubuntu.com LD_LIBRARY_PATH=/home/chrono/vesc_ws/install/vesc_msgs/lib:${LD_LIBRARY_PATH} PYTHONPATH=/home/chrono/vesc_ws/install/vesc_msgs/lib/python3.12/site-packages:${PYTHONPATH} /usr/bin/cmake /home/chrono/vesc_ws/src/vesc/vesc_driver -DAMENT_CMAKE_SYMLINK_INSTALL=1 -DCMAKE_INSTALL_PREFIX=/home/chrono/vesc_ws/install/vesc_driver
[1.304s] Invoking command in '/home/chrono/vesc_ws/build/vesc_driver': AMENT_PREFIX_PATH=/home/chrono/vesc_ws/install/vesc_msgs:${AMENT_PREFIX_PATH} CMAKE_PREFIX_PATH=/home/chrono/vesc_ws/install/vesc_msgs:/opt/ros/jazzy/opt/gz_math_vendor:/opt/ros/jazzy/opt/gz_utils_vendor:/opt/ros/jazzy/opt/gz_cmake_vendor:/opt/ros/jazzy DEBUGINFOD_URLS=https://debuginfod.ubuntu.com LD_LIBRARY_PATH=/home/chrono/vesc_ws/install/vesc_msgs/lib:${LD_LIBRARY_PATH} PYTHONPATH=/home/chrono/vesc_ws/install/vesc_msgs/lib/python3.12/site-packages:${PYTHONPATH} /usr/bin/cmake --build /home/chrono/vesc_ws/build/vesc_driver -- -j4 -l4
[1.422s] [ 20%] Built target vesc_driver_node
[1.441s] [ 70%] Built target vesc_driver
[1.485s] [100%] Built target vesc_device_namer
[1.505s] Invoked command in '/home/chrono/vesc_ws/build/vesc_driver' returned '0': AMENT_PREFIX_PATH=/home/chrono/vesc_ws/install/vesc_msgs:${AMENT_PREFIX_PATH} CMAKE_PREFIX_PATH=/home/chrono/vesc_ws/install/vesc_msgs:/opt/ros/jazzy/opt/gz_math_vendor:/opt/ros/jazzy/opt/gz_utils_vendor:/opt/ros/jazzy/opt/gz_cmake_vendor:/opt/ros/jazzy DEBUGINFOD_URLS=https://debuginfod.ubuntu.com LD_LIBRARY_PATH=/home/chrono/vesc_ws/install/vesc_msgs/lib:${LD_LIBRARY_PATH} PYTHONPATH=/home/chrono/vesc_ws/install/vesc_msgs/lib/python3.12/site-packages:${PYTHONPATH} /usr/bin/cmake --build /home/chrono/vesc_ws/build/vesc_driver -- -j4 -l4
[1.507s] Invoking command in '/home/chrono/vesc_ws/build/vesc_driver': AMENT_PREFIX_PATH=/home/chrono/vesc_ws/install/vesc_msgs:${AMENT_PREFIX_PATH} CMAKE_PREFIX_PATH=/home/chrono/vesc_ws/install/vesc_msgs:/opt/ros/jazzy/opt/gz_math_vendor:/opt/ros/jazzy/opt/gz_utils_vendor:/opt/ros/jazzy/opt/gz_cmake_vendor:/opt/ros/jazzy DEBUGINFOD_URLS=https://debuginfod.ubuntu.com LD_LIBRARY_PATH=/home/chrono/vesc_ws/install/vesc_msgs/lib:${LD_LIBRARY_PATH} PYTHONPATH=/home/chrono/vesc_ws/install/vesc_msgs/lib/python3.12/site-packages:${PYTHONPATH} /usr/bin/cmake --install /home/chrono/vesc_ws/build/vesc_driver
[1.523s] -- Install configuration: ""
[1.524s] -- Execute custom install script
[1.524s] -- Up-to-date symlink: /home/chrono/vesc_ws/install/vesc_driver/lib/vesc_driver/vesc_driver_node
[1.524s] -- Up-to-date symlink: /home/chrono/vesc_ws/install/vesc_driver/include/vesc_driver/crc.hpp
[1.524s] -- Up-to-date symlink: /home/chrono/vesc_ws/install/vesc_driver/include/vesc_driver/datatypes.hpp
[1.524s] -- Up-to-date symlink: /home/chrono/vesc_ws/install/vesc_driver/include/vesc_driver/vesc_device_uuid_lookup.hpp
[1.525s] -- Up-to-date symlink: /home/chrono/vesc_ws/install/vesc_driver/include/vesc_driver/vesc_driver.hpp
[1.525s] -- Up-to-date symlink: /home/chrono/vesc_ws/install/vesc_driver/include/vesc_driver/vesc_interface.hpp
[1.525s] -- Up-to-date symlink: /home/chrono/vesc_ws/install/vesc_driver/include/vesc_driver/vesc_packet.hpp
[1.525s] -- Up-to-date symlink: /home/chrono/vesc_ws/install/vesc_driver/include/vesc_driver/vesc_packet_factory.hpp
[1.525s] -- Up-to-date symlink: /home/chrono/vesc_ws/install/vesc_driver/share/vesc_driver/environment/library_path.sh
[1.525s] -- Up-to-date symlink: /home/chrono/vesc_ws/install/vesc_driver/share/vesc_driver/environment/library_path.dsv
[1.525s] -- Up-to-date symlink: /home/chrono/vesc_ws/install/vesc_driver/lib/libvesc_driver.so
[1.526s] -- Up-to-date symlink: /home/chrono/vesc_ws/install/vesc_driver/lib/vesc_driver/vesc_device_namer
[1.526s] -- Up-to-date symlink: /home/chrono/vesc_ws/install/vesc_driver/share/vesc_driver/launch/vesc_driver_node.launch.py
[1.527s] -- Up-to-date symlink: /home/chrono/vesc_ws/install/vesc_driver/share/vesc_driver/params/vesc_config.yaml
[1.527s] -- Up-to-date symlink: /home/chrono/vesc_ws/install/vesc_driver/share/ament_index/resource_index/package_run_dependencies/vesc_driver
[1.527s] -- Up-to-date symlink: /home/chrono/vesc_ws/install/vesc_driver/share/ament_index/resource_index/parent_prefix_path/vesc_driver
[1.527s] -- Up-to-date symlink: /home/chrono/vesc_ws/install/vesc_driver/share/vesc_driver/environment/ament_prefix_path.sh
[1.527s] -- Up-to-date symlink: /home/chrono/vesc_ws/install/vesc_driver/share/vesc_driver/environment/ament_prefix_path.dsv
[1.528s] -- Up-to-date symlink: /home/chrono/vesc_ws/install/vesc_driver/share/vesc_driver/environment/path.sh
[1.528s] -- Up-to-date symlink: /home/chrono/vesc_ws/install/vesc_driver/share/vesc_driver/environment/path.dsv
[1.528s] -- Up-to-date symlink: /home/chrono/vesc_ws/install/vesc_driver/share/vesc_driver/local_setup.bash
[1.528s] -- Up-to-date symlink: /home/chrono/vesc_ws/install/vesc_driver/share/vesc_driver/local_setup.sh
[1.528s] -- Up-to-date symlink: /home/chrono/vesc_ws/install/vesc_driver/share/vesc_driver/local_setup.zsh
[1.529s] -- Up-to-date symlink: /home/chrono/vesc_ws/install/vesc_driver/share/vesc_driver/local_setup.dsv
[1.529s] -- Symlinking: /home/chrono/vesc_ws/install/vesc_driver/share/vesc_driver/package.dsv
[1.546s] -- Up-to-date symlink: /home/chrono/vesc_ws/install/vesc_driver/share/ament_index/resource_index/packages/vesc_driver
[1.546s] -- Up-to-date symlink: /home/chrono/vesc_ws/install/vesc_driver/share/ament_index/resource_index/rclcpp_components/vesc_driver
[1.547s] -- Up-to-date symlink: /home/chrono/vesc_ws/install/vesc_driver/share/vesc_driver/cmake/ament_cmake_export_dependencies-extras.cmake
[1.547s] -- Up-to-date symlink: /home/chrono/vesc_ws/install/vesc_driver/share/vesc_driver/cmake/ament_cmake_export_include_directories-extras.cmake
[1.547s] -- Up-to-date symlink: /home/chrono/vesc_ws/install/vesc_driver/share/vesc_driver/cmake/ament_cmake_export_libraries-extras.cmake
[1.547s] -- Up-to-date symlink: /home/chrono/vesc_ws/install/vesc_driver/share/vesc_driver/cmake/vesc_driverConfig.cmake
[1.548s] -- Up-to-date symlink: /home/chrono/vesc_ws/install/vesc_driver/share/vesc_driver/cmake/vesc_driverConfig-version.cmake
[1.548s] -- Up-to-date symlink: /home/chrono/vesc_ws/install/vesc_driver/share/vesc_driver/package.xml
[1.551s] Invoked command in '/home/chrono/vesc_ws/build/vesc_driver' returned '0': AMENT_PREFIX_PATH=/home/chrono/vesc_ws/install/vesc_msgs:${AMENT_PREFIX_PATH} CMAKE_PREFIX_PATH=/home/chrono/vesc_ws/install/vesc_msgs:/opt/ros/jazzy/opt/gz_math_vendor:/opt/ros/jazzy/opt/gz_utils_vendor:/opt/ros/jazzy/opt/gz_cmake_vendor:/opt/ros/jazzy DEBUGINFOD_URLS=https://debuginfod.ubuntu.com LD_LIBRARY_PATH=/home/chrono/vesc_ws/install/vesc_msgs/lib:${LD_LIBRARY_PATH} PYTHONPATH=/home/chrono/vesc_ws/install/vesc_msgs/lib/python3.12/site-packages:${PYTHONPATH} /usr/bin/cmake --install /home/chrono/vesc_ws/build/vesc_driver
