[0.303s] DEBUG:colcon:Command line arguments: ['/usr/bin/colcon', 'build', '--symlink-install']
[0.303s] DEBUG:colcon:Parsed command line arguments: Namespace(log_base=None, log_level=None, verb_name='build', build_base='build', install_base='install', merge_install=False, symlink_install=True, test_result_base=None, continue_on_error=False, executor='parallel', parallel_workers=4, event_handlers=None, ignore_user_meta=False, metas=['./colcon.meta'], base_paths=['.'], packages_ignore=None, packages_ignore_regex=None, paths=None, packages_up_to=None, packages_up_to_regex=None, packages_above=None, packages_above_and_dependencies=None, packages_above_depth=None, packages_select_by_dep=None, packages_skip_by_dep=None, packages_skip_up_to=None, packages_select_build_failed=False, packages_skip_build_finished=False, packages_select_test_failures=False, packages_skip_test_passed=False, packages_select=None, packages_skip=None, packages_select_regex=None, packages_skip_regex=None, packages_start=None, packages_end=None, allow_overriding=[], cmake_args=None, cmake_target=None, cmake_target_skip_unavailable=False, cmake_clean_cache=False, cmake_clean_first=False, cmake_force_configure=False, ament_cmake_args=None, catkin_cmake_args=None, catkin_skip_building_tests=False, verb_parser=<colcon_defaults.argument_parser.defaults.DefaultArgumentsDecorator object at 0xffffa9550b90>, verb_extension=<colcon_core.verb.build.BuildVerb object at 0xffffa9675fd0>, main=<bound method BuildVerb.main of <colcon_core.verb.build.BuildVerb object at 0xffffa9675fd0>>)
[0.375s] Level 1:colcon.colcon_core.package_discovery:discover_packages(colcon_meta) check parameters
[0.375s] Level 1:colcon.colcon_core.package_discovery:discover_packages(recursive) check parameters
[0.375s] Level 1:colcon.colcon_core.package_discovery:discover_packages(ignore) check parameters
[0.375s] Level 1:colcon.colcon_core.package_discovery:discover_packages(path) check parameters
[0.375s] Level 1:colcon.colcon_core.package_discovery:discover_packages(colcon_meta) discover
[0.375s] Level 1:colcon.colcon_core.package_discovery:discover_packages(recursive) discover
[0.375s] INFO:colcon.colcon_core.package_discovery:Crawling recursively for packages in '/home/chrono/vesc_ws'
[0.375s] Level 1:colcon.colcon_core.package_identification:_identify(.) by extensions ['ignore', 'ignore_ament_install']
[0.376s] Level 1:colcon.colcon_core.package_identification:_identify(.) by extension 'ignore'
[0.376s] Level 1:colcon.colcon_core.package_identification:_identify(.) by extension 'ignore_ament_install'
[0.376s] Level 1:colcon.colcon_core.package_identification:_identify(.) by extensions ['colcon_pkg']
[0.376s] Level 1:colcon.colcon_core.package_identification:_identify(.) by extension 'colcon_pkg'
[0.376s] Level 1:colcon.colcon_core.package_identification:_identify(.) by extensions ['colcon_meta']
[0.376s] Level 1:colcon.colcon_core.package_identification:_identify(.) by extension 'colcon_meta'
[0.376s] Level 1:colcon.colcon_core.package_identification:_identify(.) by extensions ['ros']
[0.376s] Level 1:colcon.colcon_core.package_identification:_identify(.) by extension 'ros'
[0.414s] Level 1:colcon.colcon_core.package_identification:_identify(.) by extensions ['cmake', 'python']
[0.414s] Level 1:colcon.colcon_core.package_identification:_identify(.) by extension 'cmake'
[0.414s] Level 1:colcon.colcon_core.package_identification:_identify(.) by extension 'python'
[0.415s] Level 1:colcon.colcon_core.package_identification:_identify(.) by extensions ['python_setup_py']
[0.415s] Level 1:colcon.colcon_core.package_identification:_identify(.) by extension 'python_setup_py'
[0.415s] Level 1:colcon.colcon_core.package_identification:_identify(build) by extensions ['ignore', 'ignore_ament_install']
[0.415s] Level 1:colcon.colcon_core.package_identification:_identify(build) by extension 'ignore'
[0.415s] Level 1:colcon.colcon_core.package_identification:_identify(build) ignored
[0.415s] Level 1:colcon.colcon_core.package_identification:_identify(install) by extensions ['ignore', 'ignore_ament_install']
[0.415s] Level 1:colcon.colcon_core.package_identification:_identify(install) by extension 'ignore'
[0.415s] Level 1:colcon.colcon_core.package_identification:_identify(install) ignored
[0.415s] Level 1:colcon.colcon_core.package_identification:_identify(log) by extensions ['ignore', 'ignore_ament_install']
[0.415s] Level 1:colcon.colcon_core.package_identification:_identify(log) by extension 'ignore'
[0.415s] Level 1:colcon.colcon_core.package_identification:_identify(log) ignored
[0.416s] Level 1:colcon.colcon_core.package_identification:_identify(src) by extensions ['ignore', 'ignore_ament_install']
[0.416s] Level 1:colcon.colcon_core.package_identification:_identify(src) by extension 'ignore'
[0.416s] Level 1:colcon.colcon_core.package_identification:_identify(src) by extension 'ignore_ament_install'
[0.416s] Level 1:colcon.colcon_core.package_identification:_identify(src) by extensions ['colcon_pkg']
[0.416s] Level 1:colcon.colcon_core.package_identification:_identify(src) by extension 'colcon_pkg'
[0.416s] Level 1:colcon.colcon_core.package_identification:_identify(src) by extensions ['colcon_meta']
[0.416s] Level 1:colcon.colcon_core.package_identification:_identify(src) by extension 'colcon_meta'
[0.416s] Level 1:colcon.colcon_core.package_identification:_identify(src) by extensions ['ros']
[0.416s] Level 1:colcon.colcon_core.package_identification:_identify(src) by extension 'ros'
[0.416s] Level 1:colcon.colcon_core.package_identification:_identify(src) by extensions ['cmake', 'python']
[0.416s] Level 1:colcon.colcon_core.package_identification:_identify(src) by extension 'cmake'
[0.416s] Level 1:colcon.colcon_core.package_identification:_identify(src) by extension 'python'
[0.416s] Level 1:colcon.colcon_core.package_identification:_identify(src) by extensions ['python_setup_py']
[0.416s] Level 1:colcon.colcon_core.package_identification:_identify(src) by extension 'python_setup_py'
[0.416s] Level 1:colcon.colcon_core.package_identification:_identify(src/vesc) by extensions ['ignore', 'ignore_ament_install']
[0.416s] Level 1:colcon.colcon_core.package_identification:_identify(src/vesc) by extension 'ignore'
[0.416s] Level 1:colcon.colcon_core.package_identification:_identify(src/vesc) by extension 'ignore_ament_install'
[0.417s] Level 1:colcon.colcon_core.package_identification:_identify(src/vesc) by extensions ['colcon_pkg']
[0.417s] Level 1:colcon.colcon_core.package_identification:_identify(src/vesc) by extension 'colcon_pkg'
[0.417s] Level 1:colcon.colcon_core.package_identification:_identify(src/vesc) by extensions ['colcon_meta']
[0.417s] Level 1:colcon.colcon_core.package_identification:_identify(src/vesc) by extension 'colcon_meta'
[0.417s] Level 1:colcon.colcon_core.package_identification:_identify(src/vesc) by extensions ['ros']
[0.417s] Level 1:colcon.colcon_core.package_identification:_identify(src/vesc) by extension 'ros'
[0.417s] Level 1:colcon.colcon_core.package_identification:_identify(src/vesc) by extensions ['cmake', 'python']
[0.417s] Level 1:colcon.colcon_core.package_identification:_identify(src/vesc) by extension 'cmake'
[0.417s] Level 1:colcon.colcon_core.package_identification:_identify(src/vesc) by extension 'python'
[0.417s] Level 1:colcon.colcon_core.package_identification:_identify(src/vesc) by extensions ['python_setup_py']
[0.417s] Level 1:colcon.colcon_core.package_identification:_identify(src/vesc) by extension 'python_setup_py'
[0.417s] Level 1:colcon.colcon_core.package_identification:_identify(src/vesc/vesc) by extensions ['ignore', 'ignore_ament_install']
[0.417s] Level 1:colcon.colcon_core.package_identification:_identify(src/vesc/vesc) by extension 'ignore'
[0.417s] Level 1:colcon.colcon_core.package_identification:_identify(src/vesc/vesc) by extension 'ignore_ament_install'
[0.417s] Level 1:colcon.colcon_core.package_identification:_identify(src/vesc/vesc) by extensions ['colcon_pkg']
[0.417s] Level 1:colcon.colcon_core.package_identification:_identify(src/vesc/vesc) by extension 'colcon_pkg'
[0.417s] Level 1:colcon.colcon_core.package_identification:_identify(src/vesc/vesc) by extensions ['colcon_meta']
[0.417s] Level 1:colcon.colcon_core.package_identification:_identify(src/vesc/vesc) by extension 'colcon_meta'
[0.417s] Level 1:colcon.colcon_core.package_identification:_identify(src/vesc/vesc) by extensions ['ros']
[0.417s] Level 1:colcon.colcon_core.package_identification:_identify(src/vesc/vesc) by extension 'ros'
[0.423s] DEBUG:colcon.colcon_core.package_identification:Package 'src/vesc/vesc' with type 'ros.ament_cmake' and name 'vesc'
[0.423s] Level 1:colcon.colcon_core.package_identification:_identify(src/vesc/vesc_ackermann) by extensions ['ignore', 'ignore_ament_install']
[0.423s] Level 1:colcon.colcon_core.package_identification:_identify(src/vesc/vesc_ackermann) by extension 'ignore'
[0.423s] Level 1:colcon.colcon_core.package_identification:_identify(src/vesc/vesc_ackermann) by extension 'ignore_ament_install'
[0.423s] Level 1:colcon.colcon_core.package_identification:_identify(src/vesc/vesc_ackermann) by extensions ['colcon_pkg']
[0.423s] Level 1:colcon.colcon_core.package_identification:_identify(src/vesc/vesc_ackermann) by extension 'colcon_pkg'
[0.423s] Level 1:colcon.colcon_core.package_identification:_identify(src/vesc/vesc_ackermann) by extensions ['colcon_meta']
[0.423s] Level 1:colcon.colcon_core.package_identification:_identify(src/vesc/vesc_ackermann) by extension 'colcon_meta'
[0.423s] Level 1:colcon.colcon_core.package_identification:_identify(src/vesc/vesc_ackermann) by extensions ['ros']
[0.423s] Level 1:colcon.colcon_core.package_identification:_identify(src/vesc/vesc_ackermann) by extension 'ros'
[0.425s] DEBUG:colcon.colcon_core.package_identification:Package 'src/vesc/vesc_ackermann' with type 'ros.ament_cmake' and name 'vesc_ackermann'
[0.425s] Level 1:colcon.colcon_core.package_identification:_identify(src/vesc/vesc_driver) by extensions ['ignore', 'ignore_ament_install']
[0.425s] Level 1:colcon.colcon_core.package_identification:_identify(src/vesc/vesc_driver) by extension 'ignore'
[0.425s] Level 1:colcon.colcon_core.package_identification:_identify(src/vesc/vesc_driver) by extension 'ignore_ament_install'
[0.425s] Level 1:colcon.colcon_core.package_identification:_identify(src/vesc/vesc_driver) by extensions ['colcon_pkg']
[0.425s] Level 1:colcon.colcon_core.package_identification:_identify(src/vesc/vesc_driver) by extension 'colcon_pkg'
[0.425s] Level 1:colcon.colcon_core.package_identification:_identify(src/vesc/vesc_driver) by extensions ['colcon_meta']
[0.425s] Level 1:colcon.colcon_core.package_identification:_identify(src/vesc/vesc_driver) by extension 'colcon_meta'
[0.425s] Level 1:colcon.colcon_core.package_identification:_identify(src/vesc/vesc_driver) by extensions ['ros']
[0.425s] Level 1:colcon.colcon_core.package_identification:_identify(src/vesc/vesc_driver) by extension 'ros'
[0.426s] DEBUG:colcon.colcon_core.package_identification:Package 'src/vesc/vesc_driver' with type 'ros.ament_cmake' and name 'vesc_driver'
[0.427s] Level 1:colcon.colcon_core.package_identification:_identify(src/vesc/vesc_msgs) by extensions ['ignore', 'ignore_ament_install']
[0.427s] Level 1:colcon.colcon_core.package_identification:_identify(src/vesc/vesc_msgs) by extension 'ignore'
[0.427s] Level 1:colcon.colcon_core.package_identification:_identify(src/vesc/vesc_msgs) by extension 'ignore_ament_install'
[0.427s] Level 1:colcon.colcon_core.package_identification:_identify(src/vesc/vesc_msgs) by extensions ['colcon_pkg']
[0.427s] Level 1:colcon.colcon_core.package_identification:_identify(src/vesc/vesc_msgs) by extension 'colcon_pkg'
[0.427s] Level 1:colcon.colcon_core.package_identification:_identify(src/vesc/vesc_msgs) by extensions ['colcon_meta']
[0.427s] Level 1:colcon.colcon_core.package_identification:_identify(src/vesc/vesc_msgs) by extension 'colcon_meta'
[0.427s] Level 1:colcon.colcon_core.package_identification:_identify(src/vesc/vesc_msgs) by extensions ['ros']
[0.427s] Level 1:colcon.colcon_core.package_identification:_identify(src/vesc/vesc_msgs) by extension 'ros'
[0.428s] DEBUG:colcon.colcon_core.package_identification:Package 'src/vesc/vesc_msgs' with type 'ros.ament_cmake' and name 'vesc_msgs'
[0.428s] Level 1:colcon.colcon_core.package_identification:_identify(src/vesc_slider) by extensions ['ignore', 'ignore_ament_install']
[0.428s] Level 1:colcon.colcon_core.package_identification:_identify(src/vesc_slider) by extension 'ignore'
[0.428s] Level 1:colcon.colcon_core.package_identification:_identify(src/vesc_slider) by extension 'ignore_ament_install'
[0.428s] Level 1:colcon.colcon_core.package_identification:_identify(src/vesc_slider) by extensions ['colcon_pkg']
[0.428s] Level 1:colcon.colcon_core.package_identification:_identify(src/vesc_slider) by extension 'colcon_pkg'
[0.428s] Level 1:colcon.colcon_core.package_identification:_identify(src/vesc_slider) by extensions ['colcon_meta']
[0.428s] Level 1:colcon.colcon_core.package_identification:_identify(src/vesc_slider) by extension 'colcon_meta'
[0.428s] Level 1:colcon.colcon_core.package_identification:_identify(src/vesc_slider) by extensions ['ros']
[0.428s] Level 1:colcon.colcon_core.package_identification:_identify(src/vesc_slider) by extension 'ros'
[0.429s] DEBUG:colcon.colcon_core.package_identification:Package 'src/vesc_slider' with type 'ros.ament_python' and name 'vesc_slider'
[0.429s] Level 1:colcon.colcon_core.package_discovery:discover_packages(recursive) using defaults
[0.429s] Level 1:colcon.colcon_core.package_discovery:discover_packages(ignore) discover
[0.429s] Level 1:colcon.colcon_core.package_discovery:discover_packages(ignore) using defaults
[0.429s] Level 1:colcon.colcon_core.package_discovery:discover_packages(path) discover
[0.429s] Level 1:colcon.colcon_core.package_discovery:discover_packages(path) using defaults
[0.482s] Level 1:colcon.colcon_core.package_discovery:discover_packages(prefix_path) check parameters
[0.482s] Level 1:colcon.colcon_core.package_discovery:discover_packages(prefix_path) discover
[0.488s] DEBUG:colcon.colcon_installed_package_information.package_discovery:Found 5 installed packages in /home/chrono/vesc_ws/install
[0.490s] DEBUG:colcon.colcon_installed_package_information.package_discovery:Found 290 installed packages in /opt/ros/jazzy
[0.491s] Level 1:colcon.colcon_core.package_discovery:discover_packages(prefix_path) using defaults
[0.561s] Level 5:colcon.colcon_core.verb:set package 'vesc_msgs' build argument 'cmake_args' from command line to 'None'
[0.561s] Level 5:colcon.colcon_core.verb:set package 'vesc_msgs' build argument 'cmake_target' from command line to 'None'
[0.561s] Level 5:colcon.colcon_core.verb:set package 'vesc_msgs' build argument 'cmake_target_skip_unavailable' from command line to 'False'
[0.561s] Level 5:colcon.colcon_core.verb:set package 'vesc_msgs' build argument 'cmake_clean_cache' from command line to 'False'
[0.561s] Level 5:colcon.colcon_core.verb:set package 'vesc_msgs' build argument 'cmake_clean_first' from command line to 'False'
[0.561s] Level 5:colcon.colcon_core.verb:set package 'vesc_msgs' build argument 'cmake_force_configure' from command line to 'False'
[0.561s] Level 5:colcon.colcon_core.verb:set package 'vesc_msgs' build argument 'ament_cmake_args' from command line to 'None'
[0.561s] Level 5:colcon.colcon_core.verb:set package 'vesc_msgs' build argument 'catkin_cmake_args' from command line to 'None'
[0.561s] Level 5:colcon.colcon_core.verb:set package 'vesc_msgs' build argument 'catkin_skip_building_tests' from command line to 'False'
[0.561s] DEBUG:colcon.colcon_core.verb:Building package 'vesc_msgs' with the following arguments: {'ament_cmake_args': None, 'build_base': '/home/chrono/vesc_ws/build/vesc_msgs', 'catkin_cmake_args': None, 'catkin_skip_building_tests': False, 'cmake_args': None, 'cmake_clean_cache': False, 'cmake_clean_first': False, 'cmake_force_configure': False, 'cmake_target': None, 'cmake_target_skip_unavailable': False, 'install_base': '/home/chrono/vesc_ws/install/vesc_msgs', 'merge_install': False, 'path': '/home/chrono/vesc_ws/src/vesc/vesc_msgs', 'symlink_install': True, 'test_result_base': None}
[0.561s] Level 5:colcon.colcon_core.verb:set package 'vesc_slider' build argument 'cmake_args' from command line to 'None'
[0.562s] Level 5:colcon.colcon_core.verb:set package 'vesc_slider' build argument 'cmake_target' from command line to 'None'
[0.562s] Level 5:colcon.colcon_core.verb:set package 'vesc_slider' build argument 'cmake_target_skip_unavailable' from command line to 'False'
[0.562s] Level 5:colcon.colcon_core.verb:set package 'vesc_slider' build argument 'cmake_clean_cache' from command line to 'False'
[0.562s] Level 5:colcon.colcon_core.verb:set package 'vesc_slider' build argument 'cmake_clean_first' from command line to 'False'
[0.562s] Level 5:colcon.colcon_core.verb:set package 'vesc_slider' build argument 'cmake_force_configure' from command line to 'False'
[0.562s] Level 5:colcon.colcon_core.verb:set package 'vesc_slider' build argument 'ament_cmake_args' from command line to 'None'
[0.562s] Level 5:colcon.colcon_core.verb:set package 'vesc_slider' build argument 'catkin_cmake_args' from command line to 'None'
[0.562s] Level 5:colcon.colcon_core.verb:set package 'vesc_slider' build argument 'catkin_skip_building_tests' from command line to 'False'
[0.562s] DEBUG:colcon.colcon_core.verb:Building package 'vesc_slider' with the following arguments: {'ament_cmake_args': None, 'build_base': '/home/chrono/vesc_ws/build/vesc_slider', 'catkin_cmake_args': None, 'catkin_skip_building_tests': False, 'cmake_args': None, 'cmake_clean_cache': False, 'cmake_clean_first': False, 'cmake_force_configure': False, 'cmake_target': None, 'cmake_target_skip_unavailable': False, 'install_base': '/home/chrono/vesc_ws/install/vesc_slider', 'merge_install': False, 'path': '/home/chrono/vesc_ws/src/vesc_slider', 'symlink_install': True, 'test_result_base': None}
[0.562s] Level 5:colcon.colcon_core.verb:set package 'vesc_ackermann' build argument 'cmake_args' from command line to 'None'
[0.562s] Level 5:colcon.colcon_core.verb:set package 'vesc_ackermann' build argument 'cmake_target' from command line to 'None'
[0.562s] Level 5:colcon.colcon_core.verb:set package 'vesc_ackermann' build argument 'cmake_target_skip_unavailable' from command line to 'False'
[0.562s] Level 5:colcon.colcon_core.verb:set package 'vesc_ackermann' build argument 'cmake_clean_cache' from command line to 'False'
[0.562s] Level 5:colcon.colcon_core.verb:set package 'vesc_ackermann' build argument 'cmake_clean_first' from command line to 'False'
[0.562s] Level 5:colcon.colcon_core.verb:set package 'vesc_ackermann' build argument 'cmake_force_configure' from command line to 'False'
[0.562s] Level 5:colcon.colcon_core.verb:set package 'vesc_ackermann' build argument 'ament_cmake_args' from command line to 'None'
[0.562s] Level 5:colcon.colcon_core.verb:set package 'vesc_ackermann' build argument 'catkin_cmake_args' from command line to 'None'
[0.562s] Level 5:colcon.colcon_core.verb:set package 'vesc_ackermann' build argument 'catkin_skip_building_tests' from command line to 'False'
[0.562s] DEBUG:colcon.colcon_core.verb:Building package 'vesc_ackermann' with the following arguments: {'ament_cmake_args': None, 'build_base': '/home/chrono/vesc_ws/build/vesc_ackermann', 'catkin_cmake_args': None, 'catkin_skip_building_tests': False, 'cmake_args': None, 'cmake_clean_cache': False, 'cmake_clean_first': False, 'cmake_force_configure': False, 'cmake_target': None, 'cmake_target_skip_unavailable': False, 'install_base': '/home/chrono/vesc_ws/install/vesc_ackermann', 'merge_install': False, 'path': '/home/chrono/vesc_ws/src/vesc/vesc_ackermann', 'symlink_install': True, 'test_result_base': None}
[0.563s] Level 5:colcon.colcon_core.verb:set package 'vesc_driver' build argument 'cmake_args' from command line to 'None'
[0.563s] Level 5:colcon.colcon_core.verb:set package 'vesc_driver' build argument 'cmake_target' from command line to 'None'
[0.563s] Level 5:colcon.colcon_core.verb:set package 'vesc_driver' build argument 'cmake_target_skip_unavailable' from command line to 'False'
[0.563s] Level 5:colcon.colcon_core.verb:set package 'vesc_driver' build argument 'cmake_clean_cache' from command line to 'False'
[0.563s] Level 5:colcon.colcon_core.verb:set package 'vesc_driver' build argument 'cmake_clean_first' from command line to 'False'
[0.563s] Level 5:colcon.colcon_core.verb:set package 'vesc_driver' build argument 'cmake_force_configure' from command line to 'False'
[0.563s] Level 5:colcon.colcon_core.verb:set package 'vesc_driver' build argument 'ament_cmake_args' from command line to 'None'
[0.563s] Level 5:colcon.colcon_core.verb:set package 'vesc_driver' build argument 'catkin_cmake_args' from command line to 'None'
[0.563s] Level 5:colcon.colcon_core.verb:set package 'vesc_driver' build argument 'catkin_skip_building_tests' from command line to 'False'
[0.563s] DEBUG:colcon.colcon_core.verb:Building package 'vesc_driver' with the following arguments: {'ament_cmake_args': None, 'build_base': '/home/chrono/vesc_ws/build/vesc_driver', 'catkin_cmake_args': None, 'catkin_skip_building_tests': False, 'cmake_args': None, 'cmake_clean_cache': False, 'cmake_clean_first': False, 'cmake_force_configure': False, 'cmake_target': None, 'cmake_target_skip_unavailable': False, 'install_base': '/home/chrono/vesc_ws/install/vesc_driver', 'merge_install': False, 'path': '/home/chrono/vesc_ws/src/vesc/vesc_driver', 'symlink_install': True, 'test_result_base': None}
[0.563s] Level 5:colcon.colcon_core.verb:set package 'vesc' build argument 'cmake_args' from command line to 'None'
[0.563s] Level 5:colcon.colcon_core.verb:set package 'vesc' build argument 'cmake_target' from command line to 'None'
[0.563s] Level 5:colcon.colcon_core.verb:set package 'vesc' build argument 'cmake_target_skip_unavailable' from command line to 'False'
[0.563s] Level 5:colcon.colcon_core.verb:set package 'vesc' build argument 'cmake_clean_cache' from command line to 'False'
[0.563s] Level 5:colcon.colcon_core.verb:set package 'vesc' build argument 'cmake_clean_first' from command line to 'False'
[0.563s] Level 5:colcon.colcon_core.verb:set package 'vesc' build argument 'cmake_force_configure' from command line to 'False'
[0.563s] Level 5:colcon.colcon_core.verb:set package 'vesc' build argument 'ament_cmake_args' from command line to 'None'
[0.563s] Level 5:colcon.colcon_core.verb:set package 'vesc' build argument 'catkin_cmake_args' from command line to 'None'
[0.563s] Level 5:colcon.colcon_core.verb:set package 'vesc' build argument 'catkin_skip_building_tests' from command line to 'False'
[0.563s] DEBUG:colcon.colcon_core.verb:Building package 'vesc' with the following arguments: {'ament_cmake_args': None, 'build_base': '/home/chrono/vesc_ws/build/vesc', 'catkin_cmake_args': None, 'catkin_skip_building_tests': False, 'cmake_args': None, 'cmake_clean_cache': False, 'cmake_clean_first': False, 'cmake_force_configure': False, 'cmake_target': None, 'cmake_target_skip_unavailable': False, 'install_base': '/home/chrono/vesc_ws/install/vesc', 'merge_install': False, 'path': '/home/chrono/vesc_ws/src/vesc/vesc', 'symlink_install': True, 'test_result_base': None}
[0.563s] INFO:colcon.colcon_core.executor:Executing jobs using 'parallel' executor
[0.565s] DEBUG:colcon.colcon_parallel_executor.executor.parallel:run_until_complete
[0.565s] INFO:colcon.colcon_ros.task.ament_cmake.build:Building ROS package in '/home/chrono/vesc_ws/src/vesc/vesc_msgs' with build type 'ament_cmake'
[0.565s] INFO:colcon.colcon_cmake.task.cmake.build:Building CMake package in '/home/chrono/vesc_ws/src/vesc/vesc_msgs'
[0.579s] INFO:colcon.colcon_core.plugin_system:Skipping extension 'colcon_core.shell.bat': Not used on non-Windows systems
[0.580s] INFO:colcon.colcon_core.shell:Skip shell extension 'powershell' for command environment: Not usable outside of PowerShell
[0.580s] DEBUG:colcon.colcon_core.shell:Skip shell extension 'dsv' for command environment
[0.586s] INFO:colcon.colcon_ros.task.ament_python.build:Building ROS package in '/home/chrono/vesc_ws/src/vesc_slider' with build type 'ament_python'
[0.586s] Level 1:colcon.colcon_core.shell:create_environment_hook('vesc_slider', 'ament_prefix_path')
[0.587s] INFO:colcon.colcon_core.shell:Creating environment hook '/home/chrono/vesc_ws/install/vesc_slider/share/vesc_slider/hook/ament_prefix_path.ps1'
[0.589s] INFO:colcon.colcon_core.shell:Creating environment descriptor '/home/chrono/vesc_ws/install/vesc_slider/share/vesc_slider/hook/ament_prefix_path.dsv'
[0.591s] INFO:colcon.colcon_core.shell:Creating environment hook '/home/chrono/vesc_ws/install/vesc_slider/share/vesc_slider/hook/ament_prefix_path.sh'
[0.593s] INFO:colcon.colcon_core.shell:Skip shell extension 'powershell' for command environment: Not usable outside of PowerShell
[0.593s] DEBUG:colcon.colcon_core.shell:Skip shell extension 'dsv' for command environment
[0.604s] DEBUG:colcon.colcon_core.event_handler.log_command:Invoking command in '/home/chrono/vesc_ws/build/vesc_msgs': CMAKE_PREFIX_PATH=${CMAKE_PREFIX_PATH}:/home/chrono/vesc_ws/install/vesc_slider:/opt/ros/jazzy DEBUGINFOD_URLS=https://debuginfod.ubuntu.com /usr/bin/cmake --build /home/chrono/vesc_ws/build/vesc_msgs -- -j4 -l4
[0.951s] INFO:colcon.colcon_core.task.python.build:Building Python package in '/home/chrono/vesc_ws/src/vesc_slider'
[0.951s] INFO:colcon.colcon_core.shell:Skip shell extension 'powershell' for command environment: Not usable outside of PowerShell
[0.951s] DEBUG:colcon.colcon_core.shell:Skip shell extension 'dsv' for command environment
[2.121s] DEBUG:colcon.colcon_core.task.python.build:While undoing a previous installation files outside the Python library path are being ignored: /home/chrono/vesc_ws/install/vesc_slider/share/ament_index/resource_index/packages/vesc_slider
[2.121s] DEBUG:colcon.colcon_core.task.python.build:While undoing a previous installation files outside the Python library path are being ignored: /home/chrono/vesc_ws/install/vesc_slider/share/vesc_slider/package.xml
[2.121s] DEBUG:colcon.colcon_core.task.python.build:While undoing a previous installation files outside the Python library path are being ignored: /home/chrono/vesc_ws/install/vesc_slider/share/vesc_slider/launch/vesc_slider.launch.py
[2.122s] DEBUG:colcon.colcon_core.task.python.build:While undoing a previous installation files outside the Python library path are being ignored: /home/chrono/vesc_ws/install/vesc_slider/lib/vesc_slider/vesc_slider
[2.125s] DEBUG:colcon.colcon_core.event_handler.log_command:Invoking command in '/home/chrono/vesc_ws/build/vesc_slider': DEBUGINFOD_URLS=https://debuginfod.ubuntu.com PYTHONPATH=/home/chrono/vesc_ws/build/vesc_slider/prefix_override:/usr/lib/python3/dist-packages/colcon_core/task/python/colcon_distutils_commands:/home/chrono/vesc_ws/install/vesc_slider/lib/python3.12/site-packages:${PYTHONPATH} /usr/bin/python3 -W ignore:setup.py install is deprecated -W ignore:easy_install command is deprecated setup.py develop --editable --build-directory /home/chrono/vesc_ws/build/vesc_slider/build --no-deps symlink_data --force
[3.011s] Level 1:colcon.colcon_core.shell:create_environment_hook('vesc_slider', 'pythonpath_develop')
[3.011s] INFO:colcon.colcon_core.shell:Creating environment hook '/home/chrono/vesc_ws/build/vesc_slider/share/vesc_slider/hook/pythonpath_develop.ps1'
[3.012s] DEBUG:colcon.colcon_core.event_handler.log_command:Invoked command in '/home/chrono/vesc_ws/build/vesc_slider' returned '0': DEBUGINFOD_URLS=https://debuginfod.ubuntu.com PYTHONPATH=/home/chrono/vesc_ws/build/vesc_slider/prefix_override:/usr/lib/python3/dist-packages/colcon_core/task/python/colcon_distutils_commands:/home/chrono/vesc_ws/install/vesc_slider/lib/python3.12/site-packages:${PYTHONPATH} /usr/bin/python3 -W ignore:setup.py install is deprecated -W ignore:easy_install command is deprecated setup.py develop --editable --build-directory /home/chrono/vesc_ws/build/vesc_slider/build --no-deps symlink_data --force
[3.012s] INFO:colcon.colcon_core.shell:Creating environment descriptor '/home/chrono/vesc_ws/build/vesc_slider/share/vesc_slider/hook/pythonpath_develop.dsv'
[3.013s] INFO:colcon.colcon_core.shell:Creating environment hook '/home/chrono/vesc_ws/build/vesc_slider/share/vesc_slider/hook/pythonpath_develop.sh'
[3.027s] Level 1:colcon.colcon_core.environment:checking '/home/chrono/vesc_ws/install/vesc_slider' for CMake module files
[3.028s] Level 1:colcon.colcon_core.environment:checking '/home/chrono/vesc_ws/install/vesc_slider' for CMake config files
[3.030s] Level 1:colcon.colcon_core.environment:checking '/home/chrono/vesc_ws/install/vesc_slider/lib'
[3.030s] Level 1:colcon.colcon_core.environment:checking '/home/chrono/vesc_ws/install/vesc_slider/bin'
[3.030s] Level 1:colcon.colcon_core.environment:checking '/home/chrono/vesc_ws/install/vesc_slider/lib/pkgconfig/vesc_slider.pc'
[3.031s] Level 1:colcon.colcon_core.environment:checking '/home/chrono/vesc_ws/install/vesc_slider/lib/python3.12/site-packages'
[3.031s] Level 1:colcon.colcon_core.shell:create_environment_hook('vesc_slider', 'pythonpath')
[3.031s] INFO:colcon.colcon_core.shell:Creating environment hook '/home/chrono/vesc_ws/install/vesc_slider/share/vesc_slider/hook/pythonpath.ps1'
[3.032s] INFO:colcon.colcon_core.shell:Creating environment descriptor '/home/chrono/vesc_ws/install/vesc_slider/share/vesc_slider/hook/pythonpath.dsv'
[3.033s] INFO:colcon.colcon_core.shell:Creating environment hook '/home/chrono/vesc_ws/install/vesc_slider/share/vesc_slider/hook/pythonpath.sh'
[3.034s] Level 1:colcon.colcon_core.environment:checking '/home/chrono/vesc_ws/install/vesc_slider/bin'
[3.034s] Level 1:colcon.colcon_core.environment:create_environment_scripts_only(vesc_slider)
[3.034s] INFO:colcon.colcon_core.shell:Creating package script '/home/chrono/vesc_ws/install/vesc_slider/share/vesc_slider/package.ps1'
[3.038s] INFO:colcon.colcon_core.shell:Creating package descriptor '/home/chrono/vesc_ws/install/vesc_slider/share/vesc_slider/package.dsv'
[3.040s] INFO:colcon.colcon_core.shell:Creating package script '/home/chrono/vesc_ws/install/vesc_slider/share/vesc_slider/package.sh'
[3.042s] INFO:colcon.colcon_core.shell:Creating package script '/home/chrono/vesc_ws/install/vesc_slider/share/vesc_slider/package.bash'
[3.045s] INFO:colcon.colcon_core.shell:Creating package script '/home/chrono/vesc_ws/install/vesc_slider/share/vesc_slider/package.zsh'
[3.049s] Level 1:colcon.colcon_core.environment:create_file_with_runtime_dependencies(/home/chrono/vesc_ws/install/vesc_slider/share/colcon-core/packages/vesc_slider)
[4.415s] DEBUG:colcon.colcon_core.event_handler.log_command:Invoked command in '/home/chrono/vesc_ws/build/vesc_msgs' returned '0': CMAKE_PREFIX_PATH=${CMAKE_PREFIX_PATH}:/home/chrono/vesc_ws/install/vesc_slider:/opt/ros/jazzy DEBUGINFOD_URLS=https://debuginfod.ubuntu.com /usr/bin/cmake --build /home/chrono/vesc_ws/build/vesc_msgs -- -j4 -l4
[4.435s] DEBUG:colcon.colcon_core.event_handler.log_command:Invoking command in '/home/chrono/vesc_ws/build/vesc_msgs': CMAKE_PREFIX_PATH=${CMAKE_PREFIX_PATH}:/home/chrono/vesc_ws/install/vesc_slider:/opt/ros/jazzy DEBUGINFOD_URLS=https://debuginfod.ubuntu.com /usr/bin/cmake --install /home/chrono/vesc_ws/build/vesc_msgs
[4.671s] Level 1:colcon.colcon_core.environment:create_environment_scripts_only(vesc_msgs)
[4.671s] Level 1:colcon.colcon_core.environment:checking '/home/chrono/vesc_ws/install/vesc_msgs' for CMake module files
[4.672s] DEBUG:colcon.colcon_core.event_handler.log_command:Invoked command in '/home/chrono/vesc_ws/build/vesc_msgs' returned '0': CMAKE_PREFIX_PATH=${CMAKE_PREFIX_PATH}:/home/chrono/vesc_ws/install/vesc_slider:/opt/ros/jazzy DEBUGINFOD_URLS=https://debuginfod.ubuntu.com /usr/bin/cmake --install /home/chrono/vesc_ws/build/vesc_msgs
[4.673s] Level 1:colcon.colcon_core.environment:checking '/home/chrono/vesc_ws/install/vesc_msgs' for CMake config files
[4.674s] Level 1:colcon.colcon_core.shell:create_environment_hook('vesc_msgs', 'cmake_prefix_path')
[4.674s] INFO:colcon.colcon_core.shell:Creating environment hook '/home/chrono/vesc_ws/install/vesc_msgs/share/vesc_msgs/hook/cmake_prefix_path.ps1'
[4.675s] INFO:colcon.colcon_core.shell:Creating environment descriptor '/home/chrono/vesc_ws/install/vesc_msgs/share/vesc_msgs/hook/cmake_prefix_path.dsv'
[4.676s] INFO:colcon.colcon_core.shell:Creating environment hook '/home/chrono/vesc_ws/install/vesc_msgs/share/vesc_msgs/hook/cmake_prefix_path.sh'
[4.678s] Level 1:colcon.colcon_core.environment:checking '/home/chrono/vesc_ws/install/vesc_msgs/lib'
[4.678s] Level 1:colcon.colcon_core.shell:create_environment_hook('vesc_msgs', 'ld_library_path_lib')
[4.678s] INFO:colcon.colcon_core.shell:Creating environment hook '/home/chrono/vesc_ws/install/vesc_msgs/share/vesc_msgs/hook/ld_library_path_lib.ps1'
[4.679s] INFO:colcon.colcon_core.shell:Creating environment descriptor '/home/chrono/vesc_ws/install/vesc_msgs/share/vesc_msgs/hook/ld_library_path_lib.dsv'
[4.680s] INFO:colcon.colcon_core.shell:Creating environment hook '/home/chrono/vesc_ws/install/vesc_msgs/share/vesc_msgs/hook/ld_library_path_lib.sh'
[4.681s] Level 1:colcon.colcon_core.environment:checking '/home/chrono/vesc_ws/install/vesc_msgs/bin'
[4.682s] Level 1:colcon.colcon_core.environment:checking '/home/chrono/vesc_ws/install/vesc_msgs/lib/pkgconfig/vesc_msgs.pc'
[4.682s] Level 1:colcon.colcon_core.environment:checking '/home/chrono/vesc_ws/install/vesc_msgs/lib/python3.12/site-packages'
[4.682s] Level 1:colcon.colcon_core.shell:create_environment_hook('vesc_msgs', 'pythonpath')
[4.682s] INFO:colcon.colcon_core.shell:Creating environment hook '/home/chrono/vesc_ws/install/vesc_msgs/share/vesc_msgs/hook/pythonpath.ps1'
[4.683s] INFO:colcon.colcon_core.shell:Creating environment descriptor '/home/chrono/vesc_ws/install/vesc_msgs/share/vesc_msgs/hook/pythonpath.dsv'
[4.686s] INFO:colcon.colcon_core.shell:Creating environment hook '/home/chrono/vesc_ws/install/vesc_msgs/share/vesc_msgs/hook/pythonpath.sh'
[4.687s] Level 1:colcon.colcon_core.environment:checking '/home/chrono/vesc_ws/install/vesc_msgs/bin'
[4.688s] INFO:colcon.colcon_core.shell:Creating package script '/home/chrono/vesc_ws/install/vesc_msgs/share/vesc_msgs/package.ps1'
[4.688s] INFO:colcon.colcon_core.shell:Creating package descriptor '/home/chrono/vesc_ws/install/vesc_msgs/share/vesc_msgs/package.dsv'
[4.689s] INFO:colcon.colcon_core.shell:Creating package script '/home/chrono/vesc_ws/install/vesc_msgs/share/vesc_msgs/package.sh'
[4.690s] INFO:colcon.colcon_core.shell:Creating package script '/home/chrono/vesc_ws/install/vesc_msgs/share/vesc_msgs/package.bash'
[4.691s] INFO:colcon.colcon_core.shell:Creating package script '/home/chrono/vesc_ws/install/vesc_msgs/share/vesc_msgs/package.zsh'
[4.693s] Level 1:colcon.colcon_core.environment:create_file_with_runtime_dependencies(/home/chrono/vesc_ws/install/vesc_msgs/share/colcon-core/packages/vesc_msgs)
[4.694s] Level 1:colcon.colcon_core.environment:create_environment_scripts_only(vesc_msgs)
[4.695s] Level 1:colcon.colcon_core.environment:checking '/home/chrono/vesc_ws/install/vesc_msgs' for CMake module files
[4.696s] Level 1:colcon.colcon_core.environment:checking '/home/chrono/vesc_ws/install/vesc_msgs' for CMake config files
[4.696s] Level 1:colcon.colcon_core.shell:create_environment_hook('vesc_msgs', 'cmake_prefix_path')
[4.696s] INFO:colcon.colcon_core.shell:Creating environment hook '/home/chrono/vesc_ws/install/vesc_msgs/share/vesc_msgs/hook/cmake_prefix_path.ps1'
[4.697s] INFO:colcon.colcon_core.shell:Creating environment descriptor '/home/chrono/vesc_ws/install/vesc_msgs/share/vesc_msgs/hook/cmake_prefix_path.dsv'
[4.698s] INFO:colcon.colcon_core.shell:Creating environment hook '/home/chrono/vesc_ws/install/vesc_msgs/share/vesc_msgs/hook/cmake_prefix_path.sh'
[4.700s] Level 1:colcon.colcon_core.environment:checking '/home/chrono/vesc_ws/install/vesc_msgs/lib'
[4.700s] Level 1:colcon.colcon_core.shell:create_environment_hook('vesc_msgs', 'ld_library_path_lib')
[4.700s] INFO:colcon.colcon_core.shell:Creating environment hook '/home/chrono/vesc_ws/install/vesc_msgs/share/vesc_msgs/hook/ld_library_path_lib.ps1'
[4.701s] INFO:colcon.colcon_core.shell:Creating environment descriptor '/home/chrono/vesc_ws/install/vesc_msgs/share/vesc_msgs/hook/ld_library_path_lib.dsv'
[4.702s] INFO:colcon.colcon_core.shell:Creating environment hook '/home/chrono/vesc_ws/install/vesc_msgs/share/vesc_msgs/hook/ld_library_path_lib.sh'
[4.703s] Level 1:colcon.colcon_core.environment:checking '/home/chrono/vesc_ws/install/vesc_msgs/bin'
[4.703s] Level 1:colcon.colcon_core.environment:checking '/home/chrono/vesc_ws/install/vesc_msgs/lib/pkgconfig/vesc_msgs.pc'
[4.703s] Level 1:colcon.colcon_core.environment:checking '/home/chrono/vesc_ws/install/vesc_msgs/lib/python3.12/site-packages'
[4.704s] Level 1:colcon.colcon_core.shell:create_environment_hook('vesc_msgs', 'pythonpath')
[4.704s] INFO:colcon.colcon_core.shell:Creating environment hook '/home/chrono/vesc_ws/install/vesc_msgs/share/vesc_msgs/hook/pythonpath.ps1'
[4.704s] INFO:colcon.colcon_core.shell:Creating environment descriptor '/home/chrono/vesc_ws/install/vesc_msgs/share/vesc_msgs/hook/pythonpath.dsv'
[4.706s] INFO:colcon.colcon_core.shell:Creating environment hook '/home/chrono/vesc_ws/install/vesc_msgs/share/vesc_msgs/hook/pythonpath.sh'
[4.708s] Level 1:colcon.colcon_core.environment:checking '/home/chrono/vesc_ws/install/vesc_msgs/bin'
[4.708s] INFO:colcon.colcon_core.shell:Creating package script '/home/chrono/vesc_ws/install/vesc_msgs/share/vesc_msgs/package.ps1'
[4.710s] INFO:colcon.colcon_core.shell:Creating package descriptor '/home/chrono/vesc_ws/install/vesc_msgs/share/vesc_msgs/package.dsv'
[4.711s] INFO:colcon.colcon_core.shell:Creating package script '/home/chrono/vesc_ws/install/vesc_msgs/share/vesc_msgs/package.sh'
[4.712s] INFO:colcon.colcon_core.shell:Creating package script '/home/chrono/vesc_ws/install/vesc_msgs/share/vesc_msgs/package.bash'
[4.714s] INFO:colcon.colcon_core.shell:Creating package script '/home/chrono/vesc_ws/install/vesc_msgs/share/vesc_msgs/package.zsh'
[4.717s] Level 1:colcon.colcon_core.environment:create_file_with_runtime_dependencies(/home/chrono/vesc_ws/install/vesc_msgs/share/colcon-core/packages/vesc_msgs)
[4.718s] INFO:colcon.colcon_ros.task.ament_cmake.build:Building ROS package in '/home/chrono/vesc_ws/src/vesc/vesc_ackermann' with build type 'ament_cmake'
[4.718s] INFO:colcon.colcon_cmake.task.cmake.build:Building CMake package in '/home/chrono/vesc_ws/src/vesc/vesc_ackermann'
[4.718s] INFO:colcon.colcon_core.shell:Skip shell extension 'powershell' for command environment: Not usable outside of PowerShell
[4.718s] DEBUG:colcon.colcon_core.shell:Skip shell extension 'dsv' for command environment
[4.724s] INFO:colcon.colcon_ros.task.ament_cmake.build:Building ROS package in '/home/chrono/vesc_ws/src/vesc/vesc_driver' with build type 'ament_cmake'
[4.724s] INFO:colcon.colcon_cmake.task.cmake.build:Building CMake package in '/home/chrono/vesc_ws/src/vesc/vesc_driver'
[4.724s] INFO:colcon.colcon_core.shell:Skip shell extension 'powershell' for command environment: Not usable outside of PowerShell
[4.724s] DEBUG:colcon.colcon_core.shell:Skip shell extension 'dsv' for command environment
[4.740s] DEBUG:colcon.colcon_core.event_handler.log_command:Invoking command in '/home/chrono/vesc_ws/build/vesc_ackermann': CMAKE_PREFIX_PATH=/home/chrono/vesc_ws/install/vesc_msgs:/home/chrono/vesc_ws/install/vesc:/home/chrono/vesc_ws/install/vesc_driver:/home/chrono/vesc_ws/install/vesc_ackermann:/opt/ros/jazzy/opt/gz_math_vendor:/opt/ros/jazzy/opt/gz_utils_vendor:/opt/ros/jazzy/opt/gz_cmake_vendor:/home/chrono/vesc_ws/install/vesc_slider:/opt/ros/jazzy DEBUGINFOD_URLS=https://debuginfod.ubuntu.com LD_LIBRARY_PATH=/home/chrono/vesc_ws/install/vesc_msgs/lib:/home/chrono/vesc_ws/install/vesc_driver/lib:/home/chrono/vesc_ws/install/vesc_ackermann/lib:/opt/ros/jazzy/opt/rviz_ogre_vendor/lib:/opt/ros/jazzy/lib/aarch64-linux-gnu:/opt/ros/jazzy/opt/gz_math_vendor/lib:/opt/ros/jazzy/opt/gz_utils_vendor/lib:/opt/ros/jazzy/opt/gz_cmake_vendor/lib:/opt/ros/jazzy/lib PYTHONPATH=/home/chrono/vesc_ws/install/vesc_msgs/lib/python3.12/site-packages:/home/chrono/vesc_ws/install/vesc_slider/lib/python3.12/site-packages:/opt/ros/jazzy/lib/python3.12/site-packages /usr/bin/cmake --build /home/chrono/vesc_ws/build/vesc_ackermann -- -j4 -l4
[4.748s] DEBUG:colcon.colcon_core.event_handler.log_command:Invoking command in '/home/chrono/vesc_ws/build/vesc_driver': CMAKE_PREFIX_PATH=/home/chrono/vesc_ws/install/vesc_msgs:/home/chrono/vesc_ws/install/vesc:/home/chrono/vesc_ws/install/vesc_driver:/home/chrono/vesc_ws/install/vesc_ackermann:/opt/ros/jazzy/opt/gz_math_vendor:/opt/ros/jazzy/opt/gz_utils_vendor:/opt/ros/jazzy/opt/gz_cmake_vendor:/home/chrono/vesc_ws/install/vesc_slider:/opt/ros/jazzy DEBUGINFOD_URLS=https://debuginfod.ubuntu.com LD_LIBRARY_PATH=/home/chrono/vesc_ws/install/vesc_msgs/lib:/home/chrono/vesc_ws/install/vesc_driver/lib:/home/chrono/vesc_ws/install/vesc_ackermann/lib:/opt/ros/jazzy/opt/rviz_ogre_vendor/lib:/opt/ros/jazzy/lib/aarch64-linux-gnu:/opt/ros/jazzy/opt/gz_math_vendor/lib:/opt/ros/jazzy/opt/gz_utils_vendor/lib:/opt/ros/jazzy/opt/gz_cmake_vendor/lib:/opt/ros/jazzy/lib PYTHONPATH=/home/chrono/vesc_ws/install/vesc_msgs/lib/python3.12/site-packages:/home/chrono/vesc_ws/install/vesc_slider/lib/python3.12/site-packages:/opt/ros/jazzy/lib/python3.12/site-packages /usr/bin/cmake --build /home/chrono/vesc_ws/build/vesc_driver -- -j4 -l4
[32.698s] DEBUG:colcon.colcon_core.event_handler.log_command:Invoked command in '/home/chrono/vesc_ws/build/vesc_ackermann' returned '0': CMAKE_PREFIX_PATH=/home/chrono/vesc_ws/install/vesc_msgs:/home/chrono/vesc_ws/install/vesc:/home/chrono/vesc_ws/install/vesc_driver:/home/chrono/vesc_ws/install/vesc_ackermann:/opt/ros/jazzy/opt/gz_math_vendor:/opt/ros/jazzy/opt/gz_utils_vendor:/opt/ros/jazzy/opt/gz_cmake_vendor:/home/chrono/vesc_ws/install/vesc_slider:/opt/ros/jazzy DEBUGINFOD_URLS=https://debuginfod.ubuntu.com LD_LIBRARY_PATH=/home/chrono/vesc_ws/install/vesc_msgs/lib:/home/chrono/vesc_ws/install/vesc_driver/lib:/home/chrono/vesc_ws/install/vesc_ackermann/lib:/opt/ros/jazzy/opt/rviz_ogre_vendor/lib:/opt/ros/jazzy/lib/aarch64-linux-gnu:/opt/ros/jazzy/opt/gz_math_vendor/lib:/opt/ros/jazzy/opt/gz_utils_vendor/lib:/opt/ros/jazzy/opt/gz_cmake_vendor/lib:/opt/ros/jazzy/lib PYTHONPATH=/home/chrono/vesc_ws/install/vesc_msgs/lib/python3.12/site-packages:/home/chrono/vesc_ws/install/vesc_slider/lib/python3.12/site-packages:/opt/ros/jazzy/lib/python3.12/site-packages /usr/bin/cmake --build /home/chrono/vesc_ws/build/vesc_ackermann -- -j4 -l4
[32.708s] DEBUG:colcon.colcon_core.event_handler.log_command:Invoking command in '/home/chrono/vesc_ws/build/vesc_ackermann': CMAKE_PREFIX_PATH=/home/chrono/vesc_ws/install/vesc_msgs:/home/chrono/vesc_ws/install/vesc:/home/chrono/vesc_ws/install/vesc_driver:/home/chrono/vesc_ws/install/vesc_ackermann:/opt/ros/jazzy/opt/gz_math_vendor:/opt/ros/jazzy/opt/gz_utils_vendor:/opt/ros/jazzy/opt/gz_cmake_vendor:/home/chrono/vesc_ws/install/vesc_slider:/opt/ros/jazzy DEBUGINFOD_URLS=https://debuginfod.ubuntu.com LD_LIBRARY_PATH=/home/chrono/vesc_ws/install/vesc_msgs/lib:/home/chrono/vesc_ws/install/vesc_driver/lib:/home/chrono/vesc_ws/install/vesc_ackermann/lib:/opt/ros/jazzy/opt/rviz_ogre_vendor/lib:/opt/ros/jazzy/lib/aarch64-linux-gnu:/opt/ros/jazzy/opt/gz_math_vendor/lib:/opt/ros/jazzy/opt/gz_utils_vendor/lib:/opt/ros/jazzy/opt/gz_cmake_vendor/lib:/opt/ros/jazzy/lib PYTHONPATH=/home/chrono/vesc_ws/install/vesc_msgs/lib/python3.12/site-packages:/home/chrono/vesc_ws/install/vesc_slider/lib/python3.12/site-packages:/opt/ros/jazzy/lib/python3.12/site-packages /usr/bin/cmake --install /home/chrono/vesc_ws/build/vesc_ackermann
[32.799s] Level 1:colcon.colcon_core.environment:create_environment_scripts_only(vesc_ackermann)
[32.800s] Level 1:colcon.colcon_core.environment:checking '/home/chrono/vesc_ws/install/vesc_ackermann' for CMake module files
[32.800s] DEBUG:colcon.colcon_core.event_handler.log_command:Invoked command in '/home/chrono/vesc_ws/build/vesc_ackermann' returned '0': CMAKE_PREFIX_PATH=/home/chrono/vesc_ws/install/vesc_msgs:/home/chrono/vesc_ws/install/vesc:/home/chrono/vesc_ws/install/vesc_driver:/home/chrono/vesc_ws/install/vesc_ackermann:/opt/ros/jazzy/opt/gz_math_vendor:/opt/ros/jazzy/opt/gz_utils_vendor:/opt/ros/jazzy/opt/gz_cmake_vendor:/home/chrono/vesc_ws/install/vesc_slider:/opt/ros/jazzy DEBUGINFOD_URLS=https://debuginfod.ubuntu.com LD_LIBRARY_PATH=/home/chrono/vesc_ws/install/vesc_msgs/lib:/home/chrono/vesc_ws/install/vesc_driver/lib:/home/chrono/vesc_ws/install/vesc_ackermann/lib:/opt/ros/jazzy/opt/rviz_ogre_vendor/lib:/opt/ros/jazzy/lib/aarch64-linux-gnu:/opt/ros/jazzy/opt/gz_math_vendor/lib:/opt/ros/jazzy/opt/gz_utils_vendor/lib:/opt/ros/jazzy/opt/gz_cmake_vendor/lib:/opt/ros/jazzy/lib PYTHONPATH=/home/chrono/vesc_ws/install/vesc_msgs/lib/python3.12/site-packages:/home/chrono/vesc_ws/install/vesc_slider/lib/python3.12/site-packages:/opt/ros/jazzy/lib/python3.12/site-packages /usr/bin/cmake --install /home/chrono/vesc_ws/build/vesc_ackermann
[32.801s] Level 1:colcon.colcon_core.environment:checking '/home/chrono/vesc_ws/install/vesc_ackermann' for CMake config files
[32.802s] Level 1:colcon.colcon_core.shell:create_environment_hook('vesc_ackermann', 'cmake_prefix_path')
[32.803s] INFO:colcon.colcon_core.shell:Creating environment hook '/home/chrono/vesc_ws/install/vesc_ackermann/share/vesc_ackermann/hook/cmake_prefix_path.ps1'
[32.804s] INFO:colcon.colcon_core.shell:Creating environment descriptor '/home/chrono/vesc_ws/install/vesc_ackermann/share/vesc_ackermann/hook/cmake_prefix_path.dsv'
[32.811s] INFO:colcon.colcon_core.shell:Creating environment hook '/home/chrono/vesc_ws/install/vesc_ackermann/share/vesc_ackermann/hook/cmake_prefix_path.sh'
[32.813s] Level 1:colcon.colcon_core.environment:checking '/home/chrono/vesc_ws/install/vesc_ackermann/lib'
[32.813s] Level 1:colcon.colcon_core.shell:create_environment_hook('vesc_ackermann', 'ld_library_path_lib')
[32.813s] INFO:colcon.colcon_core.shell:Creating environment hook '/home/chrono/vesc_ws/install/vesc_ackermann/share/vesc_ackermann/hook/ld_library_path_lib.ps1'
[32.814s] INFO:colcon.colcon_core.shell:Creating environment descriptor '/home/chrono/vesc_ws/install/vesc_ackermann/share/vesc_ackermann/hook/ld_library_path_lib.dsv'
[32.815s] INFO:colcon.colcon_core.shell:Creating environment hook '/home/chrono/vesc_ws/install/vesc_ackermann/share/vesc_ackermann/hook/ld_library_path_lib.sh'
[32.817s] Level 1:colcon.colcon_core.environment:checking '/home/chrono/vesc_ws/install/vesc_ackermann/bin'
[32.817s] Level 1:colcon.colcon_core.environment:checking '/home/chrono/vesc_ws/install/vesc_ackermann/lib/pkgconfig/vesc_ackermann.pc'
[32.817s] Level 1:colcon.colcon_core.environment:checking '/home/chrono/vesc_ws/install/vesc_ackermann/lib/python3.12/site-packages'
[32.818s] Level 1:colcon.colcon_core.environment:checking '/home/chrono/vesc_ws/install/vesc_ackermann/bin'
[32.818s] INFO:colcon.colcon_core.shell:Creating package script '/home/chrono/vesc_ws/install/vesc_ackermann/share/vesc_ackermann/package.ps1'
[32.819s] INFO:colcon.colcon_core.shell:Creating package descriptor '/home/chrono/vesc_ws/install/vesc_ackermann/share/vesc_ackermann/package.dsv'
[32.821s] INFO:colcon.colcon_core.shell:Creating package script '/home/chrono/vesc_ws/install/vesc_ackermann/share/vesc_ackermann/package.sh'
[32.822s] INFO:colcon.colcon_core.shell:Creating package script '/home/chrono/vesc_ws/install/vesc_ackermann/share/vesc_ackermann/package.bash'
[32.823s] INFO:colcon.colcon_core.shell:Creating package script '/home/chrono/vesc_ws/install/vesc_ackermann/share/vesc_ackermann/package.zsh'
[32.824s] Level 1:colcon.colcon_core.environment:create_file_with_runtime_dependencies(/home/chrono/vesc_ws/install/vesc_ackermann/share/colcon-core/packages/vesc_ackermann)
[32.827s] Level 1:colcon.colcon_core.environment:create_environment_scripts_only(vesc_ackermann)
[32.827s] Level 1:colcon.colcon_core.environment:checking '/home/chrono/vesc_ws/install/vesc_ackermann' for CMake module files
[32.828s] Level 1:colcon.colcon_core.environment:checking '/home/chrono/vesc_ws/install/vesc_ackermann' for CMake config files
[32.828s] Level 1:colcon.colcon_core.shell:create_environment_hook('vesc_ackermann', 'cmake_prefix_path')
[32.829s] INFO:colcon.colcon_core.shell:Creating environment hook '/home/chrono/vesc_ws/install/vesc_ackermann/share/vesc_ackermann/hook/cmake_prefix_path.ps1'
[32.830s] INFO:colcon.colcon_core.shell:Creating environment descriptor '/home/chrono/vesc_ws/install/vesc_ackermann/share/vesc_ackermann/hook/cmake_prefix_path.dsv'
[32.831s] INFO:colcon.colcon_core.shell:Creating environment hook '/home/chrono/vesc_ws/install/vesc_ackermann/share/vesc_ackermann/hook/cmake_prefix_path.sh'
[32.833s] Level 1:colcon.colcon_core.environment:checking '/home/chrono/vesc_ws/install/vesc_ackermann/lib'
[32.833s] Level 1:colcon.colcon_core.shell:create_environment_hook('vesc_ackermann', 'ld_library_path_lib')
[32.834s] INFO:colcon.colcon_core.shell:Creating environment hook '/home/chrono/vesc_ws/install/vesc_ackermann/share/vesc_ackermann/hook/ld_library_path_lib.ps1'
[32.835s] INFO:colcon.colcon_core.shell:Creating environment descriptor '/home/chrono/vesc_ws/install/vesc_ackermann/share/vesc_ackermann/hook/ld_library_path_lib.dsv'
[32.836s] INFO:colcon.colcon_core.shell:Creating environment hook '/home/chrono/vesc_ws/install/vesc_ackermann/share/vesc_ackermann/hook/ld_library_path_lib.sh'
[32.837s] Level 1:colcon.colcon_core.environment:checking '/home/chrono/vesc_ws/install/vesc_ackermann/bin'
[32.838s] Level 1:colcon.colcon_core.environment:checking '/home/chrono/vesc_ws/install/vesc_ackermann/lib/pkgconfig/vesc_ackermann.pc'
[32.838s] Level 1:colcon.colcon_core.environment:checking '/home/chrono/vesc_ws/install/vesc_ackermann/lib/python3.12/site-packages'
[32.839s] Level 1:colcon.colcon_core.environment:checking '/home/chrono/vesc_ws/install/vesc_ackermann/bin'
[32.839s] INFO:colcon.colcon_core.shell:Creating package script '/home/chrono/vesc_ws/install/vesc_ackermann/share/vesc_ackermann/package.ps1'
[32.841s] INFO:colcon.colcon_core.shell:Creating package descriptor '/home/chrono/vesc_ws/install/vesc_ackermann/share/vesc_ackermann/package.dsv'
[32.842s] INFO:colcon.colcon_core.shell:Creating package script '/home/chrono/vesc_ws/install/vesc_ackermann/share/vesc_ackermann/package.sh'
[32.843s] INFO:colcon.colcon_core.shell:Creating package script '/home/chrono/vesc_ws/install/vesc_ackermann/share/vesc_ackermann/package.bash'
[32.845s] INFO:colcon.colcon_core.shell:Creating package script '/home/chrono/vesc_ws/install/vesc_ackermann/share/vesc_ackermann/package.zsh'
[32.846s] Level 1:colcon.colcon_core.environment:create_file_with_runtime_dependencies(/home/chrono/vesc_ws/install/vesc_ackermann/share/colcon-core/packages/vesc_ackermann)
[33.306s] DEBUG:colcon.colcon_core.event_handler.log_command:Invoked command in '/home/chrono/vesc_ws/build/vesc_driver' returned '0': CMAKE_PREFIX_PATH=/home/chrono/vesc_ws/install/vesc_msgs:/home/chrono/vesc_ws/install/vesc:/home/chrono/vesc_ws/install/vesc_driver:/home/chrono/vesc_ws/install/vesc_ackermann:/opt/ros/jazzy/opt/gz_math_vendor:/opt/ros/jazzy/opt/gz_utils_vendor:/opt/ros/jazzy/opt/gz_cmake_vendor:/home/chrono/vesc_ws/install/vesc_slider:/opt/ros/jazzy DEBUGINFOD_URLS=https://debuginfod.ubuntu.com LD_LIBRARY_PATH=/home/chrono/vesc_ws/install/vesc_msgs/lib:/home/chrono/vesc_ws/install/vesc_driver/lib:/home/chrono/vesc_ws/install/vesc_ackermann/lib:/opt/ros/jazzy/opt/rviz_ogre_vendor/lib:/opt/ros/jazzy/lib/aarch64-linux-gnu:/opt/ros/jazzy/opt/gz_math_vendor/lib:/opt/ros/jazzy/opt/gz_utils_vendor/lib:/opt/ros/jazzy/opt/gz_cmake_vendor/lib:/opt/ros/jazzy/lib PYTHONPATH=/home/chrono/vesc_ws/install/vesc_msgs/lib/python3.12/site-packages:/home/chrono/vesc_ws/install/vesc_slider/lib/python3.12/site-packages:/opt/ros/jazzy/lib/python3.12/site-packages /usr/bin/cmake --build /home/chrono/vesc_ws/build/vesc_driver -- -j4 -l4
[33.314s] DEBUG:colcon.colcon_core.event_handler.log_command:Invoking command in '/home/chrono/vesc_ws/build/vesc_driver': CMAKE_PREFIX_PATH=/home/chrono/vesc_ws/install/vesc_msgs:/home/chrono/vesc_ws/install/vesc:/home/chrono/vesc_ws/install/vesc_driver:/home/chrono/vesc_ws/install/vesc_ackermann:/opt/ros/jazzy/opt/gz_math_vendor:/opt/ros/jazzy/opt/gz_utils_vendor:/opt/ros/jazzy/opt/gz_cmake_vendor:/home/chrono/vesc_ws/install/vesc_slider:/opt/ros/jazzy DEBUGINFOD_URLS=https://debuginfod.ubuntu.com LD_LIBRARY_PATH=/home/chrono/vesc_ws/install/vesc_msgs/lib:/home/chrono/vesc_ws/install/vesc_driver/lib:/home/chrono/vesc_ws/install/vesc_ackermann/lib:/opt/ros/jazzy/opt/rviz_ogre_vendor/lib:/opt/ros/jazzy/lib/aarch64-linux-gnu:/opt/ros/jazzy/opt/gz_math_vendor/lib:/opt/ros/jazzy/opt/gz_utils_vendor/lib:/opt/ros/jazzy/opt/gz_cmake_vendor/lib:/opt/ros/jazzy/lib PYTHONPATH=/home/chrono/vesc_ws/install/vesc_msgs/lib/python3.12/site-packages:/home/chrono/vesc_ws/install/vesc_slider/lib/python3.12/site-packages:/opt/ros/jazzy/lib/python3.12/site-packages /usr/bin/cmake --install /home/chrono/vesc_ws/build/vesc_driver
[33.380s] Level 1:colcon.colcon_core.environment:create_environment_scripts_only(vesc_driver)
[33.381s] Level 1:colcon.colcon_core.environment:checking '/home/chrono/vesc_ws/install/vesc_driver' for CMake module files
[33.381s] DEBUG:colcon.colcon_core.event_handler.log_command:Invoked command in '/home/chrono/vesc_ws/build/vesc_driver' returned '0': CMAKE_PREFIX_PATH=/home/chrono/vesc_ws/install/vesc_msgs:/home/chrono/vesc_ws/install/vesc:/home/chrono/vesc_ws/install/vesc_driver:/home/chrono/vesc_ws/install/vesc_ackermann:/opt/ros/jazzy/opt/gz_math_vendor:/opt/ros/jazzy/opt/gz_utils_vendor:/opt/ros/jazzy/opt/gz_cmake_vendor:/home/chrono/vesc_ws/install/vesc_slider:/opt/ros/jazzy DEBUGINFOD_URLS=https://debuginfod.ubuntu.com LD_LIBRARY_PATH=/home/chrono/vesc_ws/install/vesc_msgs/lib:/home/chrono/vesc_ws/install/vesc_driver/lib:/home/chrono/vesc_ws/install/vesc_ackermann/lib:/opt/ros/jazzy/opt/rviz_ogre_vendor/lib:/opt/ros/jazzy/lib/aarch64-linux-gnu:/opt/ros/jazzy/opt/gz_math_vendor/lib:/opt/ros/jazzy/opt/gz_utils_vendor/lib:/opt/ros/jazzy/opt/gz_cmake_vendor/lib:/opt/ros/jazzy/lib PYTHONPATH=/home/chrono/vesc_ws/install/vesc_msgs/lib/python3.12/site-packages:/home/chrono/vesc_ws/install/vesc_slider/lib/python3.12/site-packages:/opt/ros/jazzy/lib/python3.12/site-packages /usr/bin/cmake --install /home/chrono/vesc_ws/build/vesc_driver
[33.382s] Level 1:colcon.colcon_core.environment:checking '/home/chrono/vesc_ws/install/vesc_driver' for CMake config files
[33.383s] Level 1:colcon.colcon_core.shell:create_environment_hook('vesc_driver', 'cmake_prefix_path')
[33.383s] INFO:colcon.colcon_core.shell:Creating environment hook '/home/chrono/vesc_ws/install/vesc_driver/share/vesc_driver/hook/cmake_prefix_path.ps1'
[33.384s] INFO:colcon.colcon_core.shell:Creating environment descriptor '/home/chrono/vesc_ws/install/vesc_driver/share/vesc_driver/hook/cmake_prefix_path.dsv'
[33.385s] INFO:colcon.colcon_core.shell:Creating environment hook '/home/chrono/vesc_ws/install/vesc_driver/share/vesc_driver/hook/cmake_prefix_path.sh'
[33.386s] Level 1:colcon.colcon_core.environment:checking '/home/chrono/vesc_ws/install/vesc_driver/lib'
[33.386s] Level 1:colcon.colcon_core.shell:create_environment_hook('vesc_driver', 'ld_library_path_lib')
[33.387s] INFO:colcon.colcon_core.shell:Creating environment hook '/home/chrono/vesc_ws/install/vesc_driver/share/vesc_driver/hook/ld_library_path_lib.ps1'
[33.387s] INFO:colcon.colcon_core.shell:Creating environment descriptor '/home/chrono/vesc_ws/install/vesc_driver/share/vesc_driver/hook/ld_library_path_lib.dsv'
[33.388s] INFO:colcon.colcon_core.shell:Creating environment hook '/home/chrono/vesc_ws/install/vesc_driver/share/vesc_driver/hook/ld_library_path_lib.sh'
[33.389s] Level 1:colcon.colcon_core.environment:checking '/home/chrono/vesc_ws/install/vesc_driver/bin'
[33.389s] Level 1:colcon.colcon_core.environment:checking '/home/chrono/vesc_ws/install/vesc_driver/lib/pkgconfig/vesc_driver.pc'
[33.390s] Level 1:colcon.colcon_core.environment:checking '/home/chrono/vesc_ws/install/vesc_driver/lib/python3.12/site-packages'
[33.390s] Level 1:colcon.colcon_core.environment:checking '/home/chrono/vesc_ws/install/vesc_driver/bin'
[33.391s] INFO:colcon.colcon_core.shell:Creating package script '/home/chrono/vesc_ws/install/vesc_driver/share/vesc_driver/package.ps1'
[33.391s] INFO:colcon.colcon_core.shell:Creating package descriptor '/home/chrono/vesc_ws/install/vesc_driver/share/vesc_driver/package.dsv'
[33.392s] INFO:colcon.colcon_core.shell:Creating package script '/home/chrono/vesc_ws/install/vesc_driver/share/vesc_driver/package.sh'
[33.393s] INFO:colcon.colcon_core.shell:Creating package script '/home/chrono/vesc_ws/install/vesc_driver/share/vesc_driver/package.bash'
[33.394s] INFO:colcon.colcon_core.shell:Creating package script '/home/chrono/vesc_ws/install/vesc_driver/share/vesc_driver/package.zsh'
[33.395s] Level 1:colcon.colcon_core.environment:create_file_with_runtime_dependencies(/home/chrono/vesc_ws/install/vesc_driver/share/colcon-core/packages/vesc_driver)
[33.397s] Level 1:colcon.colcon_core.environment:create_environment_scripts_only(vesc_driver)
[33.398s] Level 1:colcon.colcon_core.environment:checking '/home/chrono/vesc_ws/install/vesc_driver' for CMake module files
[33.398s] Level 1:colcon.colcon_core.environment:checking '/home/chrono/vesc_ws/install/vesc_driver' for CMake config files
[33.399s] Level 1:colcon.colcon_core.shell:create_environment_hook('vesc_driver', 'cmake_prefix_path')
[33.399s] INFO:colcon.colcon_core.shell:Creating environment hook '/home/chrono/vesc_ws/install/vesc_driver/share/vesc_driver/hook/cmake_prefix_path.ps1'
[33.400s] INFO:colcon.colcon_core.shell:Creating environment descriptor '/home/chrono/vesc_ws/install/vesc_driver/share/vesc_driver/hook/cmake_prefix_path.dsv'
[33.401s] INFO:colcon.colcon_core.shell:Creating environment hook '/home/chrono/vesc_ws/install/vesc_driver/share/vesc_driver/hook/cmake_prefix_path.sh'
[33.402s] Level 1:colcon.colcon_core.environment:checking '/home/chrono/vesc_ws/install/vesc_driver/lib'
[33.402s] Level 1:colcon.colcon_core.shell:create_environment_hook('vesc_driver', 'ld_library_path_lib')
[33.403s] INFO:colcon.colcon_core.shell:Creating environment hook '/home/chrono/vesc_ws/install/vesc_driver/share/vesc_driver/hook/ld_library_path_lib.ps1'
[33.405s] INFO:colcon.colcon_core.shell:Creating environment descriptor '/home/chrono/vesc_ws/install/vesc_driver/share/vesc_driver/hook/ld_library_path_lib.dsv'
[33.406s] INFO:colcon.colcon_core.shell:Creating environment hook '/home/chrono/vesc_ws/install/vesc_driver/share/vesc_driver/hook/ld_library_path_lib.sh'
[33.407s] Level 1:colcon.colcon_core.environment:checking '/home/chrono/vesc_ws/install/vesc_driver/bin'
[33.407s] Level 1:colcon.colcon_core.environment:checking '/home/chrono/vesc_ws/install/vesc_driver/lib/pkgconfig/vesc_driver.pc'
[33.408s] Level 1:colcon.colcon_core.environment:checking '/home/chrono/vesc_ws/install/vesc_driver/lib/python3.12/site-packages'
[33.408s] Level 1:colcon.colcon_core.environment:checking '/home/chrono/vesc_ws/install/vesc_driver/bin'
[33.408s] INFO:colcon.colcon_core.shell:Creating package script '/home/chrono/vesc_ws/install/vesc_driver/share/vesc_driver/package.ps1'
[33.409s] INFO:colcon.colcon_core.shell:Creating package descriptor '/home/chrono/vesc_ws/install/vesc_driver/share/vesc_driver/package.dsv'
[33.410s] INFO:colcon.colcon_core.shell:Creating package script '/home/chrono/vesc_ws/install/vesc_driver/share/vesc_driver/package.sh'
[33.411s] INFO:colcon.colcon_core.shell:Creating package script '/home/chrono/vesc_ws/install/vesc_driver/share/vesc_driver/package.bash'
[33.412s] INFO:colcon.colcon_core.shell:Creating package script '/home/chrono/vesc_ws/install/vesc_driver/share/vesc_driver/package.zsh'
[33.413s] Level 1:colcon.colcon_core.environment:create_file_with_runtime_dependencies(/home/chrono/vesc_ws/install/vesc_driver/share/colcon-core/packages/vesc_driver)
[33.414s] INFO:colcon.colcon_ros.task.ament_cmake.build:Building ROS package in '/home/chrono/vesc_ws/src/vesc/vesc' with build type 'ament_cmake'
[33.414s] INFO:colcon.colcon_cmake.task.cmake.build:Building CMake package in '/home/chrono/vesc_ws/src/vesc/vesc'
[33.415s] INFO:colcon.colcon_core.shell:Skip shell extension 'powershell' for command environment: Not usable outside of PowerShell
[33.415s] DEBUG:colcon.colcon_core.shell:Skip shell extension 'dsv' for command environment
[33.450s] DEBUG:colcon.colcon_core.event_handler.log_command:Invoking command in '/home/chrono/vesc_ws/build/vesc': CMAKE_PREFIX_PATH=/home/chrono/vesc_ws/install/vesc_driver:/home/chrono/vesc_ws/install/vesc_ackermann:/home/chrono/vesc_ws/install/vesc_msgs:/home/chrono/vesc_ws/install/vesc:/opt/ros/jazzy/opt/gz_math_vendor:/opt/ros/jazzy/opt/gz_utils_vendor:/opt/ros/jazzy/opt/gz_cmake_vendor:/home/chrono/vesc_ws/install/vesc_slider:/opt/ros/jazzy DEBUGINFOD_URLS=https://debuginfod.ubuntu.com PYTHONPATH=/home/chrono/vesc_ws/install/vesc_msgs/lib/python3.12/site-packages:/home/chrono/vesc_ws/install/vesc_slider/lib/python3.12/site-packages:/opt/ros/jazzy/lib/python3.12/site-packages /usr/bin/cmake /home/chrono/vesc_ws/src/vesc/vesc -DAMENT_CMAKE_SYMLINK_INSTALL=1 -DCMAKE_INSTALL_PREFIX=/home/chrono/vesc_ws/install/vesc
[34.044s] DEBUG:colcon.colcon_core.event_handler.log_command:Invoked command in '/home/chrono/vesc_ws/build/vesc' returned '0': CMAKE_PREFIX_PATH=/home/chrono/vesc_ws/install/vesc_driver:/home/chrono/vesc_ws/install/vesc_ackermann:/home/chrono/vesc_ws/install/vesc_msgs:/home/chrono/vesc_ws/install/vesc:/opt/ros/jazzy/opt/gz_math_vendor:/opt/ros/jazzy/opt/gz_utils_vendor:/opt/ros/jazzy/opt/gz_cmake_vendor:/home/chrono/vesc_ws/install/vesc_slider:/opt/ros/jazzy DEBUGINFOD_URLS=https://debuginfod.ubuntu.com PYTHONPATH=/home/chrono/vesc_ws/install/vesc_msgs/lib/python3.12/site-packages:/home/chrono/vesc_ws/install/vesc_slider/lib/python3.12/site-packages:/opt/ros/jazzy/lib/python3.12/site-packages /usr/bin/cmake /home/chrono/vesc_ws/src/vesc/vesc -DAMENT_CMAKE_SYMLINK_INSTALL=1 -DCMAKE_INSTALL_PREFIX=/home/chrono/vesc_ws/install/vesc
[34.046s] DEBUG:colcon.colcon_core.event_handler.log_command:Invoking command in '/home/chrono/vesc_ws/build/vesc': CMAKE_PREFIX_PATH=/home/chrono/vesc_ws/install/vesc_driver:/home/chrono/vesc_ws/install/vesc_ackermann:/home/chrono/vesc_ws/install/vesc_msgs:/home/chrono/vesc_ws/install/vesc:/opt/ros/jazzy/opt/gz_math_vendor:/opt/ros/jazzy/opt/gz_utils_vendor:/opt/ros/jazzy/opt/gz_cmake_vendor:/home/chrono/vesc_ws/install/vesc_slider:/opt/ros/jazzy DEBUGINFOD_URLS=https://debuginfod.ubuntu.com PYTHONPATH=/home/chrono/vesc_ws/install/vesc_msgs/lib/python3.12/site-packages:/home/chrono/vesc_ws/install/vesc_slider/lib/python3.12/site-packages:/opt/ros/jazzy/lib/python3.12/site-packages /usr/bin/cmake --build /home/chrono/vesc_ws/build/vesc -- -j4 -l4
[34.119s] DEBUG:colcon.colcon_core.event_handler.log_command:Invoked command in '/home/chrono/vesc_ws/build/vesc' returned '0': CMAKE_PREFIX_PATH=/home/chrono/vesc_ws/install/vesc_driver:/home/chrono/vesc_ws/install/vesc_ackermann:/home/chrono/vesc_ws/install/vesc_msgs:/home/chrono/vesc_ws/install/vesc:/opt/ros/jazzy/opt/gz_math_vendor:/opt/ros/jazzy/opt/gz_utils_vendor:/opt/ros/jazzy/opt/gz_cmake_vendor:/home/chrono/vesc_ws/install/vesc_slider:/opt/ros/jazzy DEBUGINFOD_URLS=https://debuginfod.ubuntu.com PYTHONPATH=/home/chrono/vesc_ws/install/vesc_msgs/lib/python3.12/site-packages:/home/chrono/vesc_ws/install/vesc_slider/lib/python3.12/site-packages:/opt/ros/jazzy/lib/python3.12/site-packages /usr/bin/cmake --build /home/chrono/vesc_ws/build/vesc -- -j4 -l4
[34.121s] DEBUG:colcon.colcon_core.event_handler.log_command:Invoking command in '/home/chrono/vesc_ws/build/vesc': CMAKE_PREFIX_PATH=/home/chrono/vesc_ws/install/vesc_driver:/home/chrono/vesc_ws/install/vesc_ackermann:/home/chrono/vesc_ws/install/vesc_msgs:/home/chrono/vesc_ws/install/vesc:/opt/ros/jazzy/opt/gz_math_vendor:/opt/ros/jazzy/opt/gz_utils_vendor:/opt/ros/jazzy/opt/gz_cmake_vendor:/home/chrono/vesc_ws/install/vesc_slider:/opt/ros/jazzy DEBUGINFOD_URLS=https://debuginfod.ubuntu.com PYTHONPATH=/home/chrono/vesc_ws/install/vesc_msgs/lib/python3.12/site-packages:/home/chrono/vesc_ws/install/vesc_slider/lib/python3.12/site-packages:/opt/ros/jazzy/lib/python3.12/site-packages /usr/bin/cmake --install /home/chrono/vesc_ws/build/vesc
[34.416s] Level 1:colcon.colcon_core.environment:create_environment_scripts_only(vesc)
[34.417s] Level 1:colcon.colcon_core.environment:checking '/home/chrono/vesc_ws/install/vesc' for CMake module files
[34.417s] DEBUG:colcon.colcon_core.event_handler.log_command:Invoked command in '/home/chrono/vesc_ws/build/vesc' returned '0': CMAKE_PREFIX_PATH=/home/chrono/vesc_ws/install/vesc_driver:/home/chrono/vesc_ws/install/vesc_ackermann:/home/chrono/vesc_ws/install/vesc_msgs:/home/chrono/vesc_ws/install/vesc:/opt/ros/jazzy/opt/gz_math_vendor:/opt/ros/jazzy/opt/gz_utils_vendor:/opt/ros/jazzy/opt/gz_cmake_vendor:/home/chrono/vesc_ws/install/vesc_slider:/opt/ros/jazzy DEBUGINFOD_URLS=https://debuginfod.ubuntu.com PYTHONPATH=/home/chrono/vesc_ws/install/vesc_msgs/lib/python3.12/site-packages:/home/chrono/vesc_ws/install/vesc_slider/lib/python3.12/site-packages:/opt/ros/jazzy/lib/python3.12/site-packages /usr/bin/cmake --install /home/chrono/vesc_ws/build/vesc
[34.418s] Level 1:colcon.colcon_core.environment:checking '/home/chrono/vesc_ws/install/vesc' for CMake config files
[34.418s] Level 1:colcon.colcon_core.shell:create_environment_hook('vesc', 'cmake_prefix_path')
[34.419s] INFO:colcon.colcon_core.shell:Creating environment hook '/home/chrono/vesc_ws/install/vesc/share/vesc/hook/cmake_prefix_path.ps1'
[34.419s] INFO:colcon.colcon_core.shell:Creating environment descriptor '/home/chrono/vesc_ws/install/vesc/share/vesc/hook/cmake_prefix_path.dsv'
[34.426s] INFO:colcon.colcon_core.shell:Creating environment hook '/home/chrono/vesc_ws/install/vesc/share/vesc/hook/cmake_prefix_path.sh'
[34.427s] Level 1:colcon.colcon_core.environment:checking '/home/chrono/vesc_ws/install/vesc/bin'
[34.427s] Level 1:colcon.colcon_core.environment:checking '/home/chrono/vesc_ws/install/vesc/lib/pkgconfig/vesc.pc'
[34.428s] Level 1:colcon.colcon_core.environment:checking '/home/chrono/vesc_ws/install/vesc/lib/python3.12/site-packages'
[34.428s] Level 1:colcon.colcon_core.environment:checking '/home/chrono/vesc_ws/install/vesc/bin'
[34.429s] INFO:colcon.colcon_core.shell:Creating package script '/home/chrono/vesc_ws/install/vesc/share/vesc/package.ps1'
[34.429s] INFO:colcon.colcon_core.shell:Creating package descriptor '/home/chrono/vesc_ws/install/vesc/share/vesc/package.dsv'
[34.430s] INFO:colcon.colcon_core.shell:Creating package script '/home/chrono/vesc_ws/install/vesc/share/vesc/package.sh'
[34.430s] INFO:colcon.colcon_core.shell:Creating package script '/home/chrono/vesc_ws/install/vesc/share/vesc/package.bash'
[34.431s] INFO:colcon.colcon_core.shell:Creating package script '/home/chrono/vesc_ws/install/vesc/share/vesc/package.zsh'
[34.432s] Level 1:colcon.colcon_core.environment:create_file_with_runtime_dependencies(/home/chrono/vesc_ws/install/vesc/share/colcon-core/packages/vesc)
[34.433s] Level 1:colcon.colcon_core.environment:create_environment_scripts_only(vesc)
[34.434s] Level 1:colcon.colcon_core.environment:checking '/home/chrono/vesc_ws/install/vesc' for CMake module files
[34.434s] Level 1:colcon.colcon_core.environment:checking '/home/chrono/vesc_ws/install/vesc' for CMake config files
[34.435s] Level 1:colcon.colcon_core.shell:create_environment_hook('vesc', 'cmake_prefix_path')
[34.435s] INFO:colcon.colcon_core.shell:Creating environment hook '/home/chrono/vesc_ws/install/vesc/share/vesc/hook/cmake_prefix_path.ps1'
[34.436s] INFO:colcon.colcon_core.shell:Creating environment descriptor '/home/chrono/vesc_ws/install/vesc/share/vesc/hook/cmake_prefix_path.dsv'
[34.437s] INFO:colcon.colcon_core.shell:Creating environment hook '/home/chrono/vesc_ws/install/vesc/share/vesc/hook/cmake_prefix_path.sh'
[34.439s] Level 1:colcon.colcon_core.environment:checking '/home/chrono/vesc_ws/install/vesc/bin'
[34.439s] Level 1:colcon.colcon_core.environment:checking '/home/chrono/vesc_ws/install/vesc/lib/pkgconfig/vesc.pc'
[34.439s] Level 1:colcon.colcon_core.environment:checking '/home/chrono/vesc_ws/install/vesc/lib/python3.12/site-packages'
[34.439s] Level 1:colcon.colcon_core.environment:checking '/home/chrono/vesc_ws/install/vesc/bin'
[34.440s] INFO:colcon.colcon_core.shell:Creating package script '/home/chrono/vesc_ws/install/vesc/share/vesc/package.ps1'
[34.440s] INFO:colcon.colcon_core.shell:Creating package descriptor '/home/chrono/vesc_ws/install/vesc/share/vesc/package.dsv'
[34.441s] INFO:colcon.colcon_core.shell:Creating package script '/home/chrono/vesc_ws/install/vesc/share/vesc/package.sh'
[34.443s] INFO:colcon.colcon_core.shell:Creating package script '/home/chrono/vesc_ws/install/vesc/share/vesc/package.bash'
[34.444s] INFO:colcon.colcon_core.shell:Creating package script '/home/chrono/vesc_ws/install/vesc/share/vesc/package.zsh'
[34.445s] Level 1:colcon.colcon_core.environment:create_file_with_runtime_dependencies(/home/chrono/vesc_ws/install/vesc/share/colcon-core/packages/vesc)
[34.447s] DEBUG:colcon.colcon_parallel_executor.executor.parallel:closing loop
[34.447s] DEBUG:colcon.colcon_parallel_executor.executor.parallel:loop closed
[34.447s] DEBUG:colcon.colcon_parallel_executor.executor.parallel:run_until_complete finished with '0'
[34.447s] DEBUG:colcon.colcon_core.event_reactor:joining thread
[34.459s] INFO:colcon.colcon_core.plugin_system:Skipping extension 'colcon_notification.desktop_notification.terminal_notifier': Not used on non-Darwin systems
[34.459s] INFO:colcon.colcon_core.plugin_system:Skipping extension 'colcon_notification.desktop_notification.win32': Not used on non-Windows systems
[34.459s] INFO:colcon.colcon_notification.desktop_notification:Sending desktop notification using 'notify2'
[34.460s] DEBUG:colcon.colcon_notification.desktop_notification.notify2:Failed to initialize notify2: org.freedesktop.DBus.Error.ServiceUnknown: The name org.freedesktop.Notifications was not provided by any .service files
[34.461s] DEBUG:colcon.colcon_core.event_reactor:joined thread
[34.461s] INFO:colcon.colcon_core.shell:Creating prefix script '/home/chrono/vesc_ws/install/local_setup.ps1'
[34.468s] INFO:colcon.colcon_core.shell:Creating prefix util module '/home/chrono/vesc_ws/install/_local_setup_util_ps1.py'
[34.471s] INFO:colcon.colcon_core.shell:Creating prefix chain script '/home/chrono/vesc_ws/install/setup.ps1'
[34.473s] INFO:colcon.colcon_core.shell:Creating prefix script '/home/chrono/vesc_ws/install/local_setup.sh'
[34.475s] INFO:colcon.colcon_core.shell:Creating prefix util module '/home/chrono/vesc_ws/install/_local_setup_util_sh.py'
[34.476s] INFO:colcon.colcon_core.shell:Creating prefix chain script '/home/chrono/vesc_ws/install/setup.sh'
[34.479s] INFO:colcon.colcon_core.shell:Creating prefix script '/home/chrono/vesc_ws/install/local_setup.bash'
[34.481s] INFO:colcon.colcon_core.shell:Creating prefix chain script '/home/chrono/vesc_ws/install/setup.bash'
[34.483s] INFO:colcon.colcon_core.shell:Creating prefix script '/home/chrono/vesc_ws/install/local_setup.zsh'
[34.485s] INFO:colcon.colcon_core.shell:Creating prefix chain script '/home/chrono/vesc_ws/install/setup.zsh'
