-- Found ament_cmake_auto: 2.5.4 (/opt/ros/jazzy/share/ament_cmake_auto/cmake)
-- Override CMake install command with custom implementation using symlinks instead of copying resources
-- Found rosidl_generator_c: 4.6.6 (/opt/ros/jazzy/share/rosidl_generator_c/cmake)
-- Found rosidl_generator_cpp: 4.6.6 (/opt/ros/jazzy/share/rosidl_generator_cpp/cmake)
-- Using all available rosidl_typesupport_c: rosidl_typesupport_fastrtps_c;rosidl_typesupport_introspection_c
-- Using all available rosidl_typesupport_cpp: rosidl_typesupport_fastrtps_cpp;rosidl_typesupport_introspection_cpp
-- Found rmw_implementation_cmake: 7.3.2 (/opt/ros/jazzy/share/rmw_implementation_cmake/cmake)
-- Found rmw_fastrtps_cpp: 8.4.3 (/opt/ros/jazzy/share/rmw_fastrtps_cpp/cmake)
-- Using RMW implementation 'rmw_fastrtps_cpp' as default
-- Found asio_cmake_module: 1.2.0 (/opt/ros/jazzy/share/asio_cmake_module/cmake)
-- Found ament_lint_auto: 0.17.3 (/opt/ros/jazzy/share/ament_lint_auto/cmake)
[0mIn this package, headers install destination is set to `include` by ament_auto_package. It is recommended to install `include/vesc_driver` instead and will be the default behavior of ament_auto_package from ROS 2 Kilted Kaiju. On distributions before Kilted, ament_auto_package behaves the same way when you use USE_SCOPED_HEADER_INSTALL_DIR option.[0m
-- Added test 'copyright' to check source files copyright and LICENSE
-- Added test 'cppcheck' to perform static code analysis on C / C++ code
-- Configured cppcheck include dirs: /home/chrono/vesc_ws/src/vesc/vesc_driver/include
-- Configured cppcheck exclude dirs and/or files: 
-- Added test 'cpplint' to check C / C++ code against the Google style
-- Configured cpplint exclude dirs and/or files: 
-- Added test 'flake8' to check Python code syntax and style conventions
-- Configured 'flake8' exclude dirs and/or files: 
-- Added test 'lint_cmake' to check CMake code style
-- Added test 'pep257' to check Python code against some of the docstring style conventions in PEP 257
-- Added test 'uncrustify' to check C / C++ code style
-- Configured uncrustify additional arguments: 
-- Added test 'xmllint' to check XML markup files
-- Configuring done (1.5s)
-- Generating done (0.2s)
-- Build files have been written to: /home/chrono/vesc_ws/build/vesc_driver
[ 20%] Built target vesc_driver_node
[ 30%] [32mBuilding CXX object CMakeFiles/vesc_driver.dir/src/vesc_driver.cpp.o[0m
[ 50%] [32mBuilding CXX object CMakeFiles/vesc_driver.dir/src/vesc_interface.cpp.o[0m
[ 50%] [32mBuilding CXX object CMakeFiles/vesc_driver.dir/src/vesc_packet_factory.cpp.o[0m
[ 60%] [32mBuilding CXX object CMakeFiles/vesc_driver.dir/src/vesc_packet.cpp.o[0m
[ 70%] [32m[1mLinking CXX shared library libvesc_driver.so[0m
[ 70%] Built target vesc_driver
[ 90%] [32mBuilding CXX object CMakeFiles/vesc_device_namer.dir/src/vesc_device_uuid_lookup.cpp.o[0m
[ 90%] [32mBuilding CXX object CMakeFiles/vesc_device_namer.dir/src/vesc_device_namer.cpp.o[0m
[100%] [32m[1mLinking CXX executable vesc_device_namer[0m
[100%] Built target vesc_device_namer
-- Install configuration: ""
-- Execute custom install script
-- Up-to-date symlink: /home/chrono/vesc_ws/install/vesc_driver/lib/vesc_driver/vesc_driver_node
-- Up-to-date symlink: /home/chrono/vesc_ws/install/vesc_driver/include/vesc_driver/crc.hpp
-- Up-to-date symlink: /home/chrono/vesc_ws/install/vesc_driver/include/vesc_driver/datatypes.hpp
-- Up-to-date symlink: /home/chrono/vesc_ws/install/vesc_driver/include/vesc_driver/vesc_device_uuid_lookup.hpp
-- Up-to-date symlink: /home/chrono/vesc_ws/install/vesc_driver/include/vesc_driver/vesc_driver.hpp
-- Up-to-date symlink: /home/chrono/vesc_ws/install/vesc_driver/include/vesc_driver/vesc_interface.hpp
-- Up-to-date symlink: /home/chrono/vesc_ws/install/vesc_driver/include/vesc_driver/vesc_packet.hpp
-- Up-to-date symlink: /home/chrono/vesc_ws/install/vesc_driver/include/vesc_driver/vesc_packet_factory.hpp
-- Up-to-date symlink: /home/chrono/vesc_ws/install/vesc_driver/share/vesc_driver/environment/library_path.sh
-- Up-to-date symlink: /home/chrono/vesc_ws/install/vesc_driver/share/vesc_driver/environment/library_path.dsv
-- Up-to-date symlink: /home/chrono/vesc_ws/install/vesc_driver/lib/libvesc_driver.so
-- Up-to-date symlink: /home/chrono/vesc_ws/install/vesc_driver/lib/vesc_driver/vesc_device_namer
-- Up-to-date symlink: /home/chrono/vesc_ws/install/vesc_driver/share/vesc_driver/launch/vesc_driver_node.launch.py
-- Up-to-date symlink: /home/chrono/vesc_ws/install/vesc_driver/share/vesc_driver/params/vesc_config.yaml
-- Up-to-date symlink: /home/chrono/vesc_ws/install/vesc_driver/share/ament_index/resource_index/package_run_dependencies/vesc_driver
-- Up-to-date symlink: /home/chrono/vesc_ws/install/vesc_driver/share/ament_index/resource_index/parent_prefix_path/vesc_driver
-- Up-to-date symlink: /home/chrono/vesc_ws/install/vesc_driver/share/vesc_driver/environment/ament_prefix_path.sh
-- Up-to-date symlink: /home/chrono/vesc_ws/install/vesc_driver/share/vesc_driver/environment/ament_prefix_path.dsv
-- Up-to-date symlink: /home/chrono/vesc_ws/install/vesc_driver/share/vesc_driver/environment/path.sh
-- Up-to-date symlink: /home/chrono/vesc_ws/install/vesc_driver/share/vesc_driver/environment/path.dsv
-- Up-to-date symlink: /home/chrono/vesc_ws/install/vesc_driver/share/vesc_driver/local_setup.bash
-- Up-to-date symlink: /home/chrono/vesc_ws/install/vesc_driver/share/vesc_driver/local_setup.sh
-- Up-to-date symlink: /home/chrono/vesc_ws/install/vesc_driver/share/vesc_driver/local_setup.zsh
-- Up-to-date symlink: /home/chrono/vesc_ws/install/vesc_driver/share/vesc_driver/local_setup.dsv
-- Symlinking: /home/chrono/vesc_ws/install/vesc_driver/share/vesc_driver/package.dsv
-- Up-to-date symlink: /home/chrono/vesc_ws/install/vesc_driver/share/ament_index/resource_index/packages/vesc_driver
-- Up-to-date symlink: /home/chrono/vesc_ws/install/vesc_driver/share/ament_index/resource_index/rclcpp_components/vesc_driver
-- Up-to-date symlink: /home/chrono/vesc_ws/install/vesc_driver/share/vesc_driver/cmake/ament_cmake_export_dependencies-extras.cmake
-- Up-to-date symlink: /home/chrono/vesc_ws/install/vesc_driver/share/vesc_driver/cmake/ament_cmake_export_include_directories-extras.cmake
-- Up-to-date symlink: /home/chrono/vesc_ws/install/vesc_driver/share/vesc_driver/cmake/ament_cmake_export_libraries-extras.cmake
-- Up-to-date symlink: /home/chrono/vesc_ws/install/vesc_driver/share/vesc_driver/cmake/vesc_driverConfig.cmake
-- Up-to-date symlink: /home/chrono/vesc_ws/install/vesc_driver/share/vesc_driver/cmake/vesc_driverConfig-version.cmake
-- Up-to-date symlink: /home/chrono/vesc_ws/install/vesc_driver/share/vesc_driver/package.xml
