[0.023s] Invoking command in '/home/chrono/vesc_ws/build/vesc_driver': CMAKE_PREFIX_PATH=/home/chrono/vesc_ws/install/vesc_msgs:/home/chrono/vesc_ws/install/vesc:/home/chrono/vesc_ws/install/vesc_driver:/home/chrono/vesc_ws/install/vesc_ackermann:/opt/ros/jazzy/opt/gz_math_vendor:/opt/ros/jazzy/opt/gz_utils_vendor:/opt/ros/jazzy/opt/gz_cmake_vendor:/home/chrono/vesc_ws/install/vesc_slider:/opt/ros/jazzy DEBUGINFOD_URLS=https://debuginfod.ubuntu.com LD_LIBRARY_PATH=/home/chrono/vesc_ws/install/vesc_msgs/lib:/home/chrono/vesc_ws/install/vesc_driver/lib:/home/chrono/vesc_ws/install/vesc_ackermann/lib:/opt/ros/jazzy/opt/rviz_ogre_vendor/lib:/opt/ros/jazzy/lib/aarch64-linux-gnu:/opt/ros/jazzy/opt/gz_math_vendor/lib:/opt/ros/jazzy/opt/gz_utils_vendor/lib:/opt/ros/jazzy/opt/gz_cmake_vendor/lib:/opt/ros/jazzy/lib PYTHONPATH=/home/chrono/vesc_ws/install/vesc_msgs/lib/python3.12/site-packages:/home/chrono/vesc_ws/install/vesc_slider/lib/python3.12/site-packages:/opt/ros/jazzy/lib/python3.12/site-packages /usr/bin/cmake --build /home/chrono/vesc_ws/build/vesc_driver -- -j4 -l4
[0.102s] -- Found ament_cmake_auto: 2.5.4 (/opt/ros/jazzy/share/ament_cmake_auto/cmake)
[0.487s] -- Override CMake install command with custom implementation using symlinks instead of copying resources
[0.760s] -- Found rosidl_generator_c: 4.6.6 (/opt/ros/jazzy/share/rosidl_generator_c/cmake)
[0.774s] -- Found rosidl_generator_cpp: 4.6.6 (/opt/ros/jazzy/share/rosidl_generator_cpp/cmake)
[0.790s] -- Using all available rosidl_typesupport_c: rosidl_typesupport_fastrtps_c;rosidl_typesupport_introspection_c
[0.810s] -- Using all available rosidl_typesupport_cpp: rosidl_typesupport_fastrtps_cpp;rosidl_typesupport_introspection_cpp
[0.939s] -- Found rmw_implementation_cmake: 7.3.2 (/opt/ros/jazzy/share/rmw_implementation_cmake/cmake)
[0.945s] -- Found rmw_fastrtps_cpp: 8.4.3 (/opt/ros/jazzy/share/rmw_fastrtps_cpp/cmake)
[1.073s] -- Using RMW implementation 'rmw_fastrtps_cpp' as default
[1.388s] -- Found asio_cmake_module: 1.2.0 (/opt/ros/jazzy/share/asio_cmake_module/cmake)
[1.535s] -- Found ament_lint_auto: 0.17.3 (/opt/ros/jazzy/share/ament_lint_auto/cmake)
[1.543s] [0mIn this package, headers install destination is set to `include` by ament_auto_package. It is recommended to install `include/vesc_driver` instead and will be the default behavior of ament_auto_package from ROS 2 Kilted Kaiju. On distributions before Kilted, ament_auto_package behaves the same way when you use USE_SCOPED_HEADER_INSTALL_DIR option.[0m
[1.556s] -- Added test 'copyright' to check source files copyright and LICENSE
[1.559s] -- Added test 'cppcheck' to perform static code analysis on C / C++ code
[1.559s] -- Configured cppcheck include dirs: /home/chrono/vesc_ws/src/vesc/vesc_driver/include
[1.559s] -- Configured cppcheck exclude dirs and/or files: 
[1.561s] -- Added test 'cpplint' to check C / C++ code against the Google style
[1.562s] -- Configured cpplint exclude dirs and/or files: 
[1.562s] -- Added test 'flake8' to check Python code syntax and style conventions
[1.562s] -- Configured 'flake8' exclude dirs and/or files: 
[1.563s] -- Added test 'lint_cmake' to check CMake code style
[1.564s] -- Added test 'pep257' to check Python code against some of the docstring style conventions in PEP 257
[1.566s] -- Added test 'uncrustify' to check C / C++ code style
[1.566s] -- Configured uncrustify additional arguments: 
[1.567s] -- Added test 'xmllint' to check XML markup files
[1.581s] -- Configuring done (1.5s)
[1.839s] -- Generating done (0.2s)
[1.864s] -- Build files have been written to: /home/chrono/vesc_ws/build/vesc_driver
[1.955s] [ 20%] Built target vesc_driver_node
[1.981s] [ 30%] [32mBuilding CXX object CMakeFiles/vesc_driver.dir/src/vesc_driver.cpp.o[0m
[2.019s] [ 50%] [32mBuilding CXX object CMakeFiles/vesc_driver.dir/src/vesc_interface.cpp.o[0m
[2.019s] [ 50%] [32mBuilding CXX object CMakeFiles/vesc_driver.dir/src/vesc_packet_factory.cpp.o[0m
[2.022s] [ 60%] [32mBuilding CXX object CMakeFiles/vesc_driver.dir/src/vesc_packet.cpp.o[0m
[22.606s] [ 70%] [32m[1mLinking CXX shared library libvesc_driver.so[0m
[25.385s] [ 70%] Built target vesc_driver
[25.445s] [ 90%] [32mBuilding CXX object CMakeFiles/vesc_device_namer.dir/src/vesc_device_uuid_lookup.cpp.o[0m
[25.445s] [ 90%] [32mBuilding CXX object CMakeFiles/vesc_device_namer.dir/src/vesc_device_namer.cpp.o[0m
[27.466s] [100%] [32m[1mLinking CXX executable vesc_device_namer[0m
[28.558s] [100%] Built target vesc_device_namer
[28.581s] Invoked command in '/home/chrono/vesc_ws/build/vesc_driver' returned '0': CMAKE_PREFIX_PATH=/home/chrono/vesc_ws/install/vesc_msgs:/home/chrono/vesc_ws/install/vesc:/home/chrono/vesc_ws/install/vesc_driver:/home/chrono/vesc_ws/install/vesc_ackermann:/opt/ros/jazzy/opt/gz_math_vendor:/opt/ros/jazzy/opt/gz_utils_vendor:/opt/ros/jazzy/opt/gz_cmake_vendor:/home/chrono/vesc_ws/install/vesc_slider:/opt/ros/jazzy DEBUGINFOD_URLS=https://debuginfod.ubuntu.com LD_LIBRARY_PATH=/home/chrono/vesc_ws/install/vesc_msgs/lib:/home/chrono/vesc_ws/install/vesc_driver/lib:/home/chrono/vesc_ws/install/vesc_ackermann/lib:/opt/ros/jazzy/opt/rviz_ogre_vendor/lib:/opt/ros/jazzy/lib/aarch64-linux-gnu:/opt/ros/jazzy/opt/gz_math_vendor/lib:/opt/ros/jazzy/opt/gz_utils_vendor/lib:/opt/ros/jazzy/opt/gz_cmake_vendor/lib:/opt/ros/jazzy/lib PYTHONPATH=/home/chrono/vesc_ws/install/vesc_msgs/lib/python3.12/site-packages:/home/chrono/vesc_ws/install/vesc_slider/lib/python3.12/site-packages:/opt/ros/jazzy/lib/python3.12/site-packages /usr/bin/cmake --build /home/chrono/vesc_ws/build/vesc_driver -- -j4 -l4
[28.589s] Invoking command in '/home/chrono/vesc_ws/build/vesc_driver': CMAKE_PREFIX_PATH=/home/chrono/vesc_ws/install/vesc_msgs:/home/chrono/vesc_ws/install/vesc:/home/chrono/vesc_ws/install/vesc_driver:/home/chrono/vesc_ws/install/vesc_ackermann:/opt/ros/jazzy/opt/gz_math_vendor:/opt/ros/jazzy/opt/gz_utils_vendor:/opt/ros/jazzy/opt/gz_cmake_vendor:/home/chrono/vesc_ws/install/vesc_slider:/opt/ros/jazzy DEBUGINFOD_URLS=https://debuginfod.ubuntu.com LD_LIBRARY_PATH=/home/chrono/vesc_ws/install/vesc_msgs/lib:/home/chrono/vesc_ws/install/vesc_driver/lib:/home/chrono/vesc_ws/install/vesc_ackermann/lib:/opt/ros/jazzy/opt/rviz_ogre_vendor/lib:/opt/ros/jazzy/lib/aarch64-linux-gnu:/opt/ros/jazzy/opt/gz_math_vendor/lib:/opt/ros/jazzy/opt/gz_utils_vendor/lib:/opt/ros/jazzy/opt/gz_cmake_vendor/lib:/opt/ros/jazzy/lib PYTHONPATH=/home/chrono/vesc_ws/install/vesc_msgs/lib/python3.12/site-packages:/home/chrono/vesc_ws/install/vesc_slider/lib/python3.12/site-packages:/opt/ros/jazzy/lib/python3.12/site-packages /usr/bin/cmake --install /home/chrono/vesc_ws/build/vesc_driver
[28.605s] -- Install configuration: ""
[28.606s] -- Execute custom install script
[28.612s] -- Up-to-date symlink: /home/chrono/vesc_ws/install/vesc_driver/lib/vesc_driver/vesc_driver_node
[28.613s] -- Up-to-date symlink: /home/chrono/vesc_ws/install/vesc_driver/include/vesc_driver/crc.hpp
[28.614s] -- Up-to-date symlink: /home/chrono/vesc_ws/install/vesc_driver/include/vesc_driver/datatypes.hpp
[28.614s] -- Up-to-date symlink: /home/chrono/vesc_ws/install/vesc_driver/include/vesc_driver/vesc_device_uuid_lookup.hpp
[28.615s] -- Up-to-date symlink: /home/chrono/vesc_ws/install/vesc_driver/include/vesc_driver/vesc_driver.hpp
[28.615s] -- Up-to-date symlink: /home/chrono/vesc_ws/install/vesc_driver/include/vesc_driver/vesc_interface.hpp
[28.616s] -- Up-to-date symlink: /home/chrono/vesc_ws/install/vesc_driver/include/vesc_driver/vesc_packet.hpp
[28.616s] -- Up-to-date symlink: /home/chrono/vesc_ws/install/vesc_driver/include/vesc_driver/vesc_packet_factory.hpp
[28.617s] -- Up-to-date symlink: /home/chrono/vesc_ws/install/vesc_driver/share/vesc_driver/environment/library_path.sh
[28.617s] -- Up-to-date symlink: /home/chrono/vesc_ws/install/vesc_driver/share/vesc_driver/environment/library_path.dsv
[28.617s] -- Up-to-date symlink: /home/chrono/vesc_ws/install/vesc_driver/lib/libvesc_driver.so
[28.618s] -- Up-to-date symlink: /home/chrono/vesc_ws/install/vesc_driver/lib/vesc_driver/vesc_device_namer
[28.619s] -- Up-to-date symlink: /home/chrono/vesc_ws/install/vesc_driver/share/vesc_driver/launch/vesc_driver_node.launch.py
[28.620s] -- Up-to-date symlink: /home/chrono/vesc_ws/install/vesc_driver/share/vesc_driver/params/vesc_config.yaml
[28.620s] -- Up-to-date symlink: /home/chrono/vesc_ws/install/vesc_driver/share/ament_index/resource_index/package_run_dependencies/vesc_driver
[28.621s] -- Up-to-date symlink: /home/chrono/vesc_ws/install/vesc_driver/share/ament_index/resource_index/parent_prefix_path/vesc_driver
[28.622s] -- Up-to-date symlink: /home/chrono/vesc_ws/install/vesc_driver/share/vesc_driver/environment/ament_prefix_path.sh
[28.622s] -- Up-to-date symlink: /home/chrono/vesc_ws/install/vesc_driver/share/vesc_driver/environment/ament_prefix_path.dsv
[28.622s] -- Up-to-date symlink: /home/chrono/vesc_ws/install/vesc_driver/share/vesc_driver/environment/path.sh
[28.623s] -- Up-to-date symlink: /home/chrono/vesc_ws/install/vesc_driver/share/vesc_driver/environment/path.dsv
[28.623s] -- Up-to-date symlink: /home/chrono/vesc_ws/install/vesc_driver/share/vesc_driver/local_setup.bash
[28.624s] -- Up-to-date symlink: /home/chrono/vesc_ws/install/vesc_driver/share/vesc_driver/local_setup.sh
[28.624s] -- Up-to-date symlink: /home/chrono/vesc_ws/install/vesc_driver/share/vesc_driver/local_setup.zsh
[28.625s] -- Up-to-date symlink: /home/chrono/vesc_ws/install/vesc_driver/share/vesc_driver/local_setup.dsv
[28.625s] -- Symlinking: /home/chrono/vesc_ws/install/vesc_driver/share/vesc_driver/package.dsv
[28.644s] -- Up-to-date symlink: /home/chrono/vesc_ws/install/vesc_driver/share/ament_index/resource_index/packages/vesc_driver
[28.650s] -- Up-to-date symlink: /home/chrono/vesc_ws/install/vesc_driver/share/ament_index/resource_index/rclcpp_components/vesc_driver
[28.650s] -- Up-to-date symlink: /home/chrono/vesc_ws/install/vesc_driver/share/vesc_driver/cmake/ament_cmake_export_dependencies-extras.cmake
[28.651s] -- Up-to-date symlink: /home/chrono/vesc_ws/install/vesc_driver/share/vesc_driver/cmake/ament_cmake_export_include_directories-extras.cmake
[28.652s] -- Up-to-date symlink: /home/chrono/vesc_ws/install/vesc_driver/share/vesc_driver/cmake/ament_cmake_export_libraries-extras.cmake
[28.652s] -- Up-to-date symlink: /home/chrono/vesc_ws/install/vesc_driver/share/vesc_driver/cmake/vesc_driverConfig.cmake
[28.653s] -- Up-to-date symlink: /home/chrono/vesc_ws/install/vesc_driver/share/vesc_driver/cmake/vesc_driverConfig-version.cmake
[28.653s] -- Up-to-date symlink: /home/chrono/vesc_ws/install/vesc_driver/share/vesc_driver/package.xml
[28.657s] Invoked command in '/home/chrono/vesc_ws/build/vesc_driver' returned '0': CMAKE_PREFIX_PATH=/home/chrono/vesc_ws/install/vesc_msgs:/home/chrono/vesc_ws/install/vesc:/home/chrono/vesc_ws/install/vesc_driver:/home/chrono/vesc_ws/install/vesc_ackermann:/opt/ros/jazzy/opt/gz_math_vendor:/opt/ros/jazzy/opt/gz_utils_vendor:/opt/ros/jazzy/opt/gz_cmake_vendor:/home/chrono/vesc_ws/install/vesc_slider:/opt/ros/jazzy DEBUGINFOD_URLS=https://debuginfod.ubuntu.com LD_LIBRARY_PATH=/home/chrono/vesc_ws/install/vesc_msgs/lib:/home/chrono/vesc_ws/install/vesc_driver/lib:/home/chrono/vesc_ws/install/vesc_ackermann/lib:/opt/ros/jazzy/opt/rviz_ogre_vendor/lib:/opt/ros/jazzy/lib/aarch64-linux-gnu:/opt/ros/jazzy/opt/gz_math_vendor/lib:/opt/ros/jazzy/opt/gz_utils_vendor/lib:/opt/ros/jazzy/opt/gz_cmake_vendor/lib:/opt/ros/jazzy/lib PYTHONPATH=/home/chrono/vesc_ws/install/vesc_msgs/lib/python3.12/site-packages:/home/chrono/vesc_ws/install/vesc_slider/lib/python3.12/site-packages:/opt/ros/jazzy/lib/python3.12/site-packages /usr/bin/cmake --install /home/chrono/vesc_ws/build/vesc_driver
