[0.030s] Invoking command in '/home/chrono/vesc_ws/build/vesc_ackermann': CMAKE_PREFIX_PATH=/home/chrono/vesc_ws/install/vesc_msgs:/home/chrono/vesc_ws/install/vesc_driver:/home/chrono/vesc_ws/install/vesc_ackermann:/opt/ros/jazzy/opt/gz_math_vendor:/opt/ros/jazzy/opt/gz_utils_vendor:/opt/ros/jazzy/opt/gz_cmake_vendor:/home/chrono/vesc_ws/install/vesc_slider:/opt/ros/jazzy DEBUGINFOD_URLS=https://debuginfod.ubuntu.com LD_LIBRARY_PATH=/home/chrono/vesc_ws/install/vesc_msgs/lib:/home/chrono/vesc_ws/install/vesc_driver/lib:/home/chrono/vesc_ws/install/vesc_ackermann/lib:/opt/ros/jazzy/opt/rviz_ogre_vendor/lib:/opt/ros/jazzy/lib/aarch64-linux-gnu:/opt/ros/jazzy/opt/gz_math_vendor/lib:/opt/ros/jazzy/opt/gz_utils_vendor/lib:/opt/ros/jazzy/opt/gz_cmake_vendor/lib:/opt/ros/jazzy/lib PYTHONPATH=/home/chrono/vesc_ws/install/vesc_msgs/lib/python3.12/site-packages:/home/chrono/vesc_ws/install/vesc_slider/lib/python3.12/site-packages:/opt/ros/jazzy/lib/python3.12/site-packages /usr/bin/cmake /home/chrono/vesc_ws/src/vesc/vesc_ackermann -DCMAKE_INSTALL_PREFIX=/home/chrono/vesc_ws/install/vesc_ackermann
[0.060s] -- Found ament_cmake_auto: 2.5.4 (/opt/ros/jazzy/share/ament_cmake_auto/cmake)
[0.449s] -- Override CMake install command with custom implementation using symlinks instead of copying resources
[0.701s] -- Found rosidl_generator_c: 4.6.6 (/opt/ros/jazzy/share/rosidl_generator_c/cmake)
[0.715s] -- Found rosidl_generator_cpp: 4.6.6 (/opt/ros/jazzy/share/rosidl_generator_cpp/cmake)
[0.731s] -- Using all available rosidl_typesupport_c: rosidl_typesupport_fastrtps_c;rosidl_typesupport_introspection_c
[0.750s] -- Using all available rosidl_typesupport_cpp: rosidl_typesupport_fastrtps_cpp;rosidl_typesupport_introspection_cpp
[0.954s] -- Found rmw_implementation_cmake: 7.3.2 (/opt/ros/jazzy/share/rmw_implementation_cmake/cmake)
[0.956s] -- Found rmw_fastrtps_cpp: 8.4.3 (/opt/ros/jazzy/share/rmw_fastrtps_cpp/cmake)
[1.052s] -- Using RMW implementation 'rmw_fastrtps_cpp' as default
[1.432s] -- Found ament_lint_auto: 0.17.3 (/opt/ros/jazzy/share/ament_lint_auto/cmake)
[1.440s] [0mIn this package, headers install destination is set to `include` by ament_auto_package. It is recommended to install `include/vesc_ackermann` instead and will be the default behavior of ament_auto_package from ROS 2 Kilted Kaiju. On distributions before Kilted, ament_auto_package behaves the same way when you use USE_SCOPED_HEADER_INSTALL_DIR option.[0m
[1.449s] -- Added test 'copyright' to check source files copyright and LICENSE
[1.451s] -- Added test 'cppcheck' to perform static code analysis on C / C++ code
[1.451s] -- Configured cppcheck include dirs: /home/chrono/vesc_ws/src/vesc/vesc_ackermann/include
[1.451s] -- Configured cppcheck exclude dirs and/or files: 
[1.453s] -- Added test 'cpplint' to check C / C++ code against the Google style
[1.453s] -- Configured cpplint exclude dirs and/or files: 
[1.454s] -- Added test 'lint_cmake' to check CMake code style
[1.455s] -- Added test 'uncrustify' to check C / C++ code style
[1.455s] -- Configured uncrustify additional arguments: 
[1.456s] -- Added test 'xmllint' to check XML markup files
[1.463s] -- Configuring done (1.4s)
[1.522s] -- Generating done (0.0s)
[1.552s] -- Build files have been written to: /home/chrono/vesc_ws/build/vesc_ackermann
[1.570s] Invoked command in '/home/chrono/vesc_ws/build/vesc_ackermann' returned '0': CMAKE_PREFIX_PATH=/home/chrono/vesc_ws/install/vesc_msgs:/home/chrono/vesc_ws/install/vesc_driver:/home/chrono/vesc_ws/install/vesc_ackermann:/opt/ros/jazzy/opt/gz_math_vendor:/opt/ros/jazzy/opt/gz_utils_vendor:/opt/ros/jazzy/opt/gz_cmake_vendor:/home/chrono/vesc_ws/install/vesc_slider:/opt/ros/jazzy DEBUGINFOD_URLS=https://debuginfod.ubuntu.com LD_LIBRARY_PATH=/home/chrono/vesc_ws/install/vesc_msgs/lib:/home/chrono/vesc_ws/install/vesc_driver/lib:/home/chrono/vesc_ws/install/vesc_ackermann/lib:/opt/ros/jazzy/opt/rviz_ogre_vendor/lib:/opt/ros/jazzy/lib/aarch64-linux-gnu:/opt/ros/jazzy/opt/gz_math_vendor/lib:/opt/ros/jazzy/opt/gz_utils_vendor/lib:/opt/ros/jazzy/opt/gz_cmake_vendor/lib:/opt/ros/jazzy/lib PYTHONPATH=/home/chrono/vesc_ws/install/vesc_msgs/lib/python3.12/site-packages:/home/chrono/vesc_ws/install/vesc_slider/lib/python3.12/site-packages:/opt/ros/jazzy/lib/python3.12/site-packages /usr/bin/cmake /home/chrono/vesc_ws/src/vesc/vesc_ackermann -DCMAKE_INSTALL_PREFIX=/home/chrono/vesc_ws/install/vesc_ackermann
[1.572s] Invoking command in '/home/chrono/vesc_ws/build/vesc_ackermann': CMAKE_PREFIX_PATH=/home/chrono/vesc_ws/install/vesc_msgs:/home/chrono/vesc_ws/install/vesc_driver:/home/chrono/vesc_ws/install/vesc_ackermann:/opt/ros/jazzy/opt/gz_math_vendor:/opt/ros/jazzy/opt/gz_utils_vendor:/opt/ros/jazzy/opt/gz_cmake_vendor:/home/chrono/vesc_ws/install/vesc_slider:/opt/ros/jazzy DEBUGINFOD_URLS=https://debuginfod.ubuntu.com LD_LIBRARY_PATH=/home/chrono/vesc_ws/install/vesc_msgs/lib:/home/chrono/vesc_ws/install/vesc_driver/lib:/home/chrono/vesc_ws/install/vesc_ackermann/lib:/opt/ros/jazzy/opt/rviz_ogre_vendor/lib:/opt/ros/jazzy/lib/aarch64-linux-gnu:/opt/ros/jazzy/opt/gz_math_vendor/lib:/opt/ros/jazzy/opt/gz_utils_vendor/lib:/opt/ros/jazzy/opt/gz_cmake_vendor/lib:/opt/ros/jazzy/lib PYTHONPATH=/home/chrono/vesc_ws/install/vesc_msgs/lib/python3.12/site-packages:/home/chrono/vesc_ws/install/vesc_slider/lib/python3.12/site-packages:/opt/ros/jazzy/lib/python3.12/site-packages /usr/bin/cmake --build /home/chrono/vesc_ws/build/vesc_ackermann -- -j4 -l4
[1.739s] [ 57%] Built target ackermann_to_vesc_node
[1.739s] [ 57%] Built target vesc_to_odom_node
[1.743s] [100%] Built target vesc_ackermann
[1.764s] Invoked command in '/home/chrono/vesc_ws/build/vesc_ackermann' returned '0': CMAKE_PREFIX_PATH=/home/chrono/vesc_ws/install/vesc_msgs:/home/chrono/vesc_ws/install/vesc_driver:/home/chrono/vesc_ws/install/vesc_ackermann:/opt/ros/jazzy/opt/gz_math_vendor:/opt/ros/jazzy/opt/gz_utils_vendor:/opt/ros/jazzy/opt/gz_cmake_vendor:/home/chrono/vesc_ws/install/vesc_slider:/opt/ros/jazzy DEBUGINFOD_URLS=https://debuginfod.ubuntu.com LD_LIBRARY_PATH=/home/chrono/vesc_ws/install/vesc_msgs/lib:/home/chrono/vesc_ws/install/vesc_driver/lib:/home/chrono/vesc_ws/install/vesc_ackermann/lib:/opt/ros/jazzy/opt/rviz_ogre_vendor/lib:/opt/ros/jazzy/lib/aarch64-linux-gnu:/opt/ros/jazzy/opt/gz_math_vendor/lib:/opt/ros/jazzy/opt/gz_utils_vendor/lib:/opt/ros/jazzy/opt/gz_cmake_vendor/lib:/opt/ros/jazzy/lib PYTHONPATH=/home/chrono/vesc_ws/install/vesc_msgs/lib/python3.12/site-packages:/home/chrono/vesc_ws/install/vesc_slider/lib/python3.12/site-packages:/opt/ros/jazzy/lib/python3.12/site-packages /usr/bin/cmake --build /home/chrono/vesc_ws/build/vesc_ackermann -- -j4 -l4
[1.767s] Invoking command in '/home/chrono/vesc_ws/build/vesc_ackermann': CMAKE_PREFIX_PATH=/home/chrono/vesc_ws/install/vesc_msgs:/home/chrono/vesc_ws/install/vesc_driver:/home/chrono/vesc_ws/install/vesc_ackermann:/opt/ros/jazzy/opt/gz_math_vendor:/opt/ros/jazzy/opt/gz_utils_vendor:/opt/ros/jazzy/opt/gz_cmake_vendor:/home/chrono/vesc_ws/install/vesc_slider:/opt/ros/jazzy DEBUGINFOD_URLS=https://debuginfod.ubuntu.com LD_LIBRARY_PATH=/home/chrono/vesc_ws/install/vesc_msgs/lib:/home/chrono/vesc_ws/install/vesc_driver/lib:/home/chrono/vesc_ws/install/vesc_ackermann/lib:/opt/ros/jazzy/opt/rviz_ogre_vendor/lib:/opt/ros/jazzy/lib/aarch64-linux-gnu:/opt/ros/jazzy/opt/gz_math_vendor/lib:/opt/ros/jazzy/opt/gz_utils_vendor/lib:/opt/ros/jazzy/opt/gz_cmake_vendor/lib:/opt/ros/jazzy/lib PYTHONPATH=/home/chrono/vesc_ws/install/vesc_msgs/lib/python3.12/site-packages:/home/chrono/vesc_ws/install/vesc_slider/lib/python3.12/site-packages:/opt/ros/jazzy/lib/python3.12/site-packages /usr/bin/cmake --install /home/chrono/vesc_ws/build/vesc_ackermann
[1.783s] -- Install configuration: ""
[1.784s] -- Execute custom install script
[1.784s] -- Up-to-date symlink: /home/chrono/vesc_ws/install/vesc_ackermann/lib/vesc_ackermann/ackermann_to_vesc_node
[1.785s] -- Up-to-date symlink: /home/chrono/vesc_ws/install/vesc_ackermann/lib/vesc_ackermann/vesc_to_odom_node
[1.786s] -- Up-to-date symlink: /home/chrono/vesc_ws/install/vesc_ackermann/include/vesc_ackermann/ackermann_to_vesc.hpp
[1.786s] -- Up-to-date symlink: /home/chrono/vesc_ws/install/vesc_ackermann/include/vesc_ackermann/vesc_to_odom.hpp
[1.786s] -- Up-to-date symlink: /home/chrono/vesc_ws/install/vesc_ackermann/share/vesc_ackermann/environment/library_path.sh
[1.788s] -- Up-to-date symlink: /home/chrono/vesc_ws/install/vesc_ackermann/share/vesc_ackermann/environment/library_path.dsv
[1.788s] -- Up-to-date symlink: /home/chrono/vesc_ws/install/vesc_ackermann/lib/libvesc_ackermann.so
[1.789s] -- Up-to-date symlink: /home/chrono/vesc_ws/install/vesc_ackermann/share/vesc_ackermann/launch/ackermann_to_vesc_node.launch.xml
[1.789s] -- Up-to-date symlink: /home/chrono/vesc_ws/install/vesc_ackermann/share/vesc_ackermann/launch/vesc_to_odom_node.launch.xml
[1.790s] -- Up-to-date symlink: /home/chrono/vesc_ws/install/vesc_ackermann/share/ament_index/resource_index/package_run_dependencies/vesc_ackermann
[1.790s] -- Up-to-date symlink: /home/chrono/vesc_ws/install/vesc_ackermann/share/ament_index/resource_index/parent_prefix_path/vesc_ackermann
[1.790s] -- Up-to-date symlink: /home/chrono/vesc_ws/install/vesc_ackermann/share/vesc_ackermann/environment/ament_prefix_path.sh
[1.790s] -- Up-to-date symlink: /home/chrono/vesc_ws/install/vesc_ackermann/share/vesc_ackermann/environment/ament_prefix_path.dsv
[1.790s] -- Up-to-date symlink: /home/chrono/vesc_ws/install/vesc_ackermann/share/vesc_ackermann/environment/path.sh
[1.790s] -- Up-to-date symlink: /home/chrono/vesc_ws/install/vesc_ackermann/share/vesc_ackermann/environment/path.dsv
[1.791s] -- Up-to-date symlink: /home/chrono/vesc_ws/install/vesc_ackermann/share/vesc_ackermann/local_setup.bash
[1.791s] -- Up-to-date symlink: /home/chrono/vesc_ws/install/vesc_ackermann/share/vesc_ackermann/local_setup.sh
[1.791s] -- Up-to-date symlink: /home/chrono/vesc_ws/install/vesc_ackermann/share/vesc_ackermann/local_setup.zsh
[1.791s] -- Up-to-date symlink: /home/chrono/vesc_ws/install/vesc_ackermann/share/vesc_ackermann/local_setup.dsv
[1.791s] -- Symlinking: /home/chrono/vesc_ws/install/vesc_ackermann/share/vesc_ackermann/package.dsv
[1.812s] -- Up-to-date symlink: /home/chrono/vesc_ws/install/vesc_ackermann/share/ament_index/resource_index/packages/vesc_ackermann
[1.812s] -- Up-to-date symlink: /home/chrono/vesc_ws/install/vesc_ackermann/share/ament_index/resource_index/rclcpp_components/vesc_ackermann
[1.812s] -- Up-to-date symlink: /home/chrono/vesc_ws/install/vesc_ackermann/share/vesc_ackermann/cmake/ament_cmake_export_dependencies-extras.cmake
[1.812s] -- Up-to-date symlink: /home/chrono/vesc_ws/install/vesc_ackermann/share/vesc_ackermann/cmake/ament_cmake_export_include_directories-extras.cmake
[1.812s] -- Up-to-date symlink: /home/chrono/vesc_ws/install/vesc_ackermann/share/vesc_ackermann/cmake/ament_cmake_export_libraries-extras.cmake
[1.812s] -- Up-to-date symlink: /home/chrono/vesc_ws/install/vesc_ackermann/share/vesc_ackermann/cmake/vesc_ackermannConfig.cmake
[1.813s] -- Up-to-date symlink: /home/chrono/vesc_ws/install/vesc_ackermann/share/vesc_ackermann/cmake/vesc_ackermannConfig-version.cmake
[1.813s] -- Up-to-date symlink: /home/chrono/vesc_ws/install/vesc_ackermann/share/vesc_ackermann/package.xml
[1.817s] Invoked command in '/home/chrono/vesc_ws/build/vesc_ackermann' returned '0': CMAKE_PREFIX_PATH=/home/chrono/vesc_ws/install/vesc_msgs:/home/chrono/vesc_ws/install/vesc_driver:/home/chrono/vesc_ws/install/vesc_ackermann:/opt/ros/jazzy/opt/gz_math_vendor:/opt/ros/jazzy/opt/gz_utils_vendor:/opt/ros/jazzy/opt/gz_cmake_vendor:/home/chrono/vesc_ws/install/vesc_slider:/opt/ros/jazzy DEBUGINFOD_URLS=https://debuginfod.ubuntu.com LD_LIBRARY_PATH=/home/chrono/vesc_ws/install/vesc_msgs/lib:/home/chrono/vesc_ws/install/vesc_driver/lib:/home/chrono/vesc_ws/install/vesc_ackermann/lib:/opt/ros/jazzy/opt/rviz_ogre_vendor/lib:/opt/ros/jazzy/lib/aarch64-linux-gnu:/opt/ros/jazzy/opt/gz_math_vendor/lib:/opt/ros/jazzy/opt/gz_utils_vendor/lib:/opt/ros/jazzy/opt/gz_cmake_vendor/lib:/opt/ros/jazzy/lib PYTHONPATH=/home/chrono/vesc_ws/install/vesc_msgs/lib/python3.12/site-packages:/home/chrono/vesc_ws/install/vesc_slider/lib/python3.12/site-packages:/opt/ros/jazzy/lib/python3.12/site-packages /usr/bin/cmake --install /home/chrono/vesc_ws/build/vesc_ackermann
