[0.020s] Invoking command in '/home/chrono/vesc_ws/build/vesc_driver': CMAKE_PREFIX_PATH=/home/chrono/vesc_ws/install/vesc_msgs:/home/chrono/vesc_ws/install/vesc:/home/chrono/vesc_ws/install/vesc_driver:/home/chrono/vesc_ws/install/vesc_ackermann:/opt/ros/jazzy/opt/gz_math_vendor:/opt/ros/jazzy/opt/gz_utils_vendor:/opt/ros/jazzy/opt/gz_cmake_vendor:/home/chrono/vesc_ws/install/vesc_slider:/opt/ros/jazzy DEBUGINFOD_URLS=https://debuginfod.ubuntu.com LD_LIBRARY_PATH=/home/chrono/vesc_ws/install/vesc_msgs/lib:/home/chrono/vesc_ws/install/vesc_driver/lib:/home/chrono/vesc_ws/install/vesc_ackermann/lib:/opt/ros/jazzy/opt/rviz_ogre_vendor/lib:/opt/ros/jazzy/lib/aarch64-linux-gnu:/opt/ros/jazzy/opt/gz_math_vendor/lib:/opt/ros/jazzy/opt/gz_utils_vendor/lib:/opt/ros/jazzy/opt/gz_cmake_vendor/lib:/opt/ros/jazzy/lib PYTHONPATH=/home/chrono/vesc_ws/install/vesc_msgs/lib/python3.12/site-packages:/home/chrono/vesc_ws/build/vesc_slider:/home/chrono/vesc_ws/install/vesc_slider/lib/python3.12/site-packages:/opt/ros/jazzy/lib/python3.12/site-packages /usr/bin/cmake --build /home/chrono/vesc_ws/build/vesc_driver -- -j4 -l4
[0.124s] [ 20%] Built target vesc_driver_node
[0.144s] [ 70%] Built target vesc_driver
[0.190s] [100%] Built target vesc_device_namer
[0.212s] Invoked command in '/home/chrono/vesc_ws/build/vesc_driver' returned '0': CMAKE_PREFIX_PATH=/home/chrono/vesc_ws/install/vesc_msgs:/home/chrono/vesc_ws/install/vesc:/home/chrono/vesc_ws/install/vesc_driver:/home/chrono/vesc_ws/install/vesc_ackermann:/opt/ros/jazzy/opt/gz_math_vendor:/opt/ros/jazzy/opt/gz_utils_vendor:/opt/ros/jazzy/opt/gz_cmake_vendor:/home/chrono/vesc_ws/install/vesc_slider:/opt/ros/jazzy DEBUGINFOD_URLS=https://debuginfod.ubuntu.com LD_LIBRARY_PATH=/home/chrono/vesc_ws/install/vesc_msgs/lib:/home/chrono/vesc_ws/install/vesc_driver/lib:/home/chrono/vesc_ws/install/vesc_ackermann/lib:/opt/ros/jazzy/opt/rviz_ogre_vendor/lib:/opt/ros/jazzy/lib/aarch64-linux-gnu:/opt/ros/jazzy/opt/gz_math_vendor/lib:/opt/ros/jazzy/opt/gz_utils_vendor/lib:/opt/ros/jazzy/opt/gz_cmake_vendor/lib:/opt/ros/jazzy/lib PYTHONPATH=/home/chrono/vesc_ws/install/vesc_msgs/lib/python3.12/site-packages:/home/chrono/vesc_ws/build/vesc_slider:/home/chrono/vesc_ws/install/vesc_slider/lib/python3.12/site-packages:/opt/ros/jazzy/lib/python3.12/site-packages /usr/bin/cmake --build /home/chrono/vesc_ws/build/vesc_driver -- -j4 -l4
[0.231s] Invoking command in '/home/chrono/vesc_ws/build/vesc_driver': CMAKE_PREFIX_PATH=/home/chrono/vesc_ws/install/vesc_msgs:/home/chrono/vesc_ws/install/vesc:/home/chrono/vesc_ws/install/vesc_driver:/home/chrono/vesc_ws/install/vesc_ackermann:/opt/ros/jazzy/opt/gz_math_vendor:/opt/ros/jazzy/opt/gz_utils_vendor:/opt/ros/jazzy/opt/gz_cmake_vendor:/home/chrono/vesc_ws/install/vesc_slider:/opt/ros/jazzy DEBUGINFOD_URLS=https://debuginfod.ubuntu.com LD_LIBRARY_PATH=/home/chrono/vesc_ws/install/vesc_msgs/lib:/home/chrono/vesc_ws/install/vesc_driver/lib:/home/chrono/vesc_ws/install/vesc_ackermann/lib:/opt/ros/jazzy/opt/rviz_ogre_vendor/lib:/opt/ros/jazzy/lib/aarch64-linux-gnu:/opt/ros/jazzy/opt/gz_math_vendor/lib:/opt/ros/jazzy/opt/gz_utils_vendor/lib:/opt/ros/jazzy/opt/gz_cmake_vendor/lib:/opt/ros/jazzy/lib PYTHONPATH=/home/chrono/vesc_ws/install/vesc_msgs/lib/python3.12/site-packages:/home/chrono/vesc_ws/build/vesc_slider:/home/chrono/vesc_ws/install/vesc_slider/lib/python3.12/site-packages:/opt/ros/jazzy/lib/python3.12/site-packages /usr/bin/cmake --install /home/chrono/vesc_ws/build/vesc_driver
[0.244s] -- Install configuration: ""
[0.246s] -- Execute custom install script
[0.246s] -- Up-to-date symlink: /home/chrono/vesc_ws/install/vesc_driver/lib/vesc_driver/vesc_driver_node
[0.247s] -- Up-to-date symlink: /home/chrono/vesc_ws/install/vesc_driver/include/vesc_driver/crc.hpp
[0.247s] -- Up-to-date symlink: /home/chrono/vesc_ws/install/vesc_driver/include/vesc_driver/datatypes.hpp
[0.247s] -- Up-to-date symlink: /home/chrono/vesc_ws/install/vesc_driver/include/vesc_driver/vesc_device_uuid_lookup.hpp
[0.247s] -- Up-to-date symlink: /home/chrono/vesc_ws/install/vesc_driver/include/vesc_driver/vesc_driver.hpp
[0.247s] -- Up-to-date symlink: /home/chrono/vesc_ws/install/vesc_driver/include/vesc_driver/vesc_interface.hpp
[0.247s] -- Up-to-date symlink: /home/chrono/vesc_ws/install/vesc_driver/include/vesc_driver/vesc_packet.hpp
[0.248s] -- Up-to-date symlink: /home/chrono/vesc_ws/install/vesc_driver/include/vesc_driver/vesc_packet_factory.hpp
[0.248s] -- Up-to-date symlink: /home/chrono/vesc_ws/install/vesc_driver/share/vesc_driver/environment/library_path.sh
[0.248s] -- Up-to-date symlink: /home/chrono/vesc_ws/install/vesc_driver/share/vesc_driver/environment/library_path.dsv
[0.248s] -- Up-to-date symlink: /home/chrono/vesc_ws/install/vesc_driver/lib/libvesc_driver.so
[0.249s] -- Up-to-date symlink: /home/chrono/vesc_ws/install/vesc_driver/lib/vesc_driver/vesc_device_namer
[0.249s] -- Symlinking: /home/chrono/vesc_ws/install/vesc_driver/share/vesc_driver/launch/vesc_bringup.launch.py
[0.267s] -- Up-to-date symlink: /home/chrono/vesc_ws/install/vesc_driver/share/vesc_driver/launch/vesc_driver_node.launch.py
[0.267s] -- Up-to-date symlink: /home/chrono/vesc_ws/install/vesc_driver/share/vesc_driver/params/vesc_config.yaml
[0.267s] -- Up-to-date symlink: /home/chrono/vesc_ws/install/vesc_driver/share/ament_index/resource_index/package_run_dependencies/vesc_driver
[0.267s] -- Up-to-date symlink: /home/chrono/vesc_ws/install/vesc_driver/share/ament_index/resource_index/parent_prefix_path/vesc_driver
[0.268s] -- Up-to-date symlink: /home/chrono/vesc_ws/install/vesc_driver/share/vesc_driver/environment/ament_prefix_path.sh
[0.268s] -- Up-to-date symlink: /home/chrono/vesc_ws/install/vesc_driver/share/vesc_driver/environment/ament_prefix_path.dsv
[0.268s] -- Up-to-date symlink: /home/chrono/vesc_ws/install/vesc_driver/share/vesc_driver/environment/path.sh
[0.268s] -- Up-to-date symlink: /home/chrono/vesc_ws/install/vesc_driver/share/vesc_driver/environment/path.dsv
[0.269s] -- Up-to-date symlink: /home/chrono/vesc_ws/install/vesc_driver/share/vesc_driver/local_setup.bash
[0.269s] -- Up-to-date symlink: /home/chrono/vesc_ws/install/vesc_driver/share/vesc_driver/local_setup.sh
[0.269s] -- Up-to-date symlink: /home/chrono/vesc_ws/install/vesc_driver/share/vesc_driver/local_setup.zsh
[0.269s] -- Up-to-date symlink: /home/chrono/vesc_ws/install/vesc_driver/share/vesc_driver/local_setup.dsv
[0.269s] -- Symlinking: /home/chrono/vesc_ws/install/vesc_driver/share/vesc_driver/package.dsv
[0.287s] -- Up-to-date symlink: /home/chrono/vesc_ws/install/vesc_driver/share/ament_index/resource_index/packages/vesc_driver
[0.287s] -- Up-to-date symlink: /home/chrono/vesc_ws/install/vesc_driver/share/ament_index/resource_index/rclcpp_components/vesc_driver
[0.287s] -- Up-to-date symlink: /home/chrono/vesc_ws/install/vesc_driver/share/vesc_driver/cmake/ament_cmake_export_dependencies-extras.cmake
[0.288s] -- Up-to-date symlink: /home/chrono/vesc_ws/install/vesc_driver/share/vesc_driver/cmake/ament_cmake_export_include_directories-extras.cmake
[0.288s] -- Up-to-date symlink: /home/chrono/vesc_ws/install/vesc_driver/share/vesc_driver/cmake/ament_cmake_export_libraries-extras.cmake
[0.288s] -- Up-to-date symlink: /home/chrono/vesc_ws/install/vesc_driver/share/vesc_driver/cmake/vesc_driverConfig.cmake
[0.288s] -- Up-to-date symlink: /home/chrono/vesc_ws/install/vesc_driver/share/vesc_driver/cmake/vesc_driverConfig-version.cmake
[0.288s] -- Up-to-date symlink: /home/chrono/vesc_ws/install/vesc_driver/share/vesc_driver/package.xml
[0.292s] Invoked command in '/home/chrono/vesc_ws/build/vesc_driver' returned '0': CMAKE_PREFIX_PATH=/home/chrono/vesc_ws/install/vesc_msgs:/home/chrono/vesc_ws/install/vesc:/home/chrono/vesc_ws/install/vesc_driver:/home/chrono/vesc_ws/install/vesc_ackermann:/opt/ros/jazzy/opt/gz_math_vendor:/opt/ros/jazzy/opt/gz_utils_vendor:/opt/ros/jazzy/opt/gz_cmake_vendor:/home/chrono/vesc_ws/install/vesc_slider:/opt/ros/jazzy DEBUGINFOD_URLS=https://debuginfod.ubuntu.com LD_LIBRARY_PATH=/home/chrono/vesc_ws/install/vesc_msgs/lib:/home/chrono/vesc_ws/install/vesc_driver/lib:/home/chrono/vesc_ws/install/vesc_ackermann/lib:/opt/ros/jazzy/opt/rviz_ogre_vendor/lib:/opt/ros/jazzy/lib/aarch64-linux-gnu:/opt/ros/jazzy/opt/gz_math_vendor/lib:/opt/ros/jazzy/opt/gz_utils_vendor/lib:/opt/ros/jazzy/opt/gz_cmake_vendor/lib:/opt/ros/jazzy/lib PYTHONPATH=/home/chrono/vesc_ws/install/vesc_msgs/lib/python3.12/site-packages:/home/chrono/vesc_ws/build/vesc_slider:/home/chrono/vesc_ws/install/vesc_slider/lib/python3.12/site-packages:/opt/ros/jazzy/lib/python3.12/site-packages /usr/bin/cmake --install /home/chrono/vesc_ws/build/vesc_driver
