running egg_info
creating ../../build/vesc_slider/vesc_slider.egg-info
writing ../../build/vesc_slider/vesc_slider.egg-info/PKG-INFO
writing dependency_links to ../../build/vesc_slider/vesc_slider.egg-info/dependency_links.txt
writing entry points to ../../build/vesc_slider/vesc_slider.egg-info/entry_points.txt
writing requirements to ../../build/vesc_slider/vesc_slider.egg-info/requires.txt
writing top-level names to ../../build/vesc_slider/vesc_slider.egg-info/top_level.txt
writing manifest file '../../build/vesc_slider/vesc_slider.egg-info/SOURCES.txt'
reading manifest file '../../build/vesc_slider/vesc_slider.egg-info/SOURCES.txt'
writing manifest file '../../build/vesc_slider/vesc_slider.egg-info/SOURCES.txt'
running build
running build_py
creating /home/chrono/vesc_ws/build/vesc_slider/build
creating /home/chrono/vesc_ws/build/vesc_slider/build/lib
creating /home/chrono/vesc_ws/build/vesc_slider/build/lib/vesc_slider
copying vesc_slider/__init__.py -> /home/chrono/vesc_ws/build/vesc_slider/build/lib/vesc_slider
running install
running install_lib
creating /home/chrono/vesc_ws/install/vesc_slider/lib/python3.12/site-packages/vesc_slider
copying /home/chrono/vesc_ws/build/vesc_slider/build/lib/vesc_slider/__init__.py -> /home/chrono/vesc_ws/install/vesc_slider/lib/python3.12/site-packages/vesc_slider
byte-compiling /home/chrono/vesc_ws/install/vesc_slider/lib/python3.12/site-packages/vesc_slider/__init__.py to __init__.cpython-312.pyc
running install_data
creating /home/chrono/vesc_ws/install/vesc_slider/share/ament_index
creating /home/chrono/vesc_ws/install/vesc_slider/share/ament_index/resource_index
creating /home/chrono/vesc_ws/install/vesc_slider/share/ament_index/resource_index/packages
copying resource/vesc_slider -> /home/chrono/vesc_ws/install/vesc_slider/share/ament_index/resource_index/packages
copying package.xml -> /home/chrono/vesc_ws/install/vesc_slider/share/vesc_slider
running install_egg_info
Copying ../../build/vesc_slider/vesc_slider.egg-info to /home/chrono/vesc_ws/install/vesc_slider/lib/python3.12/site-packages/vesc_slider-0.0.0-py3.12.egg-info
running install_scripts
Installing vesc_slider script to /home/chrono/vesc_ws/install/vesc_slider/lib/vesc_slider
writing list of installed files to '/home/chrono/vesc_ws/build/vesc_slider/install.log'
