[0.137s] DEBUG:colcon:Command line arguments: ['/usr/bin/colcon', 'build', '--symlink-install']
[0.137s] DEBUG:colcon:Parsed command line arguments: Namespace(log_base=None, log_level=None, verb_name='build', build_base='build', install_base='install', merge_install=False, symlink_install=True, test_result_base=None, continue_on_error=False, executor='parallel', parallel_workers=4, event_handlers=None, ignore_user_meta=False, metas=['./colcon.meta'], base_paths=['.'], packages_ignore=None, packages_ignore_regex=None, paths=None, packages_up_to=None, packages_up_to_regex=None, packages_above=None, packages_above_and_dependencies=None, packages_above_depth=None, packages_select_by_dep=None, packages_skip_by_dep=None, packages_skip_up_to=None, packages_select_build_failed=False, packages_skip_build_finished=False, packages_select_test_failures=False, packages_skip_test_passed=False, packages_select=None, packages_skip=None, packages_select_regex=None, packages_skip_regex=None, packages_start=None, packages_end=None, allow_overriding=[], cmake_args=None, cmake_target=None, cmake_target_skip_unavailable=False, cmake_clean_cache=False, cmake_clean_first=False, cmake_force_configure=False, ament_cmake_args=None, catkin_cmake_args=None, catkin_skip_building_tests=False, verb_parser=<colcon_defaults.argument_parser.defaults.DefaultArgumentsDecorator object at 0xffff8e9047a0>, verb_extension=<colcon_core.verb.build.BuildVerb object at 0xffff8f37fa70>, main=<bound method BuildVerb.main of <colcon_core.verb.build.BuildVerb object at 0xffff8f37fa70>>)
[0.191s] Level 1:colcon.colcon_core.package_discovery:discover_packages(colcon_meta) check parameters
[0.191s] Level 1:colcon.colcon_core.package_discovery:discover_packages(recursive) check parameters
[0.191s] Level 1:colcon.colcon_core.package_discovery:discover_packages(ignore) check parameters
[0.192s] Level 1:colcon.colcon_core.package_discovery:discover_packages(path) check parameters
[0.192s] Level 1:colcon.colcon_core.package_discovery:discover_packages(colcon_meta) discover
[0.192s] Level 1:colcon.colcon_core.package_discovery:discover_packages(recursive) discover
[0.192s] INFO:colcon.colcon_core.package_discovery:Crawling recursively for packages in '/home/chrono/vesc_ws'
[0.192s] Level 1:colcon.colcon_core.package_identification:_identify(.) by extensions ['ignore', 'ignore_ament_install']
[0.192s] Level 1:colcon.colcon_core.package_identification:_identify(.) by extension 'ignore'
[0.192s] Level 1:colcon.colcon_core.package_identification:_identify(.) by extension 'ignore_ament_install'
[0.192s] Level 1:colcon.colcon_core.package_identification:_identify(.) by extensions ['colcon_pkg']
[0.192s] Level 1:colcon.colcon_core.package_identification:_identify(.) by extension 'colcon_pkg'
[0.192s] Level 1:colcon.colcon_core.package_identification:_identify(.) by extensions ['colcon_meta']
[0.192s] Level 1:colcon.colcon_core.package_identification:_identify(.) by extension 'colcon_meta'
[0.192s] Level 1:colcon.colcon_core.package_identification:_identify(.) by extensions ['ros']
[0.192s] Level 1:colcon.colcon_core.package_identification:_identify(.) by extension 'ros'
[0.228s] Level 1:colcon.colcon_core.package_identification:_identify(.) by extensions ['cmake', 'python']
[0.228s] Level 1:colcon.colcon_core.package_identification:_identify(.) by extension 'cmake'
[0.228s] Level 1:colcon.colcon_core.package_identification:_identify(.) by extension 'python'
[0.228s] Level 1:colcon.colcon_core.package_identification:_identify(.) by extensions ['python_setup_py']
[0.228s] Level 1:colcon.colcon_core.package_identification:_identify(.) by extension 'python_setup_py'
[0.228s] Level 1:colcon.colcon_core.package_identification:_identify(build) by extensions ['ignore', 'ignore_ament_install']
[0.229s] Level 1:colcon.colcon_core.package_identification:_identify(build) by extension 'ignore'
[0.229s] Level 1:colcon.colcon_core.package_identification:_identify(build) ignored
[0.229s] Level 1:colcon.colcon_core.package_identification:_identify(install) by extensions ['ignore', 'ignore_ament_install']
[0.229s] Level 1:colcon.colcon_core.package_identification:_identify(install) by extension 'ignore'
[0.229s] Level 1:colcon.colcon_core.package_identification:_identify(install) ignored
[0.229s] Level 1:colcon.colcon_core.package_identification:_identify(log) by extensions ['ignore', 'ignore_ament_install']
[0.229s] Level 1:colcon.colcon_core.package_identification:_identify(log) by extension 'ignore'
[0.229s] Level 1:colcon.colcon_core.package_identification:_identify(log) ignored
[0.229s] Level 1:colcon.colcon_core.package_identification:_identify(src) by extensions ['ignore', 'ignore_ament_install']
[0.229s] Level 1:colcon.colcon_core.package_identification:_identify(src) by extension 'ignore'
[0.229s] Level 1:colcon.colcon_core.package_identification:_identify(src) by extension 'ignore_ament_install'
[0.229s] Level 1:colcon.colcon_core.package_identification:_identify(src) by extensions ['colcon_pkg']
[0.229s] Level 1:colcon.colcon_core.package_identification:_identify(src) by extension 'colcon_pkg'
[0.230s] Level 1:colcon.colcon_core.package_identification:_identify(src) by extensions ['colcon_meta']
[0.230s] Level 1:colcon.colcon_core.package_identification:_identify(src) by extension 'colcon_meta'
[0.230s] Level 1:colcon.colcon_core.package_identification:_identify(src) by extensions ['ros']
[0.230s] Level 1:colcon.colcon_core.package_identification:_identify(src) by extension 'ros'
[0.230s] Level 1:colcon.colcon_core.package_identification:_identify(src) by extensions ['cmake', 'python']
[0.230s] Level 1:colcon.colcon_core.package_identification:_identify(src) by extension 'cmake'
[0.230s] Level 1:colcon.colcon_core.package_identification:_identify(src) by extension 'python'
[0.230s] Level 1:colcon.colcon_core.package_identification:_identify(src) by extensions ['python_setup_py']
[0.230s] Level 1:colcon.colcon_core.package_identification:_identify(src) by extension 'python_setup_py'
[0.230s] Level 1:colcon.colcon_core.package_identification:_identify(src/vesc) by extensions ['ignore', 'ignore_ament_install']
[0.230s] Level 1:colcon.colcon_core.package_identification:_identify(src/vesc) by extension 'ignore'
[0.230s] Level 1:colcon.colcon_core.package_identification:_identify(src/vesc) by extension 'ignore_ament_install'
[0.230s] Level 1:colcon.colcon_core.package_identification:_identify(src/vesc) by extensions ['colcon_pkg']
[0.230s] Level 1:colcon.colcon_core.package_identification:_identify(src/vesc) by extension 'colcon_pkg'
[0.230s] Level 1:colcon.colcon_core.package_identification:_identify(src/vesc) by extensions ['colcon_meta']
[0.230s] Level 1:colcon.colcon_core.package_identification:_identify(src/vesc) by extension 'colcon_meta'
[0.230s] Level 1:colcon.colcon_core.package_identification:_identify(src/vesc) by extensions ['ros']
[0.230s] Level 1:colcon.colcon_core.package_identification:_identify(src/vesc) by extension 'ros'
[0.230s] Level 1:colcon.colcon_core.package_identification:_identify(src/vesc) by extensions ['cmake', 'python']
[0.230s] Level 1:colcon.colcon_core.package_identification:_identify(src/vesc) by extension 'cmake'
[0.231s] Level 1:colcon.colcon_core.package_identification:_identify(src/vesc) by extension 'python'
[0.231s] Level 1:colcon.colcon_core.package_identification:_identify(src/vesc) by extensions ['python_setup_py']
[0.231s] Level 1:colcon.colcon_core.package_identification:_identify(src/vesc) by extension 'python_setup_py'
[0.231s] Level 1:colcon.colcon_core.package_identification:_identify(src/vesc/vesc) by extensions ['ignore', 'ignore_ament_install']
[0.231s] Level 1:colcon.colcon_core.package_identification:_identify(src/vesc/vesc) by extension 'ignore'
[0.231s] Level 1:colcon.colcon_core.package_identification:_identify(src/vesc/vesc) by extension 'ignore_ament_install'
[0.231s] Level 1:colcon.colcon_core.package_identification:_identify(src/vesc/vesc) by extensions ['colcon_pkg']
[0.231s] Level 1:colcon.colcon_core.package_identification:_identify(src/vesc/vesc) by extension 'colcon_pkg'
[0.231s] Level 1:colcon.colcon_core.package_identification:_identify(src/vesc/vesc) by extensions ['colcon_meta']
[0.231s] Level 1:colcon.colcon_core.package_identification:_identify(src/vesc/vesc) by extension 'colcon_meta'
[0.231s] Level 1:colcon.colcon_core.package_identification:_identify(src/vesc/vesc) by extensions ['ros']
[0.231s] Level 1:colcon.colcon_core.package_identification:_identify(src/vesc/vesc) by extension 'ros'
[0.236s] DEBUG:colcon.colcon_core.package_identification:Package 'src/vesc/vesc' with type 'ros.ament_cmake' and name 'vesc'
[0.236s] Level 1:colcon.colcon_core.package_identification:_identify(src/vesc/vesc_ackermann) by extensions ['ignore', 'ignore_ament_install']
[0.236s] Level 1:colcon.colcon_core.package_identification:_identify(src/vesc/vesc_ackermann) by extension 'ignore'
[0.236s] Level 1:colcon.colcon_core.package_identification:_identify(src/vesc/vesc_ackermann) by extension 'ignore_ament_install'
[0.237s] Level 1:colcon.colcon_core.package_identification:_identify(src/vesc/vesc_ackermann) by extensions ['colcon_pkg']
[0.237s] Level 1:colcon.colcon_core.package_identification:_identify(src/vesc/vesc_ackermann) by extension 'colcon_pkg'
[0.237s] Level 1:colcon.colcon_core.package_identification:_identify(src/vesc/vesc_ackermann) by extensions ['colcon_meta']
[0.237s] Level 1:colcon.colcon_core.package_identification:_identify(src/vesc/vesc_ackermann) by extension 'colcon_meta'
[0.237s] Level 1:colcon.colcon_core.package_identification:_identify(src/vesc/vesc_ackermann) by extensions ['ros']
[0.237s] Level 1:colcon.colcon_core.package_identification:_identify(src/vesc/vesc_ackermann) by extension 'ros'
[0.238s] DEBUG:colcon.colcon_core.package_identification:Package 'src/vesc/vesc_ackermann' with type 'ros.ament_cmake' and name 'vesc_ackermann'
[0.238s] Level 1:colcon.colcon_core.package_identification:_identify(src/vesc/vesc_driver) by extensions ['ignore', 'ignore_ament_install']
[0.238s] Level 1:colcon.colcon_core.package_identification:_identify(src/vesc/vesc_driver) by extension 'ignore'
[0.238s] Level 1:colcon.colcon_core.package_identification:_identify(src/vesc/vesc_driver) by extension 'ignore_ament_install'
[0.238s] Level 1:colcon.colcon_core.package_identification:_identify(src/vesc/vesc_driver) by extensions ['colcon_pkg']
[0.238s] Level 1:colcon.colcon_core.package_identification:_identify(src/vesc/vesc_driver) by extension 'colcon_pkg'
[0.238s] Level 1:colcon.colcon_core.package_identification:_identify(src/vesc/vesc_driver) by extensions ['colcon_meta']
[0.238s] Level 1:colcon.colcon_core.package_identification:_identify(src/vesc/vesc_driver) by extension 'colcon_meta'
[0.239s] Level 1:colcon.colcon_core.package_identification:_identify(src/vesc/vesc_driver) by extensions ['ros']
[0.239s] Level 1:colcon.colcon_core.package_identification:_identify(src/vesc/vesc_driver) by extension 'ros'
[0.240s] DEBUG:colcon.colcon_core.package_identification:Package 'src/vesc/vesc_driver' with type 'ros.ament_cmake' and name 'vesc_driver'
[0.240s] Level 1:colcon.colcon_core.package_identification:_identify(src/vesc/vesc_msgs) by extensions ['ignore', 'ignore_ament_install']
[0.240s] Level 1:colcon.colcon_core.package_identification:_identify(src/vesc/vesc_msgs) by extension 'ignore'
[0.240s] Level 1:colcon.colcon_core.package_identification:_identify(src/vesc/vesc_msgs) by extension 'ignore_ament_install'
[0.240s] Level 1:colcon.colcon_core.package_identification:_identify(src/vesc/vesc_msgs) by extensions ['colcon_pkg']
[0.240s] Level 1:colcon.colcon_core.package_identification:_identify(src/vesc/vesc_msgs) by extension 'colcon_pkg'
[0.240s] Level 1:colcon.colcon_core.package_identification:_identify(src/vesc/vesc_msgs) by extensions ['colcon_meta']
[0.240s] Level 1:colcon.colcon_core.package_identification:_identify(src/vesc/vesc_msgs) by extension 'colcon_meta'
[0.240s] Level 1:colcon.colcon_core.package_identification:_identify(src/vesc/vesc_msgs) by extensions ['ros']
[0.240s] Level 1:colcon.colcon_core.package_identification:_identify(src/vesc/vesc_msgs) by extension 'ros'
[0.241s] DEBUG:colcon.colcon_core.package_identification:Package 'src/vesc/vesc_msgs' with type 'ros.ament_cmake' and name 'vesc_msgs'
[0.241s] Level 1:colcon.colcon_core.package_discovery:discover_packages(recursive) using defaults
[0.241s] Level 1:colcon.colcon_core.package_discovery:discover_packages(ignore) discover
[0.241s] Level 1:colcon.colcon_core.package_discovery:discover_packages(ignore) using defaults
[0.241s] Level 1:colcon.colcon_core.package_discovery:discover_packages(path) discover
[0.241s] Level 1:colcon.colcon_core.package_discovery:discover_packages(path) using defaults
[0.265s] Level 1:colcon.colcon_core.package_discovery:discover_packages(prefix_path) check parameters
[0.265s] Level 1:colcon.colcon_core.package_discovery:discover_packages(prefix_path) discover
[0.267s] DEBUG:colcon.colcon_installed_package_information.package_discovery:Found 0 installed packages in /home/chrono/vesc_ws/install
[0.269s] DEBUG:colcon.colcon_installed_package_information.package_discovery:Found 289 installed packages in /opt/ros/jazzy
[0.270s] Level 1:colcon.colcon_core.package_discovery:discover_packages(prefix_path) using defaults
[0.330s] Level 5:colcon.colcon_core.verb:set package 'vesc_msgs' build argument 'cmake_args' from command line to 'None'
[0.330s] Level 5:colcon.colcon_core.verb:set package 'vesc_msgs' build argument 'cmake_target' from command line to 'None'
[0.330s] Level 5:colcon.colcon_core.verb:set package 'vesc_msgs' build argument 'cmake_target_skip_unavailable' from command line to 'False'
[0.330s] Level 5:colcon.colcon_core.verb:set package 'vesc_msgs' build argument 'cmake_clean_cache' from command line to 'False'
[0.330s] Level 5:colcon.colcon_core.verb:set package 'vesc_msgs' build argument 'cmake_clean_first' from command line to 'False'
[0.330s] Level 5:colcon.colcon_core.verb:set package 'vesc_msgs' build argument 'cmake_force_configure' from command line to 'False'
[0.330s] Level 5:colcon.colcon_core.verb:set package 'vesc_msgs' build argument 'ament_cmake_args' from command line to 'None'
[0.330s] Level 5:colcon.colcon_core.verb:set package 'vesc_msgs' build argument 'catkin_cmake_args' from command line to 'None'
[0.330s] Level 5:colcon.colcon_core.verb:set package 'vesc_msgs' build argument 'catkin_skip_building_tests' from command line to 'False'
[0.330s] DEBUG:colcon.colcon_core.verb:Building package 'vesc_msgs' with the following arguments: {'ament_cmake_args': None, 'build_base': '/home/chrono/vesc_ws/build/vesc_msgs', 'catkin_cmake_args': None, 'catkin_skip_building_tests': False, 'cmake_args': None, 'cmake_clean_cache': False, 'cmake_clean_first': False, 'cmake_force_configure': False, 'cmake_target': None, 'cmake_target_skip_unavailable': False, 'install_base': '/home/chrono/vesc_ws/install/vesc_msgs', 'merge_install': False, 'path': '/home/chrono/vesc_ws/src/vesc/vesc_msgs', 'symlink_install': True, 'test_result_base': None}
[0.330s] Level 5:colcon.colcon_core.verb:set package 'vesc_ackermann' build argument 'cmake_args' from command line to 'None'
[0.330s] Level 5:colcon.colcon_core.verb:set package 'vesc_ackermann' build argument 'cmake_target' from command line to 'None'
[0.330s] Level 5:colcon.colcon_core.verb:set package 'vesc_ackermann' build argument 'cmake_target_skip_unavailable' from command line to 'False'
[0.331s] Level 5:colcon.colcon_core.verb:set package 'vesc_ackermann' build argument 'cmake_clean_cache' from command line to 'False'
[0.331s] Level 5:colcon.colcon_core.verb:set package 'vesc_ackermann' build argument 'cmake_clean_first' from command line to 'False'
[0.331s] Level 5:colcon.colcon_core.verb:set package 'vesc_ackermann' build argument 'cmake_force_configure' from command line to 'False'
[0.331s] Level 5:colcon.colcon_core.verb:set package 'vesc_ackermann' build argument 'ament_cmake_args' from command line to 'None'
[0.331s] Level 5:colcon.colcon_core.verb:set package 'vesc_ackermann' build argument 'catkin_cmake_args' from command line to 'None'
[0.331s] Level 5:colcon.colcon_core.verb:set package 'vesc_ackermann' build argument 'catkin_skip_building_tests' from command line to 'False'
[0.331s] DEBUG:colcon.colcon_core.verb:Building package 'vesc_ackermann' with the following arguments: {'ament_cmake_args': None, 'build_base': '/home/chrono/vesc_ws/build/vesc_ackermann', 'catkin_cmake_args': None, 'catkin_skip_building_tests': False, 'cmake_args': None, 'cmake_clean_cache': False, 'cmake_clean_first': False, 'cmake_force_configure': False, 'cmake_target': None, 'cmake_target_skip_unavailable': False, 'install_base': '/home/chrono/vesc_ws/install/vesc_ackermann', 'merge_install': False, 'path': '/home/chrono/vesc_ws/src/vesc/vesc_ackermann', 'symlink_install': True, 'test_result_base': None}
[0.331s] Level 5:colcon.colcon_core.verb:set package 'vesc_driver' build argument 'cmake_args' from command line to 'None'
[0.331s] Level 5:colcon.colcon_core.verb:set package 'vesc_driver' build argument 'cmake_target' from command line to 'None'
[0.331s] Level 5:colcon.colcon_core.verb:set package 'vesc_driver' build argument 'cmake_target_skip_unavailable' from command line to 'False'
[0.331s] Level 5:colcon.colcon_core.verb:set package 'vesc_driver' build argument 'cmake_clean_cache' from command line to 'False'
[0.331s] Level 5:colcon.colcon_core.verb:set package 'vesc_driver' build argument 'cmake_clean_first' from command line to 'False'
[0.331s] Level 5:colcon.colcon_core.verb:set package 'vesc_driver' build argument 'cmake_force_configure' from command line to 'False'
[0.331s] Level 5:colcon.colcon_core.verb:set package 'vesc_driver' build argument 'ament_cmake_args' from command line to 'None'
[0.331s] Level 5:colcon.colcon_core.verb:set package 'vesc_driver' build argument 'catkin_cmake_args' from command line to 'None'
[0.331s] Level 5:colcon.colcon_core.verb:set package 'vesc_driver' build argument 'catkin_skip_building_tests' from command line to 'False'
[0.331s] DEBUG:colcon.colcon_core.verb:Building package 'vesc_driver' with the following arguments: {'ament_cmake_args': None, 'build_base': '/home/chrono/vesc_ws/build/vesc_driver', 'catkin_cmake_args': None, 'catkin_skip_building_tests': False, 'cmake_args': None, 'cmake_clean_cache': False, 'cmake_clean_first': False, 'cmake_force_configure': False, 'cmake_target': None, 'cmake_target_skip_unavailable': False, 'install_base': '/home/chrono/vesc_ws/install/vesc_driver', 'merge_install': False, 'path': '/home/chrono/vesc_ws/src/vesc/vesc_driver', 'symlink_install': True, 'test_result_base': None}
[0.331s] Level 5:colcon.colcon_core.verb:set package 'vesc' build argument 'cmake_args' from command line to 'None'
[0.332s] Level 5:colcon.colcon_core.verb:set package 'vesc' build argument 'cmake_target' from command line to 'None'
[0.332s] Level 5:colcon.colcon_core.verb:set package 'vesc' build argument 'cmake_target_skip_unavailable' from command line to 'False'
[0.332s] Level 5:colcon.colcon_core.verb:set package 'vesc' build argument 'cmake_clean_cache' from command line to 'False'
[0.332s] Level 5:colcon.colcon_core.verb:set package 'vesc' build argument 'cmake_clean_first' from command line to 'False'
[0.332s] Level 5:colcon.colcon_core.verb:set package 'vesc' build argument 'cmake_force_configure' from command line to 'False'
[0.332s] Level 5:colcon.colcon_core.verb:set package 'vesc' build argument 'ament_cmake_args' from command line to 'None'
[0.332s] Level 5:colcon.colcon_core.verb:set package 'vesc' build argument 'catkin_cmake_args' from command line to 'None'
[0.332s] Level 5:colcon.colcon_core.verb:set package 'vesc' build argument 'catkin_skip_building_tests' from command line to 'False'
[0.332s] DEBUG:colcon.colcon_core.verb:Building package 'vesc' with the following arguments: {'ament_cmake_args': None, 'build_base': '/home/chrono/vesc_ws/build/vesc', 'catkin_cmake_args': None, 'catkin_skip_building_tests': False, 'cmake_args': None, 'cmake_clean_cache': False, 'cmake_clean_first': False, 'cmake_force_configure': False, 'cmake_target': None, 'cmake_target_skip_unavailable': False, 'install_base': '/home/chrono/vesc_ws/install/vesc', 'merge_install': False, 'path': '/home/chrono/vesc_ws/src/vesc/vesc', 'symlink_install': True, 'test_result_base': None}
[0.332s] INFO:colcon.colcon_core.executor:Executing jobs using 'parallel' executor
[0.333s] DEBUG:colcon.colcon_parallel_executor.executor.parallel:run_until_complete
[0.333s] INFO:colcon.colcon_ros.task.ament_cmake.build:Building ROS package in '/home/chrono/vesc_ws/src/vesc/vesc_msgs' with build type 'ament_cmake'
[0.334s] INFO:colcon.colcon_cmake.task.cmake.build:Building CMake package in '/home/chrono/vesc_ws/src/vesc/vesc_msgs'
[0.336s] INFO:colcon.colcon_core.plugin_system:Skipping extension 'colcon_core.shell.bat': Not used on non-Windows systems
[0.336s] INFO:colcon.colcon_core.shell:Skip shell extension 'powershell' for command environment: Not usable outside of PowerShell
[0.336s] DEBUG:colcon.colcon_core.shell:Skip shell extension 'dsv' for command environment
[0.346s] DEBUG:colcon.colcon_core.event_handler.log_command:Invoking command in '/home/chrono/vesc_ws/build/vesc_msgs': CMAKE_PREFIX_PATH=${CMAKE_PREFIX_PATH}:/opt/ros/jazzy DEBUGINFOD_URLS=https://debuginfod.ubuntu.com /usr/bin/cmake /home/chrono/vesc_ws/src/vesc/vesc_msgs -DAMENT_CMAKE_SYMLINK_INSTALL=1 -DCMAKE_INSTALL_PREFIX=/home/chrono/vesc_ws/install/vesc_msgs
[5.777s] DEBUG:colcon.colcon_core.event_handler.log_command:Invoked command in '/home/chrono/vesc_ws/build/vesc_msgs' returned '0': CMAKE_PREFIX_PATH=${CMAKE_PREFIX_PATH}:/opt/ros/jazzy DEBUGINFOD_URLS=https://debuginfod.ubuntu.com /usr/bin/cmake /home/chrono/vesc_ws/src/vesc/vesc_msgs -DAMENT_CMAKE_SYMLINK_INSTALL=1 -DCMAKE_INSTALL_PREFIX=/home/chrono/vesc_ws/install/vesc_msgs
[5.779s] DEBUG:colcon.colcon_core.event_handler.log_command:Invoking command in '/home/chrono/vesc_ws/build/vesc_msgs': CMAKE_PREFIX_PATH=${CMAKE_PREFIX_PATH}:/opt/ros/jazzy DEBUGINFOD_URLS=https://debuginfod.ubuntu.com /usr/bin/cmake --build /home/chrono/vesc_ws/build/vesc_msgs -- -j4 -l4
[16.280s] DEBUG:colcon.colcon_core.event_handler.log_command:Invoked command in '/home/chrono/vesc_ws/build/vesc_msgs' returned '0': CMAKE_PREFIX_PATH=${CMAKE_PREFIX_PATH}:/opt/ros/jazzy DEBUGINFOD_URLS=https://debuginfod.ubuntu.com /usr/bin/cmake --build /home/chrono/vesc_ws/build/vesc_msgs -- -j4 -l4
[16.299s] DEBUG:colcon.colcon_core.event_handler.log_command:Invoking command in '/home/chrono/vesc_ws/build/vesc_msgs': CMAKE_PREFIX_PATH=${CMAKE_PREFIX_PATH}:/opt/ros/jazzy DEBUGINFOD_URLS=https://debuginfod.ubuntu.com /usr/bin/cmake --install /home/chrono/vesc_ws/build/vesc_msgs
[18.362s] Level 1:colcon.colcon_core.environment:create_environment_scripts_only(vesc_msgs)
[18.363s] DEBUG:colcon.colcon_core.event_handler.log_command:Invoked command in '/home/chrono/vesc_ws/build/vesc_msgs' returned '0': CMAKE_PREFIX_PATH=${CMAKE_PREFIX_PATH}:/opt/ros/jazzy DEBUGINFOD_URLS=https://debuginfod.ubuntu.com /usr/bin/cmake --install /home/chrono/vesc_ws/build/vesc_msgs
[18.366s] Level 1:colcon.colcon_core.environment:checking '/home/chrono/vesc_ws/install/vesc_msgs' for CMake module files
[18.367s] Level 1:colcon.colcon_core.environment:checking '/home/chrono/vesc_ws/install/vesc_msgs' for CMake config files
[18.367s] Level 1:colcon.colcon_core.shell:create_environment_hook('vesc_msgs', 'cmake_prefix_path')
[18.367s] INFO:colcon.colcon_core.shell:Creating environment hook '/home/chrono/vesc_ws/install/vesc_msgs/share/vesc_msgs/hook/cmake_prefix_path.ps1'
[18.368s] INFO:colcon.colcon_core.shell:Creating environment descriptor '/home/chrono/vesc_ws/install/vesc_msgs/share/vesc_msgs/hook/cmake_prefix_path.dsv'
[18.369s] INFO:colcon.colcon_core.shell:Creating environment hook '/home/chrono/vesc_ws/install/vesc_msgs/share/vesc_msgs/hook/cmake_prefix_path.sh'
[18.370s] Level 1:colcon.colcon_core.environment:checking '/home/chrono/vesc_ws/install/vesc_msgs/lib'
[18.370s] Level 1:colcon.colcon_core.shell:create_environment_hook('vesc_msgs', 'ld_library_path_lib')
[18.370s] INFO:colcon.colcon_core.shell:Creating environment hook '/home/chrono/vesc_ws/install/vesc_msgs/share/vesc_msgs/hook/ld_library_path_lib.ps1'
[18.371s] INFO:colcon.colcon_core.shell:Creating environment descriptor '/home/chrono/vesc_ws/install/vesc_msgs/share/vesc_msgs/hook/ld_library_path_lib.dsv'
[18.371s] INFO:colcon.colcon_core.shell:Creating environment hook '/home/chrono/vesc_ws/install/vesc_msgs/share/vesc_msgs/hook/ld_library_path_lib.sh'
[18.372s] Level 1:colcon.colcon_core.environment:checking '/home/chrono/vesc_ws/install/vesc_msgs/bin'
[18.372s] Level 1:colcon.colcon_core.environment:checking '/home/chrono/vesc_ws/install/vesc_msgs/lib/pkgconfig/vesc_msgs.pc'
[18.372s] Level 1:colcon.colcon_core.environment:checking '/home/chrono/vesc_ws/install/vesc_msgs/lib/python3.12/site-packages'
[18.372s] Level 1:colcon.colcon_core.shell:create_environment_hook('vesc_msgs', 'pythonpath')
[18.373s] INFO:colcon.colcon_core.shell:Creating environment hook '/home/chrono/vesc_ws/install/vesc_msgs/share/vesc_msgs/hook/pythonpath.ps1'
[18.373s] INFO:colcon.colcon_core.shell:Creating environment descriptor '/home/chrono/vesc_ws/install/vesc_msgs/share/vesc_msgs/hook/pythonpath.dsv'
[18.373s] INFO:colcon.colcon_core.shell:Creating environment hook '/home/chrono/vesc_ws/install/vesc_msgs/share/vesc_msgs/hook/pythonpath.sh'
[18.374s] Level 1:colcon.colcon_core.environment:checking '/home/chrono/vesc_ws/install/vesc_msgs/bin'
[18.375s] INFO:colcon.colcon_core.shell:Creating package script '/home/chrono/vesc_ws/install/vesc_msgs/share/vesc_msgs/package.ps1'
[18.376s] INFO:colcon.colcon_core.shell:Creating package descriptor '/home/chrono/vesc_ws/install/vesc_msgs/share/vesc_msgs/package.dsv'
[18.377s] INFO:colcon.colcon_core.shell:Creating package script '/home/chrono/vesc_ws/install/vesc_msgs/share/vesc_msgs/package.sh'
[18.378s] INFO:colcon.colcon_core.shell:Creating package script '/home/chrono/vesc_ws/install/vesc_msgs/share/vesc_msgs/package.bash'
[18.378s] INFO:colcon.colcon_core.shell:Creating package script '/home/chrono/vesc_ws/install/vesc_msgs/share/vesc_msgs/package.zsh'
[18.379s] Level 1:colcon.colcon_core.environment:create_file_with_runtime_dependencies(/home/chrono/vesc_ws/install/vesc_msgs/share/colcon-core/packages/vesc_msgs)
[18.380s] Level 1:colcon.colcon_core.environment:create_environment_scripts_only(vesc_msgs)
[18.380s] Level 1:colcon.colcon_core.environment:checking '/home/chrono/vesc_ws/install/vesc_msgs' for CMake module files
[18.381s] Level 1:colcon.colcon_core.environment:checking '/home/chrono/vesc_ws/install/vesc_msgs' for CMake config files
[18.382s] Level 1:colcon.colcon_core.shell:create_environment_hook('vesc_msgs', 'cmake_prefix_path')
[18.382s] INFO:colcon.colcon_core.shell:Creating environment hook '/home/chrono/vesc_ws/install/vesc_msgs/share/vesc_msgs/hook/cmake_prefix_path.ps1'
[18.382s] INFO:colcon.colcon_core.shell:Creating environment descriptor '/home/chrono/vesc_ws/install/vesc_msgs/share/vesc_msgs/hook/cmake_prefix_path.dsv'
[18.388s] INFO:colcon.colcon_core.shell:Creating environment hook '/home/chrono/vesc_ws/install/vesc_msgs/share/vesc_msgs/hook/cmake_prefix_path.sh'
[18.389s] Level 1:colcon.colcon_core.environment:checking '/home/chrono/vesc_ws/install/vesc_msgs/lib'
[18.389s] Level 1:colcon.colcon_core.shell:create_environment_hook('vesc_msgs', 'ld_library_path_lib')
[18.390s] INFO:colcon.colcon_core.shell:Creating environment hook '/home/chrono/vesc_ws/install/vesc_msgs/share/vesc_msgs/hook/ld_library_path_lib.ps1'
[18.390s] INFO:colcon.colcon_core.shell:Creating environment descriptor '/home/chrono/vesc_ws/install/vesc_msgs/share/vesc_msgs/hook/ld_library_path_lib.dsv'
[18.392s] INFO:colcon.colcon_core.shell:Creating environment hook '/home/chrono/vesc_ws/install/vesc_msgs/share/vesc_msgs/hook/ld_library_path_lib.sh'
[18.393s] Level 1:colcon.colcon_core.environment:checking '/home/chrono/vesc_ws/install/vesc_msgs/bin'
[18.393s] Level 1:colcon.colcon_core.environment:checking '/home/chrono/vesc_ws/install/vesc_msgs/lib/pkgconfig/vesc_msgs.pc'
[18.393s] Level 1:colcon.colcon_core.environment:checking '/home/chrono/vesc_ws/install/vesc_msgs/lib/python3.12/site-packages'
[18.393s] Level 1:colcon.colcon_core.shell:create_environment_hook('vesc_msgs', 'pythonpath')
[18.394s] INFO:colcon.colcon_core.shell:Creating environment hook '/home/chrono/vesc_ws/install/vesc_msgs/share/vesc_msgs/hook/pythonpath.ps1'
[18.394s] INFO:colcon.colcon_core.shell:Creating environment descriptor '/home/chrono/vesc_ws/install/vesc_msgs/share/vesc_msgs/hook/pythonpath.dsv'
[18.395s] INFO:colcon.colcon_core.shell:Creating environment hook '/home/chrono/vesc_ws/install/vesc_msgs/share/vesc_msgs/hook/pythonpath.sh'
[18.396s] Level 1:colcon.colcon_core.environment:checking '/home/chrono/vesc_ws/install/vesc_msgs/bin'
[18.397s] INFO:colcon.colcon_core.shell:Creating package script '/home/chrono/vesc_ws/install/vesc_msgs/share/vesc_msgs/package.ps1'
[18.397s] INFO:colcon.colcon_core.shell:Creating package descriptor '/home/chrono/vesc_ws/install/vesc_msgs/share/vesc_msgs/package.dsv'
[18.399s] INFO:colcon.colcon_core.shell:Creating package script '/home/chrono/vesc_ws/install/vesc_msgs/share/vesc_msgs/package.sh'
[18.400s] INFO:colcon.colcon_core.shell:Creating package script '/home/chrono/vesc_ws/install/vesc_msgs/share/vesc_msgs/package.bash'
[18.401s] INFO:colcon.colcon_core.shell:Creating package script '/home/chrono/vesc_ws/install/vesc_msgs/share/vesc_msgs/package.zsh'
[18.401s] Level 1:colcon.colcon_core.environment:create_file_with_runtime_dependencies(/home/chrono/vesc_ws/install/vesc_msgs/share/colcon-core/packages/vesc_msgs)
[18.402s] INFO:colcon.colcon_ros.task.ament_cmake.build:Building ROS package in '/home/chrono/vesc_ws/src/vesc/vesc_ackermann' with build type 'ament_cmake'
[18.403s] INFO:colcon.colcon_cmake.task.cmake.build:Building CMake package in '/home/chrono/vesc_ws/src/vesc/vesc_ackermann'
[18.403s] INFO:colcon.colcon_core.shell:Skip shell extension 'powershell' for command environment: Not usable outside of PowerShell
[18.403s] DEBUG:colcon.colcon_core.shell:Skip shell extension 'dsv' for command environment
[18.408s] INFO:colcon.colcon_ros.task.ament_cmake.build:Building ROS package in '/home/chrono/vesc_ws/src/vesc/vesc_driver' with build type 'ament_cmake'
[18.408s] INFO:colcon.colcon_cmake.task.cmake.build:Building CMake package in '/home/chrono/vesc_ws/src/vesc/vesc_driver'
[18.408s] INFO:colcon.colcon_core.shell:Skip shell extension 'powershell' for command environment: Not usable outside of PowerShell
[18.408s] DEBUG:colcon.colcon_core.shell:Skip shell extension 'dsv' for command environment
[18.418s] DEBUG:colcon.colcon_core.event_handler.log_command:Invoking command in '/home/chrono/vesc_ws/build/vesc_ackermann': AMENT_PREFIX_PATH=/home/chrono/vesc_ws/install/vesc_msgs:${AMENT_PREFIX_PATH} CMAKE_PREFIX_PATH=/home/chrono/vesc_ws/install/vesc_msgs:/opt/ros/jazzy/opt/gz_math_vendor:/opt/ros/jazzy/opt/gz_utils_vendor:/opt/ros/jazzy/opt/gz_cmake_vendor:/opt/ros/jazzy DEBUGINFOD_URLS=https://debuginfod.ubuntu.com LD_LIBRARY_PATH=/home/chrono/vesc_ws/install/vesc_msgs/lib:${LD_LIBRARY_PATH} PYTHONPATH=/home/chrono/vesc_ws/install/vesc_msgs/lib/python3.12/site-packages:${PYTHONPATH} /usr/bin/cmake /home/chrono/vesc_ws/src/vesc/vesc_ackermann -DAMENT_CMAKE_SYMLINK_INSTALL=1 -DCMAKE_INSTALL_PREFIX=/home/chrono/vesc_ws/install/vesc_ackermann
[18.423s] DEBUG:colcon.colcon_core.event_handler.log_command:Invoking command in '/home/chrono/vesc_ws/build/vesc_driver': AMENT_PREFIX_PATH=/home/chrono/vesc_ws/install/vesc_msgs:${AMENT_PREFIX_PATH} CMAKE_PREFIX_PATH=/home/chrono/vesc_ws/install/vesc_msgs:/opt/ros/jazzy/opt/gz_math_vendor:/opt/ros/jazzy/opt/gz_utils_vendor:/opt/ros/jazzy/opt/gz_cmake_vendor:/opt/ros/jazzy DEBUGINFOD_URLS=https://debuginfod.ubuntu.com LD_LIBRARY_PATH=/home/chrono/vesc_ws/install/vesc_msgs/lib:${LD_LIBRARY_PATH} PYTHONPATH=/home/chrono/vesc_ws/install/vesc_msgs/lib/python3.12/site-packages:${PYTHONPATH} /usr/bin/cmake /home/chrono/vesc_ws/src/vesc/vesc_driver -DAMENT_CMAKE_SYMLINK_INSTALL=1 -DCMAKE_INSTALL_PREFIX=/home/chrono/vesc_ws/install/vesc_driver
[20.399s] DEBUG:colcon.colcon_core.event_handler.log_command:Invoked command in '/home/chrono/vesc_ws/build/vesc_driver' returned '1': AMENT_PREFIX_PATH=/home/chrono/vesc_ws/install/vesc_msgs:${AMENT_PREFIX_PATH} CMAKE_PREFIX_PATH=/home/chrono/vesc_ws/install/vesc_msgs:/opt/ros/jazzy/opt/gz_math_vendor:/opt/ros/jazzy/opt/gz_utils_vendor:/opt/ros/jazzy/opt/gz_cmake_vendor:/opt/ros/jazzy DEBUGINFOD_URLS=https://debuginfod.ubuntu.com LD_LIBRARY_PATH=/home/chrono/vesc_ws/install/vesc_msgs/lib:${LD_LIBRARY_PATH} PYTHONPATH=/home/chrono/vesc_ws/install/vesc_msgs/lib/python3.12/site-packages:${PYTHONPATH} /usr/bin/cmake /home/chrono/vesc_ws/src/vesc/vesc_driver -DAMENT_CMAKE_SYMLINK_INSTALL=1 -DCMAKE_INSTALL_PREFIX=/home/chrono/vesc_ws/install/vesc_driver
[20.419s] Level 1:colcon.colcon_core.environment:create_environment_scripts_only(vesc_driver)
[20.420s] Level 1:colcon.colcon_core.environment:checking '/home/chrono/vesc_ws/install/vesc_driver' for CMake module files
[20.420s] Level 1:colcon.colcon_core.environment:checking '/home/chrono/vesc_ws/install/vesc_driver' for CMake config files
[20.421s] Level 1:colcon.colcon_core.environment:checking '/home/chrono/vesc_ws/install/vesc_driver/bin'
[20.421s] Level 1:colcon.colcon_core.environment:checking '/home/chrono/vesc_ws/install/vesc_driver/lib/pkgconfig/vesc_driver.pc'
[20.421s] Level 1:colcon.colcon_core.environment:checking '/home/chrono/vesc_ws/install/vesc_driver/lib/python3.12/site-packages'
[20.421s] Level 1:colcon.colcon_core.environment:checking '/home/chrono/vesc_ws/install/vesc_driver/bin'
[20.422s] INFO:colcon.colcon_core.shell:Creating package script '/home/chrono/vesc_ws/install/vesc_driver/share/vesc_driver/package.ps1'
[20.422s] INFO:colcon.colcon_core.shell:Creating package descriptor '/home/chrono/vesc_ws/install/vesc_driver/share/vesc_driver/package.dsv'
[20.423s] INFO:colcon.colcon_core.shell:Creating package script '/home/chrono/vesc_ws/install/vesc_driver/share/vesc_driver/package.sh'
[20.423s] INFO:colcon.colcon_core.shell:Creating package script '/home/chrono/vesc_ws/install/vesc_driver/share/vesc_driver/package.bash'
[20.423s] INFO:colcon.colcon_core.shell:Creating package script '/home/chrono/vesc_ws/install/vesc_driver/share/vesc_driver/package.zsh'
[20.424s] Level 1:colcon.colcon_core.environment:create_file_with_runtime_dependencies(/home/chrono/vesc_ws/install/vesc_driver/share/colcon-core/packages/vesc_driver)
[20.635s] DEBUG:colcon.colcon_parallel_executor.executor.parallel:closing loop
[20.635s] DEBUG:colcon.colcon_parallel_executor.executor.parallel:loop closed
[20.635s] DEBUG:colcon.colcon_parallel_executor.executor.parallel:run_until_complete finished with '1'
[20.635s] DEBUG:colcon.colcon_core.event_reactor:joining thread
[20.642s] INFO:colcon.colcon_core.plugin_system:Skipping extension 'colcon_notification.desktop_notification.terminal_notifier': Not used on non-Darwin systems
[20.642s] INFO:colcon.colcon_core.plugin_system:Skipping extension 'colcon_notification.desktop_notification.win32': Not used on non-Windows systems
[20.642s] INFO:colcon.colcon_notification.desktop_notification:Sending desktop notification using 'notify2'
[20.664s] DEBUG:colcon.colcon_core.event_reactor:joined thread
[20.664s] INFO:colcon.colcon_core.shell:Creating prefix script '/home/chrono/vesc_ws/install/local_setup.ps1'
[20.666s] INFO:colcon.colcon_core.shell:Creating prefix util module '/home/chrono/vesc_ws/install/_local_setup_util_ps1.py'
[20.673s] INFO:colcon.colcon_core.shell:Creating prefix chain script '/home/chrono/vesc_ws/install/setup.ps1'
[20.675s] INFO:colcon.colcon_core.shell:Creating prefix script '/home/chrono/vesc_ws/install/local_setup.sh'
[20.676s] INFO:colcon.colcon_core.shell:Creating prefix util module '/home/chrono/vesc_ws/install/_local_setup_util_sh.py'
[20.678s] INFO:colcon.colcon_core.shell:Creating prefix chain script '/home/chrono/vesc_ws/install/setup.sh'
[20.680s] INFO:colcon.colcon_core.shell:Creating prefix script '/home/chrono/vesc_ws/install/local_setup.bash'
[20.681s] INFO:colcon.colcon_core.shell:Creating prefix chain script '/home/chrono/vesc_ws/install/setup.bash'
[20.682s] INFO:colcon.colcon_core.shell:Creating prefix script '/home/chrono/vesc_ws/install/local_setup.zsh'
[20.683s] INFO:colcon.colcon_core.shell:Creating prefix chain script '/home/chrono/vesc_ws/install/setup.zsh'
