[0.278s] DEBUG:colcon:Command line arguments: ['/usr/bin/colcon', 'build']
[0.278s] DEBUG:colcon:Parsed command line arguments: Namespace(log_base=None, log_level=None, verb_name='build', build_base='build', install_base='install', merge_install=False, symlink_install=False, test_result_base=None, continue_on_error=False, executor='parallel', parallel_workers=4, event_handlers=None, ignore_user_meta=False, metas=['./colcon.meta'], base_paths=['.'], packages_ignore=None, packages_ignore_regex=None, paths=None, packages_up_to=None, packages_up_to_regex=None, packages_above=None, packages_above_and_dependencies=None, packages_above_depth=None, packages_select_by_dep=None, packages_skip_by_dep=None, packages_skip_up_to=None, packages_select_build_failed=False, packages_skip_build_finished=False, packages_select_test_failures=False, packages_skip_test_passed=False, packages_select=None, packages_skip=None, packages_select_regex=None, packages_skip_regex=None, packages_start=None, packages_end=None, allow_overriding=[], cmake_args=None, cmake_target=None, cmake_target_skip_unavailable=False, cmake_clean_cache=False, cmake_clean_first=False, cmake_force_configure=False, ament_cmake_args=None, catkin_cmake_args=None, catkin_skip_building_tests=False, verb_parser=<colcon_defaults.argument_parser.defaults.DefaultArgumentsDecorator object at 0xffff9663d0a0>, verb_extension=<colcon_core.verb.build.BuildVerb object at 0xffff967e6780>, main=<bound method BuildVerb.main of <colcon_core.verb.build.BuildVerb object at 0xffff967e6780>>)
[0.399s] Level 1:colcon.colcon_core.package_discovery:discover_packages(colcon_meta) check parameters
[0.399s] Level 1:colcon.colcon_core.package_discovery:discover_packages(recursive) check parameters
[0.399s] Level 1:colcon.colcon_core.package_discovery:discover_packages(ignore) check parameters
[0.399s] Level 1:colcon.colcon_core.package_discovery:discover_packages(path) check parameters
[0.399s] Level 1:colcon.colcon_core.package_discovery:discover_packages(colcon_meta) discover
[0.400s] Level 1:colcon.colcon_core.package_discovery:discover_packages(recursive) discover
[0.400s] INFO:colcon.colcon_core.package_discovery:Crawling recursively for packages in '/home/chrono/vesc_ws'
[0.400s] Level 1:colcon.colcon_core.package_identification:_identify(.) by extensions ['ignore', 'ignore_ament_install']
[0.400s] Level 1:colcon.colcon_core.package_identification:_identify(.) by extension 'ignore'
[0.400s] Level 1:colcon.colcon_core.package_identification:_identify(.) by extension 'ignore_ament_install'
[0.400s] Level 1:colcon.colcon_core.package_identification:_identify(.) by extensions ['colcon_pkg']
[0.400s] Level 1:colcon.colcon_core.package_identification:_identify(.) by extension 'colcon_pkg'
[0.400s] Level 1:colcon.colcon_core.package_identification:_identify(.) by extensions ['colcon_meta']
[0.400s] Level 1:colcon.colcon_core.package_identification:_identify(.) by extension 'colcon_meta'
[0.400s] Level 1:colcon.colcon_core.package_identification:_identify(.) by extensions ['ros']
[0.400s] Level 1:colcon.colcon_core.package_identification:_identify(.) by extension 'ros'
[0.460s] Level 1:colcon.colcon_core.package_identification:_identify(.) by extensions ['cmake', 'python']
[0.460s] Level 1:colcon.colcon_core.package_identification:_identify(.) by extension 'cmake'
[0.460s] Level 1:colcon.colcon_core.package_identification:_identify(.) by extension 'python'
[0.460s] Level 1:colcon.colcon_core.package_identification:_identify(.) by extensions ['python_setup_py']
[0.460s] Level 1:colcon.colcon_core.package_identification:_identify(.) by extension 'python_setup_py'
[0.461s] Level 1:colcon.colcon_core.package_identification:_identify(build) by extensions ['ignore', 'ignore_ament_install']
[0.461s] Level 1:colcon.colcon_core.package_identification:_identify(build) by extension 'ignore'
[0.461s] Level 1:colcon.colcon_core.package_identification:_identify(build) ignored
[0.461s] Level 1:colcon.colcon_core.package_identification:_identify(install) by extensions ['ignore', 'ignore_ament_install']
[0.461s] Level 1:colcon.colcon_core.package_identification:_identify(install) by extension 'ignore'
[0.461s] Level 1:colcon.colcon_core.package_identification:_identify(install) ignored
[0.461s] Level 1:colcon.colcon_core.package_identification:_identify(log) by extensions ['ignore', 'ignore_ament_install']
[0.461s] Level 1:colcon.colcon_core.package_identification:_identify(log) by extension 'ignore'
[0.462s] Level 1:colcon.colcon_core.package_identification:_identify(log) ignored
[0.462s] Level 1:colcon.colcon_core.package_identification:_identify(src) by extensions ['ignore', 'ignore_ament_install']
[0.462s] Level 1:colcon.colcon_core.package_identification:_identify(src) by extension 'ignore'
[0.462s] Level 1:colcon.colcon_core.package_identification:_identify(src) by extension 'ignore_ament_install'
[0.462s] Level 1:colcon.colcon_core.package_identification:_identify(src) by extensions ['colcon_pkg']
[0.462s] Level 1:colcon.colcon_core.package_identification:_identify(src) by extension 'colcon_pkg'
[0.462s] Level 1:colcon.colcon_core.package_identification:_identify(src) by extensions ['colcon_meta']
[0.462s] Level 1:colcon.colcon_core.package_identification:_identify(src) by extension 'colcon_meta'
[0.462s] Level 1:colcon.colcon_core.package_identification:_identify(src) by extensions ['ros']
[0.462s] Level 1:colcon.colcon_core.package_identification:_identify(src) by extension 'ros'
[0.462s] Level 1:colcon.colcon_core.package_identification:_identify(src) by extensions ['cmake', 'python']
[0.462s] Level 1:colcon.colcon_core.package_identification:_identify(src) by extension 'cmake'
[0.462s] Level 1:colcon.colcon_core.package_identification:_identify(src) by extension 'python'
[0.462s] Level 1:colcon.colcon_core.package_identification:_identify(src) by extensions ['python_setup_py']
[0.462s] Level 1:colcon.colcon_core.package_identification:_identify(src) by extension 'python_setup_py'
[0.463s] Level 1:colcon.colcon_core.package_identification:_identify(src/vesc) by extensions ['ignore', 'ignore_ament_install']
[0.463s] Level 1:colcon.colcon_core.package_identification:_identify(src/vesc) by extension 'ignore'
[0.463s] Level 1:colcon.colcon_core.package_identification:_identify(src/vesc) by extension 'ignore_ament_install'
[0.463s] Level 1:colcon.colcon_core.package_identification:_identify(src/vesc) by extensions ['colcon_pkg']
[0.463s] Level 1:colcon.colcon_core.package_identification:_identify(src/vesc) by extension 'colcon_pkg'
[0.463s] Level 1:colcon.colcon_core.package_identification:_identify(src/vesc) by extensions ['colcon_meta']
[0.463s] Level 1:colcon.colcon_core.package_identification:_identify(src/vesc) by extension 'colcon_meta'
[0.463s] Level 1:colcon.colcon_core.package_identification:_identify(src/vesc) by extensions ['ros']
[0.463s] Level 1:colcon.colcon_core.package_identification:_identify(src/vesc) by extension 'ros'
[0.463s] Level 1:colcon.colcon_core.package_identification:_identify(src/vesc) by extensions ['cmake', 'python']
[0.463s] Level 1:colcon.colcon_core.package_identification:_identify(src/vesc) by extension 'cmake'
[0.463s] Level 1:colcon.colcon_core.package_identification:_identify(src/vesc) by extension 'python'
[0.463s] Level 1:colcon.colcon_core.package_identification:_identify(src/vesc) by extensions ['python_setup_py']
[0.463s] Level 1:colcon.colcon_core.package_identification:_identify(src/vesc) by extension 'python_setup_py'
[0.463s] Level 1:colcon.colcon_core.package_identification:_identify(src/vesc/vesc) by extensions ['ignore', 'ignore_ament_install']
[0.464s] Level 1:colcon.colcon_core.package_identification:_identify(src/vesc/vesc) by extension 'ignore'
[0.464s] Level 1:colcon.colcon_core.package_identification:_identify(src/vesc/vesc) by extension 'ignore_ament_install'
[0.464s] Level 1:colcon.colcon_core.package_identification:_identify(src/vesc/vesc) by extensions ['colcon_pkg']
[0.464s] Level 1:colcon.colcon_core.package_identification:_identify(src/vesc/vesc) by extension 'colcon_pkg'
[0.464s] Level 1:colcon.colcon_core.package_identification:_identify(src/vesc/vesc) by extensions ['colcon_meta']
[0.464s] Level 1:colcon.colcon_core.package_identification:_identify(src/vesc/vesc) by extension 'colcon_meta'
[0.464s] Level 1:colcon.colcon_core.package_identification:_identify(src/vesc/vesc) by extensions ['ros']
[0.464s] Level 1:colcon.colcon_core.package_identification:_identify(src/vesc/vesc) by extension 'ros'
[0.471s] DEBUG:colcon.colcon_core.package_identification:Package 'src/vesc/vesc' with type 'ros.ament_cmake' and name 'vesc'
[0.472s] Level 1:colcon.colcon_core.package_identification:_identify(src/vesc/vesc_ackermann) by extensions ['ignore', 'ignore_ament_install']
[0.472s] Level 1:colcon.colcon_core.package_identification:_identify(src/vesc/vesc_ackermann) by extension 'ignore'
[0.472s] Level 1:colcon.colcon_core.package_identification:_identify(src/vesc/vesc_ackermann) by extension 'ignore_ament_install'
[0.472s] Level 1:colcon.colcon_core.package_identification:_identify(src/vesc/vesc_ackermann) by extensions ['colcon_pkg']
[0.472s] Level 1:colcon.colcon_core.package_identification:_identify(src/vesc/vesc_ackermann) by extension 'colcon_pkg'
[0.472s] Level 1:colcon.colcon_core.package_identification:_identify(src/vesc/vesc_ackermann) by extensions ['colcon_meta']
[0.472s] Level 1:colcon.colcon_core.package_identification:_identify(src/vesc/vesc_ackermann) by extension 'colcon_meta'
[0.472s] Level 1:colcon.colcon_core.package_identification:_identify(src/vesc/vesc_ackermann) by extensions ['ros']
[0.472s] Level 1:colcon.colcon_core.package_identification:_identify(src/vesc/vesc_ackermann) by extension 'ros'
[0.474s] DEBUG:colcon.colcon_core.package_identification:Package 'src/vesc/vesc_ackermann' with type 'ros.ament_cmake' and name 'vesc_ackermann'
[0.474s] Level 1:colcon.colcon_core.package_identification:_identify(src/vesc/vesc_driver) by extensions ['ignore', 'ignore_ament_install']
[0.474s] Level 1:colcon.colcon_core.package_identification:_identify(src/vesc/vesc_driver) by extension 'ignore'
[0.474s] Level 1:colcon.colcon_core.package_identification:_identify(src/vesc/vesc_driver) by extension 'ignore_ament_install'
[0.474s] Level 1:colcon.colcon_core.package_identification:_identify(src/vesc/vesc_driver) by extensions ['colcon_pkg']
[0.474s] Level 1:colcon.colcon_core.package_identification:_identify(src/vesc/vesc_driver) by extension 'colcon_pkg'
[0.474s] Level 1:colcon.colcon_core.package_identification:_identify(src/vesc/vesc_driver) by extensions ['colcon_meta']
[0.474s] Level 1:colcon.colcon_core.package_identification:_identify(src/vesc/vesc_driver) by extension 'colcon_meta'
[0.474s] Level 1:colcon.colcon_core.package_identification:_identify(src/vesc/vesc_driver) by extensions ['ros']
[0.474s] Level 1:colcon.colcon_core.package_identification:_identify(src/vesc/vesc_driver) by extension 'ros'
[0.476s] DEBUG:colcon.colcon_core.package_identification:Package 'src/vesc/vesc_driver' with type 'ros.ament_cmake' and name 'vesc_driver'
[0.476s] Level 1:colcon.colcon_core.package_identification:_identify(src/vesc/vesc_msgs) by extensions ['ignore', 'ignore_ament_install']
[0.476s] Level 1:colcon.colcon_core.package_identification:_identify(src/vesc/vesc_msgs) by extension 'ignore'
[0.476s] Level 1:colcon.colcon_core.package_identification:_identify(src/vesc/vesc_msgs) by extension 'ignore_ament_install'
[0.476s] Level 1:colcon.colcon_core.package_identification:_identify(src/vesc/vesc_msgs) by extensions ['colcon_pkg']
[0.476s] Level 1:colcon.colcon_core.package_identification:_identify(src/vesc/vesc_msgs) by extension 'colcon_pkg'
[0.476s] Level 1:colcon.colcon_core.package_identification:_identify(src/vesc/vesc_msgs) by extensions ['colcon_meta']
[0.476s] Level 1:colcon.colcon_core.package_identification:_identify(src/vesc/vesc_msgs) by extension 'colcon_meta'
[0.476s] Level 1:colcon.colcon_core.package_identification:_identify(src/vesc/vesc_msgs) by extensions ['ros']
[0.476s] Level 1:colcon.colcon_core.package_identification:_identify(src/vesc/vesc_msgs) by extension 'ros'
[0.478s] DEBUG:colcon.colcon_core.package_identification:Package 'src/vesc/vesc_msgs' with type 'ros.ament_cmake' and name 'vesc_msgs'
[0.478s] Level 1:colcon.colcon_core.package_identification:_identify(src/vesc_slider) by extensions ['ignore', 'ignore_ament_install']
[0.478s] Level 1:colcon.colcon_core.package_identification:_identify(src/vesc_slider) by extension 'ignore'
[0.478s] Level 1:colcon.colcon_core.package_identification:_identify(src/vesc_slider) by extension 'ignore_ament_install'
[0.478s] Level 1:colcon.colcon_core.package_identification:_identify(src/vesc_slider) by extensions ['colcon_pkg']
[0.478s] Level 1:colcon.colcon_core.package_identification:_identify(src/vesc_slider) by extension 'colcon_pkg'
[0.478s] Level 1:colcon.colcon_core.package_identification:_identify(src/vesc_slider) by extensions ['colcon_meta']
[0.478s] Level 1:colcon.colcon_core.package_identification:_identify(src/vesc_slider) by extension 'colcon_meta'
[0.478s] Level 1:colcon.colcon_core.package_identification:_identify(src/vesc_slider) by extensions ['ros']
[0.478s] Level 1:colcon.colcon_core.package_identification:_identify(src/vesc_slider) by extension 'ros'
[0.479s] DEBUG:colcon.colcon_core.package_identification:Package 'src/vesc_slider' with type 'ros.ament_python' and name 'vesc_slider'
[0.479s] Level 1:colcon.colcon_core.package_discovery:discover_packages(recursive) using defaults
[0.479s] Level 1:colcon.colcon_core.package_discovery:discover_packages(ignore) discover
[0.479s] Level 1:colcon.colcon_core.package_discovery:discover_packages(ignore) using defaults
[0.479s] Level 1:colcon.colcon_core.package_discovery:discover_packages(path) discover
[0.479s] Level 1:colcon.colcon_core.package_discovery:discover_packages(path) using defaults
[0.530s] Level 1:colcon.colcon_core.package_discovery:discover_packages(prefix_path) check parameters
[0.530s] Level 1:colcon.colcon_core.package_discovery:discover_packages(prefix_path) discover
[0.536s] DEBUG:colcon.colcon_installed_package_information.package_discovery:Found 4 installed packages in /home/chrono/vesc_ws/install
[0.538s] DEBUG:colcon.colcon_installed_package_information.package_discovery:Found 290 installed packages in /opt/ros/jazzy
[0.539s] Level 1:colcon.colcon_core.package_discovery:discover_packages(prefix_path) using defaults
[0.605s] Level 5:colcon.colcon_core.verb:set package 'vesc_msgs' build argument 'cmake_args' from command line to 'None'
[0.605s] Level 5:colcon.colcon_core.verb:set package 'vesc_msgs' build argument 'cmake_target' from command line to 'None'
[0.605s] Level 5:colcon.colcon_core.verb:set package 'vesc_msgs' build argument 'cmake_target_skip_unavailable' from command line to 'False'
[0.605s] Level 5:colcon.colcon_core.verb:set package 'vesc_msgs' build argument 'cmake_clean_cache' from command line to 'False'
[0.605s] Level 5:colcon.colcon_core.verb:set package 'vesc_msgs' build argument 'cmake_clean_first' from command line to 'False'
[0.605s] Level 5:colcon.colcon_core.verb:set package 'vesc_msgs' build argument 'cmake_force_configure' from command line to 'False'
[0.605s] Level 5:colcon.colcon_core.verb:set package 'vesc_msgs' build argument 'ament_cmake_args' from command line to 'None'
[0.605s] Level 5:colcon.colcon_core.verb:set package 'vesc_msgs' build argument 'catkin_cmake_args' from command line to 'None'
[0.605s] Level 5:colcon.colcon_core.verb:set package 'vesc_msgs' build argument 'catkin_skip_building_tests' from command line to 'False'
[0.605s] DEBUG:colcon.colcon_core.verb:Building package 'vesc_msgs' with the following arguments: {'ament_cmake_args': None, 'build_base': '/home/chrono/vesc_ws/build/vesc_msgs', 'catkin_cmake_args': None, 'catkin_skip_building_tests': False, 'cmake_args': None, 'cmake_clean_cache': False, 'cmake_clean_first': False, 'cmake_force_configure': False, 'cmake_target': None, 'cmake_target_skip_unavailable': False, 'install_base': '/home/chrono/vesc_ws/install/vesc_msgs', 'merge_install': False, 'path': '/home/chrono/vesc_ws/src/vesc/vesc_msgs', 'symlink_install': False, 'test_result_base': None}
[0.605s] Level 5:colcon.colcon_core.verb:set package 'vesc_slider' build argument 'cmake_args' from command line to 'None'
[0.605s] Level 5:colcon.colcon_core.verb:set package 'vesc_slider' build argument 'cmake_target' from command line to 'None'
[0.605s] Level 5:colcon.colcon_core.verb:set package 'vesc_slider' build argument 'cmake_target_skip_unavailable' from command line to 'False'
[0.606s] Level 5:colcon.colcon_core.verb:set package 'vesc_slider' build argument 'cmake_clean_cache' from command line to 'False'
[0.606s] Level 5:colcon.colcon_core.verb:set package 'vesc_slider' build argument 'cmake_clean_first' from command line to 'False'
[0.606s] Level 5:colcon.colcon_core.verb:set package 'vesc_slider' build argument 'cmake_force_configure' from command line to 'False'
[0.606s] Level 5:colcon.colcon_core.verb:set package 'vesc_slider' build argument 'ament_cmake_args' from command line to 'None'
[0.606s] Level 5:colcon.colcon_core.verb:set package 'vesc_slider' build argument 'catkin_cmake_args' from command line to 'None'
[0.606s] Level 5:colcon.colcon_core.verb:set package 'vesc_slider' build argument 'catkin_skip_building_tests' from command line to 'False'
[0.606s] DEBUG:colcon.colcon_core.verb:Building package 'vesc_slider' with the following arguments: {'ament_cmake_args': None, 'build_base': '/home/chrono/vesc_ws/build/vesc_slider', 'catkin_cmake_args': None, 'catkin_skip_building_tests': False, 'cmake_args': None, 'cmake_clean_cache': False, 'cmake_clean_first': False, 'cmake_force_configure': False, 'cmake_target': None, 'cmake_target_skip_unavailable': False, 'install_base': '/home/chrono/vesc_ws/install/vesc_slider', 'merge_install': False, 'path': '/home/chrono/vesc_ws/src/vesc_slider', 'symlink_install': False, 'test_result_base': None}
[0.606s] Level 5:colcon.colcon_core.verb:set package 'vesc_ackermann' build argument 'cmake_args' from command line to 'None'
[0.606s] Level 5:colcon.colcon_core.verb:set package 'vesc_ackermann' build argument 'cmake_target' from command line to 'None'
[0.606s] Level 5:colcon.colcon_core.verb:set package 'vesc_ackermann' build argument 'cmake_target_skip_unavailable' from command line to 'False'
[0.606s] Level 5:colcon.colcon_core.verb:set package 'vesc_ackermann' build argument 'cmake_clean_cache' from command line to 'False'
[0.606s] Level 5:colcon.colcon_core.verb:set package 'vesc_ackermann' build argument 'cmake_clean_first' from command line to 'False'
[0.606s] Level 5:colcon.colcon_core.verb:set package 'vesc_ackermann' build argument 'cmake_force_configure' from command line to 'False'
[0.606s] Level 5:colcon.colcon_core.verb:set package 'vesc_ackermann' build argument 'ament_cmake_args' from command line to 'None'
[0.606s] Level 5:colcon.colcon_core.verb:set package 'vesc_ackermann' build argument 'catkin_cmake_args' from command line to 'None'
[0.606s] Level 5:colcon.colcon_core.verb:set package 'vesc_ackermann' build argument 'catkin_skip_building_tests' from command line to 'False'
[0.606s] DEBUG:colcon.colcon_core.verb:Building package 'vesc_ackermann' with the following arguments: {'ament_cmake_args': None, 'build_base': '/home/chrono/vesc_ws/build/vesc_ackermann', 'catkin_cmake_args': None, 'catkin_skip_building_tests': False, 'cmake_args': None, 'cmake_clean_cache': False, 'cmake_clean_first': False, 'cmake_force_configure': False, 'cmake_target': None, 'cmake_target_skip_unavailable': False, 'install_base': '/home/chrono/vesc_ws/install/vesc_ackermann', 'merge_install': False, 'path': '/home/chrono/vesc_ws/src/vesc/vesc_ackermann', 'symlink_install': False, 'test_result_base': None}
[0.606s] Level 5:colcon.colcon_core.verb:set package 'vesc_driver' build argument 'cmake_args' from command line to 'None'
[0.607s] Level 5:colcon.colcon_core.verb:set package 'vesc_driver' build argument 'cmake_target' from command line to 'None'
[0.607s] Level 5:colcon.colcon_core.verb:set package 'vesc_driver' build argument 'cmake_target_skip_unavailable' from command line to 'False'
[0.607s] Level 5:colcon.colcon_core.verb:set package 'vesc_driver' build argument 'cmake_clean_cache' from command line to 'False'
[0.607s] Level 5:colcon.colcon_core.verb:set package 'vesc_driver' build argument 'cmake_clean_first' from command line to 'False'
[0.607s] Level 5:colcon.colcon_core.verb:set package 'vesc_driver' build argument 'cmake_force_configure' from command line to 'False'
[0.607s] Level 5:colcon.colcon_core.verb:set package 'vesc_driver' build argument 'ament_cmake_args' from command line to 'None'
[0.607s] Level 5:colcon.colcon_core.verb:set package 'vesc_driver' build argument 'catkin_cmake_args' from command line to 'None'
[0.607s] Level 5:colcon.colcon_core.verb:set package 'vesc_driver' build argument 'catkin_skip_building_tests' from command line to 'False'
[0.607s] DEBUG:colcon.colcon_core.verb:Building package 'vesc_driver' with the following arguments: {'ament_cmake_args': None, 'build_base': '/home/chrono/vesc_ws/build/vesc_driver', 'catkin_cmake_args': None, 'catkin_skip_building_tests': False, 'cmake_args': None, 'cmake_clean_cache': False, 'cmake_clean_first': False, 'cmake_force_configure': False, 'cmake_target': None, 'cmake_target_skip_unavailable': False, 'install_base': '/home/chrono/vesc_ws/install/vesc_driver', 'merge_install': False, 'path': '/home/chrono/vesc_ws/src/vesc/vesc_driver', 'symlink_install': False, 'test_result_base': None}
[0.607s] Level 5:colcon.colcon_core.verb:set package 'vesc' build argument 'cmake_args' from command line to 'None'
[0.607s] Level 5:colcon.colcon_core.verb:set package 'vesc' build argument 'cmake_target' from command line to 'None'
[0.607s] Level 5:colcon.colcon_core.verb:set package 'vesc' build argument 'cmake_target_skip_unavailable' from command line to 'False'
[0.607s] Level 5:colcon.colcon_core.verb:set package 'vesc' build argument 'cmake_clean_cache' from command line to 'False'
[0.607s] Level 5:colcon.colcon_core.verb:set package 'vesc' build argument 'cmake_clean_first' from command line to 'False'
[0.607s] Level 5:colcon.colcon_core.verb:set package 'vesc' build argument 'cmake_force_configure' from command line to 'False'
[0.607s] Level 5:colcon.colcon_core.verb:set package 'vesc' build argument 'ament_cmake_args' from command line to 'None'
[0.607s] Level 5:colcon.colcon_core.verb:set package 'vesc' build argument 'catkin_cmake_args' from command line to 'None'
[0.607s] Level 5:colcon.colcon_core.verb:set package 'vesc' build argument 'catkin_skip_building_tests' from command line to 'False'
[0.607s] DEBUG:colcon.colcon_core.verb:Building package 'vesc' with the following arguments: {'ament_cmake_args': None, 'build_base': '/home/chrono/vesc_ws/build/vesc', 'catkin_cmake_args': None, 'catkin_skip_building_tests': False, 'cmake_args': None, 'cmake_clean_cache': False, 'cmake_clean_first': False, 'cmake_force_configure': False, 'cmake_target': None, 'cmake_target_skip_unavailable': False, 'install_base': '/home/chrono/vesc_ws/install/vesc', 'merge_install': False, 'path': '/home/chrono/vesc_ws/src/vesc/vesc', 'symlink_install': False, 'test_result_base': None}
[0.607s] INFO:colcon.colcon_core.executor:Executing jobs using 'parallel' executor
[0.609s] DEBUG:colcon.colcon_parallel_executor.executor.parallel:run_until_complete
[0.609s] INFO:colcon.colcon_ros.task.ament_cmake.build:Building ROS package in '/home/chrono/vesc_ws/src/vesc/vesc_msgs' with build type 'ament_cmake'
[0.609s] INFO:colcon.colcon_cmake.task.cmake.build:Building CMake package in '/home/chrono/vesc_ws/src/vesc/vesc_msgs'
[0.628s] INFO:colcon.colcon_core.plugin_system:Skipping extension 'colcon_core.shell.bat': Not used on non-Windows systems
[0.628s] INFO:colcon.colcon_core.shell:Skip shell extension 'powershell' for command environment: Not usable outside of PowerShell
[0.628s] DEBUG:colcon.colcon_core.shell:Skip shell extension 'dsv' for command environment
[0.635s] INFO:colcon.colcon_ros.task.ament_python.build:Building ROS package in '/home/chrono/vesc_ws/src/vesc_slider' with build type 'ament_python'
[0.635s] Level 1:colcon.colcon_core.shell:create_environment_hook('vesc_slider', 'ament_prefix_path')
[0.635s] INFO:colcon.colcon_core.shell:Creating environment hook '/home/chrono/vesc_ws/install/vesc_slider/share/vesc_slider/hook/ament_prefix_path.ps1'
[0.637s] INFO:colcon.colcon_core.shell:Creating environment descriptor '/home/chrono/vesc_ws/install/vesc_slider/share/vesc_slider/hook/ament_prefix_path.dsv'
[0.639s] INFO:colcon.colcon_core.shell:Creating environment hook '/home/chrono/vesc_ws/install/vesc_slider/share/vesc_slider/hook/ament_prefix_path.sh'
[0.640s] INFO:colcon.colcon_core.shell:Skip shell extension 'powershell' for command environment: Not usable outside of PowerShell
[0.640s] DEBUG:colcon.colcon_core.shell:Skip shell extension 'dsv' for command environment
[0.659s] DEBUG:colcon.colcon_core.event_handler.log_command:Invoking command in '/home/chrono/vesc_ws/build/vesc_msgs': CMAKE_PREFIX_PATH=${CMAKE_PREFIX_PATH}:/home/chrono/vesc_ws/install/vesc_slider:/opt/ros/jazzy DEBUGINFOD_URLS=https://debuginfod.ubuntu.com /usr/bin/cmake /home/chrono/vesc_ws/src/vesc/vesc_msgs -DCMAKE_INSTALL_PREFIX=/home/chrono/vesc_ws/install/vesc_msgs
[1.019s] INFO:colcon.colcon_core.task.python.build:Building Python package in '/home/chrono/vesc_ws/src/vesc_slider'
[1.019s] INFO:colcon.colcon_core.shell:Skip shell extension 'powershell' for command environment: Not usable outside of PowerShell
[1.020s] DEBUG:colcon.colcon_core.shell:Skip shell extension 'dsv' for command environment
[2.369s] DEBUG:colcon.colcon_core.event_handler.log_command:Invoking command in '/home/chrono/vesc_ws/src/vesc_slider': DEBUGINFOD_URLS=https://debuginfod.ubuntu.com PYTHONPATH=/home/chrono/vesc_ws/build/vesc_slider/prefix_override:/usr/lib/python3/dist-packages/colcon_core/task/python/colcon_distutils_commands:/home/chrono/vesc_ws/install/vesc_slider/lib/python3.12/site-packages:${PYTHONPATH} /usr/bin/python3 -W ignore:setup.py install is deprecated -W ignore:easy_install command is deprecated setup.py egg_info --egg-base ../../build/vesc_slider build --build-base /home/chrono/vesc_ws/build/vesc_slider/build install --record /home/chrono/vesc_ws/build/vesc_slider/install.log --single-version-externally-managed install_data
[3.189s] DEBUG:colcon.colcon_core.event_handler.log_command:Invoked command in '/home/chrono/vesc_ws/src/vesc_slider' returned '0': DEBUGINFOD_URLS=https://debuginfod.ubuntu.com PYTHONPATH=/home/chrono/vesc_ws/build/vesc_slider/prefix_override:/usr/lib/python3/dist-packages/colcon_core/task/python/colcon_distutils_commands:/home/chrono/vesc_ws/install/vesc_slider/lib/python3.12/site-packages:${PYTHONPATH} /usr/bin/python3 -W ignore:setup.py install is deprecated -W ignore:easy_install command is deprecated setup.py egg_info --egg-base ../../build/vesc_slider build --build-base /home/chrono/vesc_ws/build/vesc_slider/build install --record /home/chrono/vesc_ws/build/vesc_slider/install.log --single-version-externally-managed install_data
[3.203s] Level 1:colcon.colcon_core.environment:checking '/home/chrono/vesc_ws/install/vesc_slider' for CMake module files
[3.203s] Level 1:colcon.colcon_core.environment:checking '/home/chrono/vesc_ws/install/vesc_slider' for CMake config files
[3.205s] Level 1:colcon.colcon_core.environment:checking '/home/chrono/vesc_ws/install/vesc_slider/lib'
[3.205s] Level 1:colcon.colcon_core.environment:checking '/home/chrono/vesc_ws/install/vesc_slider/bin'
[3.205s] Level 1:colcon.colcon_core.environment:checking '/home/chrono/vesc_ws/install/vesc_slider/lib/pkgconfig/vesc_slider.pc'
[3.206s] Level 1:colcon.colcon_core.environment:checking '/home/chrono/vesc_ws/install/vesc_slider/lib/python3.12/site-packages'
[3.206s] Level 1:colcon.colcon_core.shell:create_environment_hook('vesc_slider', 'pythonpath')
[3.206s] INFO:colcon.colcon_core.shell:Creating environment hook '/home/chrono/vesc_ws/install/vesc_slider/share/vesc_slider/hook/pythonpath.ps1'
[3.207s] INFO:colcon.colcon_core.shell:Creating environment descriptor '/home/chrono/vesc_ws/install/vesc_slider/share/vesc_slider/hook/pythonpath.dsv'
[3.208s] INFO:colcon.colcon_core.shell:Creating environment hook '/home/chrono/vesc_ws/install/vesc_slider/share/vesc_slider/hook/pythonpath.sh'
[3.209s] Level 1:colcon.colcon_core.environment:checking '/home/chrono/vesc_ws/install/vesc_slider/bin'
[3.210s] Level 1:colcon.colcon_core.environment:create_environment_scripts_only(vesc_slider)
[3.210s] INFO:colcon.colcon_core.shell:Creating package script '/home/chrono/vesc_ws/install/vesc_slider/share/vesc_slider/package.ps1'
[3.217s] INFO:colcon.colcon_core.shell:Creating package descriptor '/home/chrono/vesc_ws/install/vesc_slider/share/vesc_slider/package.dsv'
[3.220s] INFO:colcon.colcon_core.shell:Creating package script '/home/chrono/vesc_ws/install/vesc_slider/share/vesc_slider/package.sh'
[3.224s] INFO:colcon.colcon_core.shell:Creating package script '/home/chrono/vesc_ws/install/vesc_slider/share/vesc_slider/package.bash'
[3.228s] INFO:colcon.colcon_core.shell:Creating package script '/home/chrono/vesc_ws/install/vesc_slider/share/vesc_slider/package.zsh'
[3.231s] Level 1:colcon.colcon_core.environment:create_file_with_runtime_dependencies(/home/chrono/vesc_ws/install/vesc_slider/share/colcon-core/packages/vesc_slider)
[3.859s] DEBUG:colcon.colcon_core.event_handler.log_command:Invoked command in '/home/chrono/vesc_ws/build/vesc_msgs' returned '0': CMAKE_PREFIX_PATH=${CMAKE_PREFIX_PATH}:/home/chrono/vesc_ws/install/vesc_slider:/opt/ros/jazzy DEBUGINFOD_URLS=https://debuginfod.ubuntu.com /usr/bin/cmake /home/chrono/vesc_ws/src/vesc/vesc_msgs -DCMAKE_INSTALL_PREFIX=/home/chrono/vesc_ws/install/vesc_msgs
[3.861s] DEBUG:colcon.colcon_core.event_handler.log_command:Invoking command in '/home/chrono/vesc_ws/build/vesc_msgs': CMAKE_PREFIX_PATH=${CMAKE_PREFIX_PATH}:/home/chrono/vesc_ws/install/vesc_slider:/opt/ros/jazzy DEBUGINFOD_URLS=https://debuginfod.ubuntu.com /usr/bin/cmake --build /home/chrono/vesc_ws/build/vesc_msgs -- -j4 -l4
[4.576s] DEBUG:colcon.colcon_core.event_handler.log_command:Invoked command in '/home/chrono/vesc_ws/build/vesc_msgs' returned '0': CMAKE_PREFIX_PATH=${CMAKE_PREFIX_PATH}:/home/chrono/vesc_ws/install/vesc_slider:/opt/ros/jazzy DEBUGINFOD_URLS=https://debuginfod.ubuntu.com /usr/bin/cmake --build /home/chrono/vesc_ws/build/vesc_msgs -- -j4 -l4
[4.595s] DEBUG:colcon.colcon_core.event_handler.log_command:Invoking command in '/home/chrono/vesc_ws/build/vesc_msgs': CMAKE_PREFIX_PATH=${CMAKE_PREFIX_PATH}:/home/chrono/vesc_ws/install/vesc_slider:/opt/ros/jazzy DEBUGINFOD_URLS=https://debuginfod.ubuntu.com /usr/bin/cmake --install /home/chrono/vesc_ws/build/vesc_msgs
[4.779s] Level 1:colcon.colcon_core.environment:create_environment_scripts_only(vesc_msgs)
[4.779s] Level 1:colcon.colcon_core.environment:checking '/home/chrono/vesc_ws/install/vesc_msgs' for CMake module files
[4.780s] DEBUG:colcon.colcon_core.event_handler.log_command:Invoked command in '/home/chrono/vesc_ws/build/vesc_msgs' returned '0': CMAKE_PREFIX_PATH=${CMAKE_PREFIX_PATH}:/home/chrono/vesc_ws/install/vesc_slider:/opt/ros/jazzy DEBUGINFOD_URLS=https://debuginfod.ubuntu.com /usr/bin/cmake --install /home/chrono/vesc_ws/build/vesc_msgs
[4.781s] Level 1:colcon.colcon_core.environment:checking '/home/chrono/vesc_ws/install/vesc_msgs' for CMake config files
[4.782s] Level 1:colcon.colcon_core.shell:create_environment_hook('vesc_msgs', 'cmake_prefix_path')
[4.782s] INFO:colcon.colcon_core.shell:Creating environment hook '/home/chrono/vesc_ws/install/vesc_msgs/share/vesc_msgs/hook/cmake_prefix_path.ps1'
[4.783s] INFO:colcon.colcon_core.shell:Creating environment descriptor '/home/chrono/vesc_ws/install/vesc_msgs/share/vesc_msgs/hook/cmake_prefix_path.dsv'
[4.784s] INFO:colcon.colcon_core.shell:Creating environment hook '/home/chrono/vesc_ws/install/vesc_msgs/share/vesc_msgs/hook/cmake_prefix_path.sh'
[4.786s] Level 1:colcon.colcon_core.environment:checking '/home/chrono/vesc_ws/install/vesc_msgs/lib'
[4.786s] Level 1:colcon.colcon_core.shell:create_environment_hook('vesc_msgs', 'ld_library_path_lib')
[4.786s] INFO:colcon.colcon_core.shell:Creating environment hook '/home/chrono/vesc_ws/install/vesc_msgs/share/vesc_msgs/hook/ld_library_path_lib.ps1'
[4.786s] INFO:colcon.colcon_core.shell:Creating environment descriptor '/home/chrono/vesc_ws/install/vesc_msgs/share/vesc_msgs/hook/ld_library_path_lib.dsv'
[4.788s] INFO:colcon.colcon_core.shell:Creating environment hook '/home/chrono/vesc_ws/install/vesc_msgs/share/vesc_msgs/hook/ld_library_path_lib.sh'
[4.789s] Level 1:colcon.colcon_core.environment:checking '/home/chrono/vesc_ws/install/vesc_msgs/bin'
[4.789s] Level 1:colcon.colcon_core.environment:checking '/home/chrono/vesc_ws/install/vesc_msgs/lib/pkgconfig/vesc_msgs.pc'
[4.789s] Level 1:colcon.colcon_core.environment:checking '/home/chrono/vesc_ws/install/vesc_msgs/lib/python3.12/site-packages'
[4.789s] Level 1:colcon.colcon_core.shell:create_environment_hook('vesc_msgs', 'pythonpath')
[4.790s] INFO:colcon.colcon_core.shell:Creating environment hook '/home/chrono/vesc_ws/install/vesc_msgs/share/vesc_msgs/hook/pythonpath.ps1'
[4.790s] INFO:colcon.colcon_core.shell:Creating environment descriptor '/home/chrono/vesc_ws/install/vesc_msgs/share/vesc_msgs/hook/pythonpath.dsv'
[4.791s] INFO:colcon.colcon_core.shell:Creating environment hook '/home/chrono/vesc_ws/install/vesc_msgs/share/vesc_msgs/hook/pythonpath.sh'
[4.793s] Level 1:colcon.colcon_core.environment:checking '/home/chrono/vesc_ws/install/vesc_msgs/bin'
[4.794s] INFO:colcon.colcon_core.shell:Creating package script '/home/chrono/vesc_ws/install/vesc_msgs/share/vesc_msgs/package.ps1'
[4.794s] INFO:colcon.colcon_core.shell:Creating package descriptor '/home/chrono/vesc_ws/install/vesc_msgs/share/vesc_msgs/package.dsv'
[4.795s] INFO:colcon.colcon_core.shell:Creating package script '/home/chrono/vesc_ws/install/vesc_msgs/share/vesc_msgs/package.sh'
[4.796s] INFO:colcon.colcon_core.shell:Creating package script '/home/chrono/vesc_ws/install/vesc_msgs/share/vesc_msgs/package.bash'
[4.797s] INFO:colcon.colcon_core.shell:Creating package script '/home/chrono/vesc_ws/install/vesc_msgs/share/vesc_msgs/package.zsh'
[4.798s] Level 1:colcon.colcon_core.environment:create_file_with_runtime_dependencies(/home/chrono/vesc_ws/install/vesc_msgs/share/colcon-core/packages/vesc_msgs)
[4.800s] Level 1:colcon.colcon_core.environment:create_environment_scripts_only(vesc_msgs)
[4.800s] Level 1:colcon.colcon_core.environment:checking '/home/chrono/vesc_ws/install/vesc_msgs' for CMake module files
[4.801s] Level 1:colcon.colcon_core.environment:checking '/home/chrono/vesc_ws/install/vesc_msgs' for CMake config files
[4.801s] Level 1:colcon.colcon_core.shell:create_environment_hook('vesc_msgs', 'cmake_prefix_path')
[4.802s] INFO:colcon.colcon_core.shell:Creating environment hook '/home/chrono/vesc_ws/install/vesc_msgs/share/vesc_msgs/hook/cmake_prefix_path.ps1'
[4.802s] INFO:colcon.colcon_core.shell:Creating environment descriptor '/home/chrono/vesc_ws/install/vesc_msgs/share/vesc_msgs/hook/cmake_prefix_path.dsv'
[4.803s] INFO:colcon.colcon_core.shell:Creating environment hook '/home/chrono/vesc_ws/install/vesc_msgs/share/vesc_msgs/hook/cmake_prefix_path.sh'
[4.805s] Level 1:colcon.colcon_core.environment:checking '/home/chrono/vesc_ws/install/vesc_msgs/lib'
[4.805s] Level 1:colcon.colcon_core.shell:create_environment_hook('vesc_msgs', 'ld_library_path_lib')
[4.805s] INFO:colcon.colcon_core.shell:Creating environment hook '/home/chrono/vesc_ws/install/vesc_msgs/share/vesc_msgs/hook/ld_library_path_lib.ps1'
[4.806s] INFO:colcon.colcon_core.shell:Creating environment descriptor '/home/chrono/vesc_ws/install/vesc_msgs/share/vesc_msgs/hook/ld_library_path_lib.dsv'
[4.807s] INFO:colcon.colcon_core.shell:Creating environment hook '/home/chrono/vesc_ws/install/vesc_msgs/share/vesc_msgs/hook/ld_library_path_lib.sh'
[4.808s] Level 1:colcon.colcon_core.environment:checking '/home/chrono/vesc_ws/install/vesc_msgs/bin'
[4.808s] Level 1:colcon.colcon_core.environment:checking '/home/chrono/vesc_ws/install/vesc_msgs/lib/pkgconfig/vesc_msgs.pc'
[4.808s] Level 1:colcon.colcon_core.environment:checking '/home/chrono/vesc_ws/install/vesc_msgs/lib/python3.12/site-packages'
[4.809s] Level 1:colcon.colcon_core.shell:create_environment_hook('vesc_msgs', 'pythonpath')
[4.809s] INFO:colcon.colcon_core.shell:Creating environment hook '/home/chrono/vesc_ws/install/vesc_msgs/share/vesc_msgs/hook/pythonpath.ps1'
[4.809s] INFO:colcon.colcon_core.shell:Creating environment descriptor '/home/chrono/vesc_ws/install/vesc_msgs/share/vesc_msgs/hook/pythonpath.dsv'
[4.811s] INFO:colcon.colcon_core.shell:Creating environment hook '/home/chrono/vesc_ws/install/vesc_msgs/share/vesc_msgs/hook/pythonpath.sh'
[4.812s] Level 1:colcon.colcon_core.environment:checking '/home/chrono/vesc_ws/install/vesc_msgs/bin'
[4.813s] INFO:colcon.colcon_core.shell:Creating package script '/home/chrono/vesc_ws/install/vesc_msgs/share/vesc_msgs/package.ps1'
[4.813s] INFO:colcon.colcon_core.shell:Creating package descriptor '/home/chrono/vesc_ws/install/vesc_msgs/share/vesc_msgs/package.dsv'
[4.815s] INFO:colcon.colcon_core.shell:Creating package script '/home/chrono/vesc_ws/install/vesc_msgs/share/vesc_msgs/package.sh'
[4.816s] INFO:colcon.colcon_core.shell:Creating package script '/home/chrono/vesc_ws/install/vesc_msgs/share/vesc_msgs/package.bash'
[4.817s] INFO:colcon.colcon_core.shell:Creating package script '/home/chrono/vesc_ws/install/vesc_msgs/share/vesc_msgs/package.zsh'
[4.819s] Level 1:colcon.colcon_core.environment:create_file_with_runtime_dependencies(/home/chrono/vesc_ws/install/vesc_msgs/share/colcon-core/packages/vesc_msgs)
[4.821s] INFO:colcon.colcon_ros.task.ament_cmake.build:Building ROS package in '/home/chrono/vesc_ws/src/vesc/vesc_ackermann' with build type 'ament_cmake'
[4.822s] INFO:colcon.colcon_cmake.task.cmake.build:Building CMake package in '/home/chrono/vesc_ws/src/vesc/vesc_ackermann'
[4.822s] INFO:colcon.colcon_core.shell:Skip shell extension 'powershell' for command environment: Not usable outside of PowerShell
[4.822s] DEBUG:colcon.colcon_core.shell:Skip shell extension 'dsv' for command environment
[4.831s] INFO:colcon.colcon_ros.task.ament_cmake.build:Building ROS package in '/home/chrono/vesc_ws/src/vesc/vesc_driver' with build type 'ament_cmake'
[4.832s] INFO:colcon.colcon_cmake.task.cmake.build:Building CMake package in '/home/chrono/vesc_ws/src/vesc/vesc_driver'
[4.832s] INFO:colcon.colcon_core.shell:Skip shell extension 'powershell' for command environment: Not usable outside of PowerShell
[4.832s] DEBUG:colcon.colcon_core.shell:Skip shell extension 'dsv' for command environment
[4.854s] DEBUG:colcon.colcon_core.event_handler.log_command:Invoking command in '/home/chrono/vesc_ws/build/vesc_ackermann': CMAKE_PREFIX_PATH=/home/chrono/vesc_ws/install/vesc_msgs:/home/chrono/vesc_ws/install/vesc_driver:/home/chrono/vesc_ws/install/vesc_ackermann:/opt/ros/jazzy/opt/gz_math_vendor:/opt/ros/jazzy/opt/gz_utils_vendor:/opt/ros/jazzy/opt/gz_cmake_vendor:/home/chrono/vesc_ws/install/vesc_slider:/opt/ros/jazzy DEBUGINFOD_URLS=https://debuginfod.ubuntu.com LD_LIBRARY_PATH=/home/chrono/vesc_ws/install/vesc_msgs/lib:/home/chrono/vesc_ws/install/vesc_driver/lib:/home/chrono/vesc_ws/install/vesc_ackermann/lib:/opt/ros/jazzy/opt/rviz_ogre_vendor/lib:/opt/ros/jazzy/lib/aarch64-linux-gnu:/opt/ros/jazzy/opt/gz_math_vendor/lib:/opt/ros/jazzy/opt/gz_utils_vendor/lib:/opt/ros/jazzy/opt/gz_cmake_vendor/lib:/opt/ros/jazzy/lib PYTHONPATH=/home/chrono/vesc_ws/install/vesc_msgs/lib/python3.12/site-packages:/home/chrono/vesc_ws/install/vesc_slider/lib/python3.12/site-packages:/opt/ros/jazzy/lib/python3.12/site-packages /usr/bin/cmake /home/chrono/vesc_ws/src/vesc/vesc_ackermann -DCMAKE_INSTALL_PREFIX=/home/chrono/vesc_ws/install/vesc_ackermann
[4.863s] DEBUG:colcon.colcon_core.event_handler.log_command:Invoking command in '/home/chrono/vesc_ws/build/vesc_driver': CMAKE_PREFIX_PATH=/home/chrono/vesc_ws/install/vesc_msgs:/home/chrono/vesc_ws/install/vesc_driver:/home/chrono/vesc_ws/install/vesc_ackermann:/opt/ros/jazzy/opt/gz_math_vendor:/opt/ros/jazzy/opt/gz_utils_vendor:/opt/ros/jazzy/opt/gz_cmake_vendor:/home/chrono/vesc_ws/install/vesc_slider:/opt/ros/jazzy DEBUGINFOD_URLS=https://debuginfod.ubuntu.com LD_LIBRARY_PATH=/home/chrono/vesc_ws/install/vesc_msgs/lib:/home/chrono/vesc_ws/install/vesc_driver/lib:/home/chrono/vesc_ws/install/vesc_ackermann/lib:/opt/ros/jazzy/opt/rviz_ogre_vendor/lib:/opt/ros/jazzy/lib/aarch64-linux-gnu:/opt/ros/jazzy/opt/gz_math_vendor/lib:/opt/ros/jazzy/opt/gz_utils_vendor/lib:/opt/ros/jazzy/opt/gz_cmake_vendor/lib:/opt/ros/jazzy/lib PYTHONPATH=/home/chrono/vesc_ws/install/vesc_msgs/lib/python3.12/site-packages:/home/chrono/vesc_ws/install/vesc_slider/lib/python3.12/site-packages:/opt/ros/jazzy/lib/python3.12/site-packages /usr/bin/cmake /home/chrono/vesc_ws/src/vesc/vesc_driver -DCMAKE_INSTALL_PREFIX=/home/chrono/vesc_ws/install/vesc_driver
[6.394s] DEBUG:colcon.colcon_core.event_handler.log_command:Invoked command in '/home/chrono/vesc_ws/build/vesc_ackermann' returned '0': CMAKE_PREFIX_PATH=/home/chrono/vesc_ws/install/vesc_msgs:/home/chrono/vesc_ws/install/vesc_driver:/home/chrono/vesc_ws/install/vesc_ackermann:/opt/ros/jazzy/opt/gz_math_vendor:/opt/ros/jazzy/opt/gz_utils_vendor:/opt/ros/jazzy/opt/gz_cmake_vendor:/home/chrono/vesc_ws/install/vesc_slider:/opt/ros/jazzy DEBUGINFOD_URLS=https://debuginfod.ubuntu.com LD_LIBRARY_PATH=/home/chrono/vesc_ws/install/vesc_msgs/lib:/home/chrono/vesc_ws/install/vesc_driver/lib:/home/chrono/vesc_ws/install/vesc_ackermann/lib:/opt/ros/jazzy/opt/rviz_ogre_vendor/lib:/opt/ros/jazzy/lib/aarch64-linux-gnu:/opt/ros/jazzy/opt/gz_math_vendor/lib:/opt/ros/jazzy/opt/gz_utils_vendor/lib:/opt/ros/jazzy/opt/gz_cmake_vendor/lib:/opt/ros/jazzy/lib PYTHONPATH=/home/chrono/vesc_ws/install/vesc_msgs/lib/python3.12/site-packages:/home/chrono/vesc_ws/install/vesc_slider/lib/python3.12/site-packages:/opt/ros/jazzy/lib/python3.12/site-packages /usr/bin/cmake /home/chrono/vesc_ws/src/vesc/vesc_ackermann -DCMAKE_INSTALL_PREFIX=/home/chrono/vesc_ws/install/vesc_ackermann
[6.396s] DEBUG:colcon.colcon_core.event_handler.log_command:Invoking command in '/home/chrono/vesc_ws/build/vesc_ackermann': CMAKE_PREFIX_PATH=/home/chrono/vesc_ws/install/vesc_msgs:/home/chrono/vesc_ws/install/vesc_driver:/home/chrono/vesc_ws/install/vesc_ackermann:/opt/ros/jazzy/opt/gz_math_vendor:/opt/ros/jazzy/opt/gz_utils_vendor:/opt/ros/jazzy/opt/gz_cmake_vendor:/home/chrono/vesc_ws/install/vesc_slider:/opt/ros/jazzy DEBUGINFOD_URLS=https://debuginfod.ubuntu.com LD_LIBRARY_PATH=/home/chrono/vesc_ws/install/vesc_msgs/lib:/home/chrono/vesc_ws/install/vesc_driver/lib:/home/chrono/vesc_ws/install/vesc_ackermann/lib:/opt/ros/jazzy/opt/rviz_ogre_vendor/lib:/opt/ros/jazzy/lib/aarch64-linux-gnu:/opt/ros/jazzy/opt/gz_math_vendor/lib:/opt/ros/jazzy/opt/gz_utils_vendor/lib:/opt/ros/jazzy/opt/gz_cmake_vendor/lib:/opt/ros/jazzy/lib PYTHONPATH=/home/chrono/vesc_ws/install/vesc_msgs/lib/python3.12/site-packages:/home/chrono/vesc_ws/install/vesc_slider/lib/python3.12/site-packages:/opt/ros/jazzy/lib/python3.12/site-packages /usr/bin/cmake --build /home/chrono/vesc_ws/build/vesc_ackermann -- -j4 -l4
[6.588s] DEBUG:colcon.colcon_core.event_handler.log_command:Invoked command in '/home/chrono/vesc_ws/build/vesc_ackermann' returned '0': CMAKE_PREFIX_PATH=/home/chrono/vesc_ws/install/vesc_msgs:/home/chrono/vesc_ws/install/vesc_driver:/home/chrono/vesc_ws/install/vesc_ackermann:/opt/ros/jazzy/opt/gz_math_vendor:/opt/ros/jazzy/opt/gz_utils_vendor:/opt/ros/jazzy/opt/gz_cmake_vendor:/home/chrono/vesc_ws/install/vesc_slider:/opt/ros/jazzy DEBUGINFOD_URLS=https://debuginfod.ubuntu.com LD_LIBRARY_PATH=/home/chrono/vesc_ws/install/vesc_msgs/lib:/home/chrono/vesc_ws/install/vesc_driver/lib:/home/chrono/vesc_ws/install/vesc_ackermann/lib:/opt/ros/jazzy/opt/rviz_ogre_vendor/lib:/opt/ros/jazzy/lib/aarch64-linux-gnu:/opt/ros/jazzy/opt/gz_math_vendor/lib:/opt/ros/jazzy/opt/gz_utils_vendor/lib:/opt/ros/jazzy/opt/gz_cmake_vendor/lib:/opt/ros/jazzy/lib PYTHONPATH=/home/chrono/vesc_ws/install/vesc_msgs/lib/python3.12/site-packages:/home/chrono/vesc_ws/install/vesc_slider/lib/python3.12/site-packages:/opt/ros/jazzy/lib/python3.12/site-packages /usr/bin/cmake --build /home/chrono/vesc_ws/build/vesc_ackermann -- -j4 -l4
[6.591s] DEBUG:colcon.colcon_core.event_handler.log_command:Invoking command in '/home/chrono/vesc_ws/build/vesc_ackermann': CMAKE_PREFIX_PATH=/home/chrono/vesc_ws/install/vesc_msgs:/home/chrono/vesc_ws/install/vesc_driver:/home/chrono/vesc_ws/install/vesc_ackermann:/opt/ros/jazzy/opt/gz_math_vendor:/opt/ros/jazzy/opt/gz_utils_vendor:/opt/ros/jazzy/opt/gz_cmake_vendor:/home/chrono/vesc_ws/install/vesc_slider:/opt/ros/jazzy DEBUGINFOD_URLS=https://debuginfod.ubuntu.com LD_LIBRARY_PATH=/home/chrono/vesc_ws/install/vesc_msgs/lib:/home/chrono/vesc_ws/install/vesc_driver/lib:/home/chrono/vesc_ws/install/vesc_ackermann/lib:/opt/ros/jazzy/opt/rviz_ogre_vendor/lib:/opt/ros/jazzy/lib/aarch64-linux-gnu:/opt/ros/jazzy/opt/gz_math_vendor/lib:/opt/ros/jazzy/opt/gz_utils_vendor/lib:/opt/ros/jazzy/opt/gz_cmake_vendor/lib:/opt/ros/jazzy/lib PYTHONPATH=/home/chrono/vesc_ws/install/vesc_msgs/lib/python3.12/site-packages:/home/chrono/vesc_ws/install/vesc_slider/lib/python3.12/site-packages:/opt/ros/jazzy/lib/python3.12/site-packages /usr/bin/cmake --install /home/chrono/vesc_ws/build/vesc_ackermann
[6.611s] DEBUG:colcon.colcon_core.event_handler.log_command:Invoked command in '/home/chrono/vesc_ws/build/vesc_driver' returned '0': CMAKE_PREFIX_PATH=/home/chrono/vesc_ws/install/vesc_msgs:/home/chrono/vesc_ws/install/vesc_driver:/home/chrono/vesc_ws/install/vesc_ackermann:/opt/ros/jazzy/opt/gz_math_vendor:/opt/ros/jazzy/opt/gz_utils_vendor:/opt/ros/jazzy/opt/gz_cmake_vendor:/home/chrono/vesc_ws/install/vesc_slider:/opt/ros/jazzy DEBUGINFOD_URLS=https://debuginfod.ubuntu.com LD_LIBRARY_PATH=/home/chrono/vesc_ws/install/vesc_msgs/lib:/home/chrono/vesc_ws/install/vesc_driver/lib:/home/chrono/vesc_ws/install/vesc_ackermann/lib:/opt/ros/jazzy/opt/rviz_ogre_vendor/lib:/opt/ros/jazzy/lib/aarch64-linux-gnu:/opt/ros/jazzy/opt/gz_math_vendor/lib:/opt/ros/jazzy/opt/gz_utils_vendor/lib:/opt/ros/jazzy/opt/gz_cmake_vendor/lib:/opt/ros/jazzy/lib PYTHONPATH=/home/chrono/vesc_ws/install/vesc_msgs/lib/python3.12/site-packages:/home/chrono/vesc_ws/install/vesc_slider/lib/python3.12/site-packages:/opt/ros/jazzy/lib/python3.12/site-packages /usr/bin/cmake /home/chrono/vesc_ws/src/vesc/vesc_driver -DCMAKE_INSTALL_PREFIX=/home/chrono/vesc_ws/install/vesc_driver
[6.613s] DEBUG:colcon.colcon_core.event_handler.log_command:Invoking command in '/home/chrono/vesc_ws/build/vesc_driver': CMAKE_PREFIX_PATH=/home/chrono/vesc_ws/install/vesc_msgs:/home/chrono/vesc_ws/install/vesc_driver:/home/chrono/vesc_ws/install/vesc_ackermann:/opt/ros/jazzy/opt/gz_math_vendor:/opt/ros/jazzy/opt/gz_utils_vendor:/opt/ros/jazzy/opt/gz_cmake_vendor:/home/chrono/vesc_ws/install/vesc_slider:/opt/ros/jazzy DEBUGINFOD_URLS=https://debuginfod.ubuntu.com LD_LIBRARY_PATH=/home/chrono/vesc_ws/install/vesc_msgs/lib:/home/chrono/vesc_ws/install/vesc_driver/lib:/home/chrono/vesc_ws/install/vesc_ackermann/lib:/opt/ros/jazzy/opt/rviz_ogre_vendor/lib:/opt/ros/jazzy/lib/aarch64-linux-gnu:/opt/ros/jazzy/opt/gz_math_vendor/lib:/opt/ros/jazzy/opt/gz_utils_vendor/lib:/opt/ros/jazzy/opt/gz_cmake_vendor/lib:/opt/ros/jazzy/lib PYTHONPATH=/home/chrono/vesc_ws/install/vesc_msgs/lib/python3.12/site-packages:/home/chrono/vesc_ws/install/vesc_slider/lib/python3.12/site-packages:/opt/ros/jazzy/lib/python3.12/site-packages /usr/bin/cmake --build /home/chrono/vesc_ws/build/vesc_driver -- -j4 -l4
[6.640s] Level 1:colcon.colcon_core.environment:create_environment_scripts_only(vesc_ackermann)
[6.640s] Level 1:colcon.colcon_core.environment:checking '/home/chrono/vesc_ws/install/vesc_ackermann' for CMake module files
[6.641s] DEBUG:colcon.colcon_core.event_handler.log_command:Invoked command in '/home/chrono/vesc_ws/build/vesc_ackermann' returned '0': CMAKE_PREFIX_PATH=/home/chrono/vesc_ws/install/vesc_msgs:/home/chrono/vesc_ws/install/vesc_driver:/home/chrono/vesc_ws/install/vesc_ackermann:/opt/ros/jazzy/opt/gz_math_vendor:/opt/ros/jazzy/opt/gz_utils_vendor:/opt/ros/jazzy/opt/gz_cmake_vendor:/home/chrono/vesc_ws/install/vesc_slider:/opt/ros/jazzy DEBUGINFOD_URLS=https://debuginfod.ubuntu.com LD_LIBRARY_PATH=/home/chrono/vesc_ws/install/vesc_msgs/lib:/home/chrono/vesc_ws/install/vesc_driver/lib:/home/chrono/vesc_ws/install/vesc_ackermann/lib:/opt/ros/jazzy/opt/rviz_ogre_vendor/lib:/opt/ros/jazzy/lib/aarch64-linux-gnu:/opt/ros/jazzy/opt/gz_math_vendor/lib:/opt/ros/jazzy/opt/gz_utils_vendor/lib:/opt/ros/jazzy/opt/gz_cmake_vendor/lib:/opt/ros/jazzy/lib PYTHONPATH=/home/chrono/vesc_ws/install/vesc_msgs/lib/python3.12/site-packages:/home/chrono/vesc_ws/install/vesc_slider/lib/python3.12/site-packages:/opt/ros/jazzy/lib/python3.12/site-packages /usr/bin/cmake --install /home/chrono/vesc_ws/build/vesc_ackermann
[6.641s] Level 1:colcon.colcon_core.environment:checking '/home/chrono/vesc_ws/install/vesc_ackermann' for CMake config files
[6.642s] Level 1:colcon.colcon_core.shell:create_environment_hook('vesc_ackermann', 'cmake_prefix_path')
[6.642s] INFO:colcon.colcon_core.shell:Creating environment hook '/home/chrono/vesc_ws/install/vesc_ackermann/share/vesc_ackermann/hook/cmake_prefix_path.ps1'
[6.643s] INFO:colcon.colcon_core.shell:Creating environment descriptor '/home/chrono/vesc_ws/install/vesc_ackermann/share/vesc_ackermann/hook/cmake_prefix_path.dsv'
[6.649s] INFO:colcon.colcon_core.shell:Creating environment hook '/home/chrono/vesc_ws/install/vesc_ackermann/share/vesc_ackermann/hook/cmake_prefix_path.sh'
[6.650s] Level 1:colcon.colcon_core.environment:checking '/home/chrono/vesc_ws/install/vesc_ackermann/lib'
[6.650s] Level 1:colcon.colcon_core.shell:create_environment_hook('vesc_ackermann', 'ld_library_path_lib')
[6.651s] INFO:colcon.colcon_core.shell:Creating environment hook '/home/chrono/vesc_ws/install/vesc_ackermann/share/vesc_ackermann/hook/ld_library_path_lib.ps1'
[6.651s] INFO:colcon.colcon_core.shell:Creating environment descriptor '/home/chrono/vesc_ws/install/vesc_ackermann/share/vesc_ackermann/hook/ld_library_path_lib.dsv'
[6.652s] INFO:colcon.colcon_core.shell:Creating environment hook '/home/chrono/vesc_ws/install/vesc_ackermann/share/vesc_ackermann/hook/ld_library_path_lib.sh'
[6.653s] Level 1:colcon.colcon_core.environment:checking '/home/chrono/vesc_ws/install/vesc_ackermann/bin'
[6.653s] Level 1:colcon.colcon_core.environment:checking '/home/chrono/vesc_ws/install/vesc_ackermann/lib/pkgconfig/vesc_ackermann.pc'
[6.653s] Level 1:colcon.colcon_core.environment:checking '/home/chrono/vesc_ws/install/vesc_ackermann/lib/python3.12/site-packages'
[6.654s] Level 1:colcon.colcon_core.environment:checking '/home/chrono/vesc_ws/install/vesc_ackermann/bin'
[6.654s] INFO:colcon.colcon_core.shell:Creating package script '/home/chrono/vesc_ws/install/vesc_ackermann/share/vesc_ackermann/package.ps1'
[6.655s] INFO:colcon.colcon_core.shell:Creating package descriptor '/home/chrono/vesc_ws/install/vesc_ackermann/share/vesc_ackermann/package.dsv'
[6.655s] INFO:colcon.colcon_core.shell:Creating package script '/home/chrono/vesc_ws/install/vesc_ackermann/share/vesc_ackermann/package.sh'
[6.656s] INFO:colcon.colcon_core.shell:Creating package script '/home/chrono/vesc_ws/install/vesc_ackermann/share/vesc_ackermann/package.bash'
[6.657s] INFO:colcon.colcon_core.shell:Creating package script '/home/chrono/vesc_ws/install/vesc_ackermann/share/vesc_ackermann/package.zsh'
[6.658s] Level 1:colcon.colcon_core.environment:create_file_with_runtime_dependencies(/home/chrono/vesc_ws/install/vesc_ackermann/share/colcon-core/packages/vesc_ackermann)
[6.659s] Level 1:colcon.colcon_core.environment:create_environment_scripts_only(vesc_ackermann)
[6.660s] Level 1:colcon.colcon_core.environment:checking '/home/chrono/vesc_ws/install/vesc_ackermann' for CMake module files
[6.660s] Level 1:colcon.colcon_core.environment:checking '/home/chrono/vesc_ws/install/vesc_ackermann' for CMake config files
[6.661s] Level 1:colcon.colcon_core.shell:create_environment_hook('vesc_ackermann', 'cmake_prefix_path')
[6.661s] INFO:colcon.colcon_core.shell:Creating environment hook '/home/chrono/vesc_ws/install/vesc_ackermann/share/vesc_ackermann/hook/cmake_prefix_path.ps1'
[6.662s] INFO:colcon.colcon_core.shell:Creating environment descriptor '/home/chrono/vesc_ws/install/vesc_ackermann/share/vesc_ackermann/hook/cmake_prefix_path.dsv'
[6.663s] INFO:colcon.colcon_core.shell:Creating environment hook '/home/chrono/vesc_ws/install/vesc_ackermann/share/vesc_ackermann/hook/cmake_prefix_path.sh'
[6.664s] Level 1:colcon.colcon_core.environment:checking '/home/chrono/vesc_ws/install/vesc_ackermann/lib'
[6.664s] Level 1:colcon.colcon_core.shell:create_environment_hook('vesc_ackermann', 'ld_library_path_lib')
[6.665s] INFO:colcon.colcon_core.shell:Creating environment hook '/home/chrono/vesc_ws/install/vesc_ackermann/share/vesc_ackermann/hook/ld_library_path_lib.ps1'
[6.665s] INFO:colcon.colcon_core.shell:Creating environment descriptor '/home/chrono/vesc_ws/install/vesc_ackermann/share/vesc_ackermann/hook/ld_library_path_lib.dsv'
[6.666s] INFO:colcon.colcon_core.shell:Creating environment hook '/home/chrono/vesc_ws/install/vesc_ackermann/share/vesc_ackermann/hook/ld_library_path_lib.sh'
[6.667s] Level 1:colcon.colcon_core.environment:checking '/home/chrono/vesc_ws/install/vesc_ackermann/bin'
[6.668s] Level 1:colcon.colcon_core.environment:checking '/home/chrono/vesc_ws/install/vesc_ackermann/lib/pkgconfig/vesc_ackermann.pc'
[6.668s] Level 1:colcon.colcon_core.environment:checking '/home/chrono/vesc_ws/install/vesc_ackermann/lib/python3.12/site-packages'
[6.668s] Level 1:colcon.colcon_core.environment:checking '/home/chrono/vesc_ws/install/vesc_ackermann/bin'
[6.669s] INFO:colcon.colcon_core.shell:Creating package script '/home/chrono/vesc_ws/install/vesc_ackermann/share/vesc_ackermann/package.ps1'
[6.670s] INFO:colcon.colcon_core.shell:Creating package descriptor '/home/chrono/vesc_ws/install/vesc_ackermann/share/vesc_ackermann/package.dsv'
[6.671s] INFO:colcon.colcon_core.shell:Creating package script '/home/chrono/vesc_ws/install/vesc_ackermann/share/vesc_ackermann/package.sh'
[6.672s] INFO:colcon.colcon_core.shell:Creating package script '/home/chrono/vesc_ws/install/vesc_ackermann/share/vesc_ackermann/package.bash'
[6.673s] INFO:colcon.colcon_core.shell:Creating package script '/home/chrono/vesc_ws/install/vesc_ackermann/share/vesc_ackermann/package.zsh'
[6.674s] Level 1:colcon.colcon_core.environment:create_file_with_runtime_dependencies(/home/chrono/vesc_ws/install/vesc_ackermann/share/colcon-core/packages/vesc_ackermann)
[6.854s] DEBUG:colcon.colcon_core.event_handler.log_command:Invoked command in '/home/chrono/vesc_ws/build/vesc_driver' returned '0': CMAKE_PREFIX_PATH=/home/chrono/vesc_ws/install/vesc_msgs:/home/chrono/vesc_ws/install/vesc_driver:/home/chrono/vesc_ws/install/vesc_ackermann:/opt/ros/jazzy/opt/gz_math_vendor:/opt/ros/jazzy/opt/gz_utils_vendor:/opt/ros/jazzy/opt/gz_cmake_vendor:/home/chrono/vesc_ws/install/vesc_slider:/opt/ros/jazzy DEBUGINFOD_URLS=https://debuginfod.ubuntu.com LD_LIBRARY_PATH=/home/chrono/vesc_ws/install/vesc_msgs/lib:/home/chrono/vesc_ws/install/vesc_driver/lib:/home/chrono/vesc_ws/install/vesc_ackermann/lib:/opt/ros/jazzy/opt/rviz_ogre_vendor/lib:/opt/ros/jazzy/lib/aarch64-linux-gnu:/opt/ros/jazzy/opt/gz_math_vendor/lib:/opt/ros/jazzy/opt/gz_utils_vendor/lib:/opt/ros/jazzy/opt/gz_cmake_vendor/lib:/opt/ros/jazzy/lib PYTHONPATH=/home/chrono/vesc_ws/install/vesc_msgs/lib/python3.12/site-packages:/home/chrono/vesc_ws/install/vesc_slider/lib/python3.12/site-packages:/opt/ros/jazzy/lib/python3.12/site-packages /usr/bin/cmake --build /home/chrono/vesc_ws/build/vesc_driver -- -j4 -l4
[6.862s] DEBUG:colcon.colcon_core.event_handler.log_command:Invoking command in '/home/chrono/vesc_ws/build/vesc_driver': CMAKE_PREFIX_PATH=/home/chrono/vesc_ws/install/vesc_msgs:/home/chrono/vesc_ws/install/vesc_driver:/home/chrono/vesc_ws/install/vesc_ackermann:/opt/ros/jazzy/opt/gz_math_vendor:/opt/ros/jazzy/opt/gz_utils_vendor:/opt/ros/jazzy/opt/gz_cmake_vendor:/home/chrono/vesc_ws/install/vesc_slider:/opt/ros/jazzy DEBUGINFOD_URLS=https://debuginfod.ubuntu.com LD_LIBRARY_PATH=/home/chrono/vesc_ws/install/vesc_msgs/lib:/home/chrono/vesc_ws/install/vesc_driver/lib:/home/chrono/vesc_ws/install/vesc_ackermann/lib:/opt/ros/jazzy/opt/rviz_ogre_vendor/lib:/opt/ros/jazzy/lib/aarch64-linux-gnu:/opt/ros/jazzy/opt/gz_math_vendor/lib:/opt/ros/jazzy/opt/gz_utils_vendor/lib:/opt/ros/jazzy/opt/gz_cmake_vendor/lib:/opt/ros/jazzy/lib PYTHONPATH=/home/chrono/vesc_ws/install/vesc_msgs/lib/python3.12/site-packages:/home/chrono/vesc_ws/install/vesc_slider/lib/python3.12/site-packages:/opt/ros/jazzy/lib/python3.12/site-packages /usr/bin/cmake --install /home/chrono/vesc_ws/build/vesc_driver
[6.907s] Level 1:colcon.colcon_core.environment:create_environment_scripts_only(vesc_driver)
[6.907s] Level 1:colcon.colcon_core.environment:checking '/home/chrono/vesc_ws/install/vesc_driver' for CMake module files
[6.908s] DEBUG:colcon.colcon_core.event_handler.log_command:Invoked command in '/home/chrono/vesc_ws/build/vesc_driver' returned '0': CMAKE_PREFIX_PATH=/home/chrono/vesc_ws/install/vesc_msgs:/home/chrono/vesc_ws/install/vesc_driver:/home/chrono/vesc_ws/install/vesc_ackermann:/opt/ros/jazzy/opt/gz_math_vendor:/opt/ros/jazzy/opt/gz_utils_vendor:/opt/ros/jazzy/opt/gz_cmake_vendor:/home/chrono/vesc_ws/install/vesc_slider:/opt/ros/jazzy DEBUGINFOD_URLS=https://debuginfod.ubuntu.com LD_LIBRARY_PATH=/home/chrono/vesc_ws/install/vesc_msgs/lib:/home/chrono/vesc_ws/install/vesc_driver/lib:/home/chrono/vesc_ws/install/vesc_ackermann/lib:/opt/ros/jazzy/opt/rviz_ogre_vendor/lib:/opt/ros/jazzy/lib/aarch64-linux-gnu:/opt/ros/jazzy/opt/gz_math_vendor/lib:/opt/ros/jazzy/opt/gz_utils_vendor/lib:/opt/ros/jazzy/opt/gz_cmake_vendor/lib:/opt/ros/jazzy/lib PYTHONPATH=/home/chrono/vesc_ws/install/vesc_msgs/lib/python3.12/site-packages:/home/chrono/vesc_ws/install/vesc_slider/lib/python3.12/site-packages:/opt/ros/jazzy/lib/python3.12/site-packages /usr/bin/cmake --install /home/chrono/vesc_ws/build/vesc_driver
[6.908s] Level 1:colcon.colcon_core.environment:checking '/home/chrono/vesc_ws/install/vesc_driver' for CMake config files
[6.909s] Level 1:colcon.colcon_core.shell:create_environment_hook('vesc_driver', 'cmake_prefix_path')
[6.909s] INFO:colcon.colcon_core.shell:Creating environment hook '/home/chrono/vesc_ws/install/vesc_driver/share/vesc_driver/hook/cmake_prefix_path.ps1'
[6.910s] INFO:colcon.colcon_core.shell:Creating environment descriptor '/home/chrono/vesc_ws/install/vesc_driver/share/vesc_driver/hook/cmake_prefix_path.dsv'
[6.916s] INFO:colcon.colcon_core.shell:Creating environment hook '/home/chrono/vesc_ws/install/vesc_driver/share/vesc_driver/hook/cmake_prefix_path.sh'
[6.917s] Level 1:colcon.colcon_core.environment:checking '/home/chrono/vesc_ws/install/vesc_driver/lib'
[6.917s] Level 1:colcon.colcon_core.shell:create_environment_hook('vesc_driver', 'ld_library_path_lib')
[6.917s] INFO:colcon.colcon_core.shell:Creating environment hook '/home/chrono/vesc_ws/install/vesc_driver/share/vesc_driver/hook/ld_library_path_lib.ps1'
[6.918s] INFO:colcon.colcon_core.shell:Creating environment descriptor '/home/chrono/vesc_ws/install/vesc_driver/share/vesc_driver/hook/ld_library_path_lib.dsv'
[6.919s] INFO:colcon.colcon_core.shell:Creating environment hook '/home/chrono/vesc_ws/install/vesc_driver/share/vesc_driver/hook/ld_library_path_lib.sh'
[6.919s] Level 1:colcon.colcon_core.environment:checking '/home/chrono/vesc_ws/install/vesc_driver/bin'
[6.920s] Level 1:colcon.colcon_core.environment:checking '/home/chrono/vesc_ws/install/vesc_driver/lib/pkgconfig/vesc_driver.pc'
[6.920s] Level 1:colcon.colcon_core.environment:checking '/home/chrono/vesc_ws/install/vesc_driver/lib/python3.12/site-packages'
[6.921s] Level 1:colcon.colcon_core.environment:checking '/home/chrono/vesc_ws/install/vesc_driver/bin'
[6.921s] INFO:colcon.colcon_core.shell:Creating package script '/home/chrono/vesc_ws/install/vesc_driver/share/vesc_driver/package.ps1'
[6.923s] INFO:colcon.colcon_core.shell:Creating package descriptor '/home/chrono/vesc_ws/install/vesc_driver/share/vesc_driver/package.dsv'
[6.924s] INFO:colcon.colcon_core.shell:Creating package script '/home/chrono/vesc_ws/install/vesc_driver/share/vesc_driver/package.sh'
[6.926s] INFO:colcon.colcon_core.shell:Creating package script '/home/chrono/vesc_ws/install/vesc_driver/share/vesc_driver/package.bash'
[6.927s] INFO:colcon.colcon_core.shell:Creating package script '/home/chrono/vesc_ws/install/vesc_driver/share/vesc_driver/package.zsh'
[6.929s] Level 1:colcon.colcon_core.environment:create_file_with_runtime_dependencies(/home/chrono/vesc_ws/install/vesc_driver/share/colcon-core/packages/vesc_driver)
[6.933s] Level 1:colcon.colcon_core.environment:create_environment_scripts_only(vesc_driver)
[6.934s] Level 1:colcon.colcon_core.environment:checking '/home/chrono/vesc_ws/install/vesc_driver' for CMake module files
[6.935s] Level 1:colcon.colcon_core.environment:checking '/home/chrono/vesc_ws/install/vesc_driver' for CMake config files
[6.936s] Level 1:colcon.colcon_core.shell:create_environment_hook('vesc_driver', 'cmake_prefix_path')
[6.936s] INFO:colcon.colcon_core.shell:Creating environment hook '/home/chrono/vesc_ws/install/vesc_driver/share/vesc_driver/hook/cmake_prefix_path.ps1'
[6.937s] INFO:colcon.colcon_core.shell:Creating environment descriptor '/home/chrono/vesc_ws/install/vesc_driver/share/vesc_driver/hook/cmake_prefix_path.dsv'
[6.939s] INFO:colcon.colcon_core.shell:Creating environment hook '/home/chrono/vesc_ws/install/vesc_driver/share/vesc_driver/hook/cmake_prefix_path.sh'
[6.940s] Level 1:colcon.colcon_core.environment:checking '/home/chrono/vesc_ws/install/vesc_driver/lib'
[6.940s] Level 1:colcon.colcon_core.shell:create_environment_hook('vesc_driver', 'ld_library_path_lib')
[6.940s] INFO:colcon.colcon_core.shell:Creating environment hook '/home/chrono/vesc_ws/install/vesc_driver/share/vesc_driver/hook/ld_library_path_lib.ps1'
[6.942s] INFO:colcon.colcon_core.shell:Creating environment descriptor '/home/chrono/vesc_ws/install/vesc_driver/share/vesc_driver/hook/ld_library_path_lib.dsv'
[6.943s] INFO:colcon.colcon_core.shell:Creating environment hook '/home/chrono/vesc_ws/install/vesc_driver/share/vesc_driver/hook/ld_library_path_lib.sh'
[6.945s] Level 1:colcon.colcon_core.environment:checking '/home/chrono/vesc_ws/install/vesc_driver/bin'
[6.945s] Level 1:colcon.colcon_core.environment:checking '/home/chrono/vesc_ws/install/vesc_driver/lib/pkgconfig/vesc_driver.pc'
[6.945s] Level 1:colcon.colcon_core.environment:checking '/home/chrono/vesc_ws/install/vesc_driver/lib/python3.12/site-packages'
[6.946s] Level 1:colcon.colcon_core.environment:checking '/home/chrono/vesc_ws/install/vesc_driver/bin'
[6.946s] INFO:colcon.colcon_core.shell:Creating package script '/home/chrono/vesc_ws/install/vesc_driver/share/vesc_driver/package.ps1'
[6.947s] INFO:colcon.colcon_core.shell:Creating package descriptor '/home/chrono/vesc_ws/install/vesc_driver/share/vesc_driver/package.dsv'
[6.950s] INFO:colcon.colcon_core.shell:Creating package script '/home/chrono/vesc_ws/install/vesc_driver/share/vesc_driver/package.sh'
[6.951s] INFO:colcon.colcon_core.shell:Creating package script '/home/chrono/vesc_ws/install/vesc_driver/share/vesc_driver/package.bash'
[6.952s] INFO:colcon.colcon_core.shell:Creating package script '/home/chrono/vesc_ws/install/vesc_driver/share/vesc_driver/package.zsh'
[6.953s] Level 1:colcon.colcon_core.environment:create_file_with_runtime_dependencies(/home/chrono/vesc_ws/install/vesc_driver/share/colcon-core/packages/vesc_driver)
[6.957s] INFO:colcon.colcon_ros.task.ament_cmake.build:Building ROS package in '/home/chrono/vesc_ws/src/vesc/vesc' with build type 'ament_cmake'
[6.957s] INFO:colcon.colcon_cmake.task.cmake.build:Building CMake package in '/home/chrono/vesc_ws/src/vesc/vesc'
[6.958s] INFO:colcon.colcon_core.shell:Skip shell extension 'powershell' for command environment: Not usable outside of PowerShell
[6.958s] DEBUG:colcon.colcon_core.shell:Skip shell extension 'dsv' for command environment
[6.986s] DEBUG:colcon.colcon_core.event_handler.log_command:Invoking command in '/home/chrono/vesc_ws/build/vesc': CMAKE_PREFIX_PATH=${CMAKE_PREFIX_PATH}:/home/chrono/vesc_ws/install/vesc_slider:/opt/ros/jazzy DEBUGINFOD_URLS=https://debuginfod.ubuntu.com PYTHONPATH=/home/chrono/vesc_ws/install/vesc_msgs/lib/python3.12/site-packages:/home/chrono/vesc_ws/install/vesc_slider/lib/python3.12/site-packages:/opt/ros/jazzy/lib/python3.12/site-packages /usr/bin/cmake /home/chrono/vesc_ws/src/vesc/vesc -DCMAKE_INSTALL_PREFIX=/home/chrono/vesc_ws/install/vesc
[8.940s] DEBUG:colcon.colcon_core.event_handler.log_command:Invoked command in '/home/chrono/vesc_ws/build/vesc' returned '0': CMAKE_PREFIX_PATH=${CMAKE_PREFIX_PATH}:/home/chrono/vesc_ws/install/vesc_slider:/opt/ros/jazzy DEBUGINFOD_URLS=https://debuginfod.ubuntu.com PYTHONPATH=/home/chrono/vesc_ws/install/vesc_msgs/lib/python3.12/site-packages:/home/chrono/vesc_ws/install/vesc_slider/lib/python3.12/site-packages:/opt/ros/jazzy/lib/python3.12/site-packages /usr/bin/cmake /home/chrono/vesc_ws/src/vesc/vesc -DCMAKE_INSTALL_PREFIX=/home/chrono/vesc_ws/install/vesc
[8.942s] DEBUG:colcon.colcon_core.event_handler.log_command:Invoking command in '/home/chrono/vesc_ws/build/vesc': CMAKE_PREFIX_PATH=${CMAKE_PREFIX_PATH}:/home/chrono/vesc_ws/install/vesc_slider:/opt/ros/jazzy DEBUGINFOD_URLS=https://debuginfod.ubuntu.com PYTHONPATH=/home/chrono/vesc_ws/install/vesc_msgs/lib/python3.12/site-packages:/home/chrono/vesc_ws/install/vesc_slider/lib/python3.12/site-packages:/opt/ros/jazzy/lib/python3.12/site-packages /usr/bin/cmake --build /home/chrono/vesc_ws/build/vesc -- -j4 -l4
[9.013s] DEBUG:colcon.colcon_core.event_handler.log_command:Invoked command in '/home/chrono/vesc_ws/build/vesc' returned '0': CMAKE_PREFIX_PATH=${CMAKE_PREFIX_PATH}:/home/chrono/vesc_ws/install/vesc_slider:/opt/ros/jazzy DEBUGINFOD_URLS=https://debuginfod.ubuntu.com PYTHONPATH=/home/chrono/vesc_ws/install/vesc_msgs/lib/python3.12/site-packages:/home/chrono/vesc_ws/install/vesc_slider/lib/python3.12/site-packages:/opt/ros/jazzy/lib/python3.12/site-packages /usr/bin/cmake --build /home/chrono/vesc_ws/build/vesc -- -j4 -l4
[9.015s] DEBUG:colcon.colcon_core.event_handler.log_command:Invoking command in '/home/chrono/vesc_ws/build/vesc': CMAKE_PREFIX_PATH=${CMAKE_PREFIX_PATH}:/home/chrono/vesc_ws/install/vesc_slider:/opt/ros/jazzy DEBUGINFOD_URLS=https://debuginfod.ubuntu.com PYTHONPATH=/home/chrono/vesc_ws/install/vesc_msgs/lib/python3.12/site-packages:/home/chrono/vesc_ws/install/vesc_slider/lib/python3.12/site-packages:/opt/ros/jazzy/lib/python3.12/site-packages /usr/bin/cmake --install /home/chrono/vesc_ws/build/vesc
[9.039s] Level 1:colcon.colcon_core.environment:create_environment_scripts_only(vesc)
[9.039s] Level 1:colcon.colcon_core.environment:checking '/home/chrono/vesc_ws/install/vesc' for CMake module files
[9.040s] DEBUG:colcon.colcon_core.event_handler.log_command:Invoked command in '/home/chrono/vesc_ws/build/vesc' returned '0': CMAKE_PREFIX_PATH=${CMAKE_PREFIX_PATH}:/home/chrono/vesc_ws/install/vesc_slider:/opt/ros/jazzy DEBUGINFOD_URLS=https://debuginfod.ubuntu.com PYTHONPATH=/home/chrono/vesc_ws/install/vesc_msgs/lib/python3.12/site-packages:/home/chrono/vesc_ws/install/vesc_slider/lib/python3.12/site-packages:/opt/ros/jazzy/lib/python3.12/site-packages /usr/bin/cmake --install /home/chrono/vesc_ws/build/vesc
[9.040s] Level 1:colcon.colcon_core.environment:checking '/home/chrono/vesc_ws/install/vesc' for CMake config files
[9.040s] Level 1:colcon.colcon_core.shell:create_environment_hook('vesc', 'cmake_prefix_path')
[9.041s] INFO:colcon.colcon_core.shell:Creating environment hook '/home/chrono/vesc_ws/install/vesc/share/vesc/hook/cmake_prefix_path.ps1'
[9.041s] INFO:colcon.colcon_core.shell:Creating environment descriptor '/home/chrono/vesc_ws/install/vesc/share/vesc/hook/cmake_prefix_path.dsv'
[9.042s] INFO:colcon.colcon_core.shell:Creating environment hook '/home/chrono/vesc_ws/install/vesc/share/vesc/hook/cmake_prefix_path.sh'
[9.042s] Level 1:colcon.colcon_core.environment:checking '/home/chrono/vesc_ws/install/vesc/bin'
[9.042s] Level 1:colcon.colcon_core.environment:checking '/home/chrono/vesc_ws/install/vesc/lib/pkgconfig/vesc.pc'
[9.043s] Level 1:colcon.colcon_core.environment:checking '/home/chrono/vesc_ws/install/vesc/lib/python3.12/site-packages'
[9.043s] Level 1:colcon.colcon_core.environment:checking '/home/chrono/vesc_ws/install/vesc/bin'
[9.043s] INFO:colcon.colcon_core.shell:Creating package script '/home/chrono/vesc_ws/install/vesc/share/vesc/package.ps1'
[9.044s] INFO:colcon.colcon_core.shell:Creating package descriptor '/home/chrono/vesc_ws/install/vesc/share/vesc/package.dsv'
[9.044s] INFO:colcon.colcon_core.shell:Creating package script '/home/chrono/vesc_ws/install/vesc/share/vesc/package.sh'
[9.045s] INFO:colcon.colcon_core.shell:Creating package script '/home/chrono/vesc_ws/install/vesc/share/vesc/package.bash'
[9.045s] INFO:colcon.colcon_core.shell:Creating package script '/home/chrono/vesc_ws/install/vesc/share/vesc/package.zsh'
[9.045s] Level 1:colcon.colcon_core.environment:create_file_with_runtime_dependencies(/home/chrono/vesc_ws/install/vesc/share/colcon-core/packages/vesc)
[9.046s] Level 1:colcon.colcon_core.environment:create_environment_scripts_only(vesc)
[9.046s] Level 1:colcon.colcon_core.environment:checking '/home/chrono/vesc_ws/install/vesc' for CMake module files
[9.047s] Level 1:colcon.colcon_core.environment:checking '/home/chrono/vesc_ws/install/vesc' for CMake config files
[9.047s] Level 1:colcon.colcon_core.shell:create_environment_hook('vesc', 'cmake_prefix_path')
[9.047s] INFO:colcon.colcon_core.shell:Creating environment hook '/home/chrono/vesc_ws/install/vesc/share/vesc/hook/cmake_prefix_path.ps1'
[9.050s] INFO:colcon.colcon_core.shell:Creating environment descriptor '/home/chrono/vesc_ws/install/vesc/share/vesc/hook/cmake_prefix_path.dsv'
[9.051s] INFO:colcon.colcon_core.shell:Creating environment hook '/home/chrono/vesc_ws/install/vesc/share/vesc/hook/cmake_prefix_path.sh'
[9.052s] Level 1:colcon.colcon_core.environment:checking '/home/chrono/vesc_ws/install/vesc/bin'
[9.052s] Level 1:colcon.colcon_core.environment:checking '/home/chrono/vesc_ws/install/vesc/lib/pkgconfig/vesc.pc'
[9.053s] Level 1:colcon.colcon_core.environment:checking '/home/chrono/vesc_ws/install/vesc/lib/python3.12/site-packages'
[9.053s] Level 1:colcon.colcon_core.environment:checking '/home/chrono/vesc_ws/install/vesc/bin'
[9.053s] INFO:colcon.colcon_core.shell:Creating package script '/home/chrono/vesc_ws/install/vesc/share/vesc/package.ps1'
[9.054s] INFO:colcon.colcon_core.shell:Creating package descriptor '/home/chrono/vesc_ws/install/vesc/share/vesc/package.dsv'
[9.055s] INFO:colcon.colcon_core.shell:Creating package script '/home/chrono/vesc_ws/install/vesc/share/vesc/package.sh'
[9.056s] INFO:colcon.colcon_core.shell:Creating package script '/home/chrono/vesc_ws/install/vesc/share/vesc/package.bash'
[9.057s] INFO:colcon.colcon_core.shell:Creating package script '/home/chrono/vesc_ws/install/vesc/share/vesc/package.zsh'
[9.057s] Level 1:colcon.colcon_core.environment:create_file_with_runtime_dependencies(/home/chrono/vesc_ws/install/vesc/share/colcon-core/packages/vesc)
[9.059s] DEBUG:colcon.colcon_parallel_executor.executor.parallel:closing loop
[9.059s] DEBUG:colcon.colcon_parallel_executor.executor.parallel:loop closed
[9.059s] DEBUG:colcon.colcon_parallel_executor.executor.parallel:run_until_complete finished with '0'
[9.059s] DEBUG:colcon.colcon_core.event_reactor:joining thread
[9.075s] INFO:colcon.colcon_core.plugin_system:Skipping extension 'colcon_notification.desktop_notification.terminal_notifier': Not used on non-Darwin systems
[9.075s] INFO:colcon.colcon_core.plugin_system:Skipping extension 'colcon_notification.desktop_notification.win32': Not used on non-Windows systems
[9.075s] INFO:colcon.colcon_notification.desktop_notification:Sending desktop notification using 'notify2'
[9.120s] DEBUG:colcon.colcon_core.event_reactor:joined thread
[9.122s] INFO:colcon.colcon_core.shell:Creating prefix script '/home/chrono/vesc_ws/install/local_setup.ps1'
[9.124s] INFO:colcon.colcon_core.shell:Creating prefix util module '/home/chrono/vesc_ws/install/_local_setup_util_ps1.py'
[9.127s] INFO:colcon.colcon_core.shell:Creating prefix chain script '/home/chrono/vesc_ws/install/setup.ps1'
[9.130s] INFO:colcon.colcon_core.shell:Creating prefix script '/home/chrono/vesc_ws/install/local_setup.sh'
[9.132s] INFO:colcon.colcon_core.shell:Creating prefix util module '/home/chrono/vesc_ws/install/_local_setup_util_sh.py'
[9.133s] INFO:colcon.colcon_core.shell:Creating prefix chain script '/home/chrono/vesc_ws/install/setup.sh'
[9.136s] INFO:colcon.colcon_core.shell:Creating prefix script '/home/chrono/vesc_ws/install/local_setup.bash'
[9.138s] INFO:colcon.colcon_core.shell:Creating prefix chain script '/home/chrono/vesc_ws/install/setup.bash'
[9.141s] INFO:colcon.colcon_core.shell:Creating prefix script '/home/chrono/vesc_ws/install/local_setup.zsh'
[9.142s] INFO:colcon.colcon_core.shell:Creating prefix chain script '/home/chrono/vesc_ws/install/setup.zsh'
