-- Found ament_cmake_auto: 2.5.4 (/opt/ros/jazzy/share/ament_cmake_auto/cmake)
-- Override CMake install command with custom implementation using symlinks instead of copying resources
-- Found rosidl_generator_c: 4.6.6 (/opt/ros/jazzy/share/rosidl_generator_c/cmake)
-- Found rosidl_generator_cpp: 4.6.6 (/opt/ros/jazzy/share/rosidl_generator_cpp/cmake)
-- Using all available rosidl_typesupport_c: rosidl_typesupport_fastrtps_c;rosidl_typesupport_introspection_c
-- Using all available rosidl_typesupport_cpp: rosidl_typesupport_fastrtps_cpp;rosidl_typesupport_introspection_cpp
-- Found rmw_implementation_cmake: 7.3.2 (/opt/ros/jazzy/share/rmw_implementation_cmake/cmake)
-- Found rmw_fastrtps_cpp: 8.4.3 (/opt/ros/jazzy/share/rmw_fastrtps_cpp/cmake)
-- Using RMW implementation 'rmw_fastrtps_cpp' as default
-- Found ament_lint_auto: 0.17.3 (/opt/ros/jazzy/share/ament_lint_auto/cmake)
-- Added test 'copyright' to check source files copyright and LICENSE
-- Added test 'cppcheck' to perform static code analysis on C / C++ code
-- Configured cppcheck include dirs: /home/chrono/vesc_ws/src/vesc/vesc_ackermann/include
-- Configured cppcheck exclude dirs and/or files: 
-- Added test 'cpplint' to check C / C++ code against the Google style
-- Configured cpplint exclude dirs and/or files: 
-- Added test 'lint_cmake' to check CMake code style
-- Added test 'uncrustify' to check C / C++ code style
-- Configured uncrustify additional arguments: 
-- Added test 'xmllint' to check XML markup files
-- Configuring done (1.2s)
-- Generating done (0.0s)
-- Build files have been written to: /home/chrono/vesc_ws/build/vesc_ackermann
[ 28%] Built target vesc_to_odom_node
[ 57%] Built target ackermann_to_vesc_node
[100%] Built target vesc_ackermann
-- Install configuration: ""
-- Execute custom install script
-- Up-to-date symlink: /home/chrono/vesc_ws/install/vesc_ackermann/lib/vesc_ackermann/ackermann_to_vesc_node
-- Up-to-date symlink: /home/chrono/vesc_ws/install/vesc_ackermann/lib/vesc_ackermann/vesc_to_odom_node
-- Up-to-date symlink: /home/chrono/vesc_ws/install/vesc_ackermann/include/vesc_ackermann/ackermann_to_vesc.hpp
-- Up-to-date symlink: /home/chrono/vesc_ws/install/vesc_ackermann/include/vesc_ackermann/vesc_to_odom.hpp
-- Up-to-date symlink: /home/chrono/vesc_ws/install/vesc_ackermann/share/vesc_ackermann/environment/library_path.sh
-- Up-to-date symlink: /home/chrono/vesc_ws/install/vesc_ackermann/share/vesc_ackermann/environment/library_path.dsv
-- Up-to-date symlink: /home/chrono/vesc_ws/install/vesc_ackermann/lib/libvesc_ackermann.so
-- Up-to-date symlink: /home/chrono/vesc_ws/install/vesc_ackermann/share/vesc_ackermann/launch/ackermann_to_vesc_node.launch.xml
-- Up-to-date symlink: /home/chrono/vesc_ws/install/vesc_ackermann/share/vesc_ackermann/launch/vesc_to_odom_node.launch.xml
-- Up-to-date symlink: /home/chrono/vesc_ws/install/vesc_ackermann/share/ament_index/resource_index/package_run_dependencies/vesc_ackermann
-- Up-to-date symlink: /home/chrono/vesc_ws/install/vesc_ackermann/share/ament_index/resource_index/parent_prefix_path/vesc_ackermann
-- Up-to-date symlink: /home/chrono/vesc_ws/install/vesc_ackermann/share/vesc_ackermann/environment/ament_prefix_path.sh
-- Up-to-date symlink: /home/chrono/vesc_ws/install/vesc_ackermann/share/vesc_ackermann/environment/ament_prefix_path.dsv
-- Up-to-date symlink: /home/chrono/vesc_ws/install/vesc_ackermann/share/vesc_ackermann/environment/path.sh
-- Up-to-date symlink: /home/chrono/vesc_ws/install/vesc_ackermann/share/vesc_ackermann/environment/path.dsv
-- Up-to-date symlink: /home/chrono/vesc_ws/install/vesc_ackermann/share/vesc_ackermann/local_setup.bash
-- Up-to-date symlink: /home/chrono/vesc_ws/install/vesc_ackermann/share/vesc_ackermann/local_setup.sh
-- Up-to-date symlink: /home/chrono/vesc_ws/install/vesc_ackermann/share/vesc_ackermann/local_setup.zsh
-- Up-to-date symlink: /home/chrono/vesc_ws/install/vesc_ackermann/share/vesc_ackermann/local_setup.dsv
-- Symlinking: /home/chrono/vesc_ws/install/vesc_ackermann/share/vesc_ackermann/package.dsv
-- Up-to-date symlink: /home/chrono/vesc_ws/install/vesc_ackermann/share/ament_index/resource_index/packages/vesc_ackermann
-- Up-to-date symlink: /home/chrono/vesc_ws/install/vesc_ackermann/share/ament_index/resource_index/rclcpp_components/vesc_ackermann
-- Up-to-date symlink: /home/chrono/vesc_ws/install/vesc_ackermann/share/vesc_ackermann/cmake/ament_cmake_export_dependencies-extras.cmake
-- Up-to-date symlink: /home/chrono/vesc_ws/install/vesc_ackermann/share/vesc_ackermann/cmake/ament_cmake_export_include_directories-extras.cmake
-- Up-to-date symlink: /home/chrono/vesc_ws/install/vesc_ackermann/share/vesc_ackermann/cmake/ament_cmake_export_libraries-extras.cmake
-- Up-to-date symlink: /home/chrono/vesc_ws/install/vesc_ackermann/share/vesc_ackermann/cmake/vesc_ackermannConfig.cmake
-- Up-to-date symlink: /home/chrono/vesc_ws/install/vesc_ackermann/share/vesc_ackermann/cmake/vesc_ackermannConfig-version.cmake
-- Up-to-date symlink: /home/chrono/vesc_ws/install/vesc_ackermann/share/vesc_ackermann/package.xml
