[0.140s] DEBUG:colcon:Command line arguments: ['/usr/bin/colcon', 'build', '--packages-select', 'vesc_driver', 'vesc_msgs', 'vesc_ackermann', '--symlink-install']
[0.140s] DEBUG:colcon:Parsed command line arguments: Namespace(log_base=None, log_level=None, verb_name='build', build_base='build', install_base='install', merge_install=False, symlink_install=True, test_result_base=None, continue_on_error=False, executor='parallel', parallel_workers=4, event_handlers=None, ignore_user_meta=False, metas=['./colcon.meta'], base_paths=['.'], packages_ignore=None, packages_ignore_regex=None, paths=None, packages_up_to=None, packages_up_to_regex=None, packages_above=None, packages_above_and_dependencies=None, packages_above_depth=None, packages_select_by_dep=None, packages_skip_by_dep=None, packages_skip_up_to=None, packages_select_build_failed=False, packages_skip_build_finished=False, packages_select_test_failures=False, packages_skip_test_passed=False, packages_select=['vesc_driver', 'vesc_msgs', 'vesc_ackermann'], packages_skip=None, packages_select_regex=None, packages_skip_regex=None, packages_start=None, packages_end=None, allow_overriding=[], cmake_args=None, cmake_target=None, cmake_target_skip_unavailable=False, cmake_clean_cache=False, cmake_clean_first=False, cmake_force_configure=False, ament_cmake_args=None, catkin_cmake_args=None, catkin_skip_building_tests=False, verb_parser=<colcon_defaults.argument_parser.defaults.DefaultArgumentsDecorator object at 0xffffb2204590>, verb_extension=<colcon_core.verb.build.BuildVerb object at 0xffffb2f3e780>, main=<bound method BuildVerb.main of <colcon_core.verb.build.BuildVerb object at 0xffffb2f3e780>>)
[0.196s] Level 1:colcon.colcon_core.package_discovery:discover_packages(colcon_meta) check parameters
[0.197s] Level 1:colcon.colcon_core.package_discovery:discover_packages(recursive) check parameters
[0.197s] Level 1:colcon.colcon_core.package_discovery:discover_packages(ignore) check parameters
[0.197s] Level 1:colcon.colcon_core.package_discovery:discover_packages(path) check parameters
[0.197s] Level 1:colcon.colcon_core.package_discovery:discover_packages(colcon_meta) discover
[0.197s] Level 1:colcon.colcon_core.package_discovery:discover_packages(recursive) discover
[0.197s] INFO:colcon.colcon_core.package_discovery:Crawling recursively for packages in '/home/chrono/vesc_ws'
[0.197s] Level 1:colcon.colcon_core.package_identification:_identify(.) by extensions ['ignore', 'ignore_ament_install']
[0.197s] Level 1:colcon.colcon_core.package_identification:_identify(.) by extension 'ignore'
[0.197s] Level 1:colcon.colcon_core.package_identification:_identify(.) by extension 'ignore_ament_install'
[0.197s] Level 1:colcon.colcon_core.package_identification:_identify(.) by extensions ['colcon_pkg']
[0.197s] Level 1:colcon.colcon_core.package_identification:_identify(.) by extension 'colcon_pkg'
[0.197s] Level 1:colcon.colcon_core.package_identification:_identify(.) by extensions ['colcon_meta']
[0.197s] Level 1:colcon.colcon_core.package_identification:_identify(.) by extension 'colcon_meta'
[0.197s] Level 1:colcon.colcon_core.package_identification:_identify(.) by extensions ['ros']
[0.197s] Level 1:colcon.colcon_core.package_identification:_identify(.) by extension 'ros'
[0.234s] Level 1:colcon.colcon_core.package_identification:_identify(.) by extensions ['cmake', 'python']
[0.234s] Level 1:colcon.colcon_core.package_identification:_identify(.) by extension 'cmake'
[0.234s] Level 1:colcon.colcon_core.package_identification:_identify(.) by extension 'python'
[0.234s] Level 1:colcon.colcon_core.package_identification:_identify(.) by extensions ['python_setup_py']
[0.234s] Level 1:colcon.colcon_core.package_identification:_identify(.) by extension 'python_setup_py'
[0.235s] Level 1:colcon.colcon_core.package_identification:_identify(build) by extensions ['ignore', 'ignore_ament_install']
[0.235s] Level 1:colcon.colcon_core.package_identification:_identify(build) by extension 'ignore'
[0.235s] Level 1:colcon.colcon_core.package_identification:_identify(build) ignored
[0.235s] Level 1:colcon.colcon_core.package_identification:_identify(install) by extensions ['ignore', 'ignore_ament_install']
[0.235s] Level 1:colcon.colcon_core.package_identification:_identify(install) by extension 'ignore'
[0.235s] Level 1:colcon.colcon_core.package_identification:_identify(install) ignored
[0.235s] Level 1:colcon.colcon_core.package_identification:_identify(log) by extensions ['ignore', 'ignore_ament_install']
[0.235s] Level 1:colcon.colcon_core.package_identification:_identify(log) by extension 'ignore'
[0.235s] Level 1:colcon.colcon_core.package_identification:_identify(log) ignored
[0.236s] Level 1:colcon.colcon_core.package_identification:_identify(src) by extensions ['ignore', 'ignore_ament_install']
[0.236s] Level 1:colcon.colcon_core.package_identification:_identify(src) by extension 'ignore'
[0.236s] Level 1:colcon.colcon_core.package_identification:_identify(src) by extension 'ignore_ament_install'
[0.236s] Level 1:colcon.colcon_core.package_identification:_identify(src) by extensions ['colcon_pkg']
[0.236s] Level 1:colcon.colcon_core.package_identification:_identify(src) by extension 'colcon_pkg'
[0.236s] Level 1:colcon.colcon_core.package_identification:_identify(src) by extensions ['colcon_meta']
[0.236s] Level 1:colcon.colcon_core.package_identification:_identify(src) by extension 'colcon_meta'
[0.236s] Level 1:colcon.colcon_core.package_identification:_identify(src) by extensions ['ros']
[0.236s] Level 1:colcon.colcon_core.package_identification:_identify(src) by extension 'ros'
[0.236s] Level 1:colcon.colcon_core.package_identification:_identify(src) by extensions ['cmake', 'python']
[0.236s] Level 1:colcon.colcon_core.package_identification:_identify(src) by extension 'cmake'
[0.236s] Level 1:colcon.colcon_core.package_identification:_identify(src) by extension 'python'
[0.236s] Level 1:colcon.colcon_core.package_identification:_identify(src) by extensions ['python_setup_py']
[0.236s] Level 1:colcon.colcon_core.package_identification:_identify(src) by extension 'python_setup_py'
[0.236s] Level 1:colcon.colcon_core.package_identification:_identify(src/vesc) by extensions ['ignore', 'ignore_ament_install']
[0.236s] Level 1:colcon.colcon_core.package_identification:_identify(src/vesc) by extension 'ignore'
[0.236s] Level 1:colcon.colcon_core.package_identification:_identify(src/vesc) by extension 'ignore_ament_install'
[0.236s] Level 1:colcon.colcon_core.package_identification:_identify(src/vesc) by extensions ['colcon_pkg']
[0.236s] Level 1:colcon.colcon_core.package_identification:_identify(src/vesc) by extension 'colcon_pkg'
[0.237s] Level 1:colcon.colcon_core.package_identification:_identify(src/vesc) by extensions ['colcon_meta']
[0.237s] Level 1:colcon.colcon_core.package_identification:_identify(src/vesc) by extension 'colcon_meta'
[0.237s] Level 1:colcon.colcon_core.package_identification:_identify(src/vesc) by extensions ['ros']
[0.237s] Level 1:colcon.colcon_core.package_identification:_identify(src/vesc) by extension 'ros'
[0.237s] Level 1:colcon.colcon_core.package_identification:_identify(src/vesc) by extensions ['cmake', 'python']
[0.237s] Level 1:colcon.colcon_core.package_identification:_identify(src/vesc) by extension 'cmake'
[0.237s] Level 1:colcon.colcon_core.package_identification:_identify(src/vesc) by extension 'python'
[0.237s] Level 1:colcon.colcon_core.package_identification:_identify(src/vesc) by extensions ['python_setup_py']
[0.237s] Level 1:colcon.colcon_core.package_identification:_identify(src/vesc) by extension 'python_setup_py'
[0.237s] Level 1:colcon.colcon_core.package_identification:_identify(src/vesc/vesc) by extensions ['ignore', 'ignore_ament_install']
[0.237s] Level 1:colcon.colcon_core.package_identification:_identify(src/vesc/vesc) by extension 'ignore'
[0.237s] Level 1:colcon.colcon_core.package_identification:_identify(src/vesc/vesc) by extension 'ignore_ament_install'
[0.237s] Level 1:colcon.colcon_core.package_identification:_identify(src/vesc/vesc) by extensions ['colcon_pkg']
[0.237s] Level 1:colcon.colcon_core.package_identification:_identify(src/vesc/vesc) by extension 'colcon_pkg'
[0.237s] Level 1:colcon.colcon_core.package_identification:_identify(src/vesc/vesc) by extensions ['colcon_meta']
[0.237s] Level 1:colcon.colcon_core.package_identification:_identify(src/vesc/vesc) by extension 'colcon_meta'
[0.237s] Level 1:colcon.colcon_core.package_identification:_identify(src/vesc/vesc) by extensions ['ros']
[0.237s] Level 1:colcon.colcon_core.package_identification:_identify(src/vesc/vesc) by extension 'ros'
[0.243s] DEBUG:colcon.colcon_core.package_identification:Package 'src/vesc/vesc' with type 'ros.ament_cmake' and name 'vesc'
[0.243s] Level 1:colcon.colcon_core.package_identification:_identify(src/vesc/vesc_ackermann) by extensions ['ignore', 'ignore_ament_install']
[0.243s] Level 1:colcon.colcon_core.package_identification:_identify(src/vesc/vesc_ackermann) by extension 'ignore'
[0.243s] Level 1:colcon.colcon_core.package_identification:_identify(src/vesc/vesc_ackermann) by extension 'ignore_ament_install'
[0.243s] Level 1:colcon.colcon_core.package_identification:_identify(src/vesc/vesc_ackermann) by extensions ['colcon_pkg']
[0.243s] Level 1:colcon.colcon_core.package_identification:_identify(src/vesc/vesc_ackermann) by extension 'colcon_pkg'
[0.243s] Level 1:colcon.colcon_core.package_identification:_identify(src/vesc/vesc_ackermann) by extensions ['colcon_meta']
[0.243s] Level 1:colcon.colcon_core.package_identification:_identify(src/vesc/vesc_ackermann) by extension 'colcon_meta'
[0.243s] Level 1:colcon.colcon_core.package_identification:_identify(src/vesc/vesc_ackermann) by extensions ['ros']
[0.243s] Level 1:colcon.colcon_core.package_identification:_identify(src/vesc/vesc_ackermann) by extension 'ros'
[0.245s] DEBUG:colcon.colcon_core.package_identification:Package 'src/vesc/vesc_ackermann' with type 'ros.ament_cmake' and name 'vesc_ackermann'
[0.245s] Level 1:colcon.colcon_core.package_identification:_identify(src/vesc/vesc_driver) by extensions ['ignore', 'ignore_ament_install']
[0.245s] Level 1:colcon.colcon_core.package_identification:_identify(src/vesc/vesc_driver) by extension 'ignore'
[0.245s] Level 1:colcon.colcon_core.package_identification:_identify(src/vesc/vesc_driver) by extension 'ignore_ament_install'
[0.245s] Level 1:colcon.colcon_core.package_identification:_identify(src/vesc/vesc_driver) by extensions ['colcon_pkg']
[0.245s] Level 1:colcon.colcon_core.package_identification:_identify(src/vesc/vesc_driver) by extension 'colcon_pkg'
[0.245s] Level 1:colcon.colcon_core.package_identification:_identify(src/vesc/vesc_driver) by extensions ['colcon_meta']
[0.245s] Level 1:colcon.colcon_core.package_identification:_identify(src/vesc/vesc_driver) by extension 'colcon_meta'
[0.245s] Level 1:colcon.colcon_core.package_identification:_identify(src/vesc/vesc_driver) by extensions ['ros']
[0.245s] Level 1:colcon.colcon_core.package_identification:_identify(src/vesc/vesc_driver) by extension 'ros'
[0.246s] DEBUG:colcon.colcon_core.package_identification:Package 'src/vesc/vesc_driver' with type 'ros.ament_cmake' and name 'vesc_driver'
[0.246s] Level 1:colcon.colcon_core.package_identification:_identify(src/vesc/vesc_msgs) by extensions ['ignore', 'ignore_ament_install']
[0.246s] Level 1:colcon.colcon_core.package_identification:_identify(src/vesc/vesc_msgs) by extension 'ignore'
[0.247s] Level 1:colcon.colcon_core.package_identification:_identify(src/vesc/vesc_msgs) by extension 'ignore_ament_install'
[0.247s] Level 1:colcon.colcon_core.package_identification:_identify(src/vesc/vesc_msgs) by extensions ['colcon_pkg']
[0.247s] Level 1:colcon.colcon_core.package_identification:_identify(src/vesc/vesc_msgs) by extension 'colcon_pkg'
[0.247s] Level 1:colcon.colcon_core.package_identification:_identify(src/vesc/vesc_msgs) by extensions ['colcon_meta']
[0.247s] Level 1:colcon.colcon_core.package_identification:_identify(src/vesc/vesc_msgs) by extension 'colcon_meta'
[0.247s] Level 1:colcon.colcon_core.package_identification:_identify(src/vesc/vesc_msgs) by extensions ['ros']
[0.247s] Level 1:colcon.colcon_core.package_identification:_identify(src/vesc/vesc_msgs) by extension 'ros'
[0.248s] DEBUG:colcon.colcon_core.package_identification:Package 'src/vesc/vesc_msgs' with type 'ros.ament_cmake' and name 'vesc_msgs'
[0.248s] Level 1:colcon.colcon_core.package_identification:_identify(src/vesc_slider) by extensions ['ignore', 'ignore_ament_install']
[0.248s] Level 1:colcon.colcon_core.package_identification:_identify(src/vesc_slider) by extension 'ignore'
[0.248s] Level 1:colcon.colcon_core.package_identification:_identify(src/vesc_slider) by extension 'ignore_ament_install'
[0.248s] Level 1:colcon.colcon_core.package_identification:_identify(src/vesc_slider) by extensions ['colcon_pkg']
[0.248s] Level 1:colcon.colcon_core.package_identification:_identify(src/vesc_slider) by extension 'colcon_pkg'
[0.248s] Level 1:colcon.colcon_core.package_identification:_identify(src/vesc_slider) by extensions ['colcon_meta']
[0.248s] Level 1:colcon.colcon_core.package_identification:_identify(src/vesc_slider) by extension 'colcon_meta'
[0.248s] Level 1:colcon.colcon_core.package_identification:_identify(src/vesc_slider) by extensions ['ros']
[0.248s] Level 1:colcon.colcon_core.package_identification:_identify(src/vesc_slider) by extension 'ros'
[0.249s] DEBUG:colcon.colcon_core.package_identification:Package 'src/vesc_slider' with type 'ros.ament_python' and name 'vesc_slider'
[0.249s] Level 1:colcon.colcon_core.package_discovery:discover_packages(recursive) using defaults
[0.249s] Level 1:colcon.colcon_core.package_discovery:discover_packages(ignore) discover
[0.249s] Level 1:colcon.colcon_core.package_discovery:discover_packages(ignore) using defaults
[0.249s] Level 1:colcon.colcon_core.package_discovery:discover_packages(path) discover
[0.249s] Level 1:colcon.colcon_core.package_discovery:discover_packages(path) using defaults
[0.273s] INFO:colcon.colcon_core.package_selection:Skipping not selected package 'vesc_slider' in 'src/vesc_slider'
[0.273s] INFO:colcon.colcon_core.package_selection:Skipping not selected package 'vesc' in 'src/vesc/vesc'
[0.274s] Level 1:colcon.colcon_core.package_discovery:discover_packages(prefix_path) check parameters
[0.274s] Level 1:colcon.colcon_core.package_discovery:discover_packages(prefix_path) discover
[0.277s] DEBUG:colcon.colcon_installed_package_information.package_discovery:Found 290 installed packages in /opt/ros/jazzy
[0.279s] Level 1:colcon.colcon_core.package_discovery:discover_packages(prefix_path) using defaults
[0.337s] Level 5:colcon.colcon_core.verb:set package 'vesc_msgs' build argument 'cmake_args' from command line to 'None'
[0.338s] Level 5:colcon.colcon_core.verb:set package 'vesc_msgs' build argument 'cmake_target' from command line to 'None'
[0.338s] Level 5:colcon.colcon_core.verb:set package 'vesc_msgs' build argument 'cmake_target_skip_unavailable' from command line to 'False'
[0.338s] Level 5:colcon.colcon_core.verb:set package 'vesc_msgs' build argument 'cmake_clean_cache' from command line to 'False'
[0.338s] Level 5:colcon.colcon_core.verb:set package 'vesc_msgs' build argument 'cmake_clean_first' from command line to 'False'
[0.338s] Level 5:colcon.colcon_core.verb:set package 'vesc_msgs' build argument 'cmake_force_configure' from command line to 'False'
[0.338s] Level 5:colcon.colcon_core.verb:set package 'vesc_msgs' build argument 'ament_cmake_args' from command line to 'None'
[0.338s] Level 5:colcon.colcon_core.verb:set package 'vesc_msgs' build argument 'catkin_cmake_args' from command line to 'None'
[0.338s] Level 5:colcon.colcon_core.verb:set package 'vesc_msgs' build argument 'catkin_skip_building_tests' from command line to 'False'
[0.338s] DEBUG:colcon.colcon_core.verb:Building package 'vesc_msgs' with the following arguments: {'ament_cmake_args': None, 'build_base': '/home/chrono/vesc_ws/build/vesc_msgs', 'catkin_cmake_args': None, 'catkin_skip_building_tests': False, 'cmake_args': None, 'cmake_clean_cache': False, 'cmake_clean_first': False, 'cmake_force_configure': False, 'cmake_target': None, 'cmake_target_skip_unavailable': False, 'install_base': '/home/chrono/vesc_ws/install/vesc_msgs', 'merge_install': False, 'path': '/home/chrono/vesc_ws/src/vesc/vesc_msgs', 'symlink_install': True, 'test_result_base': None}
[0.338s] Level 5:colcon.colcon_core.verb:set package 'vesc_ackermann' build argument 'cmake_args' from command line to 'None'
[0.338s] Level 5:colcon.colcon_core.verb:set package 'vesc_ackermann' build argument 'cmake_target' from command line to 'None'
[0.338s] Level 5:colcon.colcon_core.verb:set package 'vesc_ackermann' build argument 'cmake_target_skip_unavailable' from command line to 'False'
[0.338s] Level 5:colcon.colcon_core.verb:set package 'vesc_ackermann' build argument 'cmake_clean_cache' from command line to 'False'
[0.338s] Level 5:colcon.colcon_core.verb:set package 'vesc_ackermann' build argument 'cmake_clean_first' from command line to 'False'
[0.338s] Level 5:colcon.colcon_core.verb:set package 'vesc_ackermann' build argument 'cmake_force_configure' from command line to 'False'
[0.338s] Level 5:colcon.colcon_core.verb:set package 'vesc_ackermann' build argument 'ament_cmake_args' from command line to 'None'
[0.338s] Level 5:colcon.colcon_core.verb:set package 'vesc_ackermann' build argument 'catkin_cmake_args' from command line to 'None'
[0.338s] Level 5:colcon.colcon_core.verb:set package 'vesc_ackermann' build argument 'catkin_skip_building_tests' from command line to 'False'
[0.338s] DEBUG:colcon.colcon_core.verb:Building package 'vesc_ackermann' with the following arguments: {'ament_cmake_args': None, 'build_base': '/home/chrono/vesc_ws/build/vesc_ackermann', 'catkin_cmake_args': None, 'catkin_skip_building_tests': False, 'cmake_args': None, 'cmake_clean_cache': False, 'cmake_clean_first': False, 'cmake_force_configure': False, 'cmake_target': None, 'cmake_target_skip_unavailable': False, 'install_base': '/home/chrono/vesc_ws/install/vesc_ackermann', 'merge_install': False, 'path': '/home/chrono/vesc_ws/src/vesc/vesc_ackermann', 'symlink_install': True, 'test_result_base': None}
[0.339s] Level 5:colcon.colcon_core.verb:set package 'vesc_driver' build argument 'cmake_args' from command line to 'None'
[0.339s] Level 5:colcon.colcon_core.verb:set package 'vesc_driver' build argument 'cmake_target' from command line to 'None'
[0.339s] Level 5:colcon.colcon_core.verb:set package 'vesc_driver' build argument 'cmake_target_skip_unavailable' from command line to 'False'
[0.339s] Level 5:colcon.colcon_core.verb:set package 'vesc_driver' build argument 'cmake_clean_cache' from command line to 'False'
[0.339s] Level 5:colcon.colcon_core.verb:set package 'vesc_driver' build argument 'cmake_clean_first' from command line to 'False'
[0.339s] Level 5:colcon.colcon_core.verb:set package 'vesc_driver' build argument 'cmake_force_configure' from command line to 'False'
[0.339s] Level 5:colcon.colcon_core.verb:set package 'vesc_driver' build argument 'ament_cmake_args' from command line to 'None'
[0.339s] Level 5:colcon.colcon_core.verb:set package 'vesc_driver' build argument 'catkin_cmake_args' from command line to 'None'
[0.339s] Level 5:colcon.colcon_core.verb:set package 'vesc_driver' build argument 'catkin_skip_building_tests' from command line to 'False'
[0.339s] DEBUG:colcon.colcon_core.verb:Building package 'vesc_driver' with the following arguments: {'ament_cmake_args': None, 'build_base': '/home/chrono/vesc_ws/build/vesc_driver', 'catkin_cmake_args': None, 'catkin_skip_building_tests': False, 'cmake_args': None, 'cmake_clean_cache': False, 'cmake_clean_first': False, 'cmake_force_configure': False, 'cmake_target': None, 'cmake_target_skip_unavailable': False, 'install_base': '/home/chrono/vesc_ws/install/vesc_driver', 'merge_install': False, 'path': '/home/chrono/vesc_ws/src/vesc/vesc_driver', 'symlink_install': True, 'test_result_base': None}
[0.339s] INFO:colcon.colcon_core.executor:Executing jobs using 'parallel' executor
[0.341s] DEBUG:colcon.colcon_parallel_executor.executor.parallel:run_until_complete
[0.341s] INFO:colcon.colcon_ros.task.ament_cmake.build:Building ROS package in '/home/chrono/vesc_ws/src/vesc/vesc_msgs' with build type 'ament_cmake'
[0.341s] INFO:colcon.colcon_cmake.task.cmake.build:Building CMake package in '/home/chrono/vesc_ws/src/vesc/vesc_msgs'
[0.343s] INFO:colcon.colcon_core.plugin_system:Skipping extension 'colcon_core.shell.bat': Not used on non-Windows systems
[0.344s] INFO:colcon.colcon_core.shell:Skip shell extension 'powershell' for command environment: Not usable outside of PowerShell
[0.344s] DEBUG:colcon.colcon_core.shell:Skip shell extension 'dsv' for command environment
[0.357s] DEBUG:colcon.colcon_core.event_handler.log_command:Invoking command in '/home/chrono/vesc_ws/build/vesc_msgs': CMAKE_PREFIX_PATH=${CMAKE_PREFIX_PATH}:/opt/ros/jazzy DEBUGINFOD_URLS=https://debuginfod.ubuntu.com /usr/bin/cmake /home/chrono/vesc_ws/src/vesc/vesc_msgs -DAMENT_CMAKE_SYMLINK_INSTALL=1 -DCMAKE_INSTALL_PREFIX=/home/chrono/vesc_ws/install/vesc_msgs
[2.452s] DEBUG:colcon.colcon_core.event_handler.log_command:Invoked command in '/home/chrono/vesc_ws/build/vesc_msgs' returned '0': CMAKE_PREFIX_PATH=${CMAKE_PREFIX_PATH}:/opt/ros/jazzy DEBUGINFOD_URLS=https://debuginfod.ubuntu.com /usr/bin/cmake /home/chrono/vesc_ws/src/vesc/vesc_msgs -DAMENT_CMAKE_SYMLINK_INSTALL=1 -DCMAKE_INSTALL_PREFIX=/home/chrono/vesc_ws/install/vesc_msgs
[2.455s] DEBUG:colcon.colcon_core.event_handler.log_command:Invoking command in '/home/chrono/vesc_ws/build/vesc_msgs': CMAKE_PREFIX_PATH=${CMAKE_PREFIX_PATH}:/opt/ros/jazzy DEBUGINFOD_URLS=https://debuginfod.ubuntu.com /usr/bin/cmake --build /home/chrono/vesc_ws/build/vesc_msgs -- -j4 -l4
[3.121s] DEBUG:colcon.colcon_core.event_handler.log_command:Invoked command in '/home/chrono/vesc_ws/build/vesc_msgs' returned '0': CMAKE_PREFIX_PATH=${CMAKE_PREFIX_PATH}:/opt/ros/jazzy DEBUGINFOD_URLS=https://debuginfod.ubuntu.com /usr/bin/cmake --build /home/chrono/vesc_ws/build/vesc_msgs -- -j4 -l4
[3.140s] DEBUG:colcon.colcon_core.event_handler.log_command:Invoking command in '/home/chrono/vesc_ws/build/vesc_msgs': CMAKE_PREFIX_PATH=${CMAKE_PREFIX_PATH}:/opt/ros/jazzy DEBUGINFOD_URLS=https://debuginfod.ubuntu.com /usr/bin/cmake --install /home/chrono/vesc_ws/build/vesc_msgs
[3.268s] Level 1:colcon.colcon_core.environment:create_environment_scripts_only(vesc_msgs)
[3.269s] DEBUG:colcon.colcon_core.event_handler.log_command:Invoked command in '/home/chrono/vesc_ws/build/vesc_msgs' returned '0': CMAKE_PREFIX_PATH=${CMAKE_PREFIX_PATH}:/opt/ros/jazzy DEBUGINFOD_URLS=https://debuginfod.ubuntu.com /usr/bin/cmake --install /home/chrono/vesc_ws/build/vesc_msgs
[3.271s] Level 1:colcon.colcon_core.environment:checking '/home/chrono/vesc_ws/install/vesc_msgs' for CMake module files
[3.272s] Level 1:colcon.colcon_core.environment:checking '/home/chrono/vesc_ws/install/vesc_msgs' for CMake config files
[3.273s] Level 1:colcon.colcon_core.shell:create_environment_hook('vesc_msgs', 'cmake_prefix_path')
[3.273s] INFO:colcon.colcon_core.shell:Creating environment hook '/home/chrono/vesc_ws/install/vesc_msgs/share/vesc_msgs/hook/cmake_prefix_path.ps1'
[3.274s] INFO:colcon.colcon_core.shell:Creating environment descriptor '/home/chrono/vesc_ws/install/vesc_msgs/share/vesc_msgs/hook/cmake_prefix_path.dsv'
[3.275s] INFO:colcon.colcon_core.shell:Creating environment hook '/home/chrono/vesc_ws/install/vesc_msgs/share/vesc_msgs/hook/cmake_prefix_path.sh'
[3.277s] Level 1:colcon.colcon_core.environment:checking '/home/chrono/vesc_ws/install/vesc_msgs/lib'
[3.277s] Level 1:colcon.colcon_core.shell:create_environment_hook('vesc_msgs', 'ld_library_path_lib')
[3.278s] INFO:colcon.colcon_core.shell:Creating environment hook '/home/chrono/vesc_ws/install/vesc_msgs/share/vesc_msgs/hook/ld_library_path_lib.ps1'
[3.278s] INFO:colcon.colcon_core.shell:Creating environment descriptor '/home/chrono/vesc_ws/install/vesc_msgs/share/vesc_msgs/hook/ld_library_path_lib.dsv'
[3.279s] INFO:colcon.colcon_core.shell:Creating environment hook '/home/chrono/vesc_ws/install/vesc_msgs/share/vesc_msgs/hook/ld_library_path_lib.sh'
[3.280s] Level 1:colcon.colcon_core.environment:checking '/home/chrono/vesc_ws/install/vesc_msgs/bin'
[3.280s] Level 1:colcon.colcon_core.environment:checking '/home/chrono/vesc_ws/install/vesc_msgs/lib/pkgconfig/vesc_msgs.pc'
[3.280s] Level 1:colcon.colcon_core.environment:checking '/home/chrono/vesc_ws/install/vesc_msgs/lib/python3.12/site-packages'
[3.280s] Level 1:colcon.colcon_core.shell:create_environment_hook('vesc_msgs', 'pythonpath')
[3.281s] INFO:colcon.colcon_core.shell:Creating environment hook '/home/chrono/vesc_ws/install/vesc_msgs/share/vesc_msgs/hook/pythonpath.ps1'
[3.281s] INFO:colcon.colcon_core.shell:Creating environment descriptor '/home/chrono/vesc_ws/install/vesc_msgs/share/vesc_msgs/hook/pythonpath.dsv'
[3.282s] INFO:colcon.colcon_core.shell:Creating environment hook '/home/chrono/vesc_ws/install/vesc_msgs/share/vesc_msgs/hook/pythonpath.sh'
[3.283s] Level 1:colcon.colcon_core.environment:checking '/home/chrono/vesc_ws/install/vesc_msgs/bin'
[3.284s] INFO:colcon.colcon_core.shell:Creating package script '/home/chrono/vesc_ws/install/vesc_msgs/share/vesc_msgs/package.ps1'
[3.285s] INFO:colcon.colcon_core.shell:Creating package descriptor '/home/chrono/vesc_ws/install/vesc_msgs/share/vesc_msgs/package.dsv'
[3.285s] INFO:colcon.colcon_core.shell:Creating package script '/home/chrono/vesc_ws/install/vesc_msgs/share/vesc_msgs/package.sh'
[3.286s] INFO:colcon.colcon_core.shell:Creating package script '/home/chrono/vesc_ws/install/vesc_msgs/share/vesc_msgs/package.bash'
[3.287s] INFO:colcon.colcon_core.shell:Creating package script '/home/chrono/vesc_ws/install/vesc_msgs/share/vesc_msgs/package.zsh'
[3.289s] Level 1:colcon.colcon_core.environment:create_file_with_runtime_dependencies(/home/chrono/vesc_ws/install/vesc_msgs/share/colcon-core/packages/vesc_msgs)
[3.291s] Level 1:colcon.colcon_core.environment:create_environment_scripts_only(vesc_msgs)
[3.291s] Level 1:colcon.colcon_core.environment:checking '/home/chrono/vesc_ws/install/vesc_msgs' for CMake module files
[3.292s] Level 1:colcon.colcon_core.environment:checking '/home/chrono/vesc_ws/install/vesc_msgs' for CMake config files
[3.293s] Level 1:colcon.colcon_core.shell:create_environment_hook('vesc_msgs', 'cmake_prefix_path')
[3.293s] INFO:colcon.colcon_core.shell:Creating environment hook '/home/chrono/vesc_ws/install/vesc_msgs/share/vesc_msgs/hook/cmake_prefix_path.ps1'
[3.293s] INFO:colcon.colcon_core.shell:Creating environment descriptor '/home/chrono/vesc_ws/install/vesc_msgs/share/vesc_msgs/hook/cmake_prefix_path.dsv'
[3.294s] INFO:colcon.colcon_core.shell:Creating environment hook '/home/chrono/vesc_ws/install/vesc_msgs/share/vesc_msgs/hook/cmake_prefix_path.sh'
[3.296s] Level 1:colcon.colcon_core.environment:checking '/home/chrono/vesc_ws/install/vesc_msgs/lib'
[3.296s] Level 1:colcon.colcon_core.shell:create_environment_hook('vesc_msgs', 'ld_library_path_lib')
[3.296s] INFO:colcon.colcon_core.shell:Creating environment hook '/home/chrono/vesc_ws/install/vesc_msgs/share/vesc_msgs/hook/ld_library_path_lib.ps1'
[3.297s] INFO:colcon.colcon_core.shell:Creating environment descriptor '/home/chrono/vesc_ws/install/vesc_msgs/share/vesc_msgs/hook/ld_library_path_lib.dsv'
[3.300s] INFO:colcon.colcon_core.shell:Creating environment hook '/home/chrono/vesc_ws/install/vesc_msgs/share/vesc_msgs/hook/ld_library_path_lib.sh'
[3.301s] Level 1:colcon.colcon_core.environment:checking '/home/chrono/vesc_ws/install/vesc_msgs/bin'
[3.301s] Level 1:colcon.colcon_core.environment:checking '/home/chrono/vesc_ws/install/vesc_msgs/lib/pkgconfig/vesc_msgs.pc'
[3.301s] Level 1:colcon.colcon_core.environment:checking '/home/chrono/vesc_ws/install/vesc_msgs/lib/python3.12/site-packages'
[3.301s] Level 1:colcon.colcon_core.shell:create_environment_hook('vesc_msgs', 'pythonpath')
[3.301s] INFO:colcon.colcon_core.shell:Creating environment hook '/home/chrono/vesc_ws/install/vesc_msgs/share/vesc_msgs/hook/pythonpath.ps1'
[3.302s] INFO:colcon.colcon_core.shell:Creating environment descriptor '/home/chrono/vesc_ws/install/vesc_msgs/share/vesc_msgs/hook/pythonpath.dsv'
[3.303s] INFO:colcon.colcon_core.shell:Creating environment hook '/home/chrono/vesc_ws/install/vesc_msgs/share/vesc_msgs/hook/pythonpath.sh'
[3.305s] Level 1:colcon.colcon_core.environment:checking '/home/chrono/vesc_ws/install/vesc_msgs/bin'
[3.305s] INFO:colcon.colcon_core.shell:Creating package script '/home/chrono/vesc_ws/install/vesc_msgs/share/vesc_msgs/package.ps1'
[3.306s] INFO:colcon.colcon_core.shell:Creating package descriptor '/home/chrono/vesc_ws/install/vesc_msgs/share/vesc_msgs/package.dsv'
[3.307s] INFO:colcon.colcon_core.shell:Creating package script '/home/chrono/vesc_ws/install/vesc_msgs/share/vesc_msgs/package.sh'
[3.307s] INFO:colcon.colcon_core.shell:Creating package script '/home/chrono/vesc_ws/install/vesc_msgs/share/vesc_msgs/package.bash'
[3.308s] INFO:colcon.colcon_core.shell:Creating package script '/home/chrono/vesc_ws/install/vesc_msgs/share/vesc_msgs/package.zsh'
[3.309s] Level 1:colcon.colcon_core.environment:create_file_with_runtime_dependencies(/home/chrono/vesc_ws/install/vesc_msgs/share/colcon-core/packages/vesc_msgs)
[3.311s] INFO:colcon.colcon_ros.task.ament_cmake.build:Building ROS package in '/home/chrono/vesc_ws/src/vesc/vesc_ackermann' with build type 'ament_cmake'
[3.311s] INFO:colcon.colcon_cmake.task.cmake.build:Building CMake package in '/home/chrono/vesc_ws/src/vesc/vesc_ackermann'
[3.311s] INFO:colcon.colcon_core.shell:Skip shell extension 'powershell' for command environment: Not usable outside of PowerShell
[3.311s] DEBUG:colcon.colcon_core.shell:Skip shell extension 'dsv' for command environment
[3.316s] INFO:colcon.colcon_ros.task.ament_cmake.build:Building ROS package in '/home/chrono/vesc_ws/src/vesc/vesc_driver' with build type 'ament_cmake'
[3.316s] INFO:colcon.colcon_cmake.task.cmake.build:Building CMake package in '/home/chrono/vesc_ws/src/vesc/vesc_driver'
[3.316s] INFO:colcon.colcon_core.shell:Skip shell extension 'powershell' for command environment: Not usable outside of PowerShell
[3.316s] DEBUG:colcon.colcon_core.shell:Skip shell extension 'dsv' for command environment
[3.327s] DEBUG:colcon.colcon_core.event_handler.log_command:Invoking command in '/home/chrono/vesc_ws/build/vesc_ackermann': AMENT_PREFIX_PATH=/home/chrono/vesc_ws/install/vesc_msgs:${AMENT_PREFIX_PATH} CMAKE_PREFIX_PATH=/home/chrono/vesc_ws/install/vesc_msgs:/opt/ros/jazzy/opt/gz_math_vendor:/opt/ros/jazzy/opt/gz_utils_vendor:/opt/ros/jazzy/opt/gz_cmake_vendor:/opt/ros/jazzy DEBUGINFOD_URLS=https://debuginfod.ubuntu.com LD_LIBRARY_PATH=/home/chrono/vesc_ws/install/vesc_msgs/lib:${LD_LIBRARY_PATH} PYTHONPATH=/home/chrono/vesc_ws/install/vesc_msgs/lib/python3.12/site-packages:${PYTHONPATH} /usr/bin/cmake /home/chrono/vesc_ws/src/vesc/vesc_ackermann -DAMENT_CMAKE_SYMLINK_INSTALL=1 -DCMAKE_INSTALL_PREFIX=/home/chrono/vesc_ws/install/vesc_ackermann
[3.333s] DEBUG:colcon.colcon_core.event_handler.log_command:Invoking command in '/home/chrono/vesc_ws/build/vesc_driver': AMENT_PREFIX_PATH=/home/chrono/vesc_ws/install/vesc_msgs:${AMENT_PREFIX_PATH} CMAKE_PREFIX_PATH=/home/chrono/vesc_ws/install/vesc_msgs:/opt/ros/jazzy/opt/gz_math_vendor:/opt/ros/jazzy/opt/gz_utils_vendor:/opt/ros/jazzy/opt/gz_cmake_vendor:/opt/ros/jazzy DEBUGINFOD_URLS=https://debuginfod.ubuntu.com LD_LIBRARY_PATH=/home/chrono/vesc_ws/install/vesc_msgs/lib:${LD_LIBRARY_PATH} PYTHONPATH=/home/chrono/vesc_ws/install/vesc_msgs/lib/python3.12/site-packages:${PYTHONPATH} /usr/bin/cmake /home/chrono/vesc_ws/src/vesc/vesc_driver -DAMENT_CMAKE_SYMLINK_INSTALL=1 -DCMAKE_INSTALL_PREFIX=/home/chrono/vesc_ws/install/vesc_driver
[4.618s] DEBUG:colcon.colcon_core.event_handler.log_command:Invoked command in '/home/chrono/vesc_ws/build/vesc_driver' returned '0': AMENT_PREFIX_PATH=/home/chrono/vesc_ws/install/vesc_msgs:${AMENT_PREFIX_PATH} CMAKE_PREFIX_PATH=/home/chrono/vesc_ws/install/vesc_msgs:/opt/ros/jazzy/opt/gz_math_vendor:/opt/ros/jazzy/opt/gz_utils_vendor:/opt/ros/jazzy/opt/gz_cmake_vendor:/opt/ros/jazzy DEBUGINFOD_URLS=https://debuginfod.ubuntu.com LD_LIBRARY_PATH=/home/chrono/vesc_ws/install/vesc_msgs/lib:${LD_LIBRARY_PATH} PYTHONPATH=/home/chrono/vesc_ws/install/vesc_msgs/lib/python3.12/site-packages:${PYTHONPATH} /usr/bin/cmake /home/chrono/vesc_ws/src/vesc/vesc_driver -DAMENT_CMAKE_SYMLINK_INSTALL=1 -DCMAKE_INSTALL_PREFIX=/home/chrono/vesc_ws/install/vesc_driver
[4.620s] DEBUG:colcon.colcon_core.event_handler.log_command:Invoking command in '/home/chrono/vesc_ws/build/vesc_driver': AMENT_PREFIX_PATH=/home/chrono/vesc_ws/install/vesc_msgs:${AMENT_PREFIX_PATH} CMAKE_PREFIX_PATH=/home/chrono/vesc_ws/install/vesc_msgs:/opt/ros/jazzy/opt/gz_math_vendor:/opt/ros/jazzy/opt/gz_utils_vendor:/opt/ros/jazzy/opt/gz_cmake_vendor:/opt/ros/jazzy DEBUGINFOD_URLS=https://debuginfod.ubuntu.com LD_LIBRARY_PATH=/home/chrono/vesc_ws/install/vesc_msgs/lib:${LD_LIBRARY_PATH} PYTHONPATH=/home/chrono/vesc_ws/install/vesc_msgs/lib/python3.12/site-packages:${PYTHONPATH} /usr/bin/cmake --build /home/chrono/vesc_ws/build/vesc_driver -- -j4 -l4
[4.621s] DEBUG:colcon.colcon_core.event_handler.log_command:Invoked command in '/home/chrono/vesc_ws/build/vesc_ackermann' returned '0': AMENT_PREFIX_PATH=/home/chrono/vesc_ws/install/vesc_msgs:${AMENT_PREFIX_PATH} CMAKE_PREFIX_PATH=/home/chrono/vesc_ws/install/vesc_msgs:/opt/ros/jazzy/opt/gz_math_vendor:/opt/ros/jazzy/opt/gz_utils_vendor:/opt/ros/jazzy/opt/gz_cmake_vendor:/opt/ros/jazzy DEBUGINFOD_URLS=https://debuginfod.ubuntu.com LD_LIBRARY_PATH=/home/chrono/vesc_ws/install/vesc_msgs/lib:${LD_LIBRARY_PATH} PYTHONPATH=/home/chrono/vesc_ws/install/vesc_msgs/lib/python3.12/site-packages:${PYTHONPATH} /usr/bin/cmake /home/chrono/vesc_ws/src/vesc/vesc_ackermann -DAMENT_CMAKE_SYMLINK_INSTALL=1 -DCMAKE_INSTALL_PREFIX=/home/chrono/vesc_ws/install/vesc_ackermann
[4.623s] DEBUG:colcon.colcon_core.event_handler.log_command:Invoking command in '/home/chrono/vesc_ws/build/vesc_ackermann': AMENT_PREFIX_PATH=/home/chrono/vesc_ws/install/vesc_msgs:${AMENT_PREFIX_PATH} CMAKE_PREFIX_PATH=/home/chrono/vesc_ws/install/vesc_msgs:/opt/ros/jazzy/opt/gz_math_vendor:/opt/ros/jazzy/opt/gz_utils_vendor:/opt/ros/jazzy/opt/gz_cmake_vendor:/opt/ros/jazzy DEBUGINFOD_URLS=https://debuginfod.ubuntu.com LD_LIBRARY_PATH=/home/chrono/vesc_ws/install/vesc_msgs/lib:${LD_LIBRARY_PATH} PYTHONPATH=/home/chrono/vesc_ws/install/vesc_msgs/lib/python3.12/site-packages:${PYTHONPATH} /usr/bin/cmake --build /home/chrono/vesc_ws/build/vesc_ackermann -- -j4 -l4
[4.777s] DEBUG:colcon.colcon_core.event_handler.log_command:Invoked command in '/home/chrono/vesc_ws/build/vesc_ackermann' returned '0': AMENT_PREFIX_PATH=/home/chrono/vesc_ws/install/vesc_msgs:${AMENT_PREFIX_PATH} CMAKE_PREFIX_PATH=/home/chrono/vesc_ws/install/vesc_msgs:/opt/ros/jazzy/opt/gz_math_vendor:/opt/ros/jazzy/opt/gz_utils_vendor:/opt/ros/jazzy/opt/gz_cmake_vendor:/opt/ros/jazzy DEBUGINFOD_URLS=https://debuginfod.ubuntu.com LD_LIBRARY_PATH=/home/chrono/vesc_ws/install/vesc_msgs/lib:${LD_LIBRARY_PATH} PYTHONPATH=/home/chrono/vesc_ws/install/vesc_msgs/lib/python3.12/site-packages:${PYTHONPATH} /usr/bin/cmake --build /home/chrono/vesc_ws/build/vesc_ackermann -- -j4 -l4
[4.779s] DEBUG:colcon.colcon_core.event_handler.log_command:Invoking command in '/home/chrono/vesc_ws/build/vesc_ackermann': AMENT_PREFIX_PATH=/home/chrono/vesc_ws/install/vesc_msgs:${AMENT_PREFIX_PATH} CMAKE_PREFIX_PATH=/home/chrono/vesc_ws/install/vesc_msgs:/opt/ros/jazzy/opt/gz_math_vendor:/opt/ros/jazzy/opt/gz_utils_vendor:/opt/ros/jazzy/opt/gz_cmake_vendor:/opt/ros/jazzy DEBUGINFOD_URLS=https://debuginfod.ubuntu.com LD_LIBRARY_PATH=/home/chrono/vesc_ws/install/vesc_msgs/lib:${LD_LIBRARY_PATH} PYTHONPATH=/home/chrono/vesc_ws/install/vesc_msgs/lib/python3.12/site-packages:${PYTHONPATH} /usr/bin/cmake --install /home/chrono/vesc_ws/build/vesc_ackermann
[4.821s] DEBUG:colcon.colcon_core.event_handler.log_command:Invoked command in '/home/chrono/vesc_ws/build/vesc_driver' returned '0': AMENT_PREFIX_PATH=/home/chrono/vesc_ws/install/vesc_msgs:${AMENT_PREFIX_PATH} CMAKE_PREFIX_PATH=/home/chrono/vesc_ws/install/vesc_msgs:/opt/ros/jazzy/opt/gz_math_vendor:/opt/ros/jazzy/opt/gz_utils_vendor:/opt/ros/jazzy/opt/gz_cmake_vendor:/opt/ros/jazzy DEBUGINFOD_URLS=https://debuginfod.ubuntu.com LD_LIBRARY_PATH=/home/chrono/vesc_ws/install/vesc_msgs/lib:${LD_LIBRARY_PATH} PYTHONPATH=/home/chrono/vesc_ws/install/vesc_msgs/lib/python3.12/site-packages:${PYTHONPATH} /usr/bin/cmake --build /home/chrono/vesc_ws/build/vesc_driver -- -j4 -l4
[4.823s] DEBUG:colcon.colcon_core.event_handler.log_command:Invoking command in '/home/chrono/vesc_ws/build/vesc_driver': AMENT_PREFIX_PATH=/home/chrono/vesc_ws/install/vesc_msgs:${AMENT_PREFIX_PATH} CMAKE_PREFIX_PATH=/home/chrono/vesc_ws/install/vesc_msgs:/opt/ros/jazzy/opt/gz_math_vendor:/opt/ros/jazzy/opt/gz_utils_vendor:/opt/ros/jazzy/opt/gz_cmake_vendor:/opt/ros/jazzy DEBUGINFOD_URLS=https://debuginfod.ubuntu.com LD_LIBRARY_PATH=/home/chrono/vesc_ws/install/vesc_msgs/lib:${LD_LIBRARY_PATH} PYTHONPATH=/home/chrono/vesc_ws/install/vesc_msgs/lib/python3.12/site-packages:${PYTHONPATH} /usr/bin/cmake --install /home/chrono/vesc_ws/build/vesc_driver
[4.824s] Level 1:colcon.colcon_core.environment:create_environment_scripts_only(vesc_ackermann)
[4.825s] Level 1:colcon.colcon_core.environment:checking '/home/chrono/vesc_ws/install/vesc_ackermann' for CMake module files
[4.825s] DEBUG:colcon.colcon_core.event_handler.log_command:Invoked command in '/home/chrono/vesc_ws/build/vesc_ackermann' returned '0': AMENT_PREFIX_PATH=/home/chrono/vesc_ws/install/vesc_msgs:${AMENT_PREFIX_PATH} CMAKE_PREFIX_PATH=/home/chrono/vesc_ws/install/vesc_msgs:/opt/ros/jazzy/opt/gz_math_vendor:/opt/ros/jazzy/opt/gz_utils_vendor:/opt/ros/jazzy/opt/gz_cmake_vendor:/opt/ros/jazzy DEBUGINFOD_URLS=https://debuginfod.ubuntu.com LD_LIBRARY_PATH=/home/chrono/vesc_ws/install/vesc_msgs/lib:${LD_LIBRARY_PATH} PYTHONPATH=/home/chrono/vesc_ws/install/vesc_msgs/lib/python3.12/site-packages:${PYTHONPATH} /usr/bin/cmake --install /home/chrono/vesc_ws/build/vesc_ackermann
[4.826s] Level 1:colcon.colcon_core.environment:checking '/home/chrono/vesc_ws/install/vesc_ackermann' for CMake config files
[4.826s] Level 1:colcon.colcon_core.shell:create_environment_hook('vesc_ackermann', 'cmake_prefix_path')
[4.826s] INFO:colcon.colcon_core.shell:Creating environment hook '/home/chrono/vesc_ws/install/vesc_ackermann/share/vesc_ackermann/hook/cmake_prefix_path.ps1'
[4.827s] INFO:colcon.colcon_core.shell:Creating environment descriptor '/home/chrono/vesc_ws/install/vesc_ackermann/share/vesc_ackermann/hook/cmake_prefix_path.dsv'
[4.833s] INFO:colcon.colcon_core.shell:Creating environment hook '/home/chrono/vesc_ws/install/vesc_ackermann/share/vesc_ackermann/hook/cmake_prefix_path.sh'
[4.835s] Level 1:colcon.colcon_core.environment:checking '/home/chrono/vesc_ws/install/vesc_ackermann/lib'
[4.835s] Level 1:colcon.colcon_core.shell:create_environment_hook('vesc_ackermann', 'ld_library_path_lib')
[4.835s] INFO:colcon.colcon_core.shell:Creating environment hook '/home/chrono/vesc_ws/install/vesc_ackermann/share/vesc_ackermann/hook/ld_library_path_lib.ps1'
[4.836s] INFO:colcon.colcon_core.shell:Creating environment descriptor '/home/chrono/vesc_ws/install/vesc_ackermann/share/vesc_ackermann/hook/ld_library_path_lib.dsv'
[4.837s] INFO:colcon.colcon_core.shell:Creating environment hook '/home/chrono/vesc_ws/install/vesc_ackermann/share/vesc_ackermann/hook/ld_library_path_lib.sh'
[4.837s] Level 1:colcon.colcon_core.environment:checking '/home/chrono/vesc_ws/install/vesc_ackermann/bin'
[4.837s] Level 1:colcon.colcon_core.environment:checking '/home/chrono/vesc_ws/install/vesc_ackermann/lib/pkgconfig/vesc_ackermann.pc'
[4.838s] Level 1:colcon.colcon_core.environment:checking '/home/chrono/vesc_ws/install/vesc_ackermann/lib/python3.12/site-packages'
[4.838s] Level 1:colcon.colcon_core.environment:checking '/home/chrono/vesc_ws/install/vesc_ackermann/bin'
[4.839s] INFO:colcon.colcon_core.shell:Creating package script '/home/chrono/vesc_ws/install/vesc_ackermann/share/vesc_ackermann/package.ps1'
[4.841s] INFO:colcon.colcon_core.shell:Creating package descriptor '/home/chrono/vesc_ws/install/vesc_ackermann/share/vesc_ackermann/package.dsv'
[4.842s] INFO:colcon.colcon_core.shell:Creating package script '/home/chrono/vesc_ws/install/vesc_ackermann/share/vesc_ackermann/package.sh'
[4.843s] INFO:colcon.colcon_core.shell:Creating package script '/home/chrono/vesc_ws/install/vesc_ackermann/share/vesc_ackermann/package.bash'
[4.844s] INFO:colcon.colcon_core.shell:Creating package script '/home/chrono/vesc_ws/install/vesc_ackermann/share/vesc_ackermann/package.zsh'
[4.845s] Level 1:colcon.colcon_core.environment:create_file_with_runtime_dependencies(/home/chrono/vesc_ws/install/vesc_ackermann/share/colcon-core/packages/vesc_ackermann)
[4.847s] Level 1:colcon.colcon_core.environment:create_environment_scripts_only(vesc_ackermann)
[4.847s] Level 1:colcon.colcon_core.environment:checking '/home/chrono/vesc_ws/install/vesc_ackermann' for CMake module files
[4.848s] Level 1:colcon.colcon_core.environment:checking '/home/chrono/vesc_ws/install/vesc_ackermann' for CMake config files
[4.849s] Level 1:colcon.colcon_core.shell:create_environment_hook('vesc_ackermann', 'cmake_prefix_path')
[4.849s] INFO:colcon.colcon_core.shell:Creating environment hook '/home/chrono/vesc_ws/install/vesc_ackermann/share/vesc_ackermann/hook/cmake_prefix_path.ps1'
[4.850s] INFO:colcon.colcon_core.shell:Creating environment descriptor '/home/chrono/vesc_ws/install/vesc_ackermann/share/vesc_ackermann/hook/cmake_prefix_path.dsv'
[4.851s] INFO:colcon.colcon_core.shell:Creating environment hook '/home/chrono/vesc_ws/install/vesc_ackermann/share/vesc_ackermann/hook/cmake_prefix_path.sh'
[4.853s] Level 1:colcon.colcon_core.environment:checking '/home/chrono/vesc_ws/install/vesc_ackermann/lib'
[4.853s] Level 1:colcon.colcon_core.shell:create_environment_hook('vesc_ackermann', 'ld_library_path_lib')
[4.853s] INFO:colcon.colcon_core.shell:Creating environment hook '/home/chrono/vesc_ws/install/vesc_ackermann/share/vesc_ackermann/hook/ld_library_path_lib.ps1'
[4.854s] INFO:colcon.colcon_core.shell:Creating environment descriptor '/home/chrono/vesc_ws/install/vesc_ackermann/share/vesc_ackermann/hook/ld_library_path_lib.dsv'
[4.855s] INFO:colcon.colcon_core.shell:Creating environment hook '/home/chrono/vesc_ws/install/vesc_ackermann/share/vesc_ackermann/hook/ld_library_path_lib.sh'
[4.857s] Level 1:colcon.colcon_core.environment:checking '/home/chrono/vesc_ws/install/vesc_ackermann/bin'
[4.857s] Level 1:colcon.colcon_core.environment:checking '/home/chrono/vesc_ws/install/vesc_ackermann/lib/pkgconfig/vesc_ackermann.pc'
[4.857s] Level 1:colcon.colcon_core.environment:checking '/home/chrono/vesc_ws/install/vesc_ackermann/lib/python3.12/site-packages'
[4.857s] Level 1:colcon.colcon_core.environment:checking '/home/chrono/vesc_ws/install/vesc_ackermann/bin'
[4.858s] INFO:colcon.colcon_core.shell:Creating package script '/home/chrono/vesc_ws/install/vesc_ackermann/share/vesc_ackermann/package.ps1'
[4.859s] INFO:colcon.colcon_core.shell:Creating package descriptor '/home/chrono/vesc_ws/install/vesc_ackermann/share/vesc_ackermann/package.dsv'
[4.860s] INFO:colcon.colcon_core.shell:Creating package script '/home/chrono/vesc_ws/install/vesc_ackermann/share/vesc_ackermann/package.sh'
[4.861s] INFO:colcon.colcon_core.shell:Creating package script '/home/chrono/vesc_ws/install/vesc_ackermann/share/vesc_ackermann/package.bash'
[4.863s] INFO:colcon.colcon_core.shell:Creating package script '/home/chrono/vesc_ws/install/vesc_ackermann/share/vesc_ackermann/package.zsh'
[4.864s] Level 1:colcon.colcon_core.environment:create_file_with_runtime_dependencies(/home/chrono/vesc_ws/install/vesc_ackermann/share/colcon-core/packages/vesc_ackermann)
[4.866s] Level 1:colcon.colcon_core.environment:create_environment_scripts_only(vesc_driver)
[4.867s] Level 1:colcon.colcon_core.environment:checking '/home/chrono/vesc_ws/install/vesc_driver' for CMake module files
[4.867s] DEBUG:colcon.colcon_core.event_handler.log_command:Invoked command in '/home/chrono/vesc_ws/build/vesc_driver' returned '0': AMENT_PREFIX_PATH=/home/chrono/vesc_ws/install/vesc_msgs:${AMENT_PREFIX_PATH} CMAKE_PREFIX_PATH=/home/chrono/vesc_ws/install/vesc_msgs:/opt/ros/jazzy/opt/gz_math_vendor:/opt/ros/jazzy/opt/gz_utils_vendor:/opt/ros/jazzy/opt/gz_cmake_vendor:/opt/ros/jazzy DEBUGINFOD_URLS=https://debuginfod.ubuntu.com LD_LIBRARY_PATH=/home/chrono/vesc_ws/install/vesc_msgs/lib:${LD_LIBRARY_PATH} PYTHONPATH=/home/chrono/vesc_ws/install/vesc_msgs/lib/python3.12/site-packages:${PYTHONPATH} /usr/bin/cmake --install /home/chrono/vesc_ws/build/vesc_driver
[4.868s] Level 1:colcon.colcon_core.environment:checking '/home/chrono/vesc_ws/install/vesc_driver' for CMake config files
[4.868s] Level 1:colcon.colcon_core.shell:create_environment_hook('vesc_driver', 'cmake_prefix_path')
[4.869s] INFO:colcon.colcon_core.shell:Creating environment hook '/home/chrono/vesc_ws/install/vesc_driver/share/vesc_driver/hook/cmake_prefix_path.ps1'
[4.869s] INFO:colcon.colcon_core.shell:Creating environment descriptor '/home/chrono/vesc_ws/install/vesc_driver/share/vesc_driver/hook/cmake_prefix_path.dsv'
[4.870s] INFO:colcon.colcon_core.shell:Creating environment hook '/home/chrono/vesc_ws/install/vesc_driver/share/vesc_driver/hook/cmake_prefix_path.sh'
[4.871s] Level 1:colcon.colcon_core.environment:checking '/home/chrono/vesc_ws/install/vesc_driver/lib'
[4.871s] Level 1:colcon.colcon_core.shell:create_environment_hook('vesc_driver', 'ld_library_path_lib')
[4.872s] INFO:colcon.colcon_core.shell:Creating environment hook '/home/chrono/vesc_ws/install/vesc_driver/share/vesc_driver/hook/ld_library_path_lib.ps1'
[4.872s] INFO:colcon.colcon_core.shell:Creating environment descriptor '/home/chrono/vesc_ws/install/vesc_driver/share/vesc_driver/hook/ld_library_path_lib.dsv'
[4.873s] INFO:colcon.colcon_core.shell:Creating environment hook '/home/chrono/vesc_ws/install/vesc_driver/share/vesc_driver/hook/ld_library_path_lib.sh'
[4.875s] Level 1:colcon.colcon_core.environment:checking '/home/chrono/vesc_ws/install/vesc_driver/bin'
[4.875s] Level 1:colcon.colcon_core.environment:checking '/home/chrono/vesc_ws/install/vesc_driver/lib/pkgconfig/vesc_driver.pc'
[4.875s] Level 1:colcon.colcon_core.environment:checking '/home/chrono/vesc_ws/install/vesc_driver/lib/python3.12/site-packages'
[4.876s] Level 1:colcon.colcon_core.environment:checking '/home/chrono/vesc_ws/install/vesc_driver/bin'
[4.876s] INFO:colcon.colcon_core.shell:Creating package script '/home/chrono/vesc_ws/install/vesc_driver/share/vesc_driver/package.ps1'
[4.877s] INFO:colcon.colcon_core.shell:Creating package descriptor '/home/chrono/vesc_ws/install/vesc_driver/share/vesc_driver/package.dsv'
[4.877s] INFO:colcon.colcon_core.shell:Creating package script '/home/chrono/vesc_ws/install/vesc_driver/share/vesc_driver/package.sh'
[4.878s] INFO:colcon.colcon_core.shell:Creating package script '/home/chrono/vesc_ws/install/vesc_driver/share/vesc_driver/package.bash'
[4.879s] INFO:colcon.colcon_core.shell:Creating package script '/home/chrono/vesc_ws/install/vesc_driver/share/vesc_driver/package.zsh'
[4.880s] Level 1:colcon.colcon_core.environment:create_file_with_runtime_dependencies(/home/chrono/vesc_ws/install/vesc_driver/share/colcon-core/packages/vesc_driver)
[4.882s] Level 1:colcon.colcon_core.environment:create_environment_scripts_only(vesc_driver)
[4.882s] Level 1:colcon.colcon_core.environment:checking '/home/chrono/vesc_ws/install/vesc_driver' for CMake module files
[4.883s] Level 1:colcon.colcon_core.environment:checking '/home/chrono/vesc_ws/install/vesc_driver' for CMake config files
[4.883s] Level 1:colcon.colcon_core.shell:create_environment_hook('vesc_driver', 'cmake_prefix_path')
[4.884s] INFO:colcon.colcon_core.shell:Creating environment hook '/home/chrono/vesc_ws/install/vesc_driver/share/vesc_driver/hook/cmake_prefix_path.ps1'
[4.884s] INFO:colcon.colcon_core.shell:Creating environment descriptor '/home/chrono/vesc_ws/install/vesc_driver/share/vesc_driver/hook/cmake_prefix_path.dsv'
[4.885s] INFO:colcon.colcon_core.shell:Creating environment hook '/home/chrono/vesc_ws/install/vesc_driver/share/vesc_driver/hook/cmake_prefix_path.sh'
[4.888s] Level 1:colcon.colcon_core.environment:checking '/home/chrono/vesc_ws/install/vesc_driver/lib'
[4.889s] Level 1:colcon.colcon_core.shell:create_environment_hook('vesc_driver', 'ld_library_path_lib')
[4.889s] INFO:colcon.colcon_core.shell:Creating environment hook '/home/chrono/vesc_ws/install/vesc_driver/share/vesc_driver/hook/ld_library_path_lib.ps1'
[4.889s] INFO:colcon.colcon_core.shell:Creating environment descriptor '/home/chrono/vesc_ws/install/vesc_driver/share/vesc_driver/hook/ld_library_path_lib.dsv'
[4.890s] INFO:colcon.colcon_core.shell:Creating environment hook '/home/chrono/vesc_ws/install/vesc_driver/share/vesc_driver/hook/ld_library_path_lib.sh'
[4.891s] Level 1:colcon.colcon_core.environment:checking '/home/chrono/vesc_ws/install/vesc_driver/bin'
[4.892s] Level 1:colcon.colcon_core.environment:checking '/home/chrono/vesc_ws/install/vesc_driver/lib/pkgconfig/vesc_driver.pc'
[4.892s] Level 1:colcon.colcon_core.environment:checking '/home/chrono/vesc_ws/install/vesc_driver/lib/python3.12/site-packages'
[4.892s] Level 1:colcon.colcon_core.environment:checking '/home/chrono/vesc_ws/install/vesc_driver/bin'
[4.893s] INFO:colcon.colcon_core.shell:Creating package script '/home/chrono/vesc_ws/install/vesc_driver/share/vesc_driver/package.ps1'
[4.893s] INFO:colcon.colcon_core.shell:Creating package descriptor '/home/chrono/vesc_ws/install/vesc_driver/share/vesc_driver/package.dsv'
[4.894s] INFO:colcon.colcon_core.shell:Creating package script '/home/chrono/vesc_ws/install/vesc_driver/share/vesc_driver/package.sh'
[4.895s] INFO:colcon.colcon_core.shell:Creating package script '/home/chrono/vesc_ws/install/vesc_driver/share/vesc_driver/package.bash'
[4.896s] INFO:colcon.colcon_core.shell:Creating package script '/home/chrono/vesc_ws/install/vesc_driver/share/vesc_driver/package.zsh'
[4.897s] Level 1:colcon.colcon_core.environment:create_file_with_runtime_dependencies(/home/chrono/vesc_ws/install/vesc_driver/share/colcon-core/packages/vesc_driver)
[4.898s] DEBUG:colcon.colcon_parallel_executor.executor.parallel:closing loop
[4.898s] DEBUG:colcon.colcon_parallel_executor.executor.parallel:loop closed
[4.898s] DEBUG:colcon.colcon_parallel_executor.executor.parallel:run_until_complete finished with '0'
[4.898s] DEBUG:colcon.colcon_core.event_reactor:joining thread
[4.907s] INFO:colcon.colcon_core.plugin_system:Skipping extension 'colcon_notification.desktop_notification.terminal_notifier': Not used on non-Darwin systems
[4.907s] INFO:colcon.colcon_core.plugin_system:Skipping extension 'colcon_notification.desktop_notification.win32': Not used on non-Windows systems
[4.907s] INFO:colcon.colcon_notification.desktop_notification:Sending desktop notification using 'notify2'
[4.931s] DEBUG:colcon.colcon_core.event_reactor:joined thread
[4.931s] INFO:colcon.colcon_core.shell:Creating prefix script '/home/chrono/vesc_ws/install/local_setup.ps1'
[4.932s] INFO:colcon.colcon_core.shell:Creating prefix util module '/home/chrono/vesc_ws/install/_local_setup_util_ps1.py'
[4.941s] INFO:colcon.colcon_core.shell:Creating prefix chain script '/home/chrono/vesc_ws/install/setup.ps1'
[4.943s] INFO:colcon.colcon_core.shell:Creating prefix script '/home/chrono/vesc_ws/install/local_setup.sh'
[4.945s] INFO:colcon.colcon_core.shell:Creating prefix util module '/home/chrono/vesc_ws/install/_local_setup_util_sh.py'
[4.946s] INFO:colcon.colcon_core.shell:Creating prefix chain script '/home/chrono/vesc_ws/install/setup.sh'
[4.950s] INFO:colcon.colcon_core.shell:Creating prefix script '/home/chrono/vesc_ws/install/local_setup.bash'
[4.952s] INFO:colcon.colcon_core.shell:Creating prefix chain script '/home/chrono/vesc_ws/install/setup.bash'
[4.953s] INFO:colcon.colcon_core.shell:Creating prefix script '/home/chrono/vesc_ws/install/local_setup.zsh'
[4.955s] INFO:colcon.colcon_core.shell:Creating prefix chain script '/home/chrono/vesc_ws/install/setup.zsh'
