[0.016s] Invoking command in '/home/chrono/vesc_ws/build/vesc_msgs': CMAKE_PREFIX_PATH=${CMAKE_PREFIX_PATH}:/opt/ros/jazzy DEBUGINFOD_URLS=https://debuginfod.ubuntu.com /usr/bin/cmake /home/chrono/vesc_ws/src/vesc/vesc_msgs -DAMENT_CMAKE_SYMLINK_INSTALL=1 -DCMAKE_INSTALL_PREFIX=/home/chrono/vesc_ws/install/vesc_msgs
[0.120s] -- The C compiler identification is GNU 13.3.0
[0.219s] -- The CXX compiler identification is GNU 13.3.0
[0.247s] -- Detecting C compiler ABI info
[0.407s] -- Detecting C compiler ABI info - done
[0.422s] -- Check for working C compiler: /usr/bin/cc - skipped
[0.422s] -- Detecting C compile features
[0.423s] -- Detecting C compile features - done
[0.437s] -- Detecting CXX compiler ABI info
[0.612s] -- Detecting CXX compiler ABI info - done
[0.627s] -- Check for working CXX compiler: /usr/bin/c++ - skipped
[0.628s] -- Detecting CXX compile features
[0.628s] -- Detecting CXX compile features - done
[0.632s] -- Found ament_cmake_auto: 2.5.4 (/opt/ros/jazzy/share/ament_cmake_auto/cmake)
[0.848s] -- Found Python3: /usr/bin/python3 (found version "3.12.3") found components: Interpreter 
[0.965s] -- Override CMake install command with custom implementation using symlinks instead of copying resources
[1.159s] -- Using all available rosidl_typesupport_c: rosidl_typesupport_fastrtps_c;rosidl_typesupport_introspection_c
[1.223s] -- Using all available rosidl_typesupport_cpp: rosidl_typesupport_fastrtps_cpp;rosidl_typesupport_introspection_cpp
[1.279s] -- Found rosidl_adapter: 4.6.6 (/opt/ros/jazzy/share/rosidl_adapter/cmake)
[2.191s] -- Found ament_cmake_ros: 0.12.0 (/opt/ros/jazzy/share/ament_cmake_ros/cmake)
[2.963s] -- Using all available rosidl_typesupport_c: rosidl_typesupport_fastrtps_c;rosidl_typesupport_introspection_c
[3.983s] -- Using all available rosidl_typesupport_cpp: rosidl_typesupport_fastrtps_cpp;rosidl_typesupport_introspection_cpp
[3.987s] -- Found python_cmake_module: 0.11.1 (/opt/ros/jazzy/share/python_cmake_module/cmake)
[4.196s] -- Found PythonExtra: /usr/bin/python3  
[4.886s] -- Found Python3: /usr/bin/python3 (found version "3.12.3") found components: Interpreter Development NumPy Development.Module Development.Embed 
[4.982s] -- Found ament_lint_auto: 0.17.3 (/opt/ros/jazzy/share/ament_lint_auto/cmake)
[5.014s] -- Added test 'copyright' to check source files copyright and LICENSE
[5.016s] -- Added test 'lint_cmake' to check CMake code style
[5.017s] -- Added test 'xmllint' to check XML markup files
[5.021s] -- Configuring done (5.0s)
[5.115s] -- Generating done (0.1s)
[5.165s] -- Build files have been written to: /home/chrono/vesc_ws/build/vesc_msgs
[5.188s] Invoked command in '/home/chrono/vesc_ws/build/vesc_msgs' returned '0': CMAKE_PREFIX_PATH=${CMAKE_PREFIX_PATH}:/opt/ros/jazzy DEBUGINFOD_URLS=https://debuginfod.ubuntu.com /usr/bin/cmake /home/chrono/vesc_ws/src/vesc/vesc_msgs -DAMENT_CMAKE_SYMLINK_INSTALL=1 -DCMAKE_INSTALL_PREFIX=/home/chrono/vesc_ws/install/vesc_msgs
[5.190s] Invoking command in '/home/chrono/vesc_ws/build/vesc_msgs': CMAKE_PREFIX_PATH=${CMAKE_PREFIX_PATH}:/opt/ros/jazzy DEBUGINFOD_URLS=https://debuginfod.ubuntu.com /usr/bin/cmake --build /home/chrono/vesc_ws/build/vesc_msgs -- -j4 -l4
[5.283s] [  1%] Built target vesc_msgs__rosidl_generator_type_description
[5.300s] [  1%] Built target ament_cmake_python_symlink_vesc_msgs
[5.322s] [  3%] Built target vesc_msgs__cpp
[5.332s] [ 25%] Built target vesc_msgs__rosidl_generator_c
[5.382s] [ 34%] Built target vesc_msgs__rosidl_typesupport_introspection_c
[5.389s] [ 53%] Built target vesc_msgs__rosidl_typesupport_fastrtps_c
[5.389s] [ 53%] Built target vesc_msgs__rosidl_typesupport_c
[5.439s] [ 62%] Built target vesc_msgs__rosidl_typesupport_fastrtps_cpp
[5.442s] [ 71%] Built target vesc_msgs__rosidl_typesupport_introspection_cpp
[5.447s] [ 81%] Built target vesc_msgs__rosidl_typesupport_cpp
[5.483s] [ 81%] Built target vesc_msgs
[5.521s] [ 82%] Built target vesc_msgs__py
[5.565s] [ 90%] Built target vesc_msgs__rosidl_generator_py
[5.616s] [100%] Built target vesc_msgs_s__rosidl_typesupport_introspection_c
[5.616s] [100%] Built target vesc_msgs_s__rosidl_typesupport_c
[5.616s] [100%] Built target vesc_msgs_s__rosidl_typesupport_fastrtps_c
[5.651s] running egg_info
[5.675s] writing vesc_msgs.egg-info/PKG-INFO
[5.675s] writing dependency_links to vesc_msgs.egg-info/dependency_links.txt
[5.681s] writing top-level names to vesc_msgs.egg-info/top_level.txt
[5.751s] reading manifest file 'vesc_msgs.egg-info/SOURCES.txt'
[5.752s] writing manifest file 'vesc_msgs.egg-info/SOURCES.txt'
[5.817s] [100%] Built target ament_cmake_python_build_vesc_msgs_egg
[5.838s] Invoked command in '/home/chrono/vesc_ws/build/vesc_msgs' returned '0': CMAKE_PREFIX_PATH=${CMAKE_PREFIX_PATH}:/opt/ros/jazzy DEBUGINFOD_URLS=https://debuginfod.ubuntu.com /usr/bin/cmake --build /home/chrono/vesc_ws/build/vesc_msgs -- -j4 -l4
[5.857s] Invoking command in '/home/chrono/vesc_ws/build/vesc_msgs': CMAKE_PREFIX_PATH=${CMAKE_PREFIX_PATH}:/opt/ros/jazzy DEBUGINFOD_URLS=https://debuginfod.ubuntu.com /usr/bin/cmake --install /home/chrono/vesc_ws/build/vesc_msgs
[5.871s] -- Install configuration: ""
[5.872s] -- Execute custom install script
[5.872s] -- Up-to-date symlink: /home/chrono/vesc_ws/install/vesc_msgs/share/ament_index/resource_index/rosidl_interfaces/vesc_msgs
[5.872s] -- Up-to-date symlink: /home/chrono/vesc_ws/install/vesc_msgs/share/vesc_msgs/msg/VescState.json
[5.873s] -- Up-to-date symlink: /home/chrono/vesc_ws/install/vesc_msgs/share/vesc_msgs/msg/VescStateStamped.json
[5.873s] -- Up-to-date symlink: /home/chrono/vesc_ws/install/vesc_msgs/share/vesc_msgs/msg/VescImu.json
[5.873s] -- Up-to-date symlink: /home/chrono/vesc_ws/install/vesc_msgs/share/vesc_msgs/msg/VescImuStamped.json
[5.874s] -- Up-to-date symlink: /home/chrono/vesc_ws/install/vesc_msgs/include/vesc_msgs/vesc_msgs/msg/detail/vesc_imu__functions.h
[5.874s] -- Up-to-date symlink: /home/chrono/vesc_ws/install/vesc_msgs/include/vesc_msgs/vesc_msgs/msg/detail/vesc_imu__struct.h
[5.874s] -- Up-to-date symlink: /home/chrono/vesc_ws/install/vesc_msgs/include/vesc_msgs/vesc_msgs/msg/detail/vesc_imu__type_support.h
[5.875s] -- Up-to-date symlink: /home/chrono/vesc_ws/install/vesc_msgs/include/vesc_msgs/vesc_msgs/msg/detail/vesc_imu_stamped__functions.h
[5.875s] -- Up-to-date symlink: /home/chrono/vesc_ws/install/vesc_msgs/include/vesc_msgs/vesc_msgs/msg/detail/vesc_imu_stamped__struct.h
[5.875s] -- Up-to-date symlink: /home/chrono/vesc_ws/install/vesc_msgs/include/vesc_msgs/vesc_msgs/msg/detail/vesc_imu_stamped__type_support.h
[5.875s] -- Up-to-date symlink: /home/chrono/vesc_ws/install/vesc_msgs/include/vesc_msgs/vesc_msgs/msg/detail/vesc_state__functions.h
[5.875s] -- Up-to-date symlink: /home/chrono/vesc_ws/install/vesc_msgs/include/vesc_msgs/vesc_msgs/msg/detail/vesc_state__struct.h
[5.875s] -- Up-to-date symlink: /home/chrono/vesc_ws/install/vesc_msgs/include/vesc_msgs/vesc_msgs/msg/detail/vesc_state__type_support.h
[5.875s] -- Up-to-date symlink: /home/chrono/vesc_ws/install/vesc_msgs/include/vesc_msgs/vesc_msgs/msg/detail/vesc_state_stamped__functions.h
[5.876s] -- Up-to-date symlink: /home/chrono/vesc_ws/install/vesc_msgs/include/vesc_msgs/vesc_msgs/msg/detail/vesc_state_stamped__struct.h
[5.876s] -- Up-to-date symlink: /home/chrono/vesc_ws/install/vesc_msgs/include/vesc_msgs/vesc_msgs/msg/detail/vesc_state_stamped__type_support.h
[5.876s] -- Up-to-date symlink: /home/chrono/vesc_ws/install/vesc_msgs/include/vesc_msgs/vesc_msgs/msg/rosidl_generator_c__visibility_control.h
[5.876s] -- Up-to-date symlink: /home/chrono/vesc_ws/install/vesc_msgs/include/vesc_msgs/vesc_msgs/msg/vesc_imu.h
[5.876s] -- Up-to-date symlink: /home/chrono/vesc_ws/install/vesc_msgs/include/vesc_msgs/vesc_msgs/msg/vesc_imu_stamped.h
[5.876s] -- Up-to-date symlink: /home/chrono/vesc_ws/install/vesc_msgs/include/vesc_msgs/vesc_msgs/msg/vesc_state.h
[5.876s] -- Up-to-date symlink: /home/chrono/vesc_ws/install/vesc_msgs/include/vesc_msgs/vesc_msgs/msg/vesc_state_stamped.h
[5.877s] -- Up-to-date symlink: /home/chrono/vesc_ws/install/vesc_msgs/share/vesc_msgs/environment/library_path.sh
[5.877s] -- Up-to-date symlink: /home/chrono/vesc_ws/install/vesc_msgs/share/vesc_msgs/environment/library_path.dsv
[5.877s] -- Up-to-date symlink: /home/chrono/vesc_ws/install/vesc_msgs/include/vesc_msgs/vesc_msgs/msg/detail/vesc_imu__rosidl_typesupport_fastrtps_c.h
[5.878s] -- Up-to-date symlink: /home/chrono/vesc_ws/install/vesc_msgs/include/vesc_msgs/vesc_msgs/msg/detail/vesc_imu_stamped__rosidl_typesupport_fastrtps_c.h
[5.878s] -- Up-to-date symlink: /home/chrono/vesc_ws/install/vesc_msgs/include/vesc_msgs/vesc_msgs/msg/detail/vesc_state__rosidl_typesupport_fastrtps_c.h
[5.878s] -- Up-to-date symlink: /home/chrono/vesc_ws/install/vesc_msgs/include/vesc_msgs/vesc_msgs/msg/detail/vesc_state_stamped__rosidl_typesupport_fastrtps_c.h
[5.878s] -- Up-to-date symlink: /home/chrono/vesc_ws/install/vesc_msgs/include/vesc_msgs/vesc_msgs/msg/rosidl_typesupport_fastrtps_c__visibility_control.h
[5.879s] -- Up-to-date symlink: /home/chrono/vesc_ws/install/vesc_msgs/include/vesc_msgs/vesc_msgs/msg/detail/vesc_imu__rosidl_typesupport_introspection_c.h
[5.879s] -- Up-to-date symlink: /home/chrono/vesc_ws/install/vesc_msgs/include/vesc_msgs/vesc_msgs/msg/detail/vesc_imu_stamped__rosidl_typesupport_introspection_c.h
[5.879s] -- Up-to-date symlink: /home/chrono/vesc_ws/install/vesc_msgs/include/vesc_msgs/vesc_msgs/msg/detail/vesc_state__rosidl_typesupport_introspection_c.h
[5.879s] -- Up-to-date symlink: /home/chrono/vesc_ws/install/vesc_msgs/include/vesc_msgs/vesc_msgs/msg/detail/vesc_state_stamped__rosidl_typesupport_introspection_c.h
[5.879s] -- Up-to-date symlink: /home/chrono/vesc_ws/install/vesc_msgs/include/vesc_msgs/vesc_msgs/msg/rosidl_typesupport_introspection_c__visibility_control.h
[5.880s] -- Up-to-date symlink: /home/chrono/vesc_ws/install/vesc_msgs/include/vesc_msgs/vesc_msgs/msg/detail/vesc_imu__builder.hpp
[5.880s] -- Up-to-date symlink: /home/chrono/vesc_ws/install/vesc_msgs/include/vesc_msgs/vesc_msgs/msg/detail/vesc_imu__struct.hpp
[5.880s] -- Up-to-date symlink: /home/chrono/vesc_ws/install/vesc_msgs/include/vesc_msgs/vesc_msgs/msg/detail/vesc_imu__traits.hpp
[5.880s] -- Up-to-date symlink: /home/chrono/vesc_ws/install/vesc_msgs/include/vesc_msgs/vesc_msgs/msg/detail/vesc_imu__type_support.hpp
[5.880s] -- Up-to-date symlink: /home/chrono/vesc_ws/install/vesc_msgs/include/vesc_msgs/vesc_msgs/msg/detail/vesc_imu_stamped__builder.hpp
[5.881s] -- Up-to-date symlink: /home/chrono/vesc_ws/install/vesc_msgs/include/vesc_msgs/vesc_msgs/msg/detail/vesc_imu_stamped__struct.hpp
[5.881s] -- Up-to-date symlink: /home/chrono/vesc_ws/install/vesc_msgs/include/vesc_msgs/vesc_msgs/msg/detail/vesc_imu_stamped__traits.hpp
[5.881s] -- Up-to-date symlink: /home/chrono/vesc_ws/install/vesc_msgs/include/vesc_msgs/vesc_msgs/msg/detail/vesc_imu_stamped__type_support.hpp
[5.881s] -- Up-to-date symlink: /home/chrono/vesc_ws/install/vesc_msgs/include/vesc_msgs/vesc_msgs/msg/detail/vesc_state__builder.hpp
[5.881s] -- Up-to-date symlink: /home/chrono/vesc_ws/install/vesc_msgs/include/vesc_msgs/vesc_msgs/msg/detail/vesc_state__struct.hpp
[5.881s] -- Up-to-date symlink: /home/chrono/vesc_ws/install/vesc_msgs/include/vesc_msgs/vesc_msgs/msg/detail/vesc_state__traits.hpp
[5.881s] -- Up-to-date symlink: /home/chrono/vesc_ws/install/vesc_msgs/include/vesc_msgs/vesc_msgs/msg/detail/vesc_state__type_support.hpp
[5.882s] -- Up-to-date symlink: /home/chrono/vesc_ws/install/vesc_msgs/include/vesc_msgs/vesc_msgs/msg/detail/vesc_state_stamped__builder.hpp
[5.882s] -- Up-to-date symlink: /home/chrono/vesc_ws/install/vesc_msgs/include/vesc_msgs/vesc_msgs/msg/detail/vesc_state_stamped__struct.hpp
[5.882s] -- Up-to-date symlink: /home/chrono/vesc_ws/install/vesc_msgs/include/vesc_msgs/vesc_msgs/msg/detail/vesc_state_stamped__traits.hpp
[5.882s] -- Up-to-date symlink: /home/chrono/vesc_ws/install/vesc_msgs/include/vesc_msgs/vesc_msgs/msg/detail/vesc_state_stamped__type_support.hpp
[5.882s] -- Up-to-date symlink: /home/chrono/vesc_ws/install/vesc_msgs/include/vesc_msgs/vesc_msgs/msg/rosidl_generator_cpp__visibility_control.hpp
[5.882s] -- Up-to-date symlink: /home/chrono/vesc_ws/install/vesc_msgs/include/vesc_msgs/vesc_msgs/msg/vesc_imu.hpp
[5.882s] -- Up-to-date symlink: /home/chrono/vesc_ws/install/vesc_msgs/include/vesc_msgs/vesc_msgs/msg/vesc_imu_stamped.hpp
[5.882s] -- Up-to-date symlink: /home/chrono/vesc_ws/install/vesc_msgs/include/vesc_msgs/vesc_msgs/msg/vesc_state.hpp
[5.883s] -- Up-to-date symlink: /home/chrono/vesc_ws/install/vesc_msgs/include/vesc_msgs/vesc_msgs/msg/vesc_state_stamped.hpp
[5.883s] -- Up-to-date symlink: /home/chrono/vesc_ws/install/vesc_msgs/include/vesc_msgs/vesc_msgs/msg/detail/vesc_imu__rosidl_typesupport_fastrtps_cpp.hpp
[5.883s] -- Up-to-date symlink: /home/chrono/vesc_ws/install/vesc_msgs/include/vesc_msgs/vesc_msgs/msg/detail/vesc_imu_stamped__rosidl_typesupport_fastrtps_cpp.hpp
[5.884s] -- Up-to-date symlink: /home/chrono/vesc_ws/install/vesc_msgs/include/vesc_msgs/vesc_msgs/msg/detail/vesc_state__rosidl_typesupport_fastrtps_cpp.hpp
[5.884s] -- Up-to-date symlink: /home/chrono/vesc_ws/install/vesc_msgs/include/vesc_msgs/vesc_msgs/msg/detail/vesc_state_stamped__rosidl_typesupport_fastrtps_cpp.hpp
[5.884s] -- Up-to-date symlink: /home/chrono/vesc_ws/install/vesc_msgs/include/vesc_msgs/vesc_msgs/msg/rosidl_typesupport_fastrtps_cpp__visibility_control.h
[5.884s] -- Up-to-date symlink: /home/chrono/vesc_ws/install/vesc_msgs/include/vesc_msgs/vesc_msgs/msg/detail/vesc_imu__rosidl_typesupport_introspection_cpp.hpp
[5.884s] -- Up-to-date symlink: /home/chrono/vesc_ws/install/vesc_msgs/include/vesc_msgs/vesc_msgs/msg/detail/vesc_imu_stamped__rosidl_typesupport_introspection_cpp.hpp
[5.885s] -- Up-to-date symlink: /home/chrono/vesc_ws/install/vesc_msgs/include/vesc_msgs/vesc_msgs/msg/detail/vesc_state__rosidl_typesupport_introspection_cpp.hpp
[5.885s] -- Up-to-date symlink: /home/chrono/vesc_ws/install/vesc_msgs/include/vesc_msgs/vesc_msgs/msg/detail/vesc_state_stamped__rosidl_typesupport_introspection_cpp.hpp
[5.885s] -- Up-to-date symlink: /home/chrono/vesc_ws/install/vesc_msgs/share/vesc_msgs/environment/pythonpath.sh
[5.885s] -- Up-to-date symlink: /home/chrono/vesc_ws/install/vesc_msgs/share/vesc_msgs/environment/pythonpath.dsv
[5.885s] -- Up-to-date symlink: /home/chrono/vesc_ws/install/vesc_msgs/lib/python3.12/site-packages/vesc_msgs-1.1.0-py3.12.egg-info/PKG-INFO
[5.886s] -- Up-to-date symlink: /home/chrono/vesc_ws/install/vesc_msgs/lib/python3.12/site-packages/vesc_msgs-1.1.0-py3.12.egg-info/SOURCES.txt
[5.886s] -- Up-to-date symlink: /home/chrono/vesc_ws/install/vesc_msgs/lib/python3.12/site-packages/vesc_msgs-1.1.0-py3.12.egg-info/dependency_links.txt
[5.886s] -- Up-to-date symlink: /home/chrono/vesc_ws/install/vesc_msgs/lib/python3.12/site-packages/vesc_msgs-1.1.0-py3.12.egg-info/top_level.txt
[5.887s] -- Up-to-date symlink: /home/chrono/vesc_ws/install/vesc_msgs/lib/python3.12/site-packages/vesc_msgs/__init__.py
[5.887s] -- Up-to-date symlink: /home/chrono/vesc_ws/install/vesc_msgs/lib/python3.12/site-packages/vesc_msgs/_vesc_msgs_s.ep.rosidl_typesupport_c.c
[5.887s] -- Up-to-date symlink: /home/chrono/vesc_ws/install/vesc_msgs/lib/python3.12/site-packages/vesc_msgs/_vesc_msgs_s.ep.rosidl_typesupport_fastrtps_c.c
[5.887s] -- Up-to-date symlink: /home/chrono/vesc_ws/install/vesc_msgs/lib/python3.12/site-packages/vesc_msgs/_vesc_msgs_s.ep.rosidl_typesupport_introspection_c.c
[5.887s] -- Up-to-date symlink: /home/chrono/vesc_ws/install/vesc_msgs/lib/python3.12/site-packages/vesc_msgs/msg/__init__.py
[5.887s] -- Up-to-date symlink: /home/chrono/vesc_ws/install/vesc_msgs/lib/python3.12/site-packages/vesc_msgs/msg/_vesc_imu.py
[5.887s] -- Up-to-date symlink: /home/chrono/vesc_ws/install/vesc_msgs/lib/python3.12/site-packages/vesc_msgs/msg/_vesc_imu_s.c
[5.888s] -- Up-to-date symlink: /home/chrono/vesc_ws/install/vesc_msgs/lib/python3.12/site-packages/vesc_msgs/msg/_vesc_imu_stamped.py
[5.888s] -- Up-to-date symlink: /home/chrono/vesc_ws/install/vesc_msgs/lib/python3.12/site-packages/vesc_msgs/msg/_vesc_imu_stamped_s.c
[5.888s] -- Up-to-date symlink: /home/chrono/vesc_ws/install/vesc_msgs/lib/python3.12/site-packages/vesc_msgs/msg/_vesc_state.py
[5.888s] -- Up-to-date symlink: /home/chrono/vesc_ws/install/vesc_msgs/lib/python3.12/site-packages/vesc_msgs/msg/_vesc_state_s.c
[5.888s] -- Up-to-date symlink: /home/chrono/vesc_ws/install/vesc_msgs/lib/python3.12/site-packages/vesc_msgs/msg/_vesc_state_stamped.py
[5.888s] -- Up-to-date symlink: /home/chrono/vesc_ws/install/vesc_msgs/lib/python3.12/site-packages/vesc_msgs/msg/_vesc_state_stamped_s.c
[5.888s] -- Up-to-date symlink: /home/chrono/vesc_ws/install/vesc_msgs/lib/python3.12/site-packages/vesc_msgs/vesc_msgs_s__rosidl_typesupport_c.so
[5.888s] -- Up-to-date symlink: /home/chrono/vesc_ws/install/vesc_msgs/lib/python3.12/site-packages/vesc_msgs/vesc_msgs_s__rosidl_typesupport_fastrtps_c.so
[5.889s] -- Up-to-date symlink: /home/chrono/vesc_ws/install/vesc_msgs/lib/python3.12/site-packages/vesc_msgs/vesc_msgs_s__rosidl_typesupport_introspection_c.so
[5.889s] -- Up-to-date symlink: /home/chrono/vesc_ws/install/vesc_msgs/lib/python3.12/site-packages/vesc_msgs/vesc_msgs_s__rosidl_typesupport_fastrtps_c.so
[5.889s] -- Up-to-date symlink: /home/chrono/vesc_ws/install/vesc_msgs/lib/python3.12/site-packages/vesc_msgs/vesc_msgs_s__rosidl_typesupport_introspection_c.so
[5.890s] -- Up-to-date symlink: /home/chrono/vesc_ws/install/vesc_msgs/lib/python3.12/site-packages/vesc_msgs/vesc_msgs_s__rosidl_typesupport_c.so
[5.890s] -- Up-to-date symlink: /home/chrono/vesc_ws/install/vesc_msgs/share/vesc_msgs/msg/VescState.idl
[5.890s] -- Up-to-date symlink: /home/chrono/vesc_ws/install/vesc_msgs/share/vesc_msgs/msg/VescStateStamped.idl
[5.890s] -- Up-to-date symlink: /home/chrono/vesc_ws/install/vesc_msgs/share/vesc_msgs/msg/VescImu.idl
[5.890s] -- Up-to-date symlink: /home/chrono/vesc_ws/install/vesc_msgs/share/vesc_msgs/msg/VescImuStamped.idl
[5.890s] -- Up-to-date symlink: /home/chrono/vesc_ws/install/vesc_msgs/share/vesc_msgs/msg/VescState.msg
[5.891s] -- Up-to-date symlink: /home/chrono/vesc_ws/install/vesc_msgs/share/vesc_msgs/msg/VescStateStamped.msg
[5.891s] -- Up-to-date symlink: /home/chrono/vesc_ws/install/vesc_msgs/share/vesc_msgs/msg/VescImu.msg
[5.891s] -- Up-to-date symlink: /home/chrono/vesc_ws/install/vesc_msgs/share/vesc_msgs/msg/VescImuStamped.msg
[5.891s] -- Up-to-date symlink: /home/chrono/vesc_ws/install/vesc_msgs/share/ament_index/resource_index/package_run_dependencies/vesc_msgs
[5.892s] -- Up-to-date symlink: /home/chrono/vesc_ws/install/vesc_msgs/share/ament_index/resource_index/parent_prefix_path/vesc_msgs
[5.892s] -- Up-to-date symlink: /home/chrono/vesc_ws/install/vesc_msgs/share/vesc_msgs/environment/ament_prefix_path.sh
[5.892s] -- Up-to-date symlink: /home/chrono/vesc_ws/install/vesc_msgs/share/vesc_msgs/environment/ament_prefix_path.dsv
[5.892s] -- Up-to-date symlink: /home/chrono/vesc_ws/install/vesc_msgs/share/vesc_msgs/environment/path.sh
[5.892s] -- Up-to-date symlink: /home/chrono/vesc_ws/install/vesc_msgs/share/vesc_msgs/environment/path.dsv
[5.893s] -- Up-to-date symlink: /home/chrono/vesc_ws/install/vesc_msgs/share/vesc_msgs/local_setup.bash
[5.893s] -- Up-to-date symlink: /home/chrono/vesc_ws/install/vesc_msgs/share/vesc_msgs/local_setup.sh
[5.893s] -- Up-to-date symlink: /home/chrono/vesc_ws/install/vesc_msgs/share/vesc_msgs/local_setup.zsh
[5.893s] -- Up-to-date symlink: /home/chrono/vesc_ws/install/vesc_msgs/share/vesc_msgs/local_setup.dsv
[5.893s] -- Symlinking: /home/chrono/vesc_ws/install/vesc_msgs/share/vesc_msgs/package.dsv
[5.911s] -- Up-to-date symlink: /home/chrono/vesc_ws/install/vesc_msgs/share/ament_index/resource_index/packages/vesc_msgs
[5.911s] -- Up-to-date symlink: /home/chrono/vesc_ws/install/vesc_msgs/share/vesc_msgs/cmake/rosidl_cmake-extras.cmake
[5.911s] -- Up-to-date symlink: /home/chrono/vesc_ws/install/vesc_msgs/share/vesc_msgs/cmake/ament_cmake_export_dependencies-extras.cmake
[5.911s] -- Up-to-date symlink: /home/chrono/vesc_ws/install/vesc_msgs/share/vesc_msgs/cmake/ament_cmake_export_include_directories-extras.cmake
[5.912s] -- Up-to-date symlink: /home/chrono/vesc_ws/install/vesc_msgs/share/vesc_msgs/cmake/ament_cmake_export_libraries-extras.cmake
[5.912s] -- Up-to-date symlink: /home/chrono/vesc_ws/install/vesc_msgs/share/vesc_msgs/cmake/ament_cmake_export_targets-extras.cmake
[5.912s] -- Up-to-date symlink: /home/chrono/vesc_ws/install/vesc_msgs/share/vesc_msgs/cmake/rosidl_cmake_export_typesupport_targets-extras.cmake
[5.912s] -- Up-to-date symlink: /home/chrono/vesc_ws/install/vesc_msgs/share/vesc_msgs/cmake/rosidl_cmake_export_typesupport_libraries-extras.cmake
[5.912s] -- Up-to-date symlink: /home/chrono/vesc_ws/install/vesc_msgs/share/vesc_msgs/cmake/vesc_msgsConfig.cmake
[5.912s] -- Up-to-date symlink: /home/chrono/vesc_ws/install/vesc_msgs/share/vesc_msgs/cmake/vesc_msgsConfig-version.cmake
[5.913s] -- Up-to-date symlink: /home/chrono/vesc_ws/install/vesc_msgs/share/vesc_msgs/package.xml
[5.913s] -- Up-to-date: /home/chrono/vesc_ws/install/vesc_msgs/lib/libvesc_msgs__rosidl_generator_c.so
[5.913s] -- Up-to-date: /home/chrono/vesc_ws/install/vesc_msgs/lib/libvesc_msgs__rosidl_typesupport_fastrtps_c.so
[5.914s] -- Up-to-date: /home/chrono/vesc_ws/install/vesc_msgs/lib/libvesc_msgs__rosidl_typesupport_introspection_c.so
[5.914s] -- Up-to-date: /home/chrono/vesc_ws/install/vesc_msgs/lib/libvesc_msgs__rosidl_typesupport_c.so
[5.915s] -- Up-to-date: /home/chrono/vesc_ws/install/vesc_msgs/lib/libvesc_msgs__rosidl_typesupport_fastrtps_cpp.so
[5.915s] -- Up-to-date: /home/chrono/vesc_ws/install/vesc_msgs/lib/libvesc_msgs__rosidl_typesupport_introspection_cpp.so
[5.915s] -- Up-to-date: /home/chrono/vesc_ws/install/vesc_msgs/lib/libvesc_msgs__rosidl_typesupport_cpp.so
[5.969s] Listing '/home/chrono/vesc_ws/install/vesc_msgs/lib/python3.12/site-packages/vesc_msgs'...
[5.969s] Compiling '/home/chrono/vesc_ws/install/vesc_msgs/lib/python3.12/site-packages/vesc_msgs/__init__.py'...
[5.969s] Listing '/home/chrono/vesc_ws/install/vesc_msgs/lib/python3.12/site-packages/vesc_msgs/msg'...
[5.981s] -- Up-to-date: /home/chrono/vesc_ws/install/vesc_msgs/lib/libvesc_msgs__rosidl_generator_py.so
[5.981s] -- Up-to-date: /home/chrono/vesc_ws/install/vesc_msgs/share/vesc_msgs/cmake/export_vesc_msgs__rosidl_generator_cExport.cmake
[5.981s] -- Up-to-date: /home/chrono/vesc_ws/install/vesc_msgs/share/vesc_msgs/cmake/export_vesc_msgs__rosidl_generator_cExport-noconfig.cmake
[5.981s] -- Up-to-date: /home/chrono/vesc_ws/install/vesc_msgs/share/vesc_msgs/cmake/export_vesc_msgs__rosidl_typesupport_fastrtps_cExport.cmake
[5.982s] -- Up-to-date: /home/chrono/vesc_ws/install/vesc_msgs/share/vesc_msgs/cmake/export_vesc_msgs__rosidl_typesupport_fastrtps_cExport-noconfig.cmake
[5.982s] -- Up-to-date: /home/chrono/vesc_ws/install/vesc_msgs/share/vesc_msgs/cmake/vesc_msgs__rosidl_typesupport_introspection_cExport.cmake
[5.982s] -- Up-to-date: /home/chrono/vesc_ws/install/vesc_msgs/share/vesc_msgs/cmake/vesc_msgs__rosidl_typesupport_introspection_cExport-noconfig.cmake
[5.982s] -- Up-to-date: /home/chrono/vesc_ws/install/vesc_msgs/share/vesc_msgs/cmake/vesc_msgs__rosidl_typesupport_cExport.cmake
[5.982s] -- Up-to-date: /home/chrono/vesc_ws/install/vesc_msgs/share/vesc_msgs/cmake/vesc_msgs__rosidl_typesupport_cExport-noconfig.cmake
[5.982s] -- Up-to-date: /home/chrono/vesc_ws/install/vesc_msgs/share/vesc_msgs/cmake/export_vesc_msgs__rosidl_generator_cppExport.cmake
[5.982s] -- Up-to-date: /home/chrono/vesc_ws/install/vesc_msgs/share/vesc_msgs/cmake/export_vesc_msgs__rosidl_typesupport_fastrtps_cppExport.cmake
[5.982s] -- Up-to-date: /home/chrono/vesc_ws/install/vesc_msgs/share/vesc_msgs/cmake/export_vesc_msgs__rosidl_typesupport_fastrtps_cppExport-noconfig.cmake
[5.982s] -- Up-to-date: /home/chrono/vesc_ws/install/vesc_msgs/share/vesc_msgs/cmake/vesc_msgs__rosidl_typesupport_introspection_cppExport.cmake
[5.982s] -- Up-to-date: /home/chrono/vesc_ws/install/vesc_msgs/share/vesc_msgs/cmake/vesc_msgs__rosidl_typesupport_introspection_cppExport-noconfig.cmake
[5.983s] -- Up-to-date: /home/chrono/vesc_ws/install/vesc_msgs/share/vesc_msgs/cmake/vesc_msgs__rosidl_typesupport_cppExport.cmake
[5.983s] -- Up-to-date: /home/chrono/vesc_ws/install/vesc_msgs/share/vesc_msgs/cmake/vesc_msgs__rosidl_typesupport_cppExport-noconfig.cmake
[5.983s] -- Up-to-date: /home/chrono/vesc_ws/install/vesc_msgs/share/vesc_msgs/cmake/export_vesc_msgs__rosidl_generator_pyExport.cmake
[5.983s] -- Up-to-date: /home/chrono/vesc_ws/install/vesc_msgs/share/vesc_msgs/cmake/export_vesc_msgs__rosidl_generator_pyExport-noconfig.cmake
[5.987s] Invoked command in '/home/chrono/vesc_ws/build/vesc_msgs' returned '0': CMAKE_PREFIX_PATH=${CMAKE_PREFIX_PATH}:/opt/ros/jazzy DEBUGINFOD_URLS=https://debuginfod.ubuntu.com /usr/bin/cmake --install /home/chrono/vesc_ws/build/vesc_msgs
